2019-12-23 21:46:36 -Loaded expression factory via original TCCL
2019-12-23 21:46:36 -HV000234: Using org.hibernate.validator.messageinterpolation.ResourceBundleMessageInterpolator as ValidatorFactory-scoped message interpolator.
2019-12-23 21:46:36 -HV000234: Using org.hibernate.validator.internal.engine.resolver.TraverseAllTraversableResolver as ValidatorFactory-scoped traversable resolver.
2019-12-23 21:46:36 -HV000234: Using org.hibernate.validator.internal.util.ExecutableParameterNameProvider as ValidatorFactory-scoped parameter name provider.
2019-12-23 21:46:36 -HV000234: Using org.hibernate.validator.internal.engine.DefaultClockProvider as ValidatorFactory-scoped clock provider.
2019-12-23 21:46:36 -HV000234: Using org.hibernate.validator.internal.engine.scripting.DefaultScriptEvaluatorFactory as ValidatorFactory-scoped script evaluator factory.
2019-12-23 21:46:37 -Starting WebApplication on DESKTOP-9TK6I10 with PID 8504 (D:\idea-code\tenement\tenement-api\target\classes started by xuzhou in D:\idea-code\tenement)
2019-12-23 21:46:37 -No active profile set, falling back to default profiles: default
2019-12-23 21:46:37 -Refreshing org.springframework.boot.web.servlet.context.AnnotationConfigServletWebServerApplicationContext@78d6692f: startup date [Mon Dec 23 21:46:37 GMT+08:00 2019]; root of context hierarchy
2019-12-23 21:46:38 -Tomcat initialized with port(s): 8080 (http)
2019-12-23 21:46:38 -Initializing ProtocolHandler ["http-nio-8080"]
2019-12-23 21:46:38 -Starting service [Tomcat]
2019-12-23 21:46:38 -Starting Servlet Engine: Apache Tomcat/8.5.34
2019-12-23 21:46:38 -The APR based Apache Tomcat Native library which allows optimal performance in production environments was not found on the java.library.path: [C:\Program Files\Java\jdk1.8.0_131\bin;C:\WINDOWS\Sun\Java\bin;C:\WINDOWS\system32;C:\WINDOWS;C:\ProgramData\Oracle\Java\javapath;C:\windows\system32;C:\windows;C:\windows\System32\Wbem;C:\windows\System32\WindowsPowerShell\v1.0\;C:\windows\System32\OpenSSH\;C:\Program Files\NVIDIA Corporation\NVIDIA NGX;C:\Program Files (x86)\NVIDIA Corporation\PhysX\Common;C:\Program Files\NVIDIA Corporation\NVIDIA NvDLISR;C:\WINDOWS\system32;C:\WINDOWS;C:\WINDOWS\System32\Wbem;C:\WINDOWS\System32\WindowsPowerShell\v1.0\;C:\WINDOWS\System32\OpenSSH\;"C:\Program Files\Java\jdk1.8.0_131\bin;C:\Program Files\Java\jdk1.8.0_131\jre\bin";D:\apache-maven-3.6.1\apache-maven-3.6.1\bin\;C:\Program Files\MySQL\MySQL Utilities 1.6\;C:\Users\xuzhou\AppData\Local\Microsoft\WindowsApps;;.]
2019-12-23 21:46:38 -Initializing Spring embedded WebApplicationContext
2019-12-23 21:46:38 -Root WebApplicationContext: initialization completed in 1152 ms
2019-12-23 21:46:38 -Servlet dispatcherServlet mapped to [/]
2019-12-23 21:46:38 -Mapping filter: 'characterEncodingFilter' to: [/*]
2019-12-23 21:46:38 -Mapping filter: 'hiddenHttpMethodFilter' to: [/*]
2019-12-23 21:46:38 -Mapping filter: 'httpPutFormContentFilter' to: [/*]
2019-12-23 21:46:38 -Mapping filter: 'requestContextFilter' to: [/*]
2019-12-23 21:46:38 -Exception encountered during context initialization - cancelling refresh attempt: org.springframework.beans.factory.UnsatisfiedDependencyException: Error creating bean with name 'roomController': Unsatisfied dependency expressed through field 'roomDetailsService'; nested exception is org.springframework.beans.factory.UnsatisfiedDependencyException: Error creating bean with name 'roomDetailsServiceimpl': Unsatisfied dependency expressed through field 'roomDetailsMapper'; nested exception is org.springframework.beans.factory.UnsatisfiedDependencyException: Error creating bean with name 'roomDetailsMapper' defined in file [D:\idea-code\tenement\tenement-dao\target\classes\com\tenement\dao\mapper\RoomDetailsMapper.class]: Unsatisfied dependency expressed through bean property 'sqlSessionFactory'; nested exception is org.springframework.beans.factory.BeanCreationException: Error creating bean with name 'sqlSessionFactory' defined in class path resource [org/mybatis/spring/boot/autoconfigure/MybatisAutoConfiguration.class]: Bean instantiation via factory method failed; nested exception is org.springframework.beans.BeanInstantiationException: Failed to instantiate [org.apache.ibatis.session.SqlSessionFactory]: Factory method 'sqlSessionFactory' threw exception; nested exception is org.springframework.core.NestedIOException: Failed to parse mapping resource: 'file [D:\idea-code\tenement\tenement-dao\target\classes\mybatis\DistrictMapper.xml]'; nested exception is org.apache.ibatis.builder.BuilderException: Error parsing Mapper XML. Cause: java.lang.IllegalArgumentException: Result Maps collection already contains value for com.tenement.dao.mapper.DistrictMapper.BaseResultMap
2019-12-23 21:46:38 -Stopping service [Tomcat]
2019-12-23 21:46:38 -

Error starting ApplicationContext. To display the conditions report re-run your application with 'debug' enabled.
2019-12-23 21:46:38 -Application run failed
org.springframework.beans.factory.UnsatisfiedDependencyException: Error creating bean with name 'roomController': Unsatisfied dependency expressed through field 'roomDetailsService'; nested exception is org.springframework.beans.factory.UnsatisfiedDependencyException: Error creating bean with name 'roomDetailsServiceimpl': Unsatisfied dependency expressed through field 'roomDetailsMapper'; nested exception is org.springframework.beans.factory.UnsatisfiedDependencyException: Error creating bean with name 'roomDetailsMapper' defined in file [D:\idea-code\tenement\tenement-dao\target\classes\com\tenement\dao\mapper\RoomDetailsMapper.class]: Unsatisfied dependency expressed through bean property 'sqlSessionFactory'; nested exception is org.springframework.beans.factory.BeanCreationException: Error creating bean with name 'sqlSessionFactory' defined in class path resource [org/mybatis/spring/boot/autoconfigure/MybatisAutoConfiguration.class]: Bean instantiation via factory method failed; nested exception is org.springframework.beans.BeanInstantiationException: Failed to instantiate [org.apache.ibatis.session.SqlSessionFactory]: Factory method 'sqlSessionFactory' threw exception; nested exception is org.springframework.core.NestedIOException: Failed to parse mapping resource: 'file [D:\idea-code\tenement\tenement-dao\target\classes\mybatis\DistrictMapper.xml]'; nested exception is org.apache.ibatis.builder.BuilderException: Error parsing Mapper XML. Cause: java.lang.IllegalArgumentException: Result Maps collection already contains value for com.tenement.dao.mapper.DistrictMapper.BaseResultMap
	at org.springframework.beans.factory.annotation.AutowiredAnnotationBeanPostProcessor$AutowiredFieldElement.inject(AutowiredAnnotationBeanPostProcessor.java:586)
	at org.springframework.beans.factory.annotation.InjectionMetadata.inject(InjectionMetadata.java:90)
	at org.springframework.beans.factory.annotation.AutowiredAnnotationBeanPostProcessor.postProcessPropertyValues(AutowiredAnnotationBeanPostProcessor.java:372)
	at org.springframework.beans.factory.support.AbstractAutowireCapableBeanFactory.populateBean(AbstractAutowireCapableBeanFactory.java:1341)
	at org.springframework.beans.factory.support.AbstractAutowireCapableBeanFactory.doCreateBean(AbstractAutowireCapableBeanFactory.java:572)
	at org.springframework.beans.factory.support.AbstractAutowireCapableBeanFactory.createBean(AbstractAutowireCapableBeanFactory.java:495)
	at org.springframework.beans.factory.support.AbstractBeanFactory.lambda$doGetBean$0(AbstractBeanFactory.java:317)
	at org.springframework.beans.factory.support.DefaultSingletonBeanRegistry.getSingleton(DefaultSingletonBeanRegistry.java:222)
	at org.springframework.beans.factory.support.AbstractBeanFactory.doGetBean(AbstractBeanFactory.java:315)
	at org.springframework.beans.factory.support.AbstractBeanFactory.getBean(AbstractBeanFactory.java:199)
	at org.springframework.beans.factory.support.DefaultListableBeanFactory.preInstantiateSingletons(DefaultListableBeanFactory.java:759)
	at org.springframework.context.support.AbstractApplicationContext.finishBeanFactoryInitialization(AbstractApplicationContext.java:869)
	at org.springframework.context.support.AbstractApplicationContext.refresh(AbstractApplicationContext.java:550)
	at org.springframework.boot.web.servlet.context.ServletWebServerApplicationContext.refresh(ServletWebServerApplicationContext.java:140)
	at org.springframework.boot.SpringApplication.refresh(SpringApplication.java:780)
	at org.springframework.boot.SpringApplication.refreshContext(SpringApplication.java:412)
	at org.springframework.boot.SpringApplication.run(SpringApplication.java:333)
	at org.springframework.boot.SpringApplication.run(SpringApplication.java:1277)
	at org.springframework.boot.SpringApplication.run(SpringApplication.java:1265)
	at com.tenement.api.WebApplication.main(WebApplication.java:17)
Caused by: org.springframework.beans.factory.UnsatisfiedDependencyException: Error creating bean with name 'roomDetailsServiceimpl': Unsatisfied dependency expressed through field 'roomDetailsMapper'; nested exception is org.springframework.beans.factory.UnsatisfiedDependencyException: Error creating bean with name 'roomDetailsMapper' defined in file [D:\idea-code\tenement\tenement-dao\target\classes\com\tenement\dao\mapper\RoomDetailsMapper.class]: Unsatisfied dependency expressed through bean property 'sqlSessionFactory'; nested exception is org.springframework.beans.factory.BeanCreationException: Error creating bean with name 'sqlSessionFactory' defined in class path resource [org/mybatis/spring/boot/autoconfigure/MybatisAutoConfiguration.class]: Bean instantiation via factory method failed; nested exception is org.springframework.beans.BeanInstantiationException: Failed to instantiate [org.apache.ibatis.session.SqlSessionFactory]: Factory method 'sqlSessionFactory' threw exception; nested exception is org.springframework.core.NestedIOException: Failed to parse mapping resource: 'file [D:\idea-code\tenement\tenement-dao\target\classes\mybatis\DistrictMapper.xml]'; nested exception is org.apache.ibatis.builder.BuilderException: Error parsing Mapper XML. Cause: java.lang.IllegalArgumentException: Result Maps collection already contains value for com.tenement.dao.mapper.DistrictMapper.BaseResultMap
	at org.springframework.beans.factory.annotation.AutowiredAnnotationBeanPostProcessor$AutowiredFieldElement.inject(AutowiredAnnotationBeanPostProcessor.java:586)
	at org.springframework.beans.factory.annotation.InjectionMetadata.inject(InjectionMetadata.java:90)
	at org.springframework.beans.factory.annotation.AutowiredAnnotationBeanPostProcessor.postProcessPropertyValues(AutowiredAnnotationBeanPostProcessor.java:372)
	at org.springframework.beans.factory.support.AbstractAutowireCapableBeanFactory.populateBean(AbstractAutowireCapableBeanFactory.java:1341)
	at org.springframework.beans.factory.support.AbstractAutowireCapableBeanFactory.doCreateBean(AbstractAutowireCapableBeanFactory.java:572)
	at org.springframework.beans.factory.support.AbstractAutowireCapableBeanFactory.createBean(AbstractAutowireCapableBeanFactory.java:495)
	at org.springframework.beans.factory.support.AbstractBeanFactory.lambda$doGetBean$0(AbstractBeanFactory.java:317)
	at org.springframework.beans.factory.support.DefaultSingletonBeanRegistry.getSingleton(DefaultSingletonBeanRegistry.java:222)
	at org.springframework.beans.factory.support.AbstractBeanFactory.doGetBean(AbstractBeanFactory.java:315)
	at org.springframework.beans.factory.support.AbstractBeanFactory.getBean(AbstractBeanFactory.java:199)
	at org.springframework.beans.factory.config.DependencyDescriptor.resolveCandidate(DependencyDescriptor.java:251)
	at org.springframework.beans.factory.support.DefaultListableBeanFactory.doResolveDependency(DefaultListableBeanFactory.java:1135)
	at org.springframework.beans.factory.support.DefaultListableBeanFactory.resolveDependency(DefaultListableBeanFactory.java:1062)
	at org.springframework.beans.factory.annotation.AutowiredAnnotationBeanPostProcessor$AutowiredFieldElement.inject(AutowiredAnnotationBeanPostProcessor.java:583)
	... 19 common frames omitted
Caused by: org.springframework.beans.factory.UnsatisfiedDependencyException: Error creating bean with name 'roomDetailsMapper' defined in file [D:\idea-code\tenement\tenement-dao\target\classes\com\tenement\dao\mapper\RoomDetailsMapper.class]: Unsatisfied dependency expressed through bean property 'sqlSessionFactory'; nested exception is org.springframework.beans.factory.BeanCreationException: Error creating bean with name 'sqlSessionFactory' defined in class path resource [org/mybatis/spring/boot/autoconfigure/MybatisAutoConfiguration.class]: Bean instantiation via factory method failed; nested exception is org.springframework.beans.BeanInstantiationException: Failed to instantiate [org.apache.ibatis.session.SqlSessionFactory]: Factory method 'sqlSessionFactory' threw exception; nested exception is org.springframework.core.NestedIOException: Failed to parse mapping resource: 'file [D:\idea-code\tenement\tenement-dao\target\classes\mybatis\DistrictMapper.xml]'; nested exception is org.apache.ibatis.builder.BuilderException: Error parsing Mapper XML. Cause: java.lang.IllegalArgumentException: Result Maps collection already contains value for com.tenement.dao.mapper.DistrictMapper.BaseResultMap
	at org.springframework.beans.factory.support.AbstractAutowireCapableBeanFactory.autowireByType(AbstractAutowireCapableBeanFactory.java:1436)
	at org.springframework.beans.factory.support.AbstractAutowireCapableBeanFactory.populateBean(AbstractAutowireCapableBeanFactory.java:1323)
	at org.springframework.beans.factory.support.AbstractAutowireCapableBeanFactory.doCreateBean(AbstractAutowireCapableBeanFactory.java:572)
	at org.springframework.beans.factory.support.AbstractAutowireCapableBeanFactory.createBean(AbstractAutowireCapableBeanFactory.java:495)
	at org.springframework.beans.factory.support.AbstractBeanFactory.lambda$doGetBean$0(AbstractBeanFactory.java:317)
	at org.springframework.beans.factory.support.DefaultSingletonBeanRegistry.getSingleton(DefaultSingletonBeanRegistry.java:222)
	at org.springframework.beans.factory.support.AbstractBeanFactory.doGetBean(AbstractBeanFactory.java:315)
	at org.springframework.beans.factory.support.AbstractBeanFactory.getBean(AbstractBeanFactory.java:199)
	at org.springframework.beans.factory.config.DependencyDescriptor.resolveCandidate(DependencyDescriptor.java:251)
	at org.springframework.beans.factory.support.DefaultListableBeanFactory.doResolveDependency(DefaultListableBeanFactory.java:1135)
	at org.springframework.beans.factory.support.DefaultListableBeanFactory.resolveDependency(DefaultListableBeanFactory.java:1062)
	at org.springframework.beans.factory.annotation.AutowiredAnnotationBeanPostProcessor$AutowiredFieldElement.inject(AutowiredAnnotationBeanPostProcessor.java:583)
	... 32 common frames omitted
Caused by: org.springframework.beans.factory.BeanCreationException: Error creating bean with name 'sqlSessionFactory' defined in class path resource [org/mybatis/spring/boot/autoconfigure/MybatisAutoConfiguration.class]: Bean instantiation via factory method failed; nested exception is org.springframework.beans.BeanInstantiationException: Failed to instantiate [org.apache.ibatis.session.SqlSessionFactory]: Factory method 'sqlSessionFactory' threw exception; nested exception is org.springframework.core.NestedIOException: Failed to parse mapping resource: 'file [D:\idea-code\tenement\tenement-dao\target\classes\mybatis\DistrictMapper.xml]'; nested exception is org.apache.ibatis.builder.BuilderException: Error parsing Mapper XML. Cause: java.lang.IllegalArgumentException: Result Maps collection already contains value for com.tenement.dao.mapper.DistrictMapper.BaseResultMap
	at org.springframework.beans.factory.support.ConstructorResolver.instantiateUsingFactoryMethod(ConstructorResolver.java:590)
	at org.springframework.beans.factory.support.AbstractAutowireCapableBeanFactory.instantiateUsingFactoryMethod(AbstractAutowireCapableBeanFactory.java:1247)
	at org.springframework.beans.factory.support.AbstractAutowireCapableBeanFactory.createBeanInstance(AbstractAutowireCapableBeanFactory.java:1096)
	at org.springframework.beans.factory.support.AbstractAutowireCapableBeanFactory.doCreateBean(AbstractAutowireCapableBeanFactory.java:535)
	at org.springframework.beans.factory.support.AbstractAutowireCapableBeanFactory.createBean(AbstractAutowireCapableBeanFactory.java:495)
	at org.springframework.beans.factory.support.AbstractBeanFactory.lambda$doGetBean$0(AbstractBeanFactory.java:317)
	at org.springframework.beans.factory.support.DefaultSingletonBeanRegistry.getSingleton(DefaultSingletonBeanRegistry.java:222)
	at org.springframework.beans.factory.support.AbstractBeanFactory.doGetBean(AbstractBeanFactory.java:315)
	at org.springframework.beans.factory.support.AbstractBeanFactory.getBean(AbstractBeanFactory.java:199)
	at org.springframework.beans.factory.config.DependencyDescriptor.resolveCandidate(DependencyDescriptor.java:251)
	at org.springframework.beans.factory.support.DefaultListableBeanFactory.doResolveDependency(DefaultListableBeanFactory.java:1135)
	at org.springframework.beans.factory.support.DefaultListableBeanFactory.resolveDependency(DefaultListableBeanFactory.java:1062)
	at org.springframework.beans.factory.support.AbstractAutowireCapableBeanFactory.autowireByType(AbstractAutowireCapableBeanFactory.java:1421)
	... 43 common frames omitted
Caused by: org.springframework.beans.BeanInstantiationException: Failed to instantiate [org.apache.ibatis.session.SqlSessionFactory]: Factory method 'sqlSessionFactory' threw exception; nested exception is org.springframework.core.NestedIOException: Failed to parse mapping resource: 'file [D:\idea-code\tenement\tenement-dao\target\classes\mybatis\DistrictMapper.xml]'; nested exception is org.apache.ibatis.builder.BuilderException: Error parsing Mapper XML. Cause: java.lang.IllegalArgumentException: Result Maps collection already contains value for com.tenement.dao.mapper.DistrictMapper.BaseResultMap
	at org.springframework.beans.factory.support.SimpleInstantiationStrategy.instantiate(SimpleInstantiationStrategy.java:185)
	at org.springframework.beans.factory.support.ConstructorResolver.instantiateUsingFactoryMethod(ConstructorResolver.java:582)
	... 55 common frames omitted
Caused by: org.springframework.core.NestedIOException: Failed to parse mapping resource: 'file [D:\idea-code\tenement\tenement-dao\target\classes\mybatis\DistrictMapper.xml]'; nested exception is org.apache.ibatis.builder.BuilderException: Error parsing Mapper XML. Cause: java.lang.IllegalArgumentException: Result Maps collection already contains value for com.tenement.dao.mapper.DistrictMapper.BaseResultMap
	at org.mybatis.spring.SqlSessionFactoryBean.buildSqlSessionFactory(SqlSessionFactoryBean.java:523)
	at org.mybatis.spring.SqlSessionFactoryBean.afterPropertiesSet(SqlSessionFactoryBean.java:380)
	at org.mybatis.spring.SqlSessionFactoryBean.getObject(SqlSessionFactoryBean.java:547)
	at org.mybatis.spring.boot.autoconfigure.MybatisAutoConfiguration.sqlSessionFactory(MybatisAutoConfiguration.java:153)
	at org.mybatis.spring.boot.autoconfigure.MybatisAutoConfiguration$$EnhancerBySpringCGLIB$$21a1ff29.CGLIB$sqlSessionFactory$1(<generated>)
	at org.mybatis.spring.boot.autoconfigure.MybatisAutoConfiguration$$EnhancerBySpringCGLIB$$21a1ff29$$FastClassBySpringCGLIB$$e15fc824.invoke(<generated>)
	at org.springframework.cglib.proxy.MethodProxy.invokeSuper(MethodProxy.java:228)
	at org.springframework.context.annotation.ConfigurationClassEnhancer$BeanMethodInterceptor.intercept(ConfigurationClassEnhancer.java:365)
	at org.mybatis.spring.boot.autoconfigure.MybatisAutoConfiguration$$EnhancerBySpringCGLIB$$21a1ff29.sqlSessionFactory(<generated>)
	at sun.reflect.NativeMethodAccessorImpl.invoke0(Native Method)
	at sun.reflect.NativeMethodAccessorImpl.invoke(NativeMethodAccessorImpl.java:62)
	at sun.reflect.DelegatingMethodAccessorImpl.invoke(DelegatingMethodAccessorImpl.java:43)
	at java.lang.reflect.Method.invoke(Method.java:498)
	at org.springframework.beans.factory.support.SimpleInstantiationStrategy.instantiate(SimpleInstantiationStrategy.java:154)
	... 56 common frames omitted
Caused by: org.apache.ibatis.builder.BuilderException: Error parsing Mapper XML. Cause: java.lang.IllegalArgumentException: Result Maps collection already contains value for com.tenement.dao.mapper.DistrictMapper.BaseResultMap
	at org.apache.ibatis.builder.xml.XMLMapperBuilder.configurationElement(XMLMapperBuilder.java:120)
	at org.apache.ibatis.builder.xml.XMLMapperBuilder.parse(XMLMapperBuilder.java:92)
	at org.mybatis.spring.SqlSessionFactoryBean.buildSqlSessionFactory(SqlSessionFactoryBean.java:521)
	... 69 common frames omitted
Caused by: java.lang.IllegalArgumentException: Result Maps collection already contains value for com.tenement.dao.mapper.DistrictMapper.BaseResultMap
	at org.apache.ibatis.session.Configuration$StrictMap.put(Configuration.java:859)
	at org.apache.ibatis.session.Configuration$StrictMap.put(Configuration.java:831)
	at org.apache.ibatis.session.Configuration.addResultMap(Configuration.java:613)
	at org.apache.ibatis.builder.MapperBuilderAssistant.addResultMap(MapperBuilderAssistant.java:214)
	at org.apache.ibatis.builder.ResultMapResolver.resolve(ResultMapResolver.java:47)
	at org.apache.ibatis.builder.xml.XMLMapperBuilder.resultMapElement(XMLMapperBuilder.java:285)
	at org.apache.ibatis.builder.xml.XMLMapperBuilder.resultMapElement(XMLMapperBuilder.java:252)
	at org.apache.ibatis.builder.xml.XMLMapperBuilder.resultMapElements(XMLMapperBuilder.java:244)
	at org.apache.ibatis.builder.xml.XMLMapperBuilder.configurationElement(XMLMapperBuilder.java:116)
	... 71 common frames omitted
2019-12-23 21:48:07 -Starting WebApplication on DESKTOP-9TK6I10 with PID 24104 (D:\idea-code\tenement\tenement-api\target\classes started by xuzhou in D:\idea-code\tenement)
2019-12-23 21:48:07 -No active profile set, falling back to default profiles: default
2019-12-23 21:48:07 -Refreshing org.springframework.boot.web.servlet.context.AnnotationConfigServletWebServerApplicationContext@7a67e3c6: startup date [Mon Dec 23 21:48:07 GMT+08:00 2019]; root of context hierarchy
2019-12-23 21:48:08 -Tomcat initialized with port(s): 8080 (http)
2019-12-23 21:48:08 -Initializing ProtocolHandler ["http-nio-8080"]
2019-12-23 21:48:08 -Starting service [Tomcat]
2019-12-23 21:48:08 -Starting Servlet Engine: Apache Tomcat/8.5.34
2019-12-23 21:48:08 -The APR based Apache Tomcat Native library which allows optimal performance in production environments was not found on the java.library.path: [C:\Program Files\Java\jdk1.8.0_131\bin;C:\WINDOWS\Sun\Java\bin;C:\WINDOWS\system32;C:\WINDOWS;C:\ProgramData\Oracle\Java\javapath;C:\windows\system32;C:\windows;C:\windows\System32\Wbem;C:\windows\System32\WindowsPowerShell\v1.0\;C:\windows\System32\OpenSSH\;C:\Program Files\NVIDIA Corporation\NVIDIA NGX;C:\Program Files (x86)\NVIDIA Corporation\PhysX\Common;C:\Program Files\NVIDIA Corporation\NVIDIA NvDLISR;C:\WINDOWS\system32;C:\WINDOWS;C:\WINDOWS\System32\Wbem;C:\WINDOWS\System32\WindowsPowerShell\v1.0\;C:\WINDOWS\System32\OpenSSH\;"C:\Program Files\Java\jdk1.8.0_131\bin;C:\Program Files\Java\jdk1.8.0_131\jre\bin";D:\apache-maven-3.6.1\apache-maven-3.6.1\bin\;C:\Program Files\MySQL\MySQL Utilities 1.6\;C:\Users\xuzhou\AppData\Local\Microsoft\WindowsApps;;.]
2019-12-23 21:48:08 -Initializing Spring embedded WebApplicationContext
2019-12-23 21:48:08 -Root WebApplicationContext: initialization completed in 934 ms
2019-12-23 21:48:08 -Servlet dispatcherServlet mapped to [/]
2019-12-23 21:48:08 -Mapping filter: 'characterEncodingFilter' to: [/*]
2019-12-23 21:48:08 -Mapping filter: 'hiddenHttpMethodFilter' to: [/*]
2019-12-23 21:48:08 -Mapping filter: 'httpPutFormContentFilter' to: [/*]
2019-12-23 21:48:08 -Mapping filter: 'requestContextFilter' to: [/*]
2019-12-23 21:48:08 -Mapped URL path [/**/favicon.ico] onto handler of type [class org.springframework.web.servlet.resource.ResourceHttpRequestHandler]
2019-12-23 21:48:08 -Looking for @ControllerAdvice: org.springframework.boot.web.servlet.context.AnnotationConfigServletWebServerApplicationContext@7a67e3c6: startup date [Mon Dec 23 21:48:07 GMT+08:00 2019]; root of context hierarchy
2019-12-23 21:48:08 -Mapped "{[/room/addRoom]}" onto public com.tenement.domain.common.Response com.tenement.api.controller.RoomController.addRoom(com.tenement.domain.dto.RoomDetailsReq) throws java.lang.RuntimeException
2019-12-23 21:48:08 -Mapped "{[/user/logins]}" onto public com.tenement.domain.common.Response com.tenement.api.controller.UserController.logins(javax.servlet.http.HttpServletRequest)
2019-12-23 21:48:08 -Mapped "{[/user/login]}" onto public com.tenement.domain.common.Response<java.util.List<com.tenement.domain.po.SysMenu>> com.tenement.api.controller.UserController.login(com.tenement.domain.dto.UserLogin,javax.servlet.http.HttpServletRequest) throws java.lang.RuntimeException
2019-12-23 21:48:08 -Mapped "{[/error]}" onto public org.springframework.http.ResponseEntity<java.util.Map<java.lang.String, java.lang.Object>> org.springframework.boot.autoconfigure.web.servlet.error.BasicErrorController.error(javax.servlet.http.HttpServletRequest)
2019-12-23 21:48:08 -Mapped "{[/error],produces=[text/html]}" onto public org.springframework.web.servlet.ModelAndView org.springframework.boot.autoconfigure.web.servlet.error.BasicErrorController.errorHtml(javax.servlet.http.HttpServletRequest,javax.servlet.http.HttpServletResponse)
2019-12-23 21:48:08 -Mapped URL path [/webjars/**] onto handler of type [class org.springframework.web.servlet.resource.ResourceHttpRequestHandler]
2019-12-23 21:48:08 -Mapped URL path [/**] onto handler of type [class org.springframework.web.servlet.resource.ResourceHttpRequestHandler]
2019-12-23 21:48:08 -Detected @ExceptionHandler methods in bussinessExceptionHandler
2019-12-23 21:48:09 -Registering beans for JMX exposure on startup
2019-12-23 21:48:09 -Bean with name 'dataSource' has been autodetected for JMX exposure
2019-12-23 21:48:09 -Located MBean 'dataSource': registering with JMX server as MBean [com.zaxxer.hikari:name=dataSource,type=HikariDataSource]
2019-12-23 21:48:09 -Starting ProtocolHandler ["http-nio-8080"]
2019-12-23 21:48:09 -Using a shared selector for servlet write/read
2019-12-23 21:48:09 -Tomcat started on port(s): 8080 (http) with context path ''
2019-12-23 21:48:09 -Started WebApplication in 2.289 seconds (JVM running for 2.924)
2019-12-23 21:52:54 -Initializing Spring FrameworkServlet 'dispatcherServlet'
2019-12-23 21:52:54 -FrameworkServlet 'dispatcherServlet': initialization started
2019-12-23 21:52:54 -FrameworkServlet 'dispatcherServlet': initialization completed in 17 ms
2019-12-23 21:53:07 -Trying to find Dozer configuration file: dozer.properties
2019-12-23 21:53:07 -Dozer configuration file not found: dozer.properties.  Using defaults for all Dozer global properties.
2019-12-23 21:53:07 -Initializing Dozer. Version: 5.4.0, Thread Name: http-nio-8080-exec-2
2019-12-23 21:53:07 -Dozer JMX MBean [org.dozer.jmx:type=DozerStatisticsController] auto registered with the Platform MBean Server
2019-12-23 21:53:07 -Dozer JMX MBean [org.dozer.jmx:type=DozerAdminController] auto registered with the Platform MBean Server
2019-12-23 21:53:07 -Initializing a new instance of dozer bean mapper.
2019-12-23 21:53:07 -Using the following xml files to load custom mappings for the bean mapper instance: [bean.xml]
2019-12-23 21:53:07 -Trying to find xml mapping file: bean.xml
2019-12-23 21:53:10 -adfafdad
2019-12-23 21:53:10 -Resolved [org.dozer.MappingException: Unable to locate dozer mapping file [bean.xml] in the classpath!]
2019-12-23 21:53:36 -Using the following xml files to load custom mappings for the bean mapper instance: [bean.xml]
2019-12-23 21:53:36 -Trying to find xml mapping file: bean.xml
2019-12-23 21:53:39 -adfafdad
2019-12-23 21:53:39 -Resolved [org.dozer.MappingException: Unable to locate dozer mapping file [bean.xml] in the classpath!]
2019-12-23 21:54:42 -Using the following xml files to load custom mappings for the bean mapper instance: [bean.xml]
2019-12-23 21:54:42 -Trying to find xml mapping file: bean.xml
2019-12-23 21:54:43 -adfafdad
2019-12-23 21:54:43 -Resolved [org.dozer.MappingException: Unable to locate dozer mapping file [bean.xml] in the classpath!]
2019-12-23 21:54:45 -Closing org.springframework.boot.web.servlet.context.AnnotationConfigServletWebServerApplicationContext@7a67e3c6: startup date [Mon Dec 23 21:48:07 GMT+08:00 2019]; root of context hierarchy
2019-12-23 21:54:45 -Unregistering JMX-exposed beans on shutdown
2019-12-23 21:54:45 -Unregistering JMX-exposed beans
2019-12-23 21:55:35 -Loaded expression factory via original TCCL
2019-12-23 21:55:35 -Starting WebApplication on DESKTOP-9TK6I10 with PID 21316 (D:\idea-code\tenement\tenement-api\target\classes started by xuzhou in D:\idea-code\tenement)
2019-12-23 21:55:35 -No active profile set, falling back to default profiles: default
2019-12-23 21:55:35 -Refreshing org.springframework.boot.web.servlet.context.AnnotationConfigServletWebServerApplicationContext@517d4a0d: startup date [Mon Dec 23 21:55:35 GMT+08:00 2019]; root of context hierarchy
2019-12-23 21:55:36 -Tomcat initialized with port(s): 8080 (http)
2019-12-23 21:55:36 -Initializing ProtocolHandler ["http-nio-8080"]
2019-12-23 21:55:36 -Starting service [Tomcat]
2019-12-23 21:55:36 -Starting Servlet Engine: Apache Tomcat/8.5.34
2019-12-23 21:55:36 -The APR based Apache Tomcat Native library which allows optimal performance in production environments was not found on the java.library.path: [C:\Program Files\Java\jdk1.8.0_131\bin;C:\WINDOWS\Sun\Java\bin;C:\WINDOWS\system32;C:\WINDOWS;C:\ProgramData\Oracle\Java\javapath;C:\windows\system32;C:\windows;C:\windows\System32\Wbem;C:\windows\System32\WindowsPowerShell\v1.0\;C:\windows\System32\OpenSSH\;C:\Program Files\NVIDIA Corporation\NVIDIA NGX;C:\Program Files (x86)\NVIDIA Corporation\PhysX\Common;C:\Program Files\NVIDIA Corporation\NVIDIA NvDLISR;C:\WINDOWS\system32;C:\WINDOWS;C:\WINDOWS\System32\Wbem;C:\WINDOWS\System32\WindowsPowerShell\v1.0\;C:\WINDOWS\System32\OpenSSH\;"C:\Program Files\Java\jdk1.8.0_131\bin;C:\Program Files\Java\jdk1.8.0_131\jre\bin";D:\apache-maven-3.6.1\apache-maven-3.6.1\bin\;C:\Program Files\MySQL\MySQL Utilities 1.6\;C:\Users\xuzhou\AppData\Local\Microsoft\WindowsApps;;.]
2019-12-23 21:55:36 -Initializing Spring embedded WebApplicationContext
2019-12-23 21:55:36 -Root WebApplicationContext: initialization completed in 1025 ms
2019-12-23 21:55:36 -Servlet dispatcherServlet mapped to [/]
2019-12-23 21:55:36 -Mapping filter: 'characterEncodingFilter' to: [/*]
2019-12-23 21:55:36 -Mapping filter: 'hiddenHttpMethodFilter' to: [/*]
2019-12-23 21:55:36 -Mapping filter: 'httpPutFormContentFilter' to: [/*]
2019-12-23 21:55:36 -Mapping filter: 'requestContextFilter' to: [/*]
2019-12-23 21:55:37 -Mapped URL path [/**/favicon.ico] onto handler of type [class org.springframework.web.servlet.resource.ResourceHttpRequestHandler]
2019-12-23 21:55:37 -Looking for @ControllerAdvice: org.springframework.boot.web.servlet.context.AnnotationConfigServletWebServerApplicationContext@517d4a0d: startup date [Mon Dec 23 21:55:35 GMT+08:00 2019]; root of context hierarchy
2019-12-23 21:55:37 -Mapped "{[/room/addRoom]}" onto public com.tenement.domain.common.Response com.tenement.api.controller.RoomController.addRoom(com.tenement.domain.dto.RoomDetailsReq) throws java.lang.RuntimeException
2019-12-23 21:55:37 -Mapped "{[/user/login]}" onto public com.tenement.domain.common.Response<java.util.List<com.tenement.domain.po.SysMenu>> com.tenement.api.controller.UserController.login(com.tenement.domain.dto.UserLogin,javax.servlet.http.HttpServletRequest) throws java.lang.RuntimeException
2019-12-23 21:55:37 -Mapped "{[/user/logins]}" onto public com.tenement.domain.common.Response com.tenement.api.controller.UserController.logins(javax.servlet.http.HttpServletRequest)
2019-12-23 21:55:37 -Mapped "{[/error]}" onto public org.springframework.http.ResponseEntity<java.util.Map<java.lang.String, java.lang.Object>> org.springframework.boot.autoconfigure.web.servlet.error.BasicErrorController.error(javax.servlet.http.HttpServletRequest)
2019-12-23 21:55:37 -Mapped "{[/error],produces=[text/html]}" onto public org.springframework.web.servlet.ModelAndView org.springframework.boot.autoconfigure.web.servlet.error.BasicErrorController.errorHtml(javax.servlet.http.HttpServletRequest,javax.servlet.http.HttpServletResponse)
2019-12-23 21:55:37 -Mapped URL path [/webjars/**] onto handler of type [class org.springframework.web.servlet.resource.ResourceHttpRequestHandler]
2019-12-23 21:55:37 -Mapped URL path [/**] onto handler of type [class org.springframework.web.servlet.resource.ResourceHttpRequestHandler]
2019-12-23 21:55:37 -Detected @ExceptionHandler methods in bussinessExceptionHandler
2019-12-23 21:55:37 -Registering beans for JMX exposure on startup
2019-12-23 21:55:37 -Bean with name 'dataSource' has been autodetected for JMX exposure
2019-12-23 21:55:37 -Located MBean 'dataSource': registering with JMX server as MBean [com.zaxxer.hikari:name=dataSource,type=HikariDataSource]
2019-12-23 21:55:37 -Starting ProtocolHandler ["http-nio-8080"]
2019-12-23 21:55:37 -Using a shared selector for servlet write/read
2019-12-23 21:55:37 -Tomcat started on port(s): 8080 (http) with context path ''
2019-12-23 21:55:37 -Started WebApplication in 2.317 seconds (JVM running for 2.976)
2019-12-23 21:55:40 -Initializing Spring FrameworkServlet 'dispatcherServlet'
2019-12-23 21:55:40 -FrameworkServlet 'dispatcherServlet': initialization started
2019-12-23 21:55:40 -FrameworkServlet 'dispatcherServlet': initialization completed in 16 ms
2019-12-23 21:55:41 -adfafdad
2019-12-23 21:55:41 -Resolved [org.springframework.web.bind.MethodArgumentNotValidException: Validation failed for argument at index 0 in method: public com.tenement.domain.common.Response com.tenement.api.controller.RoomController.addRoom(com.tenement.domain.dto.RoomDetailsReq) throws java.lang.RuntimeException, with 2 error(s): [Field error in object 'roomDetailsReq' on field 'houseprice': rejected value [null]; codes [NotNull.roomDetailsReq.houseprice,NotNull.houseprice,NotNull.java.lang.Integer,NotNull]; arguments [org.springframework.context.support.DefaultMessageSourceResolvable: codes [roomDetailsReq.houseprice,houseprice]; arguments []; default message [houseprice]]; default message [不能为null]] [Field error in object 'roomDetailsReq' on field 'housedirection': rejected value [null]; codes [NotNull.roomDetailsReq.housedirection,NotNull.housedirection,NotNull.java.lang.Byte,NotNull]; arguments [org.springframework.context.support.DefaultMessageSourceResolvable: codes [roomDetailsReq.housedirection,housedirection]; arguments []; default message [housedirection]]; default message [不能为null]] ]
2019-12-23 21:55:54 -adfafdad
2019-12-23 21:55:54 -Resolved [org.springframework.web.bind.MethodArgumentNotValidException: Validation failed for argument at index 0 in method: public com.tenement.domain.common.Response com.tenement.api.controller.RoomController.addRoom(com.tenement.domain.dto.RoomDetailsReq) throws java.lang.RuntimeException, with 2 error(s): [Field error in object 'roomDetailsReq' on field 'houseprice': rejected value [null]; codes [NotNull.roomDetailsReq.houseprice,NotNull.houseprice,NotNull.java.lang.Integer,NotNull]; arguments [org.springframework.context.support.DefaultMessageSourceResolvable: codes [roomDetailsReq.houseprice,houseprice]; arguments []; default message [houseprice]]; default message [不能为null]] [Field error in object 'roomDetailsReq' on field 'housedirection': rejected value [null]; codes [NotNull.roomDetailsReq.housedirection,NotNull.housedirection,NotNull.java.lang.Byte,NotNull]; arguments [org.springframework.context.support.DefaultMessageSourceResolvable: codes [roomDetailsReq.housedirection,housedirection]; arguments []; default message [housedirection]]; default message [不能为null]] ]
2019-12-23 21:56:00 -Closing org.springframework.boot.web.servlet.context.AnnotationConfigServletWebServerApplicationContext@517d4a0d: startup date [Mon Dec 23 21:55:35 GMT+08:00 2019]; root of context hierarchy
2019-12-23 21:56:00 -Unregistering JMX-exposed beans on shutdown
2019-12-23 21:56:00 -Unregistering JMX-exposed beans
2019-12-23 21:56:18 -Starting WebApplication on DESKTOP-9TK6I10 with PID 10280 (D:\idea-code\tenement\tenement-api\target\classes started by xuzhou in D:\idea-code\tenement)
2019-12-23 21:56:18 -No active profile set, falling back to default profiles: default
2019-12-23 21:56:18 -Refreshing org.springframework.boot.web.servlet.context.AnnotationConfigServletWebServerApplicationContext@6cc558c6: startup date [Mon Dec 23 21:56:18 GMT+08:00 2019]; root of context hierarchy
2019-12-23 21:56:19 -Tomcat initialized with port(s): 8080 (http)
2019-12-23 21:56:19 -Initializing ProtocolHandler ["http-nio-8080"]
2019-12-23 21:56:19 -Starting service [Tomcat]
2019-12-23 21:56:19 -Starting Servlet Engine: Apache Tomcat/8.5.34
2019-12-23 21:56:19 -The APR based Apache Tomcat Native library which allows optimal performance in production environments was not found on the java.library.path: [C:\Program Files\Java\jdk1.8.0_131\bin;C:\WINDOWS\Sun\Java\bin;C:\WINDOWS\system32;C:\WINDOWS;C:\ProgramData\Oracle\Java\javapath;C:\windows\system32;C:\windows;C:\windows\System32\Wbem;C:\windows\System32\WindowsPowerShell\v1.0\;C:\windows\System32\OpenSSH\;C:\Program Files\NVIDIA Corporation\NVIDIA NGX;C:\Program Files (x86)\NVIDIA Corporation\PhysX\Common;C:\Program Files\NVIDIA Corporation\NVIDIA NvDLISR;C:\WINDOWS\system32;C:\WINDOWS;C:\WINDOWS\System32\Wbem;C:\WINDOWS\System32\WindowsPowerShell\v1.0\;C:\WINDOWS\System32\OpenSSH\;"C:\Program Files\Java\jdk1.8.0_131\bin;C:\Program Files\Java\jdk1.8.0_131\jre\bin";D:\apache-maven-3.6.1\apache-maven-3.6.1\bin\;C:\Program Files\MySQL\MySQL Utilities 1.6\;C:\Users\xuzhou\AppData\Local\Microsoft\WindowsApps;;.]
2019-12-23 21:56:19 -Initializing Spring embedded WebApplicationContext
2019-12-23 21:56:19 -Root WebApplicationContext: initialization completed in 1001 ms
2019-12-23 21:56:19 -Servlet dispatcherServlet mapped to [/]
2019-12-23 21:56:19 -Mapping filter: 'characterEncodingFilter' to: [/*]
2019-12-23 21:56:19 -Mapping filter: 'hiddenHttpMethodFilter' to: [/*]
2019-12-23 21:56:19 -Mapping filter: 'httpPutFormContentFilter' to: [/*]
2019-12-23 21:56:19 -Mapping filter: 'requestContextFilter' to: [/*]
2019-12-23 21:56:20 -Mapped URL path [/**/favicon.ico] onto handler of type [class org.springframework.web.servlet.resource.ResourceHttpRequestHandler]
2019-12-23 21:56:20 -Looking for @ControllerAdvice: org.springframework.boot.web.servlet.context.AnnotationConfigServletWebServerApplicationContext@6cc558c6: startup date [Mon Dec 23 21:56:18 GMT+08:00 2019]; root of context hierarchy
2019-12-23 21:56:20 -Mapped "{[/room/addRoom]}" onto public com.tenement.domain.common.Response com.tenement.api.controller.RoomController.addRoom(com.tenement.domain.dto.RoomDetailsReq) throws java.lang.RuntimeException
2019-12-23 21:56:20 -Mapped "{[/user/logins]}" onto public com.tenement.domain.common.Response com.tenement.api.controller.UserController.logins(javax.servlet.http.HttpServletRequest)
2019-12-23 21:56:20 -Mapped "{[/user/login]}" onto public com.tenement.domain.common.Response<java.util.List<com.tenement.domain.po.SysMenu>> com.tenement.api.controller.UserController.login(com.tenement.domain.dto.UserLogin,javax.servlet.http.HttpServletRequest) throws java.lang.RuntimeException
2019-12-23 21:56:20 -Mapped "{[/error]}" onto public org.springframework.http.ResponseEntity<java.util.Map<java.lang.String, java.lang.Object>> org.springframework.boot.autoconfigure.web.servlet.error.BasicErrorController.error(javax.servlet.http.HttpServletRequest)
2019-12-23 21:56:20 -Mapped "{[/error],produces=[text/html]}" onto public org.springframework.web.servlet.ModelAndView org.springframework.boot.autoconfigure.web.servlet.error.BasicErrorController.errorHtml(javax.servlet.http.HttpServletRequest,javax.servlet.http.HttpServletResponse)
2019-12-23 21:56:20 -Mapped URL path [/webjars/**] onto handler of type [class org.springframework.web.servlet.resource.ResourceHttpRequestHandler]
2019-12-23 21:56:20 -Mapped URL path [/**] onto handler of type [class org.springframework.web.servlet.resource.ResourceHttpRequestHandler]
2019-12-23 21:56:20 -Detected @ExceptionHandler methods in bussinessExceptionHandler
2019-12-23 21:56:20 -Registering beans for JMX exposure on startup
2019-12-23 21:56:20 -Bean with name 'dataSource' has been autodetected for JMX exposure
2019-12-23 21:56:20 -Located MBean 'dataSource': registering with JMX server as MBean [com.zaxxer.hikari:name=dataSource,type=HikariDataSource]
2019-12-23 21:56:20 -Starting ProtocolHandler ["http-nio-8080"]
2019-12-23 21:56:20 -Using a shared selector for servlet write/read
2019-12-23 21:56:20 -Tomcat started on port(s): 8080 (http) with context path ''
2019-12-23 21:56:20 -Started WebApplication in 2.27 seconds (JVM running for 2.895)
2019-12-23 21:56:23 -Initializing Spring FrameworkServlet 'dispatcherServlet'
2019-12-23 21:56:23 -FrameworkServlet 'dispatcherServlet': initialization started
2019-12-23 21:56:23 -FrameworkServlet 'dispatcherServlet': initialization completed in 16 ms
2019-12-23 21:56:33 -Trying to find Dozer configuration file: dozer.properties
2019-12-23 21:56:34 -Dozer configuration file not found: dozer.properties.  Using defaults for all Dozer global properties.
2019-12-23 21:56:34 -Initializing Dozer. Version: 5.4.0, Thread Name: http-nio-8080-exec-1
2019-12-23 21:56:34 -Dozer JMX MBean [org.dozer.jmx:type=DozerStatisticsController] auto registered with the Platform MBean Server
2019-12-23 21:56:34 -Dozer JMX MBean [org.dozer.jmx:type=DozerAdminController] auto registered with the Platform MBean Server
2019-12-23 21:56:34 -Initializing a new instance of dozer bean mapper.
2019-12-23 21:56:34 -Using the following xml files to load custom mappings for the bean mapper instance: [bean.xml]
2019-12-23 21:56:34 -Trying to find xml mapping file: bean.xml
2019-12-23 21:56:45 -adfafdad
2019-12-23 21:56:45 -Resolved [org.dozer.MappingException: Unable to locate dozer mapping file [bean.xml] in the classpath!]
2019-12-23 21:57:57 -Using the following xml files to load custom mappings for the bean mapper instance: [bean.xml]
2019-12-23 21:57:57 -Trying to find xml mapping file: bean.xml
2019-12-23 21:58:08 -adfafdad
2019-12-23 21:58:08 -Resolved [org.dozer.MappingException: Unable to locate dozer mapping file [bean.xml] in the classpath!]
2019-12-23 21:59:14 -Closing org.springframework.boot.web.servlet.context.AnnotationConfigServletWebServerApplicationContext@6cc558c6: startup date [Mon Dec 23 21:56:18 GMT+08:00 2019]; root of context hierarchy
2019-12-23 21:59:14 -Unregistering JMX-exposed beans on shutdown
2019-12-23 21:59:14 -Unregistering JMX-exposed beans
2019-12-23 22:07:05 -Loaded expression factory via original TCCL
2019-12-23 22:07:05 -Starting WebApplication on DESKTOP-9TK6I10 with PID 18968 (D:\idea-code\tenement\tenement-api\target\classes started by xuzhou in D:\idea-code\tenement)
2019-12-23 22:07:05 -No active profile set, falling back to default profiles: default
2019-12-23 22:07:05 -Refreshing org.springframework.boot.web.servlet.context.AnnotationConfigServletWebServerApplicationContext@60129b9a: startup date [Mon Dec 23 22:07:05 GMT+08:00 2019]; root of context hierarchy
2019-12-23 22:07:06 -Tomcat initialized with port(s): 8080 (http)
2019-12-23 22:07:06 -Initializing ProtocolHandler ["http-nio-8080"]
2019-12-23 22:07:06 -Starting service [Tomcat]
2019-12-23 22:07:06 -Starting Servlet Engine: Apache Tomcat/8.5.34
2019-12-23 22:07:06 -The APR based Apache Tomcat Native library which allows optimal performance in production environments was not found on the java.library.path: [C:\Program Files\Java\jdk1.8.0_131\bin;C:\WINDOWS\Sun\Java\bin;C:\WINDOWS\system32;C:\WINDOWS;C:\ProgramData\Oracle\Java\javapath;C:\windows\system32;C:\windows;C:\windows\System32\Wbem;C:\windows\System32\WindowsPowerShell\v1.0\;C:\windows\System32\OpenSSH\;C:\Program Files\NVIDIA Corporation\NVIDIA NGX;C:\Program Files (x86)\NVIDIA Corporation\PhysX\Common;C:\Program Files\NVIDIA Corporation\NVIDIA NvDLISR;C:\WINDOWS\system32;C:\WINDOWS;C:\WINDOWS\System32\Wbem;C:\WINDOWS\System32\WindowsPowerShell\v1.0\;C:\WINDOWS\System32\OpenSSH\;"C:\Program Files\Java\jdk1.8.0_131\bin;C:\Program Files\Java\jdk1.8.0_131\jre\bin";D:\apache-maven-3.6.1\apache-maven-3.6.1\bin\;C:\Program Files\MySQL\MySQL Utilities 1.6\;C:\Users\xuzhou\AppData\Local\Microsoft\WindowsApps;;.]
2019-12-23 22:07:06 -Initializing Spring embedded WebApplicationContext
2019-12-23 22:07:06 -Root WebApplicationContext: initialization completed in 970 ms
2019-12-23 22:07:06 -Servlet dispatcherServlet mapped to [/]
2019-12-23 22:07:06 -Mapping filter: 'characterEncodingFilter' to: [/*]
2019-12-23 22:07:06 -Mapping filter: 'hiddenHttpMethodFilter' to: [/*]
2019-12-23 22:07:06 -Mapping filter: 'httpPutFormContentFilter' to: [/*]
2019-12-23 22:07:06 -Mapping filter: 'requestContextFilter' to: [/*]
2019-12-23 22:07:06 -Mapped URL path [/**/favicon.ico] onto handler of type [class org.springframework.web.servlet.resource.ResourceHttpRequestHandler]
2019-12-23 22:07:06 -Looking for @ControllerAdvice: org.springframework.boot.web.servlet.context.AnnotationConfigServletWebServerApplicationContext@60129b9a: startup date [Mon Dec 23 22:07:05 GMT+08:00 2019]; root of context hierarchy
2019-12-23 22:07:06 -Mapped "{[/room/addRoom]}" onto public com.tenement.domain.common.Response com.tenement.api.controller.RoomController.addRoom(com.tenement.domain.dto.RoomDetailsReq) throws java.lang.RuntimeException
2019-12-23 22:07:06 -Mapped "{[/user/logins]}" onto public com.tenement.domain.common.Response com.tenement.api.controller.UserController.logins(javax.servlet.http.HttpServletRequest)
2019-12-23 22:07:06 -Mapped "{[/user/login]}" onto public com.tenement.domain.common.Response<java.util.List<com.tenement.domain.po.SysMenu>> com.tenement.api.controller.UserController.login(com.tenement.domain.dto.UserLogin,javax.servlet.http.HttpServletRequest) throws java.lang.RuntimeException
2019-12-23 22:07:06 -Mapped "{[/error]}" onto public org.springframework.http.ResponseEntity<java.util.Map<java.lang.String, java.lang.Object>> org.springframework.boot.autoconfigure.web.servlet.error.BasicErrorController.error(javax.servlet.http.HttpServletRequest)
2019-12-23 22:07:06 -Mapped "{[/error],produces=[text/html]}" onto public org.springframework.web.servlet.ModelAndView org.springframework.boot.autoconfigure.web.servlet.error.BasicErrorController.errorHtml(javax.servlet.http.HttpServletRequest,javax.servlet.http.HttpServletResponse)
2019-12-23 22:07:06 -Mapped URL path [/webjars/**] onto handler of type [class org.springframework.web.servlet.resource.ResourceHttpRequestHandler]
2019-12-23 22:07:06 -Mapped URL path [/**] onto handler of type [class org.springframework.web.servlet.resource.ResourceHttpRequestHandler]
2019-12-23 22:07:06 -Detected @ExceptionHandler methods in bussinessExceptionHandler
2019-12-23 22:07:07 -Registering beans for JMX exposure on startup
2019-12-23 22:07:07 -Bean with name 'dataSource' has been autodetected for JMX exposure
2019-12-23 22:07:07 -Located MBean 'dataSource': registering with JMX server as MBean [com.zaxxer.hikari:name=dataSource,type=HikariDataSource]
2019-12-23 22:07:07 -Starting ProtocolHandler ["http-nio-8080"]
2019-12-23 22:07:07 -Using a shared selector for servlet write/read
2019-12-23 22:07:07 -Tomcat started on port(s): 8080 (http) with context path ''
2019-12-23 22:07:07 -Started WebApplication in 2.309 seconds (JVM running for 2.965)
2019-12-23 22:07:18 -Initializing Spring FrameworkServlet 'dispatcherServlet'
2019-12-23 22:07:18 -FrameworkServlet 'dispatcherServlet': initialization started
2019-12-23 22:07:18 -FrameworkServlet 'dispatcherServlet': initialization completed in 17 ms
2019-12-23 22:07:34 -HikariPool-1 - Starting...
2019-12-23 22:07:34 -HikariPool-1 - Start completed.
2019-12-23 22:07:34 -==>  Preparing: insert into room_details ( district_id, ownerarea, housearea, builddate, cp, floor, housestyle, housestyle_type, buildarea, dt ) values ( ?, ?, ?, ?, ?, ?, ?, ?, ?, ? ) 
2019-12-23 22:07:34 -==> Parameters: 1(Integer), 马连店家园(String), 100(Integer), adfadfa(String), adfadfa(String), 1(Integer), dccc(String), 1(Byte), 1.0(Double), 1(Byte)
2019-12-23 22:07:34 -<==    Updates: 1
2019-12-23 22:10:01 -HikariPool-1 - Thread starvation or clock leap detected (housekeeper delta=56s887ms52µs100ns).
2019-12-23 22:10:01 -==>  Preparing: insert into room_details ( district_id, ownerarea, housearea, builddate, cp, floor, housestyle, housestyle_type, buildarea, dt ) values ( ?, ?, ?, ?, ?, ?, ?, ?, ?, ? ) 
2019-12-23 22:10:01 -==> Parameters: 1(Integer), 马连店家园(String), 100(Integer), adfadfa(String), adfadfa(String), 1(Integer), dccc(String), 1(Byte), 1.0(Double), 1(Byte)
2019-12-23 22:10:01 -<==    Updates: 1
2019-12-23 22:14:37 -HikariPool-1 - Thread starvation or clock leap detected (housekeeper delta=1m35s915ms794µs500ns).
2019-12-23 22:14:37 -==>  Preparing: insert into room_details ( district_id, ownerarea, housearea, builddate, cp, floor, housestyle, housestyle_type, buildarea, houseprice, dt ) values ( ?, ?, ?, ?, ?, ?, ?, ?, ?, ?, ? ) 
2019-12-23 22:14:37 -==> Parameters: 1(Integer), 马连店家园(String), 100(Integer), adfadfa(String), adfadfa(String), 1(Integer), dccc(String), 1(Byte), 1.0(Double), 200(Integer), 1(Byte)
2019-12-23 22:14:37 -<==    Updates: 1
2019-12-23 22:14:37 -Closing org.springframework.boot.web.servlet.context.AnnotationConfigServletWebServerApplicationContext@60129b9a: startup date [Mon Dec 23 22:07:05 GMT+08:00 2019]; root of context hierarchy
2019-12-23 22:14:37 -Unregistering JMX-exposed beans on shutdown
2019-12-23 22:14:37 -Unregistering JMX-exposed beans
2019-12-23 22:14:37 -HikariPool-1 - Shutdown initiated...
2019-12-23 22:14:37 -HikariPool-1 - Shutdown completed.
2019-12-23 22:16:03 -Loaded expression factory via original TCCL
2019-12-23 22:16:03 -Starting WebApplication on DESKTOP-9TK6I10 with PID 25820 (D:\idea-code\tenement\tenement-api\target\classes started by xuzhou in D:\idea-code\tenement)
2019-12-23 22:16:03 -No active profile set, falling back to default profiles: default
2019-12-23 22:16:03 -Refreshing org.springframework.boot.web.servlet.context.AnnotationConfigServletWebServerApplicationContext@26ceffa8: startup date [Mon Dec 23 22:16:03 GMT+08:00 2019]; root of context hierarchy
2019-12-23 22:16:04 -Tomcat initialized with port(s): 8080 (http)
2019-12-23 22:16:04 -Initializing ProtocolHandler ["http-nio-8080"]
2019-12-23 22:16:04 -Starting service [Tomcat]
2019-12-23 22:16:04 -Starting Servlet Engine: Apache Tomcat/8.5.34
2019-12-23 22:16:04 -The APR based Apache Tomcat Native library which allows optimal performance in production environments was not found on the java.library.path: [C:\Program Files\Java\jdk1.8.0_131\bin;C:\WINDOWS\Sun\Java\bin;C:\WINDOWS\system32;C:\WINDOWS;C:\ProgramData\Oracle\Java\javapath;C:\windows\system32;C:\windows;C:\windows\System32\Wbem;C:\windows\System32\WindowsPowerShell\v1.0\;C:\windows\System32\OpenSSH\;C:\Program Files\NVIDIA Corporation\NVIDIA NGX;C:\Program Files (x86)\NVIDIA Corporation\PhysX\Common;C:\Program Files\NVIDIA Corporation\NVIDIA NvDLISR;C:\WINDOWS\system32;C:\WINDOWS;C:\WINDOWS\System32\Wbem;C:\WINDOWS\System32\WindowsPowerShell\v1.0\;C:\WINDOWS\System32\OpenSSH\;"C:\Program Files\Java\jdk1.8.0_131\bin;C:\Program Files\Java\jdk1.8.0_131\jre\bin";D:\apache-maven-3.6.1\apache-maven-3.6.1\bin\;C:\Program Files\MySQL\MySQL Utilities 1.6\;C:\Users\xuzhou\AppData\Local\Microsoft\WindowsApps;;.]
2019-12-23 22:16:04 -Initializing Spring embedded WebApplicationContext
2019-12-23 22:16:04 -Root WebApplicationContext: initialization completed in 989 ms
2019-12-23 22:16:04 -Servlet dispatcherServlet mapped to [/]
2019-12-23 22:16:04 -Mapping filter: 'characterEncodingFilter' to: [/*]
2019-12-23 22:16:04 -Mapping filter: 'hiddenHttpMethodFilter' to: [/*]
2019-12-23 22:16:04 -Mapping filter: 'httpPutFormContentFilter' to: [/*]
2019-12-23 22:16:04 -Mapping filter: 'requestContextFilter' to: [/*]
2019-12-23 22:16:04 -Mapped URL path [/**/favicon.ico] onto handler of type [class org.springframework.web.servlet.resource.ResourceHttpRequestHandler]
2019-12-23 22:16:05 -Looking for @ControllerAdvice: org.springframework.boot.web.servlet.context.AnnotationConfigServletWebServerApplicationContext@26ceffa8: startup date [Mon Dec 23 22:16:03 GMT+08:00 2019]; root of context hierarchy
2019-12-23 22:16:05 -Mapped "{[/room/addRoom]}" onto public com.tenement.domain.common.Response com.tenement.api.controller.RoomController.addRoom(com.tenement.domain.dto.RoomDetailsReq) throws java.lang.RuntimeException
2019-12-23 22:16:05 -Mapped "{[/user/logins]}" onto public com.tenement.domain.common.Response com.tenement.api.controller.UserController.logins(javax.servlet.http.HttpServletRequest)
2019-12-23 22:16:05 -Mapped "{[/user/login]}" onto public com.tenement.domain.common.Response<java.util.List<com.tenement.domain.po.SysMenu>> com.tenement.api.controller.UserController.login(com.tenement.domain.dto.UserLogin,javax.servlet.http.HttpServletRequest) throws java.lang.RuntimeException
2019-12-23 22:16:05 -Mapped "{[/error]}" onto public org.springframework.http.ResponseEntity<java.util.Map<java.lang.String, java.lang.Object>> org.springframework.boot.autoconfigure.web.servlet.error.BasicErrorController.error(javax.servlet.http.HttpServletRequest)
2019-12-23 22:16:05 -Mapped "{[/error],produces=[text/html]}" onto public org.springframework.web.servlet.ModelAndView org.springframework.boot.autoconfigure.web.servlet.error.BasicErrorController.errorHtml(javax.servlet.http.HttpServletRequest,javax.servlet.http.HttpServletResponse)
2019-12-23 22:16:05 -Mapped URL path [/webjars/**] onto handler of type [class org.springframework.web.servlet.resource.ResourceHttpRequestHandler]
2019-12-23 22:16:05 -Mapped URL path [/**] onto handler of type [class org.springframework.web.servlet.resource.ResourceHttpRequestHandler]
2019-12-23 22:16:05 -Detected @ExceptionHandler methods in bussinessExceptionHandler
2019-12-23 22:16:05 -Registering beans for JMX exposure on startup
2019-12-23 22:16:05 -Bean with name 'dataSource' has been autodetected for JMX exposure
2019-12-23 22:16:05 -Located MBean 'dataSource': registering with JMX server as MBean [com.zaxxer.hikari:name=dataSource,type=HikariDataSource]
2019-12-23 22:16:05 -Starting ProtocolHandler ["http-nio-8080"]
2019-12-23 22:16:05 -Using a shared selector for servlet write/read
2019-12-23 22:16:05 -Tomcat started on port(s): 8080 (http) with context path ''
2019-12-23 22:16:05 -Started WebApplication in 2.304 seconds (JVM running for 2.929)
2019-12-23 22:16:10 -Initializing Spring FrameworkServlet 'dispatcherServlet'
2019-12-23 22:16:10 -FrameworkServlet 'dispatcherServlet': initialization started
2019-12-23 22:16:10 -FrameworkServlet 'dispatcherServlet': initialization completed in 17 ms
2019-12-23 22:16:27 -HikariPool-1 - Starting...
2019-12-23 22:16:27 -HikariPool-1 - Start completed.
2019-12-23 22:16:27 -==>  Preparing: insert into room_details ( district_id, ownerarea, housearea, builddate, cp, floor, housestyle, housestyle_type, buildarea, houseprice, gn, cqnx, dt, finish_type, onSale_type, market_type, tenement_type ) values ( ?, ?, ?, ?, ?, ?, ?, ?, ?, ?, ?, ?, ?, ?, ?, ?, ? ) 
2019-12-23 22:16:27 -==> Parameters: 1(Integer), 马连店家园(String), 100(Integer), adfadfa(String), adfadfa(String), 1(Integer), dccc(String), 1(Byte), 1.0(Double), 200(Integer), 1(Byte), 1(Integer), 1(Byte), 1(Byte), 1(Byte), 1(Byte), 1(Byte)
2019-12-23 22:16:27 -<==    Updates: 1
2019-12-23 22:17:41 -==>  Preparing: insert into room_details ( name, district_id, ownerarea, housearea, builddate, cp, floor, housestyle, housestyle_type, buildarea, houseprice, gn, cqnx, dt, housedirection, finish_type, onSale_type, market_type, tenement_type ) values ( ?, ?, ?, ?, ?, ?, ?, ?, ?, ?, ?, ?, ?, ?, ?, ?, ?, ?, ? ) 
2019-12-23 22:17:41 -==> Parameters: cccccc(String), 1(Integer), 马连店家园(String), 100(Integer), adfadfa(String), adfadfa(String), 1(Integer), dccc(String), 1(Byte), 1.0(Double), 200(Integer), 1(Byte), 1(Integer), 1(Byte), 1(Byte), 1(Byte), 1(Byte), 1(Byte), 1(Byte)
2019-12-23 22:17:41 -<==    Updates: 1
2019-12-23 22:19:25 -Closing org.springframework.boot.web.servlet.context.AnnotationConfigServletWebServerApplicationContext@26ceffa8: startup date [Mon Dec 23 22:16:03 GMT+08:00 2019]; root of context hierarchy
2019-12-23 22:19:25 -Unregistering JMX-exposed beans on shutdown
2019-12-23 22:19:25 -Unregistering JMX-exposed beans
2019-12-23 22:19:25 -HikariPool-1 - Shutdown initiated...
2019-12-23 22:19:25 -HikariPool-1 - Shutdown completed.
2019-12-23 22:36:28 -Loaded expression factory via original TCCL
2019-12-23 22:36:28 -HV000234: Using org.hibernate.validator.messageinterpolation.ResourceBundleMessageInterpolator as ValidatorFactory-scoped message interpolator.
2019-12-23 22:36:28 -HV000234: Using org.hibernate.validator.internal.engine.resolver.TraverseAllTraversableResolver as ValidatorFactory-scoped traversable resolver.
2019-12-23 22:36:28 -HV000234: Using org.hibernate.validator.internal.util.ExecutableParameterNameProvider as ValidatorFactory-scoped parameter name provider.
2019-12-23 22:36:28 -HV000234: Using org.hibernate.validator.internal.engine.DefaultClockProvider as ValidatorFactory-scoped clock provider.
2019-12-23 22:36:28 -HV000234: Using org.hibernate.validator.internal.engine.scripting.DefaultScriptEvaluatorFactory as ValidatorFactory-scoped script evaluator factory.
2019-12-23 22:36:28 -Starting WebApplication on DESKTOP-9TK6I10 with PID 2200 (D:\idea-code\tenement\tenement-api\target\classes started by xuzhou in D:\idea-code\tenement)
2019-12-23 22:36:28 -No active profile set, falling back to default profiles: default
2019-12-23 22:36:28 -Refreshing org.springframework.boot.web.servlet.context.AnnotationConfigServletWebServerApplicationContext@60129b9a: startup date [Mon Dec 23 22:36:28 GMT+08:00 2019]; root of context hierarchy
2019-12-23 22:36:29 -Tomcat initialized with port(s): 8080 (http)
2019-12-23 22:36:29 -Initializing ProtocolHandler ["http-nio-8080"]
2019-12-23 22:36:29 -Starting service [Tomcat]
2019-12-23 22:36:29 -Starting Servlet Engine: Apache Tomcat/8.5.34
2019-12-23 22:36:29 -The APR based Apache Tomcat Native library which allows optimal performance in production environments was not found on the java.library.path: [C:\Program Files\Java\jdk1.8.0_131\bin;C:\WINDOWS\Sun\Java\bin;C:\WINDOWS\system32;C:\WINDOWS;C:\ProgramData\Oracle\Java\javapath;C:\windows\system32;C:\windows;C:\windows\System32\Wbem;C:\windows\System32\WindowsPowerShell\v1.0\;C:\windows\System32\OpenSSH\;C:\Program Files\NVIDIA Corporation\NVIDIA NGX;C:\Program Files (x86)\NVIDIA Corporation\PhysX\Common;C:\Program Files\NVIDIA Corporation\NVIDIA NvDLISR;C:\WINDOWS\system32;C:\WINDOWS;C:\WINDOWS\System32\Wbem;C:\WINDOWS\System32\WindowsPowerShell\v1.0\;C:\WINDOWS\System32\OpenSSH\;"C:\Program Files\Java\jdk1.8.0_131\bin;C:\Program Files\Java\jdk1.8.0_131\jre\bin";D:\apache-maven-3.6.1\apache-maven-3.6.1\bin\;C:\Program Files\MySQL\MySQL Utilities 1.6\;C:\Users\xuzhou\AppData\Local\Microsoft\WindowsApps;;.]
2019-12-23 22:36:29 -Initializing Spring embedded WebApplicationContext
2019-12-23 22:36:29 -Root WebApplicationContext: initialization completed in 945 ms
2019-12-23 22:36:29 -Servlet dispatcherServlet mapped to [/]
2019-12-23 22:36:29 -Mapping filter: 'characterEncodingFilter' to: [/*]
2019-12-23 22:36:29 -Mapping filter: 'hiddenHttpMethodFilter' to: [/*]
2019-12-23 22:36:29 -Mapping filter: 'httpPutFormContentFilter' to: [/*]
2019-12-23 22:36:29 -Mapping filter: 'requestContextFilter' to: [/*]
2019-12-23 22:36:29 -Mapped URL path [/**/favicon.ico] onto handler of type [class org.springframework.web.servlet.resource.ResourceHttpRequestHandler]
2019-12-23 22:36:29 -Looking for @ControllerAdvice: org.springframework.boot.web.servlet.context.AnnotationConfigServletWebServerApplicationContext@60129b9a: startup date [Mon Dec 23 22:36:28 GMT+08:00 2019]; root of context hierarchy
2019-12-23 22:36:29 -Mapped "{[/room/addRoomDetails]}" onto public com.tenement.domain.common.Response com.tenement.api.controller.RoomController.addRoom(com.tenement.domain.dto.RoomDetailsReq) throws java.lang.RuntimeException
2019-12-23 22:36:29 -Mapped "{[/user/listMenu]}" onto public com.tenement.domain.common.Response<java.util.List<com.tenement.domain.po.SysMenu>> com.tenement.api.controller.UserController.getMenu(javax.servlet.http.HttpServletRequest)
2019-12-23 22:36:29 -Mapped "{[/user/login]}" onto public com.tenement.domain.common.Response com.tenement.api.controller.UserController.login(com.tenement.domain.dto.UserLogin,javax.servlet.http.HttpServletRequest) throws java.lang.RuntimeException
2019-12-23 22:36:29 -Mapped "{[/user/logins]}" onto public com.tenement.domain.common.Response com.tenement.api.controller.UserController.logins(javax.servlet.http.HttpServletRequest)
2019-12-23 22:36:29 -Mapped "{[/error]}" onto public org.springframework.http.ResponseEntity<java.util.Map<java.lang.String, java.lang.Object>> org.springframework.boot.autoconfigure.web.servlet.error.BasicErrorController.error(javax.servlet.http.HttpServletRequest)
2019-12-23 22:36:29 -Mapped "{[/error],produces=[text/html]}" onto public org.springframework.web.servlet.ModelAndView org.springframework.boot.autoconfigure.web.servlet.error.BasicErrorController.errorHtml(javax.servlet.http.HttpServletRequest,javax.servlet.http.HttpServletResponse)
2019-12-23 22:36:29 -Mapped URL path [/webjars/**] onto handler of type [class org.springframework.web.servlet.resource.ResourceHttpRequestHandler]
2019-12-23 22:36:29 -Mapped URL path [/**] onto handler of type [class org.springframework.web.servlet.resource.ResourceHttpRequestHandler]
2019-12-23 22:36:29 -Detected @ExceptionHandler methods in bussinessExceptionHandler
2019-12-23 22:36:30 -Registering beans for JMX exposure on startup
2019-12-23 22:36:30 -Bean with name 'dataSource' has been autodetected for JMX exposure
2019-12-23 22:36:30 -Located MBean 'dataSource': registering with JMX server as MBean [com.zaxxer.hikari:name=dataSource,type=HikariDataSource]
2019-12-23 22:36:30 -Starting ProtocolHandler ["http-nio-8080"]
2019-12-23 22:36:30 -Using a shared selector for servlet write/read
2019-12-23 22:36:30 -Tomcat started on port(s): 8080 (http) with context path ''
2019-12-23 22:36:30 -Started WebApplication in 2.233 seconds (JVM running for 2.886)
2019-12-23 22:36:46 -Initializing Spring FrameworkServlet 'dispatcherServlet'
2019-12-23 22:36:46 -FrameworkServlet 'dispatcherServlet': initialization started
2019-12-23 22:36:46 -FrameworkServlet 'dispatcherServlet': initialization completed in 17 ms
2019-12-23 22:36:50 -HikariPool-1 - Starting...
2019-12-23 22:36:50 -HikariPool-1 - Start completed.
2019-12-23 22:36:50 -==>  Preparing: select A.id, A.password, A.phone, A.true_name as trueName, A.user_name as userName, A.create_time as createTime, B.role_id as roleId from sys_user A inner join sys_user_role B on A.id=B.user_id where user_name = ? 
2019-12-23 22:36:50 -==> Parameters: admin(String)
2019-12-23 22:36:51 -<==      Total: 1
2019-12-23 22:37:22 -==>  Preparing: select A.* from sys_menu A inner join sys_role_menu B where role_id=? group by A.id; 
2019-12-23 22:37:22 -==> Parameters: 1(Integer)
2019-12-23 22:37:22 -<==      Total: 4
2019-12-23 22:42:04 -Closing org.springframework.boot.web.servlet.context.AnnotationConfigServletWebServerApplicationContext@60129b9a: startup date [Mon Dec 23 22:36:28 GMT+08:00 2019]; root of context hierarchy
2019-12-23 22:42:04 -Unregistering JMX-exposed beans on shutdown
2019-12-23 22:42:04 -Unregistering JMX-exposed beans
2019-12-23 22:42:04 -HikariPool-1 - Shutdown initiated...
2019-12-23 22:42:04 -HikariPool-1 - Shutdown completed.
2019-12-23 23:07:23 -Loaded expression factory via original TCCL
2019-12-23 23:07:24 -Starting WebApplication on DESKTOP-9TK6I10 with PID 18908 (D:\idea-code\tenement\tenement-api\target\classes started by xuzhou in D:\idea-code\tenement)
2019-12-23 23:07:24 -No active profile set, falling back to default profiles: default
2019-12-23 23:07:24 -Refreshing org.springframework.boot.web.servlet.context.AnnotationConfigServletWebServerApplicationContext@6cc558c6: startup date [Mon Dec 23 23:07:24 GMT+08:00 2019]; root of context hierarchy
2019-12-23 23:07:25 -Tomcat initialized with port(s): 8080 (http)
2019-12-23 23:07:25 -Initializing ProtocolHandler ["http-nio-8080"]
2019-12-23 23:07:25 -Starting service [Tomcat]
2019-12-23 23:07:25 -Starting Servlet Engine: Apache Tomcat/8.5.34
2019-12-23 23:07:25 -The APR based Apache Tomcat Native library which allows optimal performance in production environments was not found on the java.library.path: [C:\Program Files\Java\jdk1.8.0_131\bin;C:\WINDOWS\Sun\Java\bin;C:\WINDOWS\system32;C:\WINDOWS;C:\ProgramData\Oracle\Java\javapath;C:\windows\system32;C:\windows;C:\windows\System32\Wbem;C:\windows\System32\WindowsPowerShell\v1.0\;C:\windows\System32\OpenSSH\;C:\Program Files\NVIDIA Corporation\NVIDIA NGX;C:\Program Files (x86)\NVIDIA Corporation\PhysX\Common;C:\Program Files\NVIDIA Corporation\NVIDIA NvDLISR;C:\WINDOWS\system32;C:\WINDOWS;C:\WINDOWS\System32\Wbem;C:\WINDOWS\System32\WindowsPowerShell\v1.0\;C:\WINDOWS\System32\OpenSSH\;"C:\Program Files\Java\jdk1.8.0_131\bin;C:\Program Files\Java\jdk1.8.0_131\jre\bin";D:\apache-maven-3.6.1\apache-maven-3.6.1\bin\;C:\Program Files\MySQL\MySQL Utilities 1.6\;C:\Users\xuzhou\AppData\Local\Microsoft\WindowsApps;;.]
2019-12-23 23:07:25 -Initializing Spring embedded WebApplicationContext
2019-12-23 23:07:25 -Root WebApplicationContext: initialization completed in 1062 ms
2019-12-23 23:07:25 -Servlet dispatcherServlet mapped to [/]
2019-12-23 23:07:25 -Mapping filter: 'characterEncodingFilter' to: [/*]
2019-12-23 23:07:25 -Mapping filter: 'hiddenHttpMethodFilter' to: [/*]
2019-12-23 23:07:25 -Mapping filter: 'httpPutFormContentFilter' to: [/*]
2019-12-23 23:07:25 -Mapping filter: 'requestContextFilter' to: [/*]
2019-12-23 23:07:25 -Exception encountered during context initialization - cancelling refresh attempt: org.springframework.beans.factory.UnsatisfiedDependencyException: Error creating bean with name 'roomController': Unsatisfied dependency expressed through field 'roomTenementTypeService'; nested exception is org.springframework.beans.factory.NoSuchBeanDefinitionException: No qualifying bean of type 'RoomTenementTypeService' available: expected at least 1 bean which qualifies as autowire candidate. Dependency annotations: {@org.springframework.beans.factory.annotation.Autowired(required=true)}
2019-12-23 23:07:25 -Stopping service [Tomcat]
2019-12-23 23:07:25 -

Error starting ApplicationContext. To display the conditions report re-run your application with 'debug' enabled.
2019-12-23 23:07:25 -

***************************
APPLICATION FAILED TO START
***************************

Description:

Field roomTenementTypeService in com.tenement.api.controller.RoomController required a bean of type 'RoomTenementTypeService' that could not be found.


Action:

Consider defining a bean of type 'RoomTenementTypeService' in your configuration.

2019-12-23 23:08:46 -Starting WebApplication on DESKTOP-9TK6I10 with PID 2364 (D:\idea-code\tenement\tenement-api\target\classes started by xuzhou in D:\idea-code\tenement)
2019-12-23 23:08:46 -No active profile set, falling back to default profiles: default
2019-12-23 23:08:46 -Refreshing org.springframework.boot.web.servlet.context.AnnotationConfigServletWebServerApplicationContext@78d6692f: startup date [Mon Dec 23 23:08:46 GMT+08:00 2019]; root of context hierarchy
2019-12-23 23:08:47 -Tomcat initialized with port(s): 8080 (http)
2019-12-23 23:08:47 -Initializing ProtocolHandler ["http-nio-8080"]
2019-12-23 23:08:47 -Starting service [Tomcat]
2019-12-23 23:08:47 -Starting Servlet Engine: Apache Tomcat/8.5.34
2019-12-23 23:08:47 -The APR based Apache Tomcat Native library which allows optimal performance in production environments was not found on the java.library.path: [C:\Program Files\Java\jdk1.8.0_131\bin;C:\WINDOWS\Sun\Java\bin;C:\WINDOWS\system32;C:\WINDOWS;C:\ProgramData\Oracle\Java\javapath;C:\windows\system32;C:\windows;C:\windows\System32\Wbem;C:\windows\System32\WindowsPowerShell\v1.0\;C:\windows\System32\OpenSSH\;C:\Program Files\NVIDIA Corporation\NVIDIA NGX;C:\Program Files (x86)\NVIDIA Corporation\PhysX\Common;C:\Program Files\NVIDIA Corporation\NVIDIA NvDLISR;C:\WINDOWS\system32;C:\WINDOWS;C:\WINDOWS\System32\Wbem;C:\WINDOWS\System32\WindowsPowerShell\v1.0\;C:\WINDOWS\System32\OpenSSH\;"C:\Program Files\Java\jdk1.8.0_131\bin;C:\Program Files\Java\jdk1.8.0_131\jre\bin";D:\apache-maven-3.6.1\apache-maven-3.6.1\bin\;C:\Program Files\MySQL\MySQL Utilities 1.6\;C:\Users\xuzhou\AppData\Local\Microsoft\WindowsApps;;.]
2019-12-23 23:08:47 -Initializing Spring embedded WebApplicationContext
2019-12-23 23:08:47 -Root WebApplicationContext: initialization completed in 1025 ms
2019-12-23 23:08:47 -Servlet dispatcherServlet mapped to [/]
2019-12-23 23:08:47 -Mapping filter: 'characterEncodingFilter' to: [/*]
2019-12-23 23:08:47 -Mapping filter: 'hiddenHttpMethodFilter' to: [/*]
2019-12-23 23:08:47 -Mapping filter: 'httpPutFormContentFilter' to: [/*]
2019-12-23 23:08:47 -Mapping filter: 'requestContextFilter' to: [/*]
2019-12-23 23:08:48 -Mapped URL path [/**/favicon.ico] onto handler of type [class org.springframework.web.servlet.resource.ResourceHttpRequestHandler]
2019-12-23 23:08:48 -Looking for @ControllerAdvice: org.springframework.boot.web.servlet.context.AnnotationConfigServletWebServerApplicationContext@78d6692f: startup date [Mon Dec 23 23:08:46 GMT+08:00 2019]; root of context hierarchy
2019-12-23 23:08:48 -Mapped "{[/room/listRoomTenementType]}" onto public com.tenement.domain.common.Response<java.util.List<com.tenement.domain.po.RoomTenementType>> com.tenement.api.controller.RoomController.listRoomTenementType(com.tenement.domain.dto.ListRoomTenementTypeReq) throws java.lang.RuntimeException
2019-12-23 23:08:48 -Mapped "{[/room/addRoomDetails]}" onto public com.tenement.domain.common.Response com.tenement.api.controller.RoomController.addRoom(com.tenement.domain.dto.RoomDetailsReq) throws java.lang.RuntimeException
2019-12-23 23:08:48 -Mapped "{[/user/logins]}" onto public com.tenement.domain.common.Response com.tenement.api.controller.UserController.logins(javax.servlet.http.HttpServletRequest)
2019-12-23 23:08:48 -Mapped "{[/user/login]}" onto public com.tenement.domain.common.Response com.tenement.api.controller.UserController.login(com.tenement.domain.dto.UserLogin,javax.servlet.http.HttpServletRequest) throws java.lang.RuntimeException
2019-12-23 23:08:48 -Mapped "{[/user/listMenu]}" onto public com.tenement.domain.common.Response<java.util.List<com.tenement.domain.po.SysMenu>> com.tenement.api.controller.UserController.getMenu(javax.servlet.http.HttpServletRequest)
2019-12-23 23:08:48 -Mapped "{[/error]}" onto public org.springframework.http.ResponseEntity<java.util.Map<java.lang.String, java.lang.Object>> org.springframework.boot.autoconfigure.web.servlet.error.BasicErrorController.error(javax.servlet.http.HttpServletRequest)
2019-12-23 23:08:48 -Mapped "{[/error],produces=[text/html]}" onto public org.springframework.web.servlet.ModelAndView org.springframework.boot.autoconfigure.web.servlet.error.BasicErrorController.errorHtml(javax.servlet.http.HttpServletRequest,javax.servlet.http.HttpServletResponse)
2019-12-23 23:08:48 -Mapped URL path [/webjars/**] onto handler of type [class org.springframework.web.servlet.resource.ResourceHttpRequestHandler]
2019-12-23 23:08:48 -Mapped URL path [/**] onto handler of type [class org.springframework.web.servlet.resource.ResourceHttpRequestHandler]
2019-12-23 23:08:48 -Detected @ExceptionHandler methods in bussinessExceptionHandler
2019-12-23 23:08:48 -Registering beans for JMX exposure on startup
2019-12-23 23:08:48 -Bean with name 'dataSource' has been autodetected for JMX exposure
2019-12-23 23:08:48 -Located MBean 'dataSource': registering with JMX server as MBean [com.zaxxer.hikari:name=dataSource,type=HikariDataSource]
2019-12-23 23:08:48 -Starting ProtocolHandler ["http-nio-8080"]
2019-12-23 23:08:48 -Using a shared selector for servlet write/read
2019-12-23 23:08:48 -Tomcat started on port(s): 8080 (http) with context path ''
2019-12-23 23:08:48 -Started WebApplication in 2.344 seconds (JVM running for 3.08)
2019-12-23 23:09:57 -Initializing Spring FrameworkServlet 'dispatcherServlet'
2019-12-23 23:09:57 -FrameworkServlet 'dispatcherServlet': initialization started
2019-12-23 23:09:57 -FrameworkServlet 'dispatcherServlet': initialization completed in 17 ms
2019-12-23 23:09:57 -adfafdad
2019-12-23 23:09:57 -Resolved [org.mybatis.spring.MyBatisSystemException: nested exception is org.apache.ibatis.reflection.ReflectionException: There is no getter for property named 'tenementTypeId' in 'class java.lang.Integer']
2019-12-23 23:10:34 -adfafdad
2019-12-23 23:10:34 -Resolved [org.mybatis.spring.MyBatisSystemException: nested exception is org.apache.ibatis.reflection.ReflectionException: There is no getter for property named 'tenementTypeId' in 'class java.lang.Integer']
2019-12-23 23:11:14 -Closing org.springframework.boot.web.servlet.context.AnnotationConfigServletWebServerApplicationContext@78d6692f: startup date [Mon Dec 23 23:08:46 GMT+08:00 2019]; root of context hierarchy
2019-12-23 23:11:14 -Unregistering JMX-exposed beans on shutdown
2019-12-23 23:11:14 -Unregistering JMX-exposed beans
2019-12-23 23:12:03 -Loaded expression factory via original TCCL
2019-12-23 23:12:03 -Starting WebApplication on DESKTOP-9TK6I10 with PID 20740 (D:\idea-code\tenement\tenement-api\target\classes started by xuzhou in D:\idea-code\tenement)
2019-12-23 23:12:03 -No active profile set, falling back to default profiles: default
2019-12-23 23:12:03 -Refreshing org.springframework.boot.web.servlet.context.AnnotationConfigServletWebServerApplicationContext@5c44c582: startup date [Mon Dec 23 23:12:03 GMT+08:00 2019]; root of context hierarchy
2019-12-23 23:12:04 -Tomcat initialized with port(s): 8080 (http)
2019-12-23 23:12:04 -Initializing ProtocolHandler ["http-nio-8080"]
2019-12-23 23:12:04 -Starting service [Tomcat]
2019-12-23 23:12:04 -Starting Servlet Engine: Apache Tomcat/8.5.34
2019-12-23 23:12:04 -The APR based Apache Tomcat Native library which allows optimal performance in production environments was not found on the java.library.path: [C:\Program Files\Java\jdk1.8.0_131\bin;C:\WINDOWS\Sun\Java\bin;C:\WINDOWS\system32;C:\WINDOWS;C:\ProgramData\Oracle\Java\javapath;C:\windows\system32;C:\windows;C:\windows\System32\Wbem;C:\windows\System32\WindowsPowerShell\v1.0\;C:\windows\System32\OpenSSH\;C:\Program Files\NVIDIA Corporation\NVIDIA NGX;C:\Program Files (x86)\NVIDIA Corporation\PhysX\Common;C:\Program Files\NVIDIA Corporation\NVIDIA NvDLISR;C:\WINDOWS\system32;C:\WINDOWS;C:\WINDOWS\System32\Wbem;C:\WINDOWS\System32\WindowsPowerShell\v1.0\;C:\WINDOWS\System32\OpenSSH\;"C:\Program Files\Java\jdk1.8.0_131\bin;C:\Program Files\Java\jdk1.8.0_131\jre\bin";D:\apache-maven-3.6.1\apache-maven-3.6.1\bin\;C:\Program Files\MySQL\MySQL Utilities 1.6\;C:\Users\xuzhou\AppData\Local\Microsoft\WindowsApps;;.]
2019-12-23 23:12:04 -Initializing Spring embedded WebApplicationContext
2019-12-23 23:12:04 -Root WebApplicationContext: initialization completed in 1010 ms
2019-12-23 23:12:04 -Servlet dispatcherServlet mapped to [/]
2019-12-23 23:12:04 -Mapping filter: 'characterEncodingFilter' to: [/*]
2019-12-23 23:12:04 -Mapping filter: 'hiddenHttpMethodFilter' to: [/*]
2019-12-23 23:12:04 -Mapping filter: 'httpPutFormContentFilter' to: [/*]
2019-12-23 23:12:04 -Mapping filter: 'requestContextFilter' to: [/*]
2019-12-23 23:12:05 -Mapped URL path [/**/favicon.ico] onto handler of type [class org.springframework.web.servlet.resource.ResourceHttpRequestHandler]
2019-12-23 23:12:05 -Looking for @ControllerAdvice: org.springframework.boot.web.servlet.context.AnnotationConfigServletWebServerApplicationContext@5c44c582: startup date [Mon Dec 23 23:12:03 GMT+08:00 2019]; root of context hierarchy
2019-12-23 23:12:05 -Mapped "{[/room/addRoomDetails]}" onto public com.tenement.domain.common.Response com.tenement.api.controller.RoomController.addRoom(com.tenement.domain.dto.RoomDetailsReq) throws java.lang.RuntimeException
2019-12-23 23:12:05 -Mapped "{[/room/listRoomTenementType]}" onto public com.tenement.domain.common.Response<java.util.List<com.tenement.domain.po.RoomTenementType>> com.tenement.api.controller.RoomController.listRoomTenementType(com.tenement.domain.dto.ListRoomTenementTypeReq) throws java.lang.RuntimeException
2019-12-23 23:12:05 -Mapped "{[/user/logins]}" onto public com.tenement.domain.common.Response com.tenement.api.controller.UserController.logins(javax.servlet.http.HttpServletRequest)
2019-12-23 23:12:05 -Mapped "{[/user/login]}" onto public com.tenement.domain.common.Response com.tenement.api.controller.UserController.login(com.tenement.domain.dto.UserLogin,javax.servlet.http.HttpServletRequest) throws java.lang.RuntimeException
2019-12-23 23:12:05 -Mapped "{[/user/listMenu]}" onto public com.tenement.domain.common.Response<java.util.List<com.tenement.domain.po.SysMenu>> com.tenement.api.controller.UserController.getMenu(javax.servlet.http.HttpServletRequest)
2019-12-23 23:12:05 -Mapped "{[/error]}" onto public org.springframework.http.ResponseEntity<java.util.Map<java.lang.String, java.lang.Object>> org.springframework.boot.autoconfigure.web.servlet.error.BasicErrorController.error(javax.servlet.http.HttpServletRequest)
2019-12-23 23:12:05 -Mapped "{[/error],produces=[text/html]}" onto public org.springframework.web.servlet.ModelAndView org.springframework.boot.autoconfigure.web.servlet.error.BasicErrorController.errorHtml(javax.servlet.http.HttpServletRequest,javax.servlet.http.HttpServletResponse)
2019-12-23 23:12:05 -Mapped URL path [/webjars/**] onto handler of type [class org.springframework.web.servlet.resource.ResourceHttpRequestHandler]
2019-12-23 23:12:05 -Mapped URL path [/**] onto handler of type [class org.springframework.web.servlet.resource.ResourceHttpRequestHandler]
2019-12-23 23:12:05 -Detected @ExceptionHandler methods in bussinessExceptionHandler
2019-12-23 23:12:05 -Registering beans for JMX exposure on startup
2019-12-23 23:12:05 -Bean with name 'dataSource' has been autodetected for JMX exposure
2019-12-23 23:12:05 -Located MBean 'dataSource': registering with JMX server as MBean [com.zaxxer.hikari:name=dataSource,type=HikariDataSource]
2019-12-23 23:12:05 -Starting ProtocolHandler ["http-nio-8080"]
2019-12-23 23:12:05 -Using a shared selector for servlet write/read
2019-12-23 23:12:05 -Tomcat started on port(s): 8080 (http) with context path ''
2019-12-23 23:12:05 -Started WebApplication in 2.31 seconds (JVM running for 2.935)
2019-12-23 23:12:12 -Initializing Spring FrameworkServlet 'dispatcherServlet'
2019-12-23 23:12:12 -FrameworkServlet 'dispatcherServlet': initialization started
2019-12-23 23:12:12 -FrameworkServlet 'dispatcherServlet': initialization completed in 16 ms
2019-12-23 23:12:19 -HikariPool-1 - Starting...
2019-12-23 23:12:19 -HikariPool-1 - Start completed.
2019-12-23 23:12:19 -==>  Preparing: select tenement_type_id, tenement_type_name from room_tenement_type 
2019-12-23 23:12:19 -==> Parameters: 
2019-12-23 23:12:20 -<==      Total: 5
2019-12-23 23:23:51 -Closing org.springframework.boot.web.servlet.context.AnnotationConfigServletWebServerApplicationContext@5c44c582: startup date [Mon Dec 23 23:12:03 GMT+08:00 2019]; root of context hierarchy
2019-12-23 23:23:51 -Unregistering JMX-exposed beans on shutdown
2019-12-23 23:23:51 -Unregistering JMX-exposed beans
2019-12-23 23:23:51 -HikariPool-1 - Shutdown initiated...
2019-12-23 23:23:51 -HikariPool-1 - Shutdown completed.
2019-12-23 23:23:56 -Loaded expression factory via original TCCL
2019-12-23 23:23:56 -Starting WebApplication on DESKTOP-9TK6I10 with PID 4876 (D:\idea-code\tenement\tenement-api\target\classes started by xuzhou in D:\idea-code\tenement)
2019-12-23 23:23:56 -No active profile set, falling back to default profiles: default
2019-12-23 23:23:56 -Refreshing org.springframework.boot.web.servlet.context.AnnotationConfigServletWebServerApplicationContext@67545b57: startup date [Mon Dec 23 23:23:56 GMT+08:00 2019]; root of context hierarchy
2019-12-23 23:23:57 -Tomcat initialized with port(s): 8080 (http)
2019-12-23 23:23:57 -Initializing ProtocolHandler ["http-nio-8080"]
2019-12-23 23:23:57 -Starting service [Tomcat]
2019-12-23 23:23:57 -Starting Servlet Engine: Apache Tomcat/8.5.34
2019-12-23 23:23:57 -The APR based Apache Tomcat Native library which allows optimal performance in production environments was not found on the java.library.path: [C:\Program Files\Java\jdk1.8.0_131\bin;C:\WINDOWS\Sun\Java\bin;C:\WINDOWS\system32;C:\WINDOWS;C:\ProgramData\Oracle\Java\javapath;C:\windows\system32;C:\windows;C:\windows\System32\Wbem;C:\windows\System32\WindowsPowerShell\v1.0\;C:\windows\System32\OpenSSH\;C:\Program Files\NVIDIA Corporation\NVIDIA NGX;C:\Program Files (x86)\NVIDIA Corporation\PhysX\Common;C:\Program Files\NVIDIA Corporation\NVIDIA NvDLISR;C:\WINDOWS\system32;C:\WINDOWS;C:\WINDOWS\System32\Wbem;C:\WINDOWS\System32\WindowsPowerShell\v1.0\;C:\WINDOWS\System32\OpenSSH\;"C:\Program Files\Java\jdk1.8.0_131\bin;C:\Program Files\Java\jdk1.8.0_131\jre\bin";D:\apache-maven-3.6.1\apache-maven-3.6.1\bin\;C:\Program Files\MySQL\MySQL Utilities 1.6\;C:\Users\xuzhou\AppData\Local\Microsoft\WindowsApps;;.]
2019-12-23 23:23:57 -Initializing Spring embedded WebApplicationContext
2019-12-23 23:23:57 -Root WebApplicationContext: initialization completed in 977 ms
2019-12-23 23:23:57 -Servlet dispatcherServlet mapped to [/]
2019-12-23 23:23:57 -Mapping filter: 'characterEncodingFilter' to: [/*]
2019-12-23 23:23:57 -Mapping filter: 'hiddenHttpMethodFilter' to: [/*]
2019-12-23 23:23:57 -Mapping filter: 'httpPutFormContentFilter' to: [/*]
2019-12-23 23:23:57 -Mapping filter: 'requestContextFilter' to: [/*]
2019-12-23 23:23:57 -Mapped URL path [/**/favicon.ico] onto handler of type [class org.springframework.web.servlet.resource.ResourceHttpRequestHandler]
2019-12-23 23:23:57 -Looking for @ControllerAdvice: org.springframework.boot.web.servlet.context.AnnotationConfigServletWebServerApplicationContext@67545b57: startup date [Mon Dec 23 23:23:56 GMT+08:00 2019]; root of context hierarchy
2019-12-23 23:23:58 -Mapped "{[/room/addRoomDetails]}" onto public com.tenement.domain.common.Response com.tenement.api.controller.RoomController.addRoom(com.tenement.domain.dto.RoomDetailsReq) throws java.lang.RuntimeException
2019-12-23 23:23:58 -Mapped "{[/room/lisDistrict]}" onto public com.tenement.domain.common.Response<java.util.List<com.tenement.domain.po.District>> com.tenement.api.controller.RoomController.lisDistrict(com.tenement.domain.dto.LisDistrictReq) throws java.lang.RuntimeException
2019-12-23 23:23:58 -Mapped "{[/room/listRoomTenementType]}" onto public com.tenement.domain.common.Response<java.util.List<com.tenement.domain.po.RoomTenementType>> com.tenement.api.controller.RoomController.listRoomTenementType(com.tenement.domain.dto.ListRoomTenementTypeReq) throws java.lang.RuntimeException
2019-12-23 23:23:58 -Mapped "{[/user/login]}" onto public com.tenement.domain.common.Response com.tenement.api.controller.UserController.login(com.tenement.domain.dto.UserLogin,javax.servlet.http.HttpServletRequest) throws java.lang.RuntimeException
2019-12-23 23:23:58 -Mapped "{[/user/listMenu]}" onto public com.tenement.domain.common.Response<java.util.List<com.tenement.domain.po.SysMenu>> com.tenement.api.controller.UserController.getMenu(javax.servlet.http.HttpServletRequest)
2019-12-23 23:23:58 -Mapped "{[/user/logins]}" onto public com.tenement.domain.common.Response com.tenement.api.controller.UserController.logins(javax.servlet.http.HttpServletRequest)
2019-12-23 23:23:58 -Mapped "{[/error]}" onto public org.springframework.http.ResponseEntity<java.util.Map<java.lang.String, java.lang.Object>> org.springframework.boot.autoconfigure.web.servlet.error.BasicErrorController.error(javax.servlet.http.HttpServletRequest)
2019-12-23 23:23:58 -Mapped "{[/error],produces=[text/html]}" onto public org.springframework.web.servlet.ModelAndView org.springframework.boot.autoconfigure.web.servlet.error.BasicErrorController.errorHtml(javax.servlet.http.HttpServletRequest,javax.servlet.http.HttpServletResponse)
2019-12-23 23:23:58 -Mapped URL path [/webjars/**] onto handler of type [class org.springframework.web.servlet.resource.ResourceHttpRequestHandler]
2019-12-23 23:23:58 -Mapped URL path [/**] onto handler of type [class org.springframework.web.servlet.resource.ResourceHttpRequestHandler]
2019-12-23 23:23:58 -Detected @ExceptionHandler methods in bussinessExceptionHandler
2019-12-23 23:23:58 -Registering beans for JMX exposure on startup
2019-12-23 23:23:58 -Bean with name 'dataSource' has been autodetected for JMX exposure
2019-12-23 23:23:58 -Located MBean 'dataSource': registering with JMX server as MBean [com.zaxxer.hikari:name=dataSource,type=HikariDataSource]
2019-12-23 23:23:58 -Starting ProtocolHandler ["http-nio-8080"]
2019-12-23 23:23:58 -Using a shared selector for servlet write/read
2019-12-23 23:23:58 -Tomcat started on port(s): 8080 (http) with context path ''
2019-12-23 23:23:58 -Started WebApplication in 2.347 seconds (JVM running for 2.991)
2019-12-23 23:24:52 -Initializing Spring FrameworkServlet 'dispatcherServlet'
2019-12-23 23:24:52 -FrameworkServlet 'dispatcherServlet': initialization started
2019-12-23 23:24:52 -FrameworkServlet 'dispatcherServlet': initialization completed in 18 ms
2019-12-23 23:25:00 -HikariPool-1 - Starting...
2019-12-23 23:25:00 -HikariPool-1 - Start completed.
2019-12-23 23:25:00 -==>  Preparing: select districtid, title, level, usetype, parentid, deleted from district where parentid = ? 
2019-12-23 23:25:01 -==> Parameters: 0(Integer)
2019-12-23 23:25:01 -<==      Total: 37
2019-12-23 23:25:32 -==>  Preparing: select districtid, title, level, usetype, parentid, deleted from district where parentid = ? 
2019-12-23 23:25:32 -==> Parameters: 25(Integer)
2019-12-23 23:25:32 -<==      Total: 16
2019-12-23 23:27:09 -==>  Preparing: select districtid, title, level, usetype, parentid, deleted from district where parentid = ? 
2019-12-23 23:27:09 -==> Parameters: 0(Integer)
2019-12-23 23:27:09 -<==      Total: 37
2019-12-23 23:37:29 -Closing org.springframework.boot.web.servlet.context.AnnotationConfigServletWebServerApplicationContext@67545b57: startup date [Mon Dec 23 23:23:56 GMT+08:00 2019]; root of context hierarchy
2019-12-23 23:37:29 -Unregistering JMX-exposed beans on shutdown
2019-12-23 23:37:29 -Unregistering JMX-exposed beans
2019-12-23 23:37:29 -HikariPool-1 - Shutdown initiated...
2019-12-23 23:37:29 -HikariPool-1 - Shutdown completed.
