2020-07-10 20:39:44 -Starting WebApplication on xuzhoudeMacBook-Pro.local with PID 29584 (/Users/xuzhou/IdeaProjects/tenement/tenement-api/target/classes started by xuzhou in /Users/xuzhou/IdeaProjects/tenement)
2020-07-10 20:39:44 -No active profile set, falling back to default profiles: default
2020-07-10 20:39:45 -Refreshing org.springframework.boot.web.servlet.context.AnnotationConfigServletWebServerApplicationContext@6155d082: startup date [Fri Jul 10 20:39:45 CST 2020]; root of context hierarchy
2020-07-10 20:39:45 -No bean named 'integrationHeaderChannelRegistry' has been explicitly defined. Therefore, a default DefaultHeaderChannelRegistry will be created.
2020-07-10 20:39:46 -No bean named 'errorChannel' has been explicitly defined. Therefore, a default PublishSubscribeChannel will be created.
2020-07-10 20:39:46 -No bean named 'taskScheduler' has been explicitly defined. Therefore, a default ThreadPoolTaskScheduler will be created.
2020-07-10 20:39:46 -Bean 'org.springframework.transaction.annotation.ProxyTransactionManagementConfiguration' of type [org.springframework.transaction.annotation.ProxyTransactionManagementConfiguration$$EnhancerBySpringCGLIB$$75af4684] is not eligible for getting processed by all BeanPostProcessors (for example: not eligible for auto-proxying)
2020-07-10 20:39:46 -Bean 'org.springframework.integration.config.IntegrationManagementConfiguration' of type [org.springframework.integration.config.IntegrationManagementConfiguration$$EnhancerBySpringCGLIB$$e0a101b3] is not eligible for getting processed by all BeanPostProcessors (for example: not eligible for auto-proxying)
2020-07-10 20:39:46 -Tomcat initialized with port(s): 8080 (http)
2020-07-10 20:39:46 -Initializing ProtocolHandler ["http-nio-8080"]
2020-07-10 20:39:46 -Starting service [Tomcat]
2020-07-10 20:39:46 -Starting Servlet Engine: Apache Tomcat/8.5.34
2020-07-10 20:39:46 -The APR based Apache Tomcat Native library which allows optimal performance in production environments was not found on the java.library.path: [/Users/xuzhou/Library/Java/Extensions:/Library/Java/Extensions:/Network/Library/Java/Extensions:/System/Library/Java/Extensions:/usr/lib/java:.]
2020-07-10 20:39:47 -Initializing Spring embedded WebApplicationContext
2020-07-10 20:39:47 -Root WebApplicationContext: initialization completed in 2027 ms
2020-07-10 20:39:47 -Servlet dispatcherServlet mapped to [/]
2020-07-10 20:39:47 -Mapping filter: 'characterEncodingFilter' to: [/*]
2020-07-10 20:39:47 -Mapping filter: 'hiddenHttpMethodFilter' to: [/*]
2020-07-10 20:39:47 -Mapping filter: 'httpPutFormContentFilter' to: [/*]
2020-07-10 20:39:47 -Mapping filter: 'requestContextFilter' to: [/*]
2020-07-10 20:39:48 -Exception encountered during context initialization - cancelling refresh attempt: org.springframework.beans.factory.BeanCreationException: Error creating bean with name 'userController': Injection of resource dependencies failed; nested exception is org.springframework.beans.factory.UnsatisfiedDependencyException: Error creating bean with name 'redisUtils': Unsatisfied dependency expressed through field 'redisTemplate'; nested exception is org.springframework.beans.factory.UnsatisfiedDependencyException: Error creating bean with name 'stringRedisTemplate' defined in class path resource [org/springframework/boot/autoconfigure/data/redis/RedisAutoConfiguration.class]: Unsatisfied dependency expressed through method 'stringRedisTemplate' parameter 0; nested exception is org.springframework.beans.factory.NoSuchBeanDefinitionException: No qualifying bean of type 'org.springframework.data.redis.connection.RedisConnectionFactory' available: expected at least 1 bean which qualifies as autowire candidate. Dependency annotations: {}
2020-07-10 20:39:48 -Stopping service [Tomcat]
2020-07-10 20:39:48 -

Error starting ApplicationContext. To display the conditions report re-run your application with 'debug' enabled.
2020-07-10 20:39:48 -

***************************
APPLICATION FAILED TO START
***************************

Description:

Parameter 0 of method stringRedisTemplate in org.springframework.boot.autoconfigure.data.redis.RedisAutoConfiguration required a bean of type 'org.springframework.data.redis.connection.RedisConnectionFactory' that could not be found.
	- Bean method 'redisConnectionFactory' not loaded because @ConditionalOnClass did not find required classes 'org.apache.commons.pool2.impl.GenericObjectPool', 'redis.clients.jedis.Jedis'
	- Bean method 'redisConnectionFactory' not loaded because @ConditionalOnClass did not find required class 'io.lettuce.core.RedisClient'


Action:

Consider revisiting the entries above or defining a bean of type 'org.springframework.data.redis.connection.RedisConnectionFactory' in your configuration.

2020-07-10 20:40:17 -Loaded expression factory via original TCCL
2020-07-10 20:40:17 -Starting WebApplication on xuzhoudeMacBook-Pro.local with PID 29589 (/Users/xuzhou/IdeaProjects/tenement/tenement-api/target/classes started by xuzhou in /Users/xuzhou/IdeaProjects/tenement)
2020-07-10 20:40:17 -No active profile set, falling back to default profiles: default
2020-07-10 20:40:17 -Refreshing org.springframework.boot.web.servlet.context.AnnotationConfigServletWebServerApplicationContext@47f9738: startup date [Fri Jul 10 20:40:17 CST 2020]; root of context hierarchy
2020-07-10 20:40:18 -No bean named 'integrationHeaderChannelRegistry' has been explicitly defined. Therefore, a default DefaultHeaderChannelRegistry will be created.
2020-07-10 20:40:18 -No bean named 'errorChannel' has been explicitly defined. Therefore, a default PublishSubscribeChannel will be created.
2020-07-10 20:40:18 -No bean named 'taskScheduler' has been explicitly defined. Therefore, a default ThreadPoolTaskScheduler will be created.
2020-07-10 20:40:18 -Bean 'org.springframework.transaction.annotation.ProxyTransactionManagementConfiguration' of type [org.springframework.transaction.annotation.ProxyTransactionManagementConfiguration$$EnhancerBySpringCGLIB$$3322bb22] is not eligible for getting processed by all BeanPostProcessors (for example: not eligible for auto-proxying)
2020-07-10 20:40:18 -Bean 'org.springframework.integration.config.IntegrationManagementConfiguration' of type [org.springframework.integration.config.IntegrationManagementConfiguration$$EnhancerBySpringCGLIB$$9e147651] is not eligible for getting processed by all BeanPostProcessors (for example: not eligible for auto-proxying)
2020-07-10 20:40:19 -Tomcat initialized with port(s): 8080 (http)
2020-07-10 20:40:19 -Initializing ProtocolHandler ["http-nio-8080"]
2020-07-10 20:40:19 -Starting service [Tomcat]
2020-07-10 20:40:19 -Starting Servlet Engine: Apache Tomcat/8.5.34
2020-07-10 20:40:19 -The APR based Apache Tomcat Native library which allows optimal performance in production environments was not found on the java.library.path: [/Users/xuzhou/Library/Java/Extensions:/Library/Java/Extensions:/Network/Library/Java/Extensions:/System/Library/Java/Extensions:/usr/lib/java:.]
2020-07-10 20:40:19 -Initializing Spring embedded WebApplicationContext
2020-07-10 20:40:19 -Root WebApplicationContext: initialization completed in 1735 ms
2020-07-10 20:40:19 -Servlet dispatcherServlet mapped to [/]
2020-07-10 20:40:19 -Mapping filter: 'characterEncodingFilter' to: [/*]
2020-07-10 20:40:19 -Mapping filter: 'hiddenHttpMethodFilter' to: [/*]
2020-07-10 20:40:19 -Mapping filter: 'httpPutFormContentFilter' to: [/*]
2020-07-10 20:40:19 -Mapping filter: 'requestContextFilter' to: [/*]
2020-07-10 20:40:20 -Exception encountered during context initialization - cancelling refresh attempt: org.springframework.beans.factory.BeanCreationException: Error creating bean with name 'userController': Injection of resource dependencies failed; nested exception is org.springframework.beans.factory.UnsatisfiedDependencyException: Error creating bean with name 'redisUtils': Unsatisfied dependency expressed through field 'redisTemplate'; nested exception is org.springframework.beans.factory.UnsatisfiedDependencyException: Error creating bean with name 'stringRedisTemplate' defined in class path resource [org/springframework/boot/autoconfigure/data/redis/RedisAutoConfiguration.class]: Unsatisfied dependency expressed through method 'stringRedisTemplate' parameter 0; nested exception is org.springframework.beans.factory.NoSuchBeanDefinitionException: No qualifying bean of type 'org.springframework.data.redis.connection.RedisConnectionFactory' available: expected at least 1 bean which qualifies as autowire candidate. Dependency annotations: {}
2020-07-10 20:40:20 -Stopping service [Tomcat]
2020-07-10 20:40:20 -

Error starting ApplicationContext. To display the conditions report re-run your application with 'debug' enabled.
2020-07-10 20:40:20 -

***************************
APPLICATION FAILED TO START
***************************

Description:

Parameter 0 of method stringRedisTemplate in org.springframework.boot.autoconfigure.data.redis.RedisAutoConfiguration required a bean of type 'org.springframework.data.redis.connection.RedisConnectionFactory' that could not be found.
	- Bean method 'redisConnectionFactory' not loaded because @ConditionalOnClass did not find required classes 'org.apache.commons.pool2.impl.GenericObjectPool', 'redis.clients.jedis.Jedis'
	- Bean method 'redisConnectionFactory' not loaded because @ConditionalOnClass did not find required class 'io.lettuce.core.RedisClient'


Action:

Consider revisiting the entries above or defining a bean of type 'org.springframework.data.redis.connection.RedisConnectionFactory' in your configuration.

2020-07-10 20:44:27 -Starting WebApplication on xuzhoudeMacBook-Pro.local with PID 29649 (/Users/xuzhou/IdeaProjects/tenement/tenement-api/target/classes started by xuzhou in /Users/xuzhou/IdeaProjects/tenement)
2020-07-10 20:44:27 -No active profile set, falling back to default profiles: default
2020-07-10 20:44:27 -Refreshing org.springframework.boot.web.servlet.context.AnnotationConfigServletWebServerApplicationContext@7b94089b: startup date [Fri Jul 10 20:44:27 CST 2020]; root of context hierarchy
2020-07-10 20:44:28 -Multiple Spring Data modules found, entering strict repository configuration mode!
2020-07-10 20:44:28 -No bean named 'integrationHeaderChannelRegistry' has been explicitly defined. Therefore, a default DefaultHeaderChannelRegistry will be created.
2020-07-10 20:44:28 -No bean named 'errorChannel' has been explicitly defined. Therefore, a default PublishSubscribeChannel will be created.
2020-07-10 20:44:28 -No bean named 'taskScheduler' has been explicitly defined. Therefore, a default ThreadPoolTaskScheduler will be created.
2020-07-10 20:44:28 -Bean 'org.springframework.transaction.annotation.ProxyTransactionManagementConfiguration' of type [org.springframework.transaction.annotation.ProxyTransactionManagementConfiguration$$EnhancerBySpringCGLIB$$880f38a9] is not eligible for getting processed by all BeanPostProcessors (for example: not eligible for auto-proxying)
2020-07-10 20:44:28 -Bean 'org.springframework.integration.config.IntegrationManagementConfiguration' of type [org.springframework.integration.config.IntegrationManagementConfiguration$$EnhancerBySpringCGLIB$$f300f3d8] is not eligible for getting processed by all BeanPostProcessors (for example: not eligible for auto-proxying)
2020-07-10 20:44:29 -Tomcat initialized with port(s): 8080 (http)
2020-07-10 20:44:29 -Initializing ProtocolHandler ["http-nio-8080"]
2020-07-10 20:44:29 -Starting service [Tomcat]
2020-07-10 20:44:29 -Starting Servlet Engine: Apache Tomcat/8.5.34
2020-07-10 20:44:29 -The APR based Apache Tomcat Native library which allows optimal performance in production environments was not found on the java.library.path: [/Users/xuzhou/Library/Java/Extensions:/Library/Java/Extensions:/Network/Library/Java/Extensions:/System/Library/Java/Extensions:/usr/lib/java:.]
2020-07-10 20:44:29 -Initializing Spring embedded WebApplicationContext
2020-07-10 20:44:29 -Root WebApplicationContext: initialization completed in 1723 ms
2020-07-10 20:44:29 -Servlet dispatcherServlet mapped to [/]
2020-07-10 20:44:29 -Mapping filter: 'characterEncodingFilter' to: [/*]
2020-07-10 20:44:29 -Mapping filter: 'hiddenHttpMethodFilter' to: [/*]
2020-07-10 20:44:29 -Mapping filter: 'httpPutFormContentFilter' to: [/*]
2020-07-10 20:44:29 -Mapping filter: 'requestContextFilter' to: [/*]
2020-07-10 20:44:30 -Mapped URL path [/**/favicon.ico] onto handler of type [class org.springframework.web.servlet.resource.ResourceHttpRequestHandler]
2020-07-10 20:44:30 -Looking for @ControllerAdvice: org.springframework.boot.web.servlet.context.AnnotationConfigServletWebServerApplicationContext@7b94089b: startup date [Fri Jul 10 20:44:27 CST 2020]; root of context hierarchy
2020-07-10 20:44:30 -Detected RequestBodyAdvice bean in agbweappControllerAdvice
2020-07-10 20:44:30 -Mapped "{[/house/broker/addBroker]}" onto public com.tenement.domain.common.Response<com.tenement.domain.dto.RespId> com.tenement.api.controller.BrokerController.addBroker(javax.servlet.http.HttpServletRequest,com.tenement.domain.dto.BrokerReq) throws com.tenement.domain.common.BusinessException
2020-07-10 20:44:30 -Mapped "{[/house/broker/listBroker]}" onto public com.tenement.domain.common.Response<com.github.pagehelper.PageInfo<com.tenement.domain.dto.BrokerResp>> com.tenement.api.controller.BrokerController.listBroker(javax.servlet.http.HttpServletRequest,com.tenement.domain.dto.BrokerExmple) throws com.tenement.domain.common.BusinessException
2020-07-10 20:44:30 -Mapped "{[/house/broker/getBroker]}" onto public com.tenement.domain.common.Response<com.tenement.domain.dto.BrokerResp> com.tenement.api.controller.BrokerController.getBroker(javax.servlet.http.HttpServletRequest,com.tenement.domain.dto.BrokerExmple) throws com.tenement.domain.common.BusinessException
2020-07-10 20:44:30 -Mapped "{[/house/broker/updateBroker]}" onto public com.tenement.domain.common.Response com.tenement.api.controller.BrokerController.updateBroker(javax.servlet.http.HttpServletRequest,com.tenement.domain.po.Broker) throws com.tenement.domain.common.BusinessException
2020-07-10 20:44:30 -Mapped "{[/house/broker/deleteBroker]}" onto public com.tenement.domain.common.Response com.tenement.api.controller.BrokerController.deleteBroker(javax.servlet.http.HttpServletRequest,com.tenement.domain.dto.BrokerExmple) throws com.tenement.domain.common.BusinessException
2020-07-10 20:44:30 -Mapped "{[/house/room/addRoomDetails]}" onto public com.tenement.domain.common.Response<com.tenement.domain.dto.RespId> com.tenement.api.controller.HouseRoomController.addRoom(javax.servlet.http.HttpServletRequest,com.tenement.domain.dto.RoomNewDetailsReq) throws com.tenement.domain.common.BusinessException
2020-07-10 20:44:30 -Mapped "{[/house/room/listRoom]}" onto public com.tenement.domain.common.Response<com.github.pagehelper.PageInfo<com.tenement.domain.dto.RoomNewDetailsResp>> com.tenement.api.controller.HouseRoomController.listRoom(javax.servlet.http.HttpServletRequest,com.tenement.domain.dto.ListRoomDetailsReq) throws com.tenement.domain.common.BusinessException
2020-07-10 20:44:30 -Mapped "{[/house/room/getRoomBasicsType]}" onto public com.tenement.domain.common.Response<com.tenement.domain.dto.RoomBasicsTypeResp> com.tenement.api.controller.HouseRoomController.getRoomBasicsType() throws com.tenement.domain.common.BusinessException
2020-07-10 20:44:30 -Mapped "{[/house/room/getRoomNewDetails]}" onto public com.tenement.domain.common.Response<com.tenement.domain.dto.RoomNewDetailsResp> com.tenement.api.controller.HouseRoomController.getRoomNewDetails(javax.servlet.http.HttpServletRequest,com.tenement.domain.dto.GetRoomDetailsReq) throws com.tenement.domain.common.BusinessException
2020-07-10 20:44:30 -Mapped "{[/house/room/deleteNewRoom]}" onto public com.tenement.domain.common.Response com.tenement.api.controller.HouseRoomController.deleteNewRoom(javax.servlet.http.HttpServletRequest,com.tenement.domain.dto.GetRoomDetailsReq) throws com.tenement.domain.common.BusinessException
2020-07-10 20:44:30 -Mapped "{[/house/room/updateRoomNewDetails]}" onto public com.tenement.domain.common.Response com.tenement.api.controller.HouseRoomController.updateRoomNewDetails(javax.servlet.http.HttpServletRequest,com.tenement.domain.dto.RoomNewDetailsReq) throws com.tenement.domain.common.BusinessException
2020-07-10 20:44:30 -Mapped "{[/house/room/listGrabbleRoom]}" onto public com.tenement.domain.common.Response<com.github.pagehelper.PageInfo<com.tenement.domain.dto.RoomNewDetailsResp>> com.tenement.api.controller.HouseRoomController.listGrabbleRoom(javax.servlet.http.HttpServletRequest,com.tenement.domain.dto.ListGrabbleRoomReq)
2020-07-10 20:44:30 -Mapped "{[/house/room/listRoomTenementType]}" onto public com.tenement.domain.common.Response<java.util.List<com.tenement.domain.po.RoomTenementType>> com.tenement.api.controller.HouseRoomController.listRoomTenementType(javax.servlet.http.HttpServletRequest,com.tenement.domain.dto.ListRoomTenementTypeReq) throws com.tenement.domain.common.BusinessException
2020-07-10 20:44:30 -Mapped "{[/house/room/lisDistrict]}" onto public com.tenement.domain.common.Response<java.util.List<com.tenement.domain.po.District>> com.tenement.api.controller.HouseRoomController.lisDistrict(javax.servlet.http.HttpServletRequest,com.tenement.domain.dto.LisDistrictReq) throws com.tenement.domain.common.BusinessException
2020-07-10 20:44:30 -Mapped "{[/house/room/uploadFile]}" onto public com.tenement.domain.common.Response<com.tenement.domain.dto.UploadFileResp> com.tenement.api.controller.HouseRoomController.uploadFile(javax.servlet.http.HttpServletRequest,org.springframework.web.multipart.MultipartFile[]) throws com.tenement.domain.common.BusinessException
2020-07-10 20:44:30 -Mapped "{[/house/room/index]}" onto public java.lang.String com.tenement.api.controller.HouseRoomController.index() throws java.lang.RuntimeException
2020-07-10 20:44:30 -Mapped "{[/house/twoRoom/addTwoRoomDetails]}" onto public com.tenement.domain.common.Response com.tenement.api.controller.HouseTwoRoomController.addTwoRoom(javax.servlet.http.HttpServletRequest,com.tenement.domain.dto.RoomTwoReq) throws com.tenement.domain.common.BusinessException
2020-07-10 20:44:30 -Mapped "{[/house/twoRoom/listTwoRoom]}" onto public com.tenement.domain.common.Response<com.github.pagehelper.PageInfo<com.tenement.domain.dto.RoomTwoResp>> com.tenement.api.controller.HouseTwoRoomController.listTwoRoom(com.tenement.domain.dto.RoomTwoReq)
2020-07-10 20:44:30 -Mapped "{[/house/twoRoom/getTwoRoom]}" onto public com.tenement.domain.common.Response<com.tenement.domain.dto.RoomTwoResp> com.tenement.api.controller.HouseTwoRoomController.getTwoRoom(com.tenement.domain.dto.RoomTwoReq)
2020-07-10 20:44:30 -Mapped "{[/house/twoRoom/updateTwoRoom]}" onto public com.tenement.domain.common.Response com.tenement.api.controller.HouseTwoRoomController.updateTwoRoom(com.tenement.domain.dto.RoomTwoReq)
2020-07-10 20:44:30 -Mapped "{[/house/twoRoom/deleteTwoRoom]}" onto public com.tenement.domain.common.Response com.tenement.api.controller.HouseTwoRoomController.deleteTwoRoom(com.tenement.domain.dto.RoomTwoReq)
2020-07-10 20:44:30 -Mapped "{[/house/user/addUser]}" onto public com.tenement.domain.common.Response com.tenement.api.controller.UserController.addUser(com.tenement.domain.dto.UserLogin) throws com.tenement.domain.common.BusinessException
2020-07-10 20:44:30 -Mapped "{[/house/user/login]}" onto public com.tenement.domain.common.Response com.tenement.api.controller.UserController.login(javax.servlet.http.HttpServletRequest,com.tenement.domain.dto.UserLogin) throws com.tenement.domain.common.BusinessException
2020-07-10 20:44:30 -Mapped "{[/house/user/listMenu]}" onto public com.tenement.domain.common.Response<java.util.List<com.tenement.domain.po.SysMenu>> com.tenement.api.controller.UserController.getMenu(javax.servlet.http.HttpServletRequest) throws com.tenement.domain.common.BusinessException
2020-07-10 20:44:30 -Mapped "{[/house/user/logins]}" onto public com.tenement.domain.common.Response com.tenement.api.controller.UserController.logins(javax.servlet.http.HttpServletRequest)
2020-07-10 20:44:30 -Mapped "{[/house/comments/addComments]}" onto public com.tenement.domain.common.Response com.tenement.api.controller.commentsConntroller.addComments(javax.servlet.http.HttpServletRequest,com.tenement.domain.dto.CommentsReq) throws com.tenement.domain.common.BusinessException
2020-07-10 20:44:30 -Mapped "{[/house/comments/answerComments]}" onto public com.tenement.domain.common.Response com.tenement.api.controller.commentsConntroller.answerComments(javax.servlet.http.HttpServletRequest,com.tenement.domain.dto.CommentsReq) throws com.tenement.domain.common.BusinessException
2020-07-10 20:44:30 -Mapped "{[/house/comments/updateComments]}" onto public com.tenement.domain.common.Response com.tenement.api.controller.commentsConntroller.updateComments(javax.servlet.http.HttpServletRequest,com.tenement.domain.dto.CommentsReq) throws com.tenement.domain.common.BusinessException
2020-07-10 20:44:30 -Mapped "{[/house/comments/listComments]}" onto public com.tenement.domain.common.Response<com.github.pagehelper.PageInfo<com.tenement.domain.dto.CommentsResp>> com.tenement.api.controller.commentsConntroller.listComments(javax.servlet.http.HttpServletRequest,com.tenement.domain.dto.CommentsReq) throws com.tenement.domain.common.BusinessException
2020-07-10 20:44:30 -Mapped "{[/error],produces=[text/html]}" onto public org.springframework.web.servlet.ModelAndView org.springframework.boot.autoconfigure.web.servlet.error.BasicErrorController.errorHtml(javax.servlet.http.HttpServletRequest,javax.servlet.http.HttpServletResponse)
2020-07-10 20:44:30 -Mapped "{[/error]}" onto public org.springframework.http.ResponseEntity<java.util.Map<java.lang.String, java.lang.Object>> org.springframework.boot.autoconfigure.web.servlet.error.BasicErrorController.error(javax.servlet.http.HttpServletRequest)
2020-07-10 20:44:31 -Mapped URL path [/webjars/**] onto handler of type [class org.springframework.web.servlet.resource.ResourceHttpRequestHandler]
2020-07-10 20:44:31 -Mapped URL path [/**] onto handler of type [class org.springframework.web.servlet.resource.ResourceHttpRequestHandler]
2020-07-10 20:44:31 -Detected @ExceptionHandler methods in agbweappControllerAdvice
2020-07-10 20:44:31 -Detected @ExceptionHandler methods in bussinessExceptionHandler
2020-07-10 20:44:31 -Adding welcome page template: index
2020-07-10 20:44:31 -Initializing ExecutorService  'taskScheduler'
2020-07-10 20:44:31 -Registering beans for JMX exposure on startup
2020-07-10 20:44:31 -Bean with name 'dataSource' has been autodetected for JMX exposure
2020-07-10 20:44:31 -Located MBean 'dataSource': registering with JMX server as MBean [com.zaxxer.hikari:name=dataSource,type=HikariDataSource]
2020-07-10 20:44:31 -Starting beans in phase 0
2020-07-10 20:44:31 -Adding {logging-channel-adapter:_org.springframework.integration.errorLogger} as a subscriber to the 'errorChannel' channel
2020-07-10 20:44:31 -Channel 'tenement.errorChannel' has 1 subscriber(s).
2020-07-10 20:44:31 -started _org.springframework.integration.errorLogger
2020-07-10 20:44:31 -Starting ProtocolHandler ["http-nio-8080"]
2020-07-10 20:44:31 -Using a shared selector for servlet write/read
2020-07-10 20:44:31 -Tomcat started on port(s): 8080 (http) with context path ''
2020-07-10 20:44:31 -Started WebApplication in 4.65 seconds (JVM running for 5.268)
2020-07-10 20:44:49 -Initializing Spring FrameworkServlet 'dispatcherServlet'
2020-07-10 20:44:49 -FrameworkServlet 'dispatcherServlet': initialization started
2020-07-10 20:44:49 -FrameworkServlet 'dispatcherServlet': initialization completed in 22 ms
2020-07-10 20:45:02 -Starting without optional epoll library
2020-07-10 20:45:02 -Starting without optional kqueue library
2020-07-10 20:46:49 -Closing org.springframework.boot.web.servlet.context.AnnotationConfigServletWebServerApplicationContext@7b94089b: startup date [Fri Jul 10 20:44:27 CST 2020]; root of context hierarchy
2020-07-10 20:46:49 -Stopping beans in phase 0
2020-07-10 20:46:49 -Removing {logging-channel-adapter:_org.springframework.integration.errorLogger} as a subscriber to the 'errorChannel' channel
2020-07-10 20:46:49 -Channel 'tenement.errorChannel' has 0 subscriber(s).
2020-07-10 20:46:49 -stopped _org.springframework.integration.errorLogger
2020-07-10 20:46:49 -Shutting down ExecutorService 'taskScheduler'
2020-07-10 20:46:49 -Unregistering JMX-exposed beans on shutdown
2020-07-10 20:46:49 -Unregistering JMX-exposed beans
