2020-03-20 15:09:53 -Loaded expression factory via original TCCL
2020-03-20 15:09:53 -Starting WebApplication on xuzhoudeMacBook-Pro.local with PID 36894 (/Users/xuzhou/IdeaProjects/tenement/tenement-api/target/classes started by xuzhou in /Users/xuzhou/IdeaProjects/tenement)
2020-03-20 15:09:53 -No active profile set, falling back to default profiles: default
2020-03-20 15:09:53 -Refreshing org.springframework.boot.web.servlet.context.AnnotationConfigServletWebServerApplicationContext@ee86bcb: startup date [Fri Mar 20 15:09:53 CST 2020]; root of context hierarchy
2020-03-20 15:09:55 -Tomcat initialized with port(s): 8080 (http)
2020-03-20 15:09:55 -Initializing ProtocolHandler ["http-nio-8080"]
2020-03-20 15:09:55 -Starting service [Tomcat]
2020-03-20 15:09:55 -Starting Servlet Engine: Apache Tomcat/8.5.34
2020-03-20 15:09:55 -The APR based Apache Tomcat Native library which allows optimal performance in production environments was not found on the java.library.path: [/Users/xuzhou/Library/Java/Extensions:/Library/Java/Extensions:/Network/Library/Java/Extensions:/System/Library/Java/Extensions:/usr/lib/java:.]
2020-03-20 15:09:55 -Initializing Spring embedded WebApplicationContext
2020-03-20 15:09:55 -Root WebApplicationContext: initialization completed in 1387 ms
2020-03-20 15:09:55 -Servlet dispatcherServlet mapped to [/]
2020-03-20 15:09:55 -Mapping filter: 'characterEncodingFilter' to: [/*]
2020-03-20 15:09:55 -Mapping filter: 'hiddenHttpMethodFilter' to: [/*]
2020-03-20 15:09:55 -Mapping filter: 'httpPutFormContentFilter' to: [/*]
2020-03-20 15:09:55 -Mapping filter: 'requestContextFilter' to: [/*]
2020-03-20 15:09:55 -Mapped URL path [/**/favicon.ico] onto handler of type [class org.springframework.web.servlet.resource.ResourceHttpRequestHandler]
2020-03-20 15:09:56 -Looking for @ControllerAdvice: org.springframework.boot.web.servlet.context.AnnotationConfigServletWebServerApplicationContext@ee86bcb: startup date [Fri Mar 20 15:09:53 CST 2020]; root of context hierarchy
2020-03-20 15:09:56 -Mapped "{[/house/broker/addBroker]}" onto public com.tenement.domain.common.Response com.tenement.api.controller.BrokerController.addBroker(com.tenement.domain.dto.BrokerReq)
2020-03-20 15:09:56 -Mapped "{[/house/broker/listBroker]}" onto public com.tenement.domain.common.Response<java.util.List<com.tenement.domain.po.Broker>> com.tenement.api.controller.BrokerController.listBroker(com.tenement.domain.dto.BrokerExmple)
2020-03-20 15:09:56 -Mapped "{[/house/room/index]}" onto public java.lang.String com.tenement.api.controller.RoomController.index() throws java.lang.RuntimeException
2020-03-20 15:09:56 -Mapped "{[/house/room/listRoom]}" onto public com.tenement.domain.common.Response<com.github.pagehelper.PageInfo<com.tenement.domain.dto.RoomNewDetailsResp>> com.tenement.api.controller.RoomController.listRoom(com.tenement.domain.dto.ListRoomDetailsReq) throws com.tenement.domain.common.BusinessException
2020-03-20 15:09:56 -Mapped "{[/house/room/addRoomDetails]}" onto public com.tenement.domain.common.Response com.tenement.api.controller.RoomController.addRoom(com.tenement.domain.dto.RoomNewDetailsReq,javax.servlet.http.HttpServletRequest) throws com.tenement.domain.common.BusinessException
2020-03-20 15:09:56 -Mapped "{[/house/room/getRoomBasicsType]}" onto public com.tenement.domain.common.Response<com.tenement.domain.dto.RoomBasicsTypeResp> com.tenement.api.controller.RoomController.getRoomBasicsType() throws com.tenement.domain.common.BusinessException
2020-03-20 15:09:56 -Mapped "{[/house/room/getRoomNewDetails]}" onto public com.tenement.domain.common.Response<com.tenement.domain.dto.RoomNewDetailsResp> com.tenement.api.controller.RoomController.getRoomNewDetails(com.tenement.domain.dto.GetRoomDetailsReq) throws com.tenement.domain.common.BusinessException
2020-03-20 15:09:56 -Mapped "{[/house/room/deleteNewRoom]}" onto public com.tenement.domain.common.Response com.tenement.api.controller.RoomController.deleteNewRoom(com.tenement.domain.dto.GetRoomDetailsReq) throws com.tenement.domain.common.BusinessException
2020-03-20 15:09:56 -Mapped "{[/house/room/updateRoomNewDetails]}" onto public com.tenement.domain.common.Response com.tenement.api.controller.RoomController.updateRoomNewDetails(com.tenement.domain.dto.RoomNewDetailsReq) throws com.tenement.domain.common.BusinessException
2020-03-20 15:09:56 -Mapped "{[/house/room/listGrabbleRoom]}" onto public com.tenement.domain.common.Response<com.github.pagehelper.PageInfo<com.tenement.domain.vo.RoomDetailsInfo>> com.tenement.api.controller.RoomController.listGrabbleRoom(com.tenement.domain.dto.ListGrabbleRoomReq)
2020-03-20 15:09:56 -Mapped "{[/house/room/listRoomTenementType]}" onto public com.tenement.domain.common.Response<java.util.List<com.tenement.domain.po.RoomTenementType>> com.tenement.api.controller.RoomController.listRoomTenementType(com.tenement.domain.dto.ListRoomTenementTypeReq) throws com.tenement.domain.common.BusinessException
2020-03-20 15:09:56 -Mapped "{[/house/room/lisDistrict]}" onto public com.tenement.domain.common.Response<java.util.List<com.tenement.domain.po.District>> com.tenement.api.controller.RoomController.lisDistrict(com.tenement.domain.dto.LisDistrictReq) throws com.tenement.domain.common.BusinessException
2020-03-20 15:09:56 -Mapped "{[/house/room/uploadFile]}" onto public com.tenement.domain.common.Response<com.tenement.domain.dto.UploadFileResp> com.tenement.api.controller.RoomController.uploadFile(org.springframework.web.multipart.MultipartFile[]) throws com.tenement.domain.common.BusinessException
2020-03-20 15:09:56 -Mapped "{[/house/user/logins]}" onto public com.tenement.domain.common.Response com.tenement.api.controller.UserController.logins(javax.servlet.http.HttpServletRequest)
2020-03-20 15:09:56 -Mapped "{[/house/user/login]}" onto public com.tenement.domain.common.Response com.tenement.api.controller.UserController.login(com.tenement.domain.dto.UserLogin,javax.servlet.http.HttpServletRequest) throws com.tenement.domain.common.BusinessException
2020-03-20 15:09:56 -Mapped "{[/house/user/listMenu]}" onto public com.tenement.domain.common.Response<java.util.List<com.tenement.domain.po.SysMenu>> com.tenement.api.controller.UserController.getMenu(javax.servlet.http.HttpServletRequest) throws com.tenement.domain.common.BusinessException
2020-03-20 15:09:56 -Mapped "{[/house/user/addUser]}" onto public com.tenement.domain.common.Response com.tenement.api.controller.UserController.addUser(com.tenement.domain.dto.UserLogin) throws com.tenement.domain.common.BusinessException
2020-03-20 15:09:56 -Mapped "{[/error]}" onto public org.springframework.http.ResponseEntity<java.util.Map<java.lang.String, java.lang.Object>> org.springframework.boot.autoconfigure.web.servlet.error.BasicErrorController.error(javax.servlet.http.HttpServletRequest)
2020-03-20 15:09:56 -Mapped "{[/error],produces=[text/html]}" onto public org.springframework.web.servlet.ModelAndView org.springframework.boot.autoconfigure.web.servlet.error.BasicErrorController.errorHtml(javax.servlet.http.HttpServletRequest,javax.servlet.http.HttpServletResponse)
2020-03-20 15:09:56 -Mapped URL path [/webjars/**] onto handler of type [class org.springframework.web.servlet.resource.ResourceHttpRequestHandler]
2020-03-20 15:09:56 -Mapped URL path [/**] onto handler of type [class org.springframework.web.servlet.resource.ResourceHttpRequestHandler]
2020-03-20 15:09:56 -Detected @ExceptionHandler methods in bussinessExceptionHandler
2020-03-20 15:09:56 -Adding welcome page template: index
2020-03-20 15:09:56 -Registering beans for JMX exposure on startup
2020-03-20 15:09:56 -Bean with name 'dataSource' has been autodetected for JMX exposure
2020-03-20 15:09:56 -Located MBean 'dataSource': registering with JMX server as MBean [com.zaxxer.hikari:name=dataSource,type=HikariDataSource]
2020-03-20 15:09:56 -Starting ProtocolHandler ["http-nio-8080"]
2020-03-20 15:09:56 -Using a shared selector for servlet write/read
2020-03-20 15:09:56 -Tomcat started on port(s): 8080 (http) with context path ''
2020-03-20 15:09:56 -Started WebApplication in 3.399 seconds (JVM running for 4.032)
2020-03-20 15:10:09 -Closing org.springframework.boot.web.servlet.context.AnnotationConfigServletWebServerApplicationContext@ee86bcb: startup date [Fri Mar 20 15:09:53 CST 2020]; root of context hierarchy
2020-03-20 15:10:09 -Unregistering JMX-exposed beans on shutdown
2020-03-20 15:10:09 -Unregistering JMX-exposed beans
