2020-05-13 18:32:59 -Starting WebApplication on xuzhoudeMacBook-Pro.local with PID 80138 (/Users/xuzhou/IdeaProjects/tenement/tenement-api/target/classes started by xuzhou in /Users/xuzhou/IdeaProjects/tenement)
2020-05-13 18:32:59 -No active profile set, falling back to default profiles: default
2020-05-13 18:32:59 -Refreshing org.springframework.boot.web.servlet.context.AnnotationConfigServletWebServerApplicationContext@5460cf3a: startup date [Wed May 13 18:32:59 CST 2020]; root of context hierarchy
2020-05-13 18:33:00 -Tomcat initialized with port(s): 8080 (http)
2020-05-13 18:33:00 -Initializing ProtocolHandler ["http-nio-8080"]
2020-05-13 18:33:00 -Starting service [Tomcat]
2020-05-13 18:33:00 -Starting Servlet Engine: Apache Tomcat/8.5.34
2020-05-13 18:33:00 -The APR based Apache Tomcat Native library which allows optimal performance in production environments was not found on the java.library.path: [/Users/xuzhou/Library/Java/Extensions:/Library/Java/Extensions:/Network/Library/Java/Extensions:/System/Library/Java/Extensions:/usr/lib/java:.]
2020-05-13 18:33:01 -Initializing Spring embedded WebApplicationContext
2020-05-13 18:33:01 -Root WebApplicationContext: initialization completed in 1606 ms
2020-05-13 18:33:01 -Servlet dispatcherServlet mapped to [/]
2020-05-13 18:33:01 -Mapping filter: 'characterEncodingFilter' to: [/*]
2020-05-13 18:33:01 -Mapping filter: 'hiddenHttpMethodFilter' to: [/*]
2020-05-13 18:33:01 -Mapping filter: 'httpPutFormContentFilter' to: [/*]
2020-05-13 18:33:01 -Mapping filter: 'requestContextFilter' to: [/*]
2020-05-13 18:33:01 -Mapped URL path [/**/favicon.ico] onto handler of type [class org.springframework.web.servlet.resource.ResourceHttpRequestHandler]
2020-05-13 18:33:01 -Looking for @ControllerAdvice: org.springframework.boot.web.servlet.context.AnnotationConfigServletWebServerApplicationContext@5460cf3a: startup date [Wed May 13 18:32:59 CST 2020]; root of context hierarchy
2020-05-13 18:33:02 -Detected RequestBodyAdvice bean in agbweappControllerAdvice
2020-05-13 18:33:02 -Mapped "{[/house/broker/addBroker]}" onto public com.tenement.domain.common.Response<com.tenement.domain.dto.RespId> com.tenement.api.controller.BrokerController.addBroker(javax.servlet.http.HttpServletRequest,com.tenement.domain.dto.BrokerReq) throws com.tenement.domain.common.BusinessException
2020-05-13 18:33:02 -Mapped "{[/house/broker/listBroker]}" onto public com.tenement.domain.common.Response<com.github.pagehelper.PageInfo<com.tenement.domain.dto.BrokerResp>> com.tenement.api.controller.BrokerController.listBroker(javax.servlet.http.HttpServletRequest,com.tenement.domain.dto.BrokerExmple) throws com.tenement.domain.common.BusinessException
2020-05-13 18:33:02 -Mapped "{[/house/broker/getBroker]}" onto public com.tenement.domain.common.Response<com.tenement.domain.dto.BrokerResp> com.tenement.api.controller.BrokerController.getBroker(javax.servlet.http.HttpServletRequest,com.tenement.domain.dto.BrokerExmple) throws com.tenement.domain.common.BusinessException
2020-05-13 18:33:02 -Mapped "{[/house/broker/updateBroker]}" onto public com.tenement.domain.common.Response com.tenement.api.controller.BrokerController.updateBroker(javax.servlet.http.HttpServletRequest,com.tenement.domain.po.Broker) throws com.tenement.domain.common.BusinessException
2020-05-13 18:33:02 -Mapped "{[/house/broker/deleteBroker]}" onto public com.tenement.domain.common.Response com.tenement.api.controller.BrokerController.deleteBroker(javax.servlet.http.HttpServletRequest,com.tenement.domain.dto.BrokerExmple) throws com.tenement.domain.common.BusinessException
2020-05-13 18:33:02 -Mapped "{[/house/room/index]}" onto public java.lang.String com.tenement.api.controller.HouseRoomController.index() throws java.lang.RuntimeException
2020-05-13 18:33:02 -Mapped "{[/house/room/listRoom]}" onto public com.tenement.domain.common.Response<com.github.pagehelper.PageInfo<com.tenement.domain.dto.RoomNewDetailsResp>> com.tenement.api.controller.HouseRoomController.listRoom(javax.servlet.http.HttpServletRequest,com.tenement.domain.dto.ListRoomDetailsReq) throws com.tenement.domain.common.BusinessException
2020-05-13 18:33:02 -Mapped "{[/house/room/addRoomDetails]}" onto public com.tenement.domain.common.Response<com.tenement.domain.dto.RespId> com.tenement.api.controller.HouseRoomController.addRoom(javax.servlet.http.HttpServletRequest,com.tenement.domain.dto.RoomNewDetailsReq) throws com.tenement.domain.common.BusinessException
2020-05-13 18:33:02 -Mapped "{[/house/room/getRoomBasicsType]}" onto public com.tenement.domain.common.Response<com.tenement.domain.dto.RoomBasicsTypeResp> com.tenement.api.controller.HouseRoomController.getRoomBasicsType() throws com.tenement.domain.common.BusinessException
2020-05-13 18:33:02 -Mapped "{[/house/room/getRoomNewDetails]}" onto public com.tenement.domain.common.Response<com.tenement.domain.dto.RoomNewDetailsResp> com.tenement.api.controller.HouseRoomController.getRoomNewDetails(javax.servlet.http.HttpServletRequest,com.tenement.domain.dto.GetRoomDetailsReq) throws com.tenement.domain.common.BusinessException
2020-05-13 18:33:02 -Mapped "{[/house/room/deleteNewRoom]}" onto public com.tenement.domain.common.Response com.tenement.api.controller.HouseRoomController.deleteNewRoom(javax.servlet.http.HttpServletRequest,com.tenement.domain.dto.GetRoomDetailsReq) throws com.tenement.domain.common.BusinessException
2020-05-13 18:33:02 -Mapped "{[/house/room/updateRoomNewDetails]}" onto public com.tenement.domain.common.Response com.tenement.api.controller.HouseRoomController.updateRoomNewDetails(javax.servlet.http.HttpServletRequest,com.tenement.domain.dto.RoomNewDetailsReq) throws com.tenement.domain.common.BusinessException
2020-05-13 18:33:02 -Mapped "{[/house/room/listGrabbleRoom]}" onto public com.tenement.domain.common.Response<com.github.pagehelper.PageInfo<com.tenement.domain.dto.RoomNewDetailsResp>> com.tenement.api.controller.HouseRoomController.listGrabbleRoom(javax.servlet.http.HttpServletRequest,com.tenement.domain.dto.ListGrabbleRoomReq)
2020-05-13 18:33:02 -Mapped "{[/house/room/listRoomTenementType]}" onto public com.tenement.domain.common.Response<java.util.List<com.tenement.domain.po.RoomTenementType>> com.tenement.api.controller.HouseRoomController.listRoomTenementType(javax.servlet.http.HttpServletRequest,com.tenement.domain.dto.ListRoomTenementTypeReq) throws com.tenement.domain.common.BusinessException
2020-05-13 18:33:02 -Mapped "{[/house/room/lisDistrict]}" onto public com.tenement.domain.common.Response<java.util.List<com.tenement.domain.po.District>> com.tenement.api.controller.HouseRoomController.lisDistrict(javax.servlet.http.HttpServletRequest,com.tenement.domain.dto.LisDistrictReq) throws com.tenement.domain.common.BusinessException
2020-05-13 18:33:02 -Mapped "{[/house/room/uploadFile]}" onto public com.tenement.domain.common.Response<com.tenement.domain.dto.UploadFileResp> com.tenement.api.controller.HouseRoomController.uploadFile(javax.servlet.http.HttpServletRequest,org.springframework.web.multipart.MultipartFile[]) throws com.tenement.domain.common.BusinessException
2020-05-13 18:33:02 -Mapped "{[/house/user/addUser]}" onto public com.tenement.domain.common.Response com.tenement.api.controller.UserController.addUser(com.tenement.domain.dto.UserLogin) throws com.tenement.domain.common.BusinessException
2020-05-13 18:33:02 -Mapped "{[/house/user/login]}" onto public com.tenement.domain.common.Response com.tenement.api.controller.UserController.login(javax.servlet.http.HttpServletRequest,com.tenement.domain.dto.UserLogin) throws com.tenement.domain.common.BusinessException
2020-05-13 18:33:02 -Mapped "{[/house/user/logins]}" onto public com.tenement.domain.common.Response com.tenement.api.controller.UserController.logins(javax.servlet.http.HttpServletRequest)
2020-05-13 18:33:02 -Mapped "{[/house/user/listMenu]}" onto public com.tenement.domain.common.Response<java.util.List<com.tenement.domain.po.SysMenu>> com.tenement.api.controller.UserController.getMenu(javax.servlet.http.HttpServletRequest) throws com.tenement.domain.common.BusinessException
2020-05-13 18:33:02 -Mapped "{[/house/comments/addComments]}" onto public com.tenement.domain.common.Response com.tenement.api.controller.commentsConntroller.addComments(javax.servlet.http.HttpServletRequest,com.tenement.domain.dto.CommentsReq) throws com.tenement.domain.common.BusinessException
2020-05-13 18:33:02 -Mapped "{[/house/comments/answerComments]}" onto public com.tenement.domain.common.Response com.tenement.api.controller.commentsConntroller.answerComments(javax.servlet.http.HttpServletRequest,com.tenement.domain.dto.CommentsReq) throws com.tenement.domain.common.BusinessException
2020-05-13 18:33:02 -Mapped "{[/house/comments/updateComments]}" onto public com.tenement.domain.common.Response com.tenement.api.controller.commentsConntroller.updateComments(javax.servlet.http.HttpServletRequest,com.tenement.domain.dto.CommentsReq) throws com.tenement.domain.common.BusinessException
2020-05-13 18:33:02 -Mapped "{[/house/comments/listComments]}" onto public com.tenement.domain.common.Response<com.github.pagehelper.PageInfo<com.tenement.domain.dto.CommentsResp>> com.tenement.api.controller.commentsConntroller.listComments(javax.servlet.http.HttpServletRequest,com.tenement.domain.dto.CommentsReq) throws com.tenement.domain.common.BusinessException
2020-05-13 18:33:02 -Mapped "{[/error]}" onto public org.springframework.http.ResponseEntity<java.util.Map<java.lang.String, java.lang.Object>> org.springframework.boot.autoconfigure.web.servlet.error.BasicErrorController.error(javax.servlet.http.HttpServletRequest)
2020-05-13 18:33:02 -Mapped "{[/error],produces=[text/html]}" onto public org.springframework.web.servlet.ModelAndView org.springframework.boot.autoconfigure.web.servlet.error.BasicErrorController.errorHtml(javax.servlet.http.HttpServletRequest,javax.servlet.http.HttpServletResponse)
2020-05-13 18:33:02 -Mapped URL path [/webjars/**] onto handler of type [class org.springframework.web.servlet.resource.ResourceHttpRequestHandler]
2020-05-13 18:33:02 -Mapped URL path [/**] onto handler of type [class org.springframework.web.servlet.resource.ResourceHttpRequestHandler]
2020-05-13 18:33:02 -Detected @ExceptionHandler methods in agbweappControllerAdvice
2020-05-13 18:33:02 -Detected @ExceptionHandler methods in bussinessExceptionHandler
2020-05-13 18:33:02 -Adding welcome page template: index
2020-05-13 18:33:02 -Registering beans for JMX exposure on startup
2020-05-13 18:33:02 -Bean with name 'dataSource' has been autodetected for JMX exposure
2020-05-13 18:33:02 -Located MBean 'dataSource': registering with JMX server as MBean [com.zaxxer.hikari:name=dataSource,type=HikariDataSource]
2020-05-13 18:33:02 -Starting ProtocolHandler ["http-nio-8080"]
2020-05-13 18:33:02 -Using a shared selector for servlet write/read
2020-05-13 18:33:02 -Tomcat started on port(s): 8080 (http) with context path ''
2020-05-13 18:33:02 -Started WebApplication in 3.854 seconds (JVM running for 4.928)
2020-05-13 18:33:14 -Closing org.springframework.boot.web.servlet.context.AnnotationConfigServletWebServerApplicationContext@5460cf3a: startup date [Wed May 13 18:32:59 CST 2020]; root of context hierarchy
2020-05-13 18:33:14 -Unregistering JMX-exposed beans on shutdown
2020-05-13 18:33:14 -Unregistering JMX-exposed beans
2020-05-13 18:39:49 -Loaded expression factory via original TCCL
2020-05-13 18:39:49 -Starting WebApplication on xuzhoudeMacBook-Pro.local with PID 80194 (/Users/xuzhou/IdeaProjects/tenement/tenement-api/target/classes started by xuzhou in /Users/xuzhou/IdeaProjects/tenement)
2020-05-13 18:39:49 -No active profile set, falling back to default profiles: default
2020-05-13 18:39:49 -Refreshing org.springframework.boot.web.servlet.context.AnnotationConfigServletWebServerApplicationContext@2631f68c: startup date [Wed May 13 18:39:49 CST 2020]; root of context hierarchy
2020-05-13 18:39:50 -Tomcat initialized with port(s): 8080 (http)
2020-05-13 18:39:50 -Initializing ProtocolHandler ["http-nio-8080"]
2020-05-13 18:39:50 -Starting service [Tomcat]
2020-05-13 18:39:50 -Starting Servlet Engine: Apache Tomcat/8.5.34
2020-05-13 18:39:50 -The APR based Apache Tomcat Native library which allows optimal performance in production environments was not found on the java.library.path: [/Users/xuzhou/Library/Java/Extensions:/Library/Java/Extensions:/Network/Library/Java/Extensions:/System/Library/Java/Extensions:/usr/lib/java:.]
2020-05-13 18:39:50 -Initializing Spring embedded WebApplicationContext
2020-05-13 18:39:50 -Root WebApplicationContext: initialization completed in 1311 ms
2020-05-13 18:39:50 -Servlet dispatcherServlet mapped to [/]
2020-05-13 18:39:50 -Mapping filter: 'characterEncodingFilter' to: [/*]
2020-05-13 18:39:50 -Mapping filter: 'hiddenHttpMethodFilter' to: [/*]
2020-05-13 18:39:50 -Mapping filter: 'httpPutFormContentFilter' to: [/*]
2020-05-13 18:39:50 -Mapping filter: 'requestContextFilter' to: [/*]
2020-05-13 18:39:51 -Mapped URL path [/**/favicon.ico] onto handler of type [class org.springframework.web.servlet.resource.ResourceHttpRequestHandler]
2020-05-13 18:39:51 -Looking for @ControllerAdvice: org.springframework.boot.web.servlet.context.AnnotationConfigServletWebServerApplicationContext@2631f68c: startup date [Wed May 13 18:39:49 CST 2020]; root of context hierarchy
2020-05-13 18:39:51 -Detected RequestBodyAdvice bean in agbweappControllerAdvice
2020-05-13 18:39:51 -Mapped "{[/house/broker/addBroker]}" onto public com.tenement.domain.common.Response<com.tenement.domain.dto.RespId> com.tenement.api.controller.BrokerController.addBroker(javax.servlet.http.HttpServletRequest,com.tenement.domain.dto.BrokerReq) throws com.tenement.domain.common.BusinessException
2020-05-13 18:39:51 -Mapped "{[/house/broker/listBroker]}" onto public com.tenement.domain.common.Response<com.github.pagehelper.PageInfo<com.tenement.domain.dto.BrokerResp>> com.tenement.api.controller.BrokerController.listBroker(javax.servlet.http.HttpServletRequest,com.tenement.domain.dto.BrokerExmple) throws com.tenement.domain.common.BusinessException
2020-05-13 18:39:51 -Mapped "{[/house/broker/getBroker]}" onto public com.tenement.domain.common.Response<com.tenement.domain.dto.BrokerResp> com.tenement.api.controller.BrokerController.getBroker(javax.servlet.http.HttpServletRequest,com.tenement.domain.dto.BrokerExmple) throws com.tenement.domain.common.BusinessException
2020-05-13 18:39:51 -Mapped "{[/house/broker/updateBroker]}" onto public com.tenement.domain.common.Response com.tenement.api.controller.BrokerController.updateBroker(javax.servlet.http.HttpServletRequest,com.tenement.domain.po.Broker) throws com.tenement.domain.common.BusinessException
2020-05-13 18:39:51 -Mapped "{[/house/broker/deleteBroker]}" onto public com.tenement.domain.common.Response com.tenement.api.controller.BrokerController.deleteBroker(javax.servlet.http.HttpServletRequest,com.tenement.domain.dto.BrokerExmple) throws com.tenement.domain.common.BusinessException
2020-05-13 18:39:51 -Mapped "{[/house/room/index]}" onto public java.lang.String com.tenement.api.controller.HouseRoomController.index() throws java.lang.RuntimeException
2020-05-13 18:39:51 -Mapped "{[/house/room/listRoom]}" onto public com.tenement.domain.common.Response<com.github.pagehelper.PageInfo<com.tenement.domain.dto.RoomNewDetailsResp>> com.tenement.api.controller.HouseRoomController.listRoom(javax.servlet.http.HttpServletRequest,com.tenement.domain.dto.ListRoomDetailsReq) throws com.tenement.domain.common.BusinessException
2020-05-13 18:39:51 -Mapped "{[/house/room/addRoomDetails]}" onto public com.tenement.domain.common.Response<com.tenement.domain.dto.RespId> com.tenement.api.controller.HouseRoomController.addRoom(javax.servlet.http.HttpServletRequest,com.tenement.domain.dto.RoomNewDetailsReq) throws com.tenement.domain.common.BusinessException
2020-05-13 18:39:51 -Mapped "{[/house/room/getRoomBasicsType]}" onto public com.tenement.domain.common.Response<com.tenement.domain.dto.RoomBasicsTypeResp> com.tenement.api.controller.HouseRoomController.getRoomBasicsType() throws com.tenement.domain.common.BusinessException
2020-05-13 18:39:51 -Mapped "{[/house/room/getRoomNewDetails]}" onto public com.tenement.domain.common.Response<com.tenement.domain.dto.RoomNewDetailsResp> com.tenement.api.controller.HouseRoomController.getRoomNewDetails(javax.servlet.http.HttpServletRequest,com.tenement.domain.dto.GetRoomDetailsReq) throws com.tenement.domain.common.BusinessException
2020-05-13 18:39:51 -Mapped "{[/house/room/deleteNewRoom]}" onto public com.tenement.domain.common.Response com.tenement.api.controller.HouseRoomController.deleteNewRoom(javax.servlet.http.HttpServletRequest,com.tenement.domain.dto.GetRoomDetailsReq) throws com.tenement.domain.common.BusinessException
2020-05-13 18:39:51 -Mapped "{[/house/room/updateRoomNewDetails]}" onto public com.tenement.domain.common.Response com.tenement.api.controller.HouseRoomController.updateRoomNewDetails(javax.servlet.http.HttpServletRequest,com.tenement.domain.dto.RoomNewDetailsReq) throws com.tenement.domain.common.BusinessException
2020-05-13 18:39:51 -Mapped "{[/house/room/listGrabbleRoom]}" onto public com.tenement.domain.common.Response<com.github.pagehelper.PageInfo<com.tenement.domain.dto.RoomNewDetailsResp>> com.tenement.api.controller.HouseRoomController.listGrabbleRoom(javax.servlet.http.HttpServletRequest,com.tenement.domain.dto.ListGrabbleRoomReq)
2020-05-13 18:39:51 -Mapped "{[/house/room/listRoomTenementType]}" onto public com.tenement.domain.common.Response<java.util.List<com.tenement.domain.po.RoomTenementType>> com.tenement.api.controller.HouseRoomController.listRoomTenementType(javax.servlet.http.HttpServletRequest,com.tenement.domain.dto.ListRoomTenementTypeReq) throws com.tenement.domain.common.BusinessException
2020-05-13 18:39:51 -Mapped "{[/house/room/lisDistrict]}" onto public com.tenement.domain.common.Response<java.util.List<com.tenement.domain.po.District>> com.tenement.api.controller.HouseRoomController.lisDistrict(javax.servlet.http.HttpServletRequest,com.tenement.domain.dto.LisDistrictReq) throws com.tenement.domain.common.BusinessException
2020-05-13 18:39:51 -Mapped "{[/house/room/uploadFile]}" onto public com.tenement.domain.common.Response<com.tenement.domain.dto.UploadFileResp> com.tenement.api.controller.HouseRoomController.uploadFile(javax.servlet.http.HttpServletRequest,org.springframework.web.multipart.MultipartFile[]) throws com.tenement.domain.common.BusinessException
2020-05-13 18:39:51 -Mapped "{[/house/user/addUser]}" onto public com.tenement.domain.common.Response com.tenement.api.controller.UserController.addUser(com.tenement.domain.dto.UserLogin) throws com.tenement.domain.common.BusinessException
2020-05-13 18:39:51 -Mapped "{[/house/user/logins]}" onto public com.tenement.domain.common.Response com.tenement.api.controller.UserController.logins(javax.servlet.http.HttpServletRequest)
2020-05-13 18:39:51 -Mapped "{[/house/user/login]}" onto public com.tenement.domain.common.Response com.tenement.api.controller.UserController.login(javax.servlet.http.HttpServletRequest,com.tenement.domain.dto.UserLogin) throws com.tenement.domain.common.BusinessException
2020-05-13 18:39:51 -Mapped "{[/house/user/listMenu]}" onto public com.tenement.domain.common.Response<java.util.List<com.tenement.domain.po.SysMenu>> com.tenement.api.controller.UserController.getMenu(javax.servlet.http.HttpServletRequest) throws com.tenement.domain.common.BusinessException
2020-05-13 18:39:51 -Mapped "{[/house/comments/addComments]}" onto public com.tenement.domain.common.Response com.tenement.api.controller.commentsConntroller.addComments(javax.servlet.http.HttpServletRequest,com.tenement.domain.dto.CommentsReq) throws com.tenement.domain.common.BusinessException
2020-05-13 18:39:51 -Mapped "{[/house/comments/answerComments]}" onto public com.tenement.domain.common.Response com.tenement.api.controller.commentsConntroller.answerComments(javax.servlet.http.HttpServletRequest,com.tenement.domain.dto.CommentsReq) throws com.tenement.domain.common.BusinessException
2020-05-13 18:39:51 -Mapped "{[/house/comments/updateComments]}" onto public com.tenement.domain.common.Response com.tenement.api.controller.commentsConntroller.updateComments(javax.servlet.http.HttpServletRequest,com.tenement.domain.dto.CommentsReq) throws com.tenement.domain.common.BusinessException
2020-05-13 18:39:51 -Mapped "{[/house/comments/listComments]}" onto public com.tenement.domain.common.Response<com.github.pagehelper.PageInfo<com.tenement.domain.dto.CommentsResp>> com.tenement.api.controller.commentsConntroller.listComments(javax.servlet.http.HttpServletRequest,com.tenement.domain.dto.CommentsReq) throws com.tenement.domain.common.BusinessException
2020-05-13 18:39:51 -Mapped "{[/error]}" onto public org.springframework.http.ResponseEntity<java.util.Map<java.lang.String, java.lang.Object>> org.springframework.boot.autoconfigure.web.servlet.error.BasicErrorController.error(javax.servlet.http.HttpServletRequest)
2020-05-13 18:39:51 -Mapped "{[/error],produces=[text/html]}" onto public org.springframework.web.servlet.ModelAndView org.springframework.boot.autoconfigure.web.servlet.error.BasicErrorController.errorHtml(javax.servlet.http.HttpServletRequest,javax.servlet.http.HttpServletResponse)
2020-05-13 18:39:51 -Mapped URL path [/webjars/**] onto handler of type [class org.springframework.web.servlet.resource.ResourceHttpRequestHandler]
2020-05-13 18:39:51 -Mapped URL path [/**] onto handler of type [class org.springframework.web.servlet.resource.ResourceHttpRequestHandler]
2020-05-13 18:39:51 -Detected @ExceptionHandler methods in agbweappControllerAdvice
2020-05-13 18:39:51 -Detected @ExceptionHandler methods in bussinessExceptionHandler
2020-05-13 18:39:51 -Adding welcome page template: index
2020-05-13 18:39:52 -Registering beans for JMX exposure on startup
2020-05-13 18:39:52 -Bean with name 'dataSource' has been autodetected for JMX exposure
2020-05-13 18:39:52 -Located MBean 'dataSource': registering with JMX server as MBean [com.zaxxer.hikari:name=dataSource,type=HikariDataSource]
2020-05-13 18:39:52 -Starting ProtocolHandler ["http-nio-8080"]
2020-05-13 18:39:52 -Using a shared selector for servlet write/read
2020-05-13 18:39:52 -Tomcat started on port(s): 8080 (http) with context path ''
2020-05-13 18:39:52 -Started WebApplication in 3.14 seconds (JVM running for 3.642)
2020-05-13 18:40:11 -Initializing Spring FrameworkServlet 'dispatcherServlet'
2020-05-13 18:40:11 -FrameworkServlet 'dispatcherServlet': initialization started
2020-05-13 18:40:11 -FrameworkServlet 'dispatcherServlet': initialization completed in 19 ms
2020-05-13 18:40:14 -HikariPool-1 - Starting...
2020-05-13 18:40:15 -HikariPool-1 - Start completed.
2020-05-13 18:40:15 -==>  Preparing: select A.id, A.password, A.phone, A.true_name as trueName, A.user_name as userName, A.create_time as createTime, B.role_id as roleId from sys_user A inner join sys_user_role B on A.id=B.user_id where user_name = ? 
2020-05-13 18:40:15 -==> Parameters: admin(String)
2020-05-13 18:40:15 -<==      Total: 1
2020-05-13 18:40:21 -==>  Preparing: select A.id, A.password, A.phone, A.true_name as trueName, A.user_name as userName, A.create_time as createTime, B.role_id as roleId from sys_user A inner join sys_user_role B on A.id=B.user_id where user_name = ? 
2020-05-13 18:40:21 -==> Parameters: admin(String)
2020-05-13 18:40:21 -<==      Total: 1
2020-05-13 18:42:07 -Closing org.springframework.boot.web.servlet.context.AnnotationConfigServletWebServerApplicationContext@2631f68c: startup date [Wed May 13 18:39:49 CST 2020]; root of context hierarchy
2020-05-13 18:42:07 -Unregistering JMX-exposed beans on shutdown
2020-05-13 18:42:07 -Unregistering JMX-exposed beans
2020-05-13 18:42:07 -HikariPool-1 - Shutdown initiated...
2020-05-13 18:42:07 -HikariPool-1 - Shutdown completed.
2020-05-13 18:42:12 -Loaded expression factory via original TCCL
2020-05-13 18:42:12 -Starting WebApplication on xuzhoudeMacBook-Pro.local with PID 80210 (/Users/xuzhou/IdeaProjects/tenement/tenement-api/target/classes started by xuzhou in /Users/xuzhou/IdeaProjects/tenement)
2020-05-13 18:42:12 -No active profile set, falling back to default profiles: default
2020-05-13 18:42:12 -Refreshing org.springframework.boot.web.servlet.context.AnnotationConfigServletWebServerApplicationContext@12d2ce03: startup date [Wed May 13 18:42:12 CST 2020]; root of context hierarchy
2020-05-13 18:42:13 -Tomcat initialized with port(s): 8080 (http)
2020-05-13 18:42:13 -Initializing ProtocolHandler ["http-nio-8080"]
2020-05-13 18:42:13 -Starting service [Tomcat]
2020-05-13 18:42:13 -Starting Servlet Engine: Apache Tomcat/8.5.34
2020-05-13 18:42:13 -The APR based Apache Tomcat Native library which allows optimal performance in production environments was not found on the java.library.path: [/Users/xuzhou/Library/Java/Extensions:/Library/Java/Extensions:/Network/Library/Java/Extensions:/System/Library/Java/Extensions:/usr/lib/java:.]
2020-05-13 18:42:13 -Initializing Spring embedded WebApplicationContext
2020-05-13 18:42:13 -Root WebApplicationContext: initialization completed in 1355 ms
2020-05-13 18:42:13 -Servlet dispatcherServlet mapped to [/]
2020-05-13 18:42:13 -Mapping filter: 'characterEncodingFilter' to: [/*]
2020-05-13 18:42:13 -Mapping filter: 'hiddenHttpMethodFilter' to: [/*]
2020-05-13 18:42:13 -Mapping filter: 'httpPutFormContentFilter' to: [/*]
2020-05-13 18:42:13 -Mapping filter: 'requestContextFilter' to: [/*]
2020-05-13 18:42:14 -Mapped URL path [/**/favicon.ico] onto handler of type [class org.springframework.web.servlet.resource.ResourceHttpRequestHandler]
2020-05-13 18:42:14 -Looking for @ControllerAdvice: org.springframework.boot.web.servlet.context.AnnotationConfigServletWebServerApplicationContext@12d2ce03: startup date [Wed May 13 18:42:12 CST 2020]; root of context hierarchy
2020-05-13 18:42:14 -Detected RequestBodyAdvice bean in agbweappControllerAdvice
2020-05-13 18:42:14 -Mapped "{[/house/broker/addBroker]}" onto public com.tenement.domain.common.Response<com.tenement.domain.dto.RespId> com.tenement.api.controller.BrokerController.addBroker(javax.servlet.http.HttpServletRequest,com.tenement.domain.dto.BrokerReq) throws com.tenement.domain.common.BusinessException
2020-05-13 18:42:14 -Mapped "{[/house/broker/listBroker]}" onto public com.tenement.domain.common.Response<com.github.pagehelper.PageInfo<com.tenement.domain.dto.BrokerResp>> com.tenement.api.controller.BrokerController.listBroker(javax.servlet.http.HttpServletRequest,com.tenement.domain.dto.BrokerExmple) throws com.tenement.domain.common.BusinessException
2020-05-13 18:42:14 -Mapped "{[/house/broker/getBroker]}" onto public com.tenement.domain.common.Response<com.tenement.domain.dto.BrokerResp> com.tenement.api.controller.BrokerController.getBroker(javax.servlet.http.HttpServletRequest,com.tenement.domain.dto.BrokerExmple) throws com.tenement.domain.common.BusinessException
2020-05-13 18:42:14 -Mapped "{[/house/broker/updateBroker]}" onto public com.tenement.domain.common.Response com.tenement.api.controller.BrokerController.updateBroker(javax.servlet.http.HttpServletRequest,com.tenement.domain.po.Broker) throws com.tenement.domain.common.BusinessException
2020-05-13 18:42:14 -Mapped "{[/house/broker/deleteBroker]}" onto public com.tenement.domain.common.Response com.tenement.api.controller.BrokerController.deleteBroker(javax.servlet.http.HttpServletRequest,com.tenement.domain.dto.BrokerExmple) throws com.tenement.domain.common.BusinessException
2020-05-13 18:42:14 -Mapped "{[/house/room/index]}" onto public java.lang.String com.tenement.api.controller.HouseRoomController.index() throws java.lang.RuntimeException
2020-05-13 18:42:14 -Mapped "{[/house/room/addRoomDetails]}" onto public com.tenement.domain.common.Response<com.tenement.domain.dto.RespId> com.tenement.api.controller.HouseRoomController.addRoom(javax.servlet.http.HttpServletRequest,com.tenement.domain.dto.RoomNewDetailsReq) throws com.tenement.domain.common.BusinessException
2020-05-13 18:42:14 -Mapped "{[/house/room/listRoom]}" onto public com.tenement.domain.common.Response<com.github.pagehelper.PageInfo<com.tenement.domain.dto.RoomNewDetailsResp>> com.tenement.api.controller.HouseRoomController.listRoom(javax.servlet.http.HttpServletRequest,com.tenement.domain.dto.ListRoomDetailsReq) throws com.tenement.domain.common.BusinessException
2020-05-13 18:42:14 -Mapped "{[/house/room/getRoomBasicsType]}" onto public com.tenement.domain.common.Response<com.tenement.domain.dto.RoomBasicsTypeResp> com.tenement.api.controller.HouseRoomController.getRoomBasicsType() throws com.tenement.domain.common.BusinessException
2020-05-13 18:42:14 -Mapped "{[/house/room/getRoomNewDetails]}" onto public com.tenement.domain.common.Response<com.tenement.domain.dto.RoomNewDetailsResp> com.tenement.api.controller.HouseRoomController.getRoomNewDetails(javax.servlet.http.HttpServletRequest,com.tenement.domain.dto.GetRoomDetailsReq) throws com.tenement.domain.common.BusinessException
2020-05-13 18:42:14 -Mapped "{[/house/room/deleteNewRoom]}" onto public com.tenement.domain.common.Response com.tenement.api.controller.HouseRoomController.deleteNewRoom(javax.servlet.http.HttpServletRequest,com.tenement.domain.dto.GetRoomDetailsReq) throws com.tenement.domain.common.BusinessException
2020-05-13 18:42:14 -Mapped "{[/house/room/updateRoomNewDetails]}" onto public com.tenement.domain.common.Response com.tenement.api.controller.HouseRoomController.updateRoomNewDetails(javax.servlet.http.HttpServletRequest,com.tenement.domain.dto.RoomNewDetailsReq) throws com.tenement.domain.common.BusinessException
2020-05-13 18:42:14 -Mapped "{[/house/room/listGrabbleRoom]}" onto public com.tenement.domain.common.Response<com.github.pagehelper.PageInfo<com.tenement.domain.dto.RoomNewDetailsResp>> com.tenement.api.controller.HouseRoomController.listGrabbleRoom(javax.servlet.http.HttpServletRequest,com.tenement.domain.dto.ListGrabbleRoomReq)
2020-05-13 18:42:14 -Mapped "{[/house/room/listRoomTenementType]}" onto public com.tenement.domain.common.Response<java.util.List<com.tenement.domain.po.RoomTenementType>> com.tenement.api.controller.HouseRoomController.listRoomTenementType(javax.servlet.http.HttpServletRequest,com.tenement.domain.dto.ListRoomTenementTypeReq) throws com.tenement.domain.common.BusinessException
2020-05-13 18:42:14 -Mapped "{[/house/room/lisDistrict]}" onto public com.tenement.domain.common.Response<java.util.List<com.tenement.domain.po.District>> com.tenement.api.controller.HouseRoomController.lisDistrict(javax.servlet.http.HttpServletRequest,com.tenement.domain.dto.LisDistrictReq) throws com.tenement.domain.common.BusinessException
2020-05-13 18:42:14 -Mapped "{[/house/room/uploadFile]}" onto public com.tenement.domain.common.Response<com.tenement.domain.dto.UploadFileResp> com.tenement.api.controller.HouseRoomController.uploadFile(javax.servlet.http.HttpServletRequest,org.springframework.web.multipart.MultipartFile[]) throws com.tenement.domain.common.BusinessException
2020-05-13 18:42:14 -Mapped "{[/house/user/addUser]}" onto public com.tenement.domain.common.Response com.tenement.api.controller.UserController.addUser(com.tenement.domain.dto.UserLogin) throws com.tenement.domain.common.BusinessException
2020-05-13 18:42:14 -Mapped "{[/house/user/login]}" onto public com.tenement.domain.common.Response com.tenement.api.controller.UserController.login(javax.servlet.http.HttpServletRequest,com.tenement.domain.dto.UserLogin) throws com.tenement.domain.common.BusinessException
2020-05-13 18:42:14 -Mapped "{[/house/user/listMenu]}" onto public com.tenement.domain.common.Response<java.util.List<com.tenement.domain.po.SysMenu>> com.tenement.api.controller.UserController.getMenu(javax.servlet.http.HttpServletRequest) throws com.tenement.domain.common.BusinessException
2020-05-13 18:42:14 -Mapped "{[/house/user/logins]}" onto public com.tenement.domain.common.Response com.tenement.api.controller.UserController.logins(javax.servlet.http.HttpServletRequest)
2020-05-13 18:42:14 -Mapped "{[/house/comments/addComments]}" onto public com.tenement.domain.common.Response com.tenement.api.controller.commentsConntroller.addComments(javax.servlet.http.HttpServletRequest,com.tenement.domain.dto.CommentsReq) throws com.tenement.domain.common.BusinessException
2020-05-13 18:42:14 -Mapped "{[/house/comments/answerComments]}" onto public com.tenement.domain.common.Response com.tenement.api.controller.commentsConntroller.answerComments(javax.servlet.http.HttpServletRequest,com.tenement.domain.dto.CommentsReq) throws com.tenement.domain.common.BusinessException
2020-05-13 18:42:14 -Mapped "{[/house/comments/updateComments]}" onto public com.tenement.domain.common.Response com.tenement.api.controller.commentsConntroller.updateComments(javax.servlet.http.HttpServletRequest,com.tenement.domain.dto.CommentsReq) throws com.tenement.domain.common.BusinessException
2020-05-13 18:42:14 -Mapped "{[/house/comments/listComments]}" onto public com.tenement.domain.common.Response<com.github.pagehelper.PageInfo<com.tenement.domain.dto.CommentsResp>> com.tenement.api.controller.commentsConntroller.listComments(javax.servlet.http.HttpServletRequest,com.tenement.domain.dto.CommentsReq) throws com.tenement.domain.common.BusinessException
2020-05-13 18:42:14 -Mapped "{[/error]}" onto public org.springframework.http.ResponseEntity<java.util.Map<java.lang.String, java.lang.Object>> org.springframework.boot.autoconfigure.web.servlet.error.BasicErrorController.error(javax.servlet.http.HttpServletRequest)
2020-05-13 18:42:14 -Mapped "{[/error],produces=[text/html]}" onto public org.springframework.web.servlet.ModelAndView org.springframework.boot.autoconfigure.web.servlet.error.BasicErrorController.errorHtml(javax.servlet.http.HttpServletRequest,javax.servlet.http.HttpServletResponse)
2020-05-13 18:42:14 -Mapped URL path [/webjars/**] onto handler of type [class org.springframework.web.servlet.resource.ResourceHttpRequestHandler]
2020-05-13 18:42:14 -Mapped URL path [/**] onto handler of type [class org.springframework.web.servlet.resource.ResourceHttpRequestHandler]
2020-05-13 18:42:14 -Detected @ExceptionHandler methods in agbweappControllerAdvice
2020-05-13 18:42:14 -Detected @ExceptionHandler methods in bussinessExceptionHandler
2020-05-13 18:42:14 -Adding welcome page template: index
2020-05-13 18:42:15 -Registering beans for JMX exposure on startup
2020-05-13 18:42:15 -Bean with name 'dataSource' has been autodetected for JMX exposure
2020-05-13 18:42:15 -Located MBean 'dataSource': registering with JMX server as MBean [com.zaxxer.hikari:name=dataSource,type=HikariDataSource]
2020-05-13 18:42:15 -Starting ProtocolHandler ["http-nio-8080"]
2020-05-13 18:42:15 -Using a shared selector for servlet write/read
2020-05-13 18:42:15 -Tomcat started on port(s): 8080 (http) with context path ''
2020-05-13 18:42:15 -Started WebApplication in 3.275 seconds (JVM running for 3.799)
2020-05-13 18:42:22 -Initializing Spring FrameworkServlet 'dispatcherServlet'
2020-05-13 18:42:22 -FrameworkServlet 'dispatcherServlet': initialization started
2020-05-13 18:42:22 -FrameworkServlet 'dispatcherServlet': initialization completed in 21 ms
2020-05-13 18:42:25 -HikariPool-1 - Starting...
2020-05-13 18:42:26 -HikariPool-1 - Start completed.
2020-05-13 18:42:26 -==>  Preparing: select A.id, A.password, A.phone, A.true_name as trueName, A.user_name as userName, A.create_time as createTime, B.role_id as roleId from sys_user A inner join sys_user_role B on A.id=B.user_id where user_name = ? 
2020-05-13 18:42:26 -==> Parameters: admin(String)
2020-05-13 18:42:26 -<==      Total: 1
2020-05-13 18:42:33 -==>  Preparing: select A.id, A.password, A.phone, A.true_name as trueName, A.user_name as userName, A.create_time as createTime, B.role_id as roleId from sys_user A inner join sys_user_role B on A.id=B.user_id where user_name = ? 
2020-05-13 18:42:33 -==> Parameters: admin(String)
2020-05-13 18:42:33 -<==      Total: 1
2020-05-13 18:47:01 -Closing org.springframework.boot.web.servlet.context.AnnotationConfigServletWebServerApplicationContext@12d2ce03: startup date [Wed May 13 18:42:12 CST 2020]; root of context hierarchy
2020-05-13 18:47:01 -Unregistering JMX-exposed beans on shutdown
2020-05-13 18:47:01 -Unregistering JMX-exposed beans
2020-05-13 18:47:01 -HikariPool-1 - Shutdown initiated...
2020-05-13 18:47:01 -HikariPool-1 - Shutdown completed.
2020-05-13 18:47:54 -Loaded expression factory via original TCCL
2020-05-13 18:47:54 -HV000234: Using org.hibernate.validator.messageinterpolation.ResourceBundleMessageInterpolator as ValidatorFactory-scoped message interpolator.
2020-05-13 18:47:54 -HV000234: Using org.hibernate.validator.internal.engine.resolver.TraverseAllTraversableResolver as ValidatorFactory-scoped traversable resolver.
2020-05-13 18:47:54 -HV000234: Using org.hibernate.validator.internal.util.ExecutableParameterNameProvider as ValidatorFactory-scoped parameter name provider.
2020-05-13 18:47:54 -HV000234: Using org.hibernate.validator.internal.engine.DefaultClockProvider as ValidatorFactory-scoped clock provider.
2020-05-13 18:47:54 -HV000234: Using org.hibernate.validator.internal.engine.scripting.DefaultScriptEvaluatorFactory as ValidatorFactory-scoped script evaluator factory.
2020-05-13 18:47:54 -Starting WebApplication on xuzhoudeMacBook-Pro.local with PID 80233 (/Users/xuzhou/IdeaProjects/tenement/tenement-api/target/classes started by xuzhou in /Users/xuzhou/IdeaProjects/tenement)
2020-05-13 18:47:54 -No active profile set, falling back to default profiles: default
2020-05-13 18:47:54 -Refreshing org.springframework.boot.web.servlet.context.AnnotationConfigServletWebServerApplicationContext@8ad6665: startup date [Wed May 13 18:47:54 CST 2020]; root of context hierarchy
2020-05-13 18:47:55 -Tomcat initialized with port(s): 8080 (http)
2020-05-13 18:47:55 -Initializing ProtocolHandler ["http-nio-8080"]
2020-05-13 18:47:55 -Starting service [Tomcat]
2020-05-13 18:47:55 -Starting Servlet Engine: Apache Tomcat/8.5.34
2020-05-13 18:47:55 -The APR based Apache Tomcat Native library which allows optimal performance in production environments was not found on the java.library.path: [/Users/xuzhou/Library/Java/Extensions:/Library/Java/Extensions:/Network/Library/Java/Extensions:/System/Library/Java/Extensions:/usr/lib/java:.]
2020-05-13 18:47:55 -Initializing Spring embedded WebApplicationContext
2020-05-13 18:47:55 -Root WebApplicationContext: initialization completed in 1348 ms
2020-05-13 18:47:55 -Servlet dispatcherServlet mapped to [/]
2020-05-13 18:47:55 -Mapping filter: 'characterEncodingFilter' to: [/*]
2020-05-13 18:47:55 -Mapping filter: 'hiddenHttpMethodFilter' to: [/*]
2020-05-13 18:47:55 -Mapping filter: 'httpPutFormContentFilter' to: [/*]
2020-05-13 18:47:55 -Mapping filter: 'requestContextFilter' to: [/*]
2020-05-13 18:47:56 -Mapped URL path [/**/favicon.ico] onto handler of type [class org.springframework.web.servlet.resource.ResourceHttpRequestHandler]
2020-05-13 18:47:56 -Looking for @ControllerAdvice: org.springframework.boot.web.servlet.context.AnnotationConfigServletWebServerApplicationContext@8ad6665: startup date [Wed May 13 18:47:54 CST 2020]; root of context hierarchy
2020-05-13 18:47:56 -Detected RequestBodyAdvice bean in agbweappControllerAdvice
2020-05-13 18:47:56 -Mapped "{[/house/broker/addBroker]}" onto public com.tenement.domain.common.Response<com.tenement.domain.dto.RespId> com.tenement.api.controller.BrokerController.addBroker(javax.servlet.http.HttpServletRequest,com.tenement.domain.dto.BrokerReq) throws com.tenement.domain.common.BusinessException
2020-05-13 18:47:56 -Mapped "{[/house/broker/listBroker]}" onto public com.tenement.domain.common.Response<com.github.pagehelper.PageInfo<com.tenement.domain.dto.BrokerResp>> com.tenement.api.controller.BrokerController.listBroker(javax.servlet.http.HttpServletRequest,com.tenement.domain.dto.BrokerExmple) throws com.tenement.domain.common.BusinessException
2020-05-13 18:47:56 -Mapped "{[/house/broker/getBroker]}" onto public com.tenement.domain.common.Response<com.tenement.domain.dto.BrokerResp> com.tenement.api.controller.BrokerController.getBroker(javax.servlet.http.HttpServletRequest,com.tenement.domain.dto.BrokerExmple) throws com.tenement.domain.common.BusinessException
2020-05-13 18:47:56 -Mapped "{[/house/broker/updateBroker]}" onto public com.tenement.domain.common.Response com.tenement.api.controller.BrokerController.updateBroker(javax.servlet.http.HttpServletRequest,com.tenement.domain.po.Broker) throws com.tenement.domain.common.BusinessException
2020-05-13 18:47:56 -Mapped "{[/house/broker/deleteBroker]}" onto public com.tenement.domain.common.Response com.tenement.api.controller.BrokerController.deleteBroker(javax.servlet.http.HttpServletRequest,com.tenement.domain.dto.BrokerExmple) throws com.tenement.domain.common.BusinessException
2020-05-13 18:47:56 -Mapped "{[/house/room/index]}" onto public java.lang.String com.tenement.api.controller.HouseRoomController.index() throws java.lang.RuntimeException
2020-05-13 18:47:56 -Mapped "{[/house/room/listRoom]}" onto public com.tenement.domain.common.Response<com.github.pagehelper.PageInfo<com.tenement.domain.dto.RoomNewDetailsResp>> com.tenement.api.controller.HouseRoomController.listRoom(javax.servlet.http.HttpServletRequest,com.tenement.domain.dto.ListRoomDetailsReq) throws com.tenement.domain.common.BusinessException
2020-05-13 18:47:56 -Mapped "{[/house/room/addRoomDetails]}" onto public com.tenement.domain.common.Response<com.tenement.domain.dto.RespId> com.tenement.api.controller.HouseRoomController.addRoom(javax.servlet.http.HttpServletRequest,com.tenement.domain.dto.RoomNewDetailsReq) throws com.tenement.domain.common.BusinessException
2020-05-13 18:47:56 -Mapped "{[/house/room/getRoomBasicsType]}" onto public com.tenement.domain.common.Response<com.tenement.domain.dto.RoomBasicsTypeResp> com.tenement.api.controller.HouseRoomController.getRoomBasicsType() throws com.tenement.domain.common.BusinessException
2020-05-13 18:47:56 -Mapped "{[/house/room/getRoomNewDetails]}" onto public com.tenement.domain.common.Response<com.tenement.domain.dto.RoomNewDetailsResp> com.tenement.api.controller.HouseRoomController.getRoomNewDetails(javax.servlet.http.HttpServletRequest,com.tenement.domain.dto.GetRoomDetailsReq) throws com.tenement.domain.common.BusinessException
2020-05-13 18:47:56 -Mapped "{[/house/room/deleteNewRoom]}" onto public com.tenement.domain.common.Response com.tenement.api.controller.HouseRoomController.deleteNewRoom(javax.servlet.http.HttpServletRequest,com.tenement.domain.dto.GetRoomDetailsReq) throws com.tenement.domain.common.BusinessException
2020-05-13 18:47:56 -Mapped "{[/house/room/updateRoomNewDetails]}" onto public com.tenement.domain.common.Response com.tenement.api.controller.HouseRoomController.updateRoomNewDetails(javax.servlet.http.HttpServletRequest,com.tenement.domain.dto.RoomNewDetailsReq) throws com.tenement.domain.common.BusinessException
2020-05-13 18:47:56 -Mapped "{[/house/room/listGrabbleRoom]}" onto public com.tenement.domain.common.Response<com.github.pagehelper.PageInfo<com.tenement.domain.dto.RoomNewDetailsResp>> com.tenement.api.controller.HouseRoomController.listGrabbleRoom(javax.servlet.http.HttpServletRequest,com.tenement.domain.dto.ListGrabbleRoomReq)
2020-05-13 18:47:56 -Mapped "{[/house/room/listRoomTenementType]}" onto public com.tenement.domain.common.Response<java.util.List<com.tenement.domain.po.RoomTenementType>> com.tenement.api.controller.HouseRoomController.listRoomTenementType(javax.servlet.http.HttpServletRequest,com.tenement.domain.dto.ListRoomTenementTypeReq) throws com.tenement.domain.common.BusinessException
2020-05-13 18:47:56 -Mapped "{[/house/room/lisDistrict]}" onto public com.tenement.domain.common.Response<java.util.List<com.tenement.domain.po.District>> com.tenement.api.controller.HouseRoomController.lisDistrict(javax.servlet.http.HttpServletRequest,com.tenement.domain.dto.LisDistrictReq) throws com.tenement.domain.common.BusinessException
2020-05-13 18:47:56 -Mapped "{[/house/room/uploadFile]}" onto public com.tenement.domain.common.Response<com.tenement.domain.dto.UploadFileResp> com.tenement.api.controller.HouseRoomController.uploadFile(javax.servlet.http.HttpServletRequest,org.springframework.web.multipart.MultipartFile[]) throws com.tenement.domain.common.BusinessException
2020-05-13 18:47:56 -Mapped "{[/house/user/logins]}" onto public com.tenement.domain.common.Response com.tenement.api.controller.UserController.logins(javax.servlet.http.HttpServletRequest)
2020-05-13 18:47:56 -Mapped "{[/house/user/login]}" onto public com.tenement.domain.common.Response com.tenement.api.controller.UserController.login(javax.servlet.http.HttpServletRequest,com.tenement.domain.dto.UserLogin) throws com.tenement.domain.common.BusinessException
2020-05-13 18:47:56 -Mapped "{[/house/user/listMenu]}" onto public com.tenement.domain.common.Response<java.util.List<com.tenement.domain.po.SysMenu>> com.tenement.api.controller.UserController.getMenu(javax.servlet.http.HttpServletRequest) throws com.tenement.domain.common.BusinessException
2020-05-13 18:47:56 -Mapped "{[/house/user/addUser]}" onto public com.tenement.domain.common.Response com.tenement.api.controller.UserController.addUser(com.tenement.domain.dto.UserLogin) throws com.tenement.domain.common.BusinessException
2020-05-13 18:47:56 -Mapped "{[/house/comments/addComments]}" onto public com.tenement.domain.common.Response com.tenement.api.controller.commentsConntroller.addComments(javax.servlet.http.HttpServletRequest,com.tenement.domain.dto.CommentsReq) throws com.tenement.domain.common.BusinessException
2020-05-13 18:47:56 -Mapped "{[/house/comments/answerComments]}" onto public com.tenement.domain.common.Response com.tenement.api.controller.commentsConntroller.answerComments(javax.servlet.http.HttpServletRequest,com.tenement.domain.dto.CommentsReq) throws com.tenement.domain.common.BusinessException
2020-05-13 18:47:56 -Mapped "{[/house/comments/updateComments]}" onto public com.tenement.domain.common.Response com.tenement.api.controller.commentsConntroller.updateComments(javax.servlet.http.HttpServletRequest,com.tenement.domain.dto.CommentsReq) throws com.tenement.domain.common.BusinessException
2020-05-13 18:47:56 -Mapped "{[/house/comments/listComments]}" onto public com.tenement.domain.common.Response<com.github.pagehelper.PageInfo<com.tenement.domain.dto.CommentsResp>> com.tenement.api.controller.commentsConntroller.listComments(javax.servlet.http.HttpServletRequest,com.tenement.domain.dto.CommentsReq) throws com.tenement.domain.common.BusinessException
2020-05-13 18:47:56 -Mapped "{[/error]}" onto public org.springframework.http.ResponseEntity<java.util.Map<java.lang.String, java.lang.Object>> org.springframework.boot.autoconfigure.web.servlet.error.BasicErrorController.error(javax.servlet.http.HttpServletRequest)
2020-05-13 18:47:56 -Mapped "{[/error],produces=[text/html]}" onto public org.springframework.web.servlet.ModelAndView org.springframework.boot.autoconfigure.web.servlet.error.BasicErrorController.errorHtml(javax.servlet.http.HttpServletRequest,javax.servlet.http.HttpServletResponse)
2020-05-13 18:47:56 -Mapped URL path [/webjars/**] onto handler of type [class org.springframework.web.servlet.resource.ResourceHttpRequestHandler]
2020-05-13 18:47:56 -Mapped URL path [/**] onto handler of type [class org.springframework.web.servlet.resource.ResourceHttpRequestHandler]
2020-05-13 18:47:56 -Detected @ExceptionHandler methods in agbweappControllerAdvice
2020-05-13 18:47:56 -Detected @ExceptionHandler methods in bussinessExceptionHandler
2020-05-13 18:47:56 -Adding welcome page template: index
2020-05-13 18:47:57 -Registering beans for JMX exposure on startup
2020-05-13 18:47:57 -Bean with name 'dataSource' has been autodetected for JMX exposure
2020-05-13 18:47:57 -Located MBean 'dataSource': registering with JMX server as MBean [com.zaxxer.hikari:name=dataSource,type=HikariDataSource]
2020-05-13 18:47:57 -Starting ProtocolHandler ["http-nio-8080"]
2020-05-13 18:47:57 -Using a shared selector for servlet write/read
2020-05-13 18:47:57 -Tomcat started on port(s): 8080 (http) with context path ''
2020-05-13 18:47:57 -Started WebApplication in 3.221 seconds (JVM running for 3.72)
2020-05-13 18:48:06 -Initializing Spring FrameworkServlet 'dispatcherServlet'
2020-05-13 18:48:06 -FrameworkServlet 'dispatcherServlet': initialization started
2020-05-13 18:48:06 -FrameworkServlet 'dispatcherServlet': initialization completed in 20 ms
2020-05-13 18:48:13 -HikariPool-1 - Starting...
2020-05-13 18:48:16 -HikariPool-1 - Start completed.
2020-05-13 18:48:16 -==>  Preparing: select A.id, A.password, A.phone, A.true_name as trueName, A.user_name as userName, A.create_time as createTime, B.role_id as roleId from sys_user A inner join sys_user_role B on A.id=B.user_id where user_name = ? 
2020-05-13 18:48:16 -==> Parameters: admin(String)
2020-05-13 18:48:16 -<==      Total: 1
2020-05-13 18:48:51 -==>  Preparing: select A.id, A.password, A.phone, A.true_name as trueName, A.user_name as userName, A.create_time as createTime, B.role_id as roleId from sys_user A inner join sys_user_role B on A.id=B.user_id where user_name = ? 
2020-05-13 18:48:51 -==> Parameters: admin(String)
2020-05-13 18:48:51 -<==      Total: 1
2020-05-13 18:49:06 -==>  Preparing: select A.id, A.password, A.phone, A.true_name as trueName, A.user_name as userName, A.create_time as createTime, B.role_id as roleId from sys_user A inner join sys_user_role B on A.id=B.user_id where user_name = ? 
2020-05-13 18:49:06 -==> Parameters: admin(String)
2020-05-13 18:49:06 -Closing org.springframework.boot.web.servlet.context.AnnotationConfigServletWebServerApplicationContext@8ad6665: startup date [Wed May 13 18:47:54 CST 2020]; root of context hierarchy
2020-05-13 18:49:06 -<==      Total: 1
2020-05-13 18:49:06 -Unregistering JMX-exposed beans on shutdown
2020-05-13 18:49:06 -Unregistering JMX-exposed beans
2020-05-13 18:49:06 -HikariPool-1 - Shutdown initiated...
2020-05-13 18:49:06 -HikariPool-1 - Shutdown completed.
2020-05-13 18:54:36 -Loaded expression factory via original TCCL
2020-05-13 18:54:36 -Starting WebApplication on xuzhoudeMacBook-Pro.local with PID 80247 (/Users/xuzhou/IdeaProjects/tenement/tenement-api/target/classes started by xuzhou in /Users/xuzhou/IdeaProjects/tenement)
2020-05-13 18:54:36 -No active profile set, falling back to default profiles: default
2020-05-13 18:54:36 -Refreshing org.springframework.boot.web.servlet.context.AnnotationConfigServletWebServerApplicationContext@a87f8ec: startup date [Wed May 13 18:54:36 CST 2020]; root of context hierarchy
2020-05-13 18:54:37 -Tomcat initialized with port(s): 8080 (http)
2020-05-13 18:54:37 -Initializing ProtocolHandler ["http-nio-8080"]
2020-05-13 18:54:37 -Starting service [Tomcat]
2020-05-13 18:54:37 -Starting Servlet Engine: Apache Tomcat/8.5.34
2020-05-13 18:54:37 -The APR based Apache Tomcat Native library which allows optimal performance in production environments was not found on the java.library.path: [/Users/xuzhou/Library/Java/Extensions:/Library/Java/Extensions:/Network/Library/Java/Extensions:/System/Library/Java/Extensions:/usr/lib/java:.]
2020-05-13 18:54:37 -Initializing Spring embedded WebApplicationContext
2020-05-13 18:54:37 -Root WebApplicationContext: initialization completed in 1456 ms
2020-05-13 18:54:37 -Servlet dispatcherServlet mapped to [/]
2020-05-13 18:54:37 -Mapping filter: 'characterEncodingFilter' to: [/*]
2020-05-13 18:54:37 -Mapping filter: 'hiddenHttpMethodFilter' to: [/*]
2020-05-13 18:54:37 -Mapping filter: 'httpPutFormContentFilter' to: [/*]
2020-05-13 18:54:37 -Mapping filter: 'requestContextFilter' to: [/*]
2020-05-13 18:54:38 -Mapped URL path [/**/favicon.ico] onto handler of type [class org.springframework.web.servlet.resource.ResourceHttpRequestHandler]
2020-05-13 18:54:38 -Looking for @ControllerAdvice: org.springframework.boot.web.servlet.context.AnnotationConfigServletWebServerApplicationContext@a87f8ec: startup date [Wed May 13 18:54:36 CST 2020]; root of context hierarchy
2020-05-13 18:54:38 -Detected RequestBodyAdvice bean in agbweappControllerAdvice
2020-05-13 18:54:38 -Mapped "{[/house/broker/addBroker]}" onto public com.tenement.domain.common.Response<com.tenement.domain.dto.RespId> com.tenement.api.controller.BrokerController.addBroker(javax.servlet.http.HttpServletRequest,com.tenement.domain.dto.BrokerReq) throws com.tenement.domain.common.BusinessException
2020-05-13 18:54:38 -Mapped "{[/house/broker/listBroker]}" onto public com.tenement.domain.common.Response<com.github.pagehelper.PageInfo<com.tenement.domain.dto.BrokerResp>> com.tenement.api.controller.BrokerController.listBroker(javax.servlet.http.HttpServletRequest,com.tenement.domain.dto.BrokerExmple) throws com.tenement.domain.common.BusinessException
2020-05-13 18:54:38 -Mapped "{[/house/broker/getBroker]}" onto public com.tenement.domain.common.Response<com.tenement.domain.dto.BrokerResp> com.tenement.api.controller.BrokerController.getBroker(javax.servlet.http.HttpServletRequest,com.tenement.domain.dto.BrokerExmple) throws com.tenement.domain.common.BusinessException
2020-05-13 18:54:38 -Mapped "{[/house/broker/updateBroker]}" onto public com.tenement.domain.common.Response com.tenement.api.controller.BrokerController.updateBroker(javax.servlet.http.HttpServletRequest,com.tenement.domain.po.Broker) throws com.tenement.domain.common.BusinessException
2020-05-13 18:54:38 -Mapped "{[/house/broker/deleteBroker]}" onto public com.tenement.domain.common.Response com.tenement.api.controller.BrokerController.deleteBroker(javax.servlet.http.HttpServletRequest,com.tenement.domain.dto.BrokerExmple) throws com.tenement.domain.common.BusinessException
2020-05-13 18:54:38 -Mapped "{[/house/room/index]}" onto public java.lang.String com.tenement.api.controller.HouseRoomController.index() throws java.lang.RuntimeException
2020-05-13 18:54:38 -Mapped "{[/house/room/listRoom]}" onto public com.tenement.domain.common.Response<com.github.pagehelper.PageInfo<com.tenement.domain.dto.RoomNewDetailsResp>> com.tenement.api.controller.HouseRoomController.listRoom(javax.servlet.http.HttpServletRequest,com.tenement.domain.dto.ListRoomDetailsReq) throws com.tenement.domain.common.BusinessException
2020-05-13 18:54:38 -Mapped "{[/house/room/addRoomDetails]}" onto public com.tenement.domain.common.Response<com.tenement.domain.dto.RespId> com.tenement.api.controller.HouseRoomController.addRoom(javax.servlet.http.HttpServletRequest,com.tenement.domain.dto.RoomNewDetailsReq) throws com.tenement.domain.common.BusinessException
2020-05-13 18:54:38 -Mapped "{[/house/room/getRoomBasicsType]}" onto public com.tenement.domain.common.Response<com.tenement.domain.dto.RoomBasicsTypeResp> com.tenement.api.controller.HouseRoomController.getRoomBasicsType() throws com.tenement.domain.common.BusinessException
2020-05-13 18:54:38 -Mapped "{[/house/room/getRoomNewDetails]}" onto public com.tenement.domain.common.Response<com.tenement.domain.dto.RoomNewDetailsResp> com.tenement.api.controller.HouseRoomController.getRoomNewDetails(javax.servlet.http.HttpServletRequest,com.tenement.domain.dto.GetRoomDetailsReq) throws com.tenement.domain.common.BusinessException
2020-05-13 18:54:38 -Mapped "{[/house/room/deleteNewRoom]}" onto public com.tenement.domain.common.Response com.tenement.api.controller.HouseRoomController.deleteNewRoom(javax.servlet.http.HttpServletRequest,com.tenement.domain.dto.GetRoomDetailsReq) throws com.tenement.domain.common.BusinessException
2020-05-13 18:54:38 -Mapped "{[/house/room/updateRoomNewDetails]}" onto public com.tenement.domain.common.Response com.tenement.api.controller.HouseRoomController.updateRoomNewDetails(javax.servlet.http.HttpServletRequest,com.tenement.domain.dto.RoomNewDetailsReq) throws com.tenement.domain.common.BusinessException
2020-05-13 18:54:38 -Mapped "{[/house/room/listGrabbleRoom]}" onto public com.tenement.domain.common.Response<com.github.pagehelper.PageInfo<com.tenement.domain.dto.RoomNewDetailsResp>> com.tenement.api.controller.HouseRoomController.listGrabbleRoom(javax.servlet.http.HttpServletRequest,com.tenement.domain.dto.ListGrabbleRoomReq)
2020-05-13 18:54:38 -Mapped "{[/house/room/listRoomTenementType]}" onto public com.tenement.domain.common.Response<java.util.List<com.tenement.domain.po.RoomTenementType>> com.tenement.api.controller.HouseRoomController.listRoomTenementType(javax.servlet.http.HttpServletRequest,com.tenement.domain.dto.ListRoomTenementTypeReq) throws com.tenement.domain.common.BusinessException
2020-05-13 18:54:38 -Mapped "{[/house/room/lisDistrict]}" onto public com.tenement.domain.common.Response<java.util.List<com.tenement.domain.po.District>> com.tenement.api.controller.HouseRoomController.lisDistrict(javax.servlet.http.HttpServletRequest,com.tenement.domain.dto.LisDistrictReq) throws com.tenement.domain.common.BusinessException
2020-05-13 18:54:38 -Mapped "{[/house/room/uploadFile]}" onto public com.tenement.domain.common.Response<com.tenement.domain.dto.UploadFileResp> com.tenement.api.controller.HouseRoomController.uploadFile(javax.servlet.http.HttpServletRequest,org.springframework.web.multipart.MultipartFile[]) throws com.tenement.domain.common.BusinessException
2020-05-13 18:54:38 -Mapped "{[/house/user/addUser]}" onto public com.tenement.domain.common.Response com.tenement.api.controller.UserController.addUser(com.tenement.domain.dto.UserLogin) throws com.tenement.domain.common.BusinessException
2020-05-13 18:54:38 -Mapped "{[/house/user/logins]}" onto public com.tenement.domain.common.Response com.tenement.api.controller.UserController.logins(javax.servlet.http.HttpServletRequest)
2020-05-13 18:54:38 -Mapped "{[/house/user/login]}" onto public com.tenement.domain.common.Response com.tenement.api.controller.UserController.login(javax.servlet.http.HttpServletRequest,com.tenement.domain.dto.UserLogin) throws com.tenement.domain.common.BusinessException
2020-05-13 18:54:38 -Mapped "{[/house/user/listMenu]}" onto public com.tenement.domain.common.Response<java.util.List<com.tenement.domain.po.SysMenu>> com.tenement.api.controller.UserController.getMenu(javax.servlet.http.HttpServletRequest) throws com.tenement.domain.common.BusinessException
2020-05-13 18:54:38 -Mapped "{[/house/comments/addComments]}" onto public com.tenement.domain.common.Response com.tenement.api.controller.commentsConntroller.addComments(javax.servlet.http.HttpServletRequest,com.tenement.domain.dto.CommentsReq) throws com.tenement.domain.common.BusinessException
2020-05-13 18:54:38 -Mapped "{[/house/comments/answerComments]}" onto public com.tenement.domain.common.Response com.tenement.api.controller.commentsConntroller.answerComments(javax.servlet.http.HttpServletRequest,com.tenement.domain.dto.CommentsReq) throws com.tenement.domain.common.BusinessException
2020-05-13 18:54:38 -Mapped "{[/house/comments/updateComments]}" onto public com.tenement.domain.common.Response com.tenement.api.controller.commentsConntroller.updateComments(javax.servlet.http.HttpServletRequest,com.tenement.domain.dto.CommentsReq) throws com.tenement.domain.common.BusinessException
2020-05-13 18:54:38 -Mapped "{[/house/comments/listComments]}" onto public com.tenement.domain.common.Response<com.github.pagehelper.PageInfo<com.tenement.domain.dto.CommentsResp>> com.tenement.api.controller.commentsConntroller.listComments(javax.servlet.http.HttpServletRequest,com.tenement.domain.dto.CommentsReq) throws com.tenement.domain.common.BusinessException
2020-05-13 18:54:38 -Mapped "{[/error]}" onto public org.springframework.http.ResponseEntity<java.util.Map<java.lang.String, java.lang.Object>> org.springframework.boot.autoconfigure.web.servlet.error.BasicErrorController.error(javax.servlet.http.HttpServletRequest)
2020-05-13 18:54:38 -Mapped "{[/error],produces=[text/html]}" onto public org.springframework.web.servlet.ModelAndView org.springframework.boot.autoconfigure.web.servlet.error.BasicErrorController.errorHtml(javax.servlet.http.HttpServletRequest,javax.servlet.http.HttpServletResponse)
2020-05-13 18:54:38 -Mapped URL path [/webjars/**] onto handler of type [class org.springframework.web.servlet.resource.ResourceHttpRequestHandler]
2020-05-13 18:54:38 -Mapped URL path [/**] onto handler of type [class org.springframework.web.servlet.resource.ResourceHttpRequestHandler]
2020-05-13 18:54:38 -Detected @ExceptionHandler methods in agbweappControllerAdvice
2020-05-13 18:54:38 -Detected @ExceptionHandler methods in bussinessExceptionHandler
2020-05-13 18:54:38 -Adding welcome page template: index
2020-05-13 18:54:39 -Registering beans for JMX exposure on startup
2020-05-13 18:54:39 -Bean with name 'dataSource' has been autodetected for JMX exposure
2020-05-13 18:54:39 -Located MBean 'dataSource': registering with JMX server as MBean [com.zaxxer.hikari:name=dataSource,type=HikariDataSource]
2020-05-13 18:54:39 -Starting ProtocolHandler ["http-nio-8080"]
2020-05-13 18:54:39 -Using a shared selector for servlet write/read
2020-05-13 18:54:39 -Tomcat started on port(s): 8080 (http) with context path ''
2020-05-13 18:54:39 -Started WebApplication in 3.531 seconds (JVM running for 4.05)
2020-05-13 18:55:10 -Initializing Spring FrameworkServlet 'dispatcherServlet'
2020-05-13 18:55:10 -FrameworkServlet 'dispatcherServlet': initialization started
2020-05-13 18:55:10 -FrameworkServlet 'dispatcherServlet': initialization completed in 22 ms
2020-05-13 18:55:19 -HikariPool-1 - Starting...
2020-05-13 18:55:20 -HikariPool-1 - Start completed.
2020-05-13 18:55:20 -==>  Preparing: select A.id, A.password, A.phone, A.true_name as trueName, A.user_name as userName, A.create_time as createTime, B.role_id as roleId from sys_user A inner join sys_user_role B on A.id=B.user_id where user_name = ? 
2020-05-13 18:55:20 -==> Parameters: admin(String)
2020-05-13 18:55:20 -<==      Total: 1
2020-05-13 18:56:02 -==>  Preparing: select A.id, A.password, A.phone, A.true_name as trueName, A.user_name as userName, A.create_time as createTime, B.role_id as roleId from sys_user A inner join sys_user_role B on A.id=B.user_id where user_name = ? 
2020-05-13 18:56:02 -==> Parameters: admins(String)
2020-05-13 18:56:02 -<==      Total: 1
2020-05-13 18:56:54 -Closing org.springframework.boot.web.servlet.context.AnnotationConfigServletWebServerApplicationContext@a87f8ec: startup date [Wed May 13 18:54:36 CST 2020]; root of context hierarchy
2020-05-13 18:56:54 -Unregistering JMX-exposed beans on shutdown
2020-05-13 18:56:54 -Unregistering JMX-exposed beans
2020-05-13 18:56:54 -HikariPool-1 - Shutdown initiated...
2020-05-13 18:56:54 -HikariPool-1 - Shutdown completed.
2020-05-13 19:04:47 -Loaded expression factory via original TCCL
2020-05-13 19:04:47 -Starting WebApplication on xuzhoudeMacBook-Pro.local with PID 80264 (/Users/xuzhou/IdeaProjects/tenement/tenement-api/target/classes started by xuzhou in /Users/xuzhou/IdeaProjects/tenement)
2020-05-13 19:04:47 -No active profile set, falling back to default profiles: default
2020-05-13 19:04:47 -Refreshing org.springframework.boot.web.servlet.context.AnnotationConfigServletWebServerApplicationContext@6bca7e0d: startup date [Wed May 13 19:04:47 CST 2020]; root of context hierarchy
2020-05-13 19:04:48 -Tomcat initialized with port(s): 8080 (http)
2020-05-13 19:04:48 -Initializing ProtocolHandler ["http-nio-8080"]
2020-05-13 19:04:48 -Starting service [Tomcat]
2020-05-13 19:04:48 -Starting Servlet Engine: Apache Tomcat/8.5.34
2020-05-13 19:04:48 -The APR based Apache Tomcat Native library which allows optimal performance in production environments was not found on the java.library.path: [/Users/xuzhou/Library/Java/Extensions:/Library/Java/Extensions:/Network/Library/Java/Extensions:/System/Library/Java/Extensions:/usr/lib/java:.]
2020-05-13 19:04:49 -Initializing Spring embedded WebApplicationContext
2020-05-13 19:04:49 -Root WebApplicationContext: initialization completed in 1456 ms
2020-05-13 19:04:49 -Servlet dispatcherServlet mapped to [/]
2020-05-13 19:04:49 -Mapping filter: 'characterEncodingFilter' to: [/*]
2020-05-13 19:04:49 -Mapping filter: 'hiddenHttpMethodFilter' to: [/*]
2020-05-13 19:04:49 -Mapping filter: 'httpPutFormContentFilter' to: [/*]
2020-05-13 19:04:49 -Mapping filter: 'requestContextFilter' to: [/*]
2020-05-13 19:04:49 -Mapped URL path [/**/favicon.ico] onto handler of type [class org.springframework.web.servlet.resource.ResourceHttpRequestHandler]
2020-05-13 19:04:50 -Looking for @ControllerAdvice: org.springframework.boot.web.servlet.context.AnnotationConfigServletWebServerApplicationContext@6bca7e0d: startup date [Wed May 13 19:04:47 CST 2020]; root of context hierarchy
2020-05-13 19:04:50 -Detected RequestBodyAdvice bean in agbweappControllerAdvice
2020-05-13 19:04:50 -Mapped "{[/house/broker/addBroker]}" onto public com.tenement.domain.common.Response<com.tenement.domain.dto.RespId> com.tenement.api.controller.BrokerController.addBroker(javax.servlet.http.HttpServletRequest,com.tenement.domain.dto.BrokerReq) throws com.tenement.domain.common.BusinessException
2020-05-13 19:04:50 -Mapped "{[/house/broker/listBroker]}" onto public com.tenement.domain.common.Response<com.github.pagehelper.PageInfo<com.tenement.domain.dto.BrokerResp>> com.tenement.api.controller.BrokerController.listBroker(javax.servlet.http.HttpServletRequest,com.tenement.domain.dto.BrokerExmple) throws com.tenement.domain.common.BusinessException
2020-05-13 19:04:50 -Mapped "{[/house/broker/getBroker]}" onto public com.tenement.domain.common.Response<com.tenement.domain.dto.BrokerResp> com.tenement.api.controller.BrokerController.getBroker(javax.servlet.http.HttpServletRequest,com.tenement.domain.dto.BrokerExmple) throws com.tenement.domain.common.BusinessException
2020-05-13 19:04:50 -Mapped "{[/house/broker/updateBroker]}" onto public com.tenement.domain.common.Response com.tenement.api.controller.BrokerController.updateBroker(javax.servlet.http.HttpServletRequest,com.tenement.domain.po.Broker) throws com.tenement.domain.common.BusinessException
2020-05-13 19:04:50 -Mapped "{[/house/broker/deleteBroker]}" onto public com.tenement.domain.common.Response com.tenement.api.controller.BrokerController.deleteBroker(javax.servlet.http.HttpServletRequest,com.tenement.domain.dto.BrokerExmple) throws com.tenement.domain.common.BusinessException
2020-05-13 19:04:50 -Mapped "{[/house/room/index]}" onto public java.lang.String com.tenement.api.controller.HouseRoomController.index() throws java.lang.RuntimeException
2020-05-13 19:04:50 -Mapped "{[/house/room/listRoom]}" onto public com.tenement.domain.common.Response<com.github.pagehelper.PageInfo<com.tenement.domain.dto.RoomNewDetailsResp>> com.tenement.api.controller.HouseRoomController.listRoom(javax.servlet.http.HttpServletRequest,com.tenement.domain.dto.ListRoomDetailsReq) throws com.tenement.domain.common.BusinessException
2020-05-13 19:04:50 -Mapped "{[/house/room/addRoomDetails]}" onto public com.tenement.domain.common.Response<com.tenement.domain.dto.RespId> com.tenement.api.controller.HouseRoomController.addRoom(javax.servlet.http.HttpServletRequest,com.tenement.domain.dto.RoomNewDetailsReq) throws com.tenement.domain.common.BusinessException
2020-05-13 19:04:50 -Mapped "{[/house/room/getRoomBasicsType]}" onto public com.tenement.domain.common.Response<com.tenement.domain.dto.RoomBasicsTypeResp> com.tenement.api.controller.HouseRoomController.getRoomBasicsType() throws com.tenement.domain.common.BusinessException
2020-05-13 19:04:50 -Mapped "{[/house/room/getRoomNewDetails]}" onto public com.tenement.domain.common.Response<com.tenement.domain.dto.RoomNewDetailsResp> com.tenement.api.controller.HouseRoomController.getRoomNewDetails(javax.servlet.http.HttpServletRequest,com.tenement.domain.dto.GetRoomDetailsReq) throws com.tenement.domain.common.BusinessException
2020-05-13 19:04:50 -Mapped "{[/house/room/deleteNewRoom]}" onto public com.tenement.domain.common.Response com.tenement.api.controller.HouseRoomController.deleteNewRoom(javax.servlet.http.HttpServletRequest,com.tenement.domain.dto.GetRoomDetailsReq) throws com.tenement.domain.common.BusinessException
2020-05-13 19:04:50 -Mapped "{[/house/room/updateRoomNewDetails]}" onto public com.tenement.domain.common.Response com.tenement.api.controller.HouseRoomController.updateRoomNewDetails(javax.servlet.http.HttpServletRequest,com.tenement.domain.dto.RoomNewDetailsReq) throws com.tenement.domain.common.BusinessException
2020-05-13 19:04:50 -Mapped "{[/house/room/listGrabbleRoom]}" onto public com.tenement.domain.common.Response<com.github.pagehelper.PageInfo<com.tenement.domain.dto.RoomNewDetailsResp>> com.tenement.api.controller.HouseRoomController.listGrabbleRoom(javax.servlet.http.HttpServletRequest,com.tenement.domain.dto.ListGrabbleRoomReq)
2020-05-13 19:04:50 -Mapped "{[/house/room/listRoomTenementType]}" onto public com.tenement.domain.common.Response<java.util.List<com.tenement.domain.po.RoomTenementType>> com.tenement.api.controller.HouseRoomController.listRoomTenementType(javax.servlet.http.HttpServletRequest,com.tenement.domain.dto.ListRoomTenementTypeReq) throws com.tenement.domain.common.BusinessException
2020-05-13 19:04:50 -Mapped "{[/house/room/lisDistrict]}" onto public com.tenement.domain.common.Response<java.util.List<com.tenement.domain.po.District>> com.tenement.api.controller.HouseRoomController.lisDistrict(javax.servlet.http.HttpServletRequest,com.tenement.domain.dto.LisDistrictReq) throws com.tenement.domain.common.BusinessException
2020-05-13 19:04:50 -Mapped "{[/house/room/uploadFile]}" onto public com.tenement.domain.common.Response<com.tenement.domain.dto.UploadFileResp> com.tenement.api.controller.HouseRoomController.uploadFile(javax.servlet.http.HttpServletRequest,org.springframework.web.multipart.MultipartFile[]) throws com.tenement.domain.common.BusinessException
2020-05-13 19:04:50 -Mapped "{[/house/user/addUser]}" onto public com.tenement.domain.common.Response com.tenement.api.controller.UserController.addUser(com.tenement.domain.dto.UserLogin) throws com.tenement.domain.common.BusinessException
2020-05-13 19:04:50 -Mapped "{[/house/user/listMenu]}" onto public com.tenement.domain.common.Response<java.util.List<com.tenement.domain.po.SysMenu>> com.tenement.api.controller.UserController.getMenu(javax.servlet.http.HttpServletRequest) throws com.tenement.domain.common.BusinessException
2020-05-13 19:04:50 -Mapped "{[/house/user/login]}" onto public com.tenement.domain.common.Response com.tenement.api.controller.UserController.login(javax.servlet.http.HttpServletRequest,com.tenement.domain.dto.UserLogin) throws com.tenement.domain.common.BusinessException
2020-05-13 19:04:50 -Mapped "{[/house/user/logins]}" onto public com.tenement.domain.common.Response com.tenement.api.controller.UserController.logins(javax.servlet.http.HttpServletRequest)
2020-05-13 19:04:50 -Mapped "{[/house/comments/addComments]}" onto public com.tenement.domain.common.Response com.tenement.api.controller.commentsConntroller.addComments(javax.servlet.http.HttpServletRequest,com.tenement.domain.dto.CommentsReq) throws com.tenement.domain.common.BusinessException
2020-05-13 19:04:50 -Mapped "{[/house/comments/answerComments]}" onto public com.tenement.domain.common.Response com.tenement.api.controller.commentsConntroller.answerComments(javax.servlet.http.HttpServletRequest,com.tenement.domain.dto.CommentsReq) throws com.tenement.domain.common.BusinessException
2020-05-13 19:04:50 -Mapped "{[/house/comments/updateComments]}" onto public com.tenement.domain.common.Response com.tenement.api.controller.commentsConntroller.updateComments(javax.servlet.http.HttpServletRequest,com.tenement.domain.dto.CommentsReq) throws com.tenement.domain.common.BusinessException
2020-05-13 19:04:50 -Mapped "{[/house/comments/listComments]}" onto public com.tenement.domain.common.Response<com.github.pagehelper.PageInfo<com.tenement.domain.dto.CommentsResp>> com.tenement.api.controller.commentsConntroller.listComments(javax.servlet.http.HttpServletRequest,com.tenement.domain.dto.CommentsReq) throws com.tenement.domain.common.BusinessException
2020-05-13 19:04:50 -Mapped "{[/error]}" onto public org.springframework.http.ResponseEntity<java.util.Map<java.lang.String, java.lang.Object>> org.springframework.boot.autoconfigure.web.servlet.error.BasicErrorController.error(javax.servlet.http.HttpServletRequest)
2020-05-13 19:04:50 -Mapped "{[/error],produces=[text/html]}" onto public org.springframework.web.servlet.ModelAndView org.springframework.boot.autoconfigure.web.servlet.error.BasicErrorController.errorHtml(javax.servlet.http.HttpServletRequest,javax.servlet.http.HttpServletResponse)
2020-05-13 19:04:50 -Mapped URL path [/webjars/**] onto handler of type [class org.springframework.web.servlet.resource.ResourceHttpRequestHandler]
2020-05-13 19:04:50 -Mapped URL path [/**] onto handler of type [class org.springframework.web.servlet.resource.ResourceHttpRequestHandler]
2020-05-13 19:04:50 -Detected @ExceptionHandler methods in agbweappControllerAdvice
2020-05-13 19:04:50 -Detected @ExceptionHandler methods in bussinessExceptionHandler
2020-05-13 19:04:50 -Adding welcome page template: index
2020-05-13 19:04:50 -Registering beans for JMX exposure on startup
2020-05-13 19:04:50 -Bean with name 'dataSource' has been autodetected for JMX exposure
2020-05-13 19:04:50 -Located MBean 'dataSource': registering with JMX server as MBean [com.zaxxer.hikari:name=dataSource,type=HikariDataSource]
2020-05-13 19:04:50 -Starting ProtocolHandler ["http-nio-8080"]
2020-05-13 19:04:50 -Using a shared selector for servlet write/read
2020-05-13 19:04:50 -Tomcat started on port(s): 8080 (http) with context path ''
2020-05-13 19:04:50 -Started WebApplication in 3.495 seconds (JVM running for 4.039)
2020-05-13 19:05:20 -Initializing Spring FrameworkServlet 'dispatcherServlet'
2020-05-13 19:05:20 -FrameworkServlet 'dispatcherServlet': initialization started
2020-05-13 19:05:20 -FrameworkServlet 'dispatcherServlet': initialization completed in 20 ms
2020-05-13 19:05:24 -HikariPool-1 - Starting...
2020-05-13 19:05:27 -HikariPool-1 - Start completed.
2020-05-13 19:05:27 -==>  Preparing: select A.id, A.password, A.phone, A.true_name as trueName, A.user_name as userName, A.create_time as createTime, B.role_id as roleId from sys_user A inner join sys_user_role B on A.id=B.user_id where user_name = ? 
2020-05-13 19:05:27 -==> Parameters: admins(String)
2020-05-13 19:05:27 -<==      Total: 1
2020-05-13 19:06:06 -==>  Preparing: select A.id, A.password, A.phone, A.true_name as trueName, A.user_name as userName, A.create_time as createTime, B.role_id as roleId from sys_user A inner join sys_user_role B on A.id=B.user_id where user_name = ? 
2020-05-13 19:06:06 -==> Parameters: adminsd(String)
2020-05-13 19:06:06 -<==      Total: 0
2020-05-13 19:06:17 -==>  Preparing: select A.id, A.password, A.phone, A.true_name as trueName, A.user_name as userName, A.create_time as createTime, B.role_id as roleId from sys_user A inner join sys_user_role B on A.id=B.user_id where user_name = ? 
2020-05-13 19:06:17 -==> Parameters: adminsd(String)
2020-05-13 19:06:17 -<==      Total: 0
2020-05-13 19:06:40 -Closing org.springframework.boot.web.servlet.context.AnnotationConfigServletWebServerApplicationContext@6bca7e0d: startup date [Wed May 13 19:04:47 CST 2020]; root of context hierarchy
2020-05-13 19:06:40 -Unregistering JMX-exposed beans on shutdown
2020-05-13 19:06:40 -Unregistering JMX-exposed beans
2020-05-13 19:06:40 -HikariPool-1 - Shutdown initiated...
2020-05-13 19:06:40 -HikariPool-1 - Shutdown completed.
