2020-04-09 11:02:52 -Starting WebApplication on xuzhoudeMacBook-Pro.local with PID 18213 (/Users/xuzhou/IdeaProjects/tenement/tenement-api/target/classes started by xuzhou in /Users/xuzhou/IdeaProjects/tenement)
2020-04-09 11:02:52 -No active profile set, falling back to default profiles: default
2020-04-09 11:02:52 -Refreshing org.springframework.boot.web.servlet.context.AnnotationConfigServletWebServerApplicationContext@5a3bc7ed: startup date [Thu Apr 09 11:02:52 CST 2020]; root of context hierarchy
2020-04-09 11:02:54 -Tomcat initialized with port(s): 8080 (http)
2020-04-09 11:02:54 -Initializing ProtocolHandler ["http-nio-8080"]
2020-04-09 11:02:54 -Starting service [Tomcat]
2020-04-09 11:02:54 -Starting Servlet Engine: Apache Tomcat/8.5.34
2020-04-09 11:02:54 -The APR based Apache Tomcat Native library which allows optimal performance in production environments was not found on the java.library.path: [/Users/xuzhou/Library/Java/Extensions:/Library/Java/Extensions:/Network/Library/Java/Extensions:/System/Library/Java/Extensions:/usr/lib/java:.]
2020-04-09 11:02:54 -Initializing Spring embedded WebApplicationContext
2020-04-09 11:02:54 -Root WebApplicationContext: initialization completed in 1323 ms
2020-04-09 11:02:54 -Servlet dispatcherServlet mapped to [/]
2020-04-09 11:02:54 -Mapping filter: 'characterEncodingFilter' to: [/*]
2020-04-09 11:02:54 -Mapping filter: 'hiddenHttpMethodFilter' to: [/*]
2020-04-09 11:02:54 -Mapping filter: 'httpPutFormContentFilter' to: [/*]
2020-04-09 11:02:54 -Mapping filter: 'requestContextFilter' to: [/*]
2020-04-09 11:02:54 -Mapped URL path [/**/favicon.ico] onto handler of type [class org.springframework.web.servlet.resource.ResourceHttpRequestHandler]
2020-04-09 11:02:55 -Looking for @ControllerAdvice: org.springframework.boot.web.servlet.context.AnnotationConfigServletWebServerApplicationContext@5a3bc7ed: startup date [Thu Apr 09 11:02:52 CST 2020]; root of context hierarchy
2020-04-09 11:02:55 -Mapped "{[/house/broker/addBroker]}" onto public com.tenement.domain.common.Response<com.tenement.domain.dto.RespId> com.tenement.api.controller.BrokerController.addBroker(com.tenement.domain.dto.BrokerReq,javax.servlet.http.HttpServletRequest) throws com.tenement.domain.common.BusinessException
2020-04-09 11:02:55 -Mapped "{[/house/broker/listBroker]}" onto public com.tenement.domain.common.Response<com.github.pagehelper.PageInfo<com.tenement.domain.dto.BrokerResp>> com.tenement.api.controller.BrokerController.listBroker(com.tenement.domain.dto.BrokerExmple) throws com.tenement.domain.common.BusinessException
2020-04-09 11:02:55 -Mapped "{[/house/broker/getBroker]}" onto public com.tenement.domain.common.Response<com.tenement.domain.dto.BrokerResp> com.tenement.api.controller.BrokerController.getBroker(com.tenement.domain.dto.BrokerExmple) throws com.tenement.domain.common.BusinessException
2020-04-09 11:02:55 -Mapped "{[/house/broker/updateBroker]}" onto public com.tenement.domain.common.Response com.tenement.api.controller.BrokerController.updateBroker(com.tenement.domain.po.Broker) throws com.tenement.domain.common.BusinessException
2020-04-09 11:02:55 -Mapped "{[/house/broker/deleteBroker]}" onto public com.tenement.domain.common.Response com.tenement.api.controller.BrokerController.deleteBroker(com.tenement.domain.dto.BrokerExmple) throws com.tenement.domain.common.BusinessException
2020-04-09 11:02:55 -Mapped "{[/house/room/index]}" onto public java.lang.String com.tenement.api.controller.HouseRoomController.index() throws java.lang.RuntimeException
2020-04-09 11:02:55 -Mapped "{[/house/room/listRoom]}" onto public com.tenement.domain.common.Response<com.github.pagehelper.PageInfo<com.tenement.domain.dto.RoomNewDetailsResp>> com.tenement.api.controller.HouseRoomController.listRoom(com.tenement.domain.dto.ListRoomDetailsReq) throws com.tenement.domain.common.BusinessException
2020-04-09 11:02:55 -Mapped "{[/house/room/addRoomDetails]}" onto public com.tenement.domain.common.Response<com.tenement.domain.dto.RespId> com.tenement.api.controller.HouseRoomController.addRoom(com.tenement.domain.dto.RoomNewDetailsReq,javax.servlet.http.HttpServletRequest) throws com.tenement.domain.common.BusinessException
2020-04-09 11:02:55 -Mapped "{[/house/room/getRoomBasicsType]}" onto public com.tenement.domain.common.Response<com.tenement.domain.dto.RoomBasicsTypeResp> com.tenement.api.controller.HouseRoomController.getRoomBasicsType() throws com.tenement.domain.common.BusinessException
2020-04-09 11:02:55 -Mapped "{[/house/room/getRoomNewDetails]}" onto public com.tenement.domain.common.Response<com.tenement.domain.dto.RoomNewDetailsResp> com.tenement.api.controller.HouseRoomController.getRoomNewDetails(com.tenement.domain.dto.GetRoomDetailsReq) throws com.tenement.domain.common.BusinessException
2020-04-09 11:02:55 -Mapped "{[/house/room/deleteNewRoom]}" onto public com.tenement.domain.common.Response com.tenement.api.controller.HouseRoomController.deleteNewRoom(com.tenement.domain.dto.GetRoomDetailsReq) throws com.tenement.domain.common.BusinessException
2020-04-09 11:02:55 -Mapped "{[/house/room/updateRoomNewDetails]}" onto public com.tenement.domain.common.Response com.tenement.api.controller.HouseRoomController.updateRoomNewDetails(com.tenement.domain.dto.RoomNewDetailsReq) throws com.tenement.domain.common.BusinessException
2020-04-09 11:02:55 -Mapped "{[/house/room/listGrabbleRoom]}" onto public com.tenement.domain.common.Response<com.github.pagehelper.PageInfo<com.tenement.domain.vo.RoomDetailsInfo>> com.tenement.api.controller.HouseRoomController.listGrabbleRoom(com.tenement.domain.dto.ListGrabbleRoomReq)
2020-04-09 11:02:55 -Mapped "{[/house/room/listRoomTenementType]}" onto public com.tenement.domain.common.Response<java.util.List<com.tenement.domain.po.RoomTenementType>> com.tenement.api.controller.HouseRoomController.listRoomTenementType(com.tenement.domain.dto.ListRoomTenementTypeReq) throws com.tenement.domain.common.BusinessException
2020-04-09 11:02:55 -Mapped "{[/house/room/lisDistrict]}" onto public com.tenement.domain.common.Response<java.util.List<com.tenement.domain.po.District>> com.tenement.api.controller.HouseRoomController.lisDistrict(com.tenement.domain.dto.LisDistrictReq) throws com.tenement.domain.common.BusinessException
2020-04-09 11:02:55 -Mapped "{[/house/room/uploadFile]}" onto public com.tenement.domain.common.Response<com.tenement.domain.dto.UploadFileResp> com.tenement.api.controller.HouseRoomController.uploadFile(org.springframework.web.multipart.MultipartFile[]) throws com.tenement.domain.common.BusinessException
2020-04-09 11:02:55 -Mapped "{[/house/user/logins]}" onto public com.tenement.domain.common.Response com.tenement.api.controller.UserController.logins(javax.servlet.http.HttpServletRequest)
2020-04-09 11:02:55 -Mapped "{[/house/user/login]}" onto public com.tenement.domain.common.Response com.tenement.api.controller.UserController.login(com.tenement.domain.dto.UserLogin,javax.servlet.http.HttpServletRequest) throws com.tenement.domain.common.BusinessException
2020-04-09 11:02:55 -Mapped "{[/house/user/listMenu]}" onto public com.tenement.domain.common.Response<java.util.List<com.tenement.domain.po.SysMenu>> com.tenement.api.controller.UserController.getMenu(javax.servlet.http.HttpServletRequest) throws com.tenement.domain.common.BusinessException
2020-04-09 11:02:55 -Mapped "{[/house/user/addUser]}" onto public com.tenement.domain.common.Response com.tenement.api.controller.UserController.addUser(com.tenement.domain.dto.UserLogin) throws com.tenement.domain.common.BusinessException
2020-04-09 11:02:55 -Mapped "{[/house/comments/addComments]}" onto public com.tenement.domain.common.Response com.tenement.api.controller.commentsConntroller.addComments(javax.servlet.http.HttpServletRequest,com.tenement.domain.dto.CommentsReq) throws com.tenement.domain.common.BusinessException
2020-04-09 11:02:55 -Mapped "{[/house/comments/answerComments]}" onto public com.tenement.domain.common.Response com.tenement.api.controller.commentsConntroller.answerComments(javax.servlet.http.HttpServletRequest,com.tenement.domain.dto.CommentsReq) throws com.tenement.domain.common.BusinessException
2020-04-09 11:02:55 -Mapped "{[/house/comments/updateComments]}" onto public com.tenement.domain.common.Response com.tenement.api.controller.commentsConntroller.updateComments(javax.servlet.http.HttpServletRequest,com.tenement.domain.dto.CommentsReq) throws com.tenement.domain.common.BusinessException
2020-04-09 11:02:55 -Mapped "{[/house/comments/listComments]}" onto public com.tenement.domain.common.Response<com.github.pagehelper.PageInfo<com.tenement.domain.dto.CommentsResp>> com.tenement.api.controller.commentsConntroller.listComments(javax.servlet.http.HttpServletRequest,com.tenement.domain.dto.CommentsReq) throws com.tenement.domain.common.BusinessException
2020-04-09 11:02:55 -Mapped "{[/error]}" onto public org.springframework.http.ResponseEntity<java.util.Map<java.lang.String, java.lang.Object>> org.springframework.boot.autoconfigure.web.servlet.error.BasicErrorController.error(javax.servlet.http.HttpServletRequest)
2020-04-09 11:02:55 -Mapped "{[/error],produces=[text/html]}" onto public org.springframework.web.servlet.ModelAndView org.springframework.boot.autoconfigure.web.servlet.error.BasicErrorController.errorHtml(javax.servlet.http.HttpServletRequest,javax.servlet.http.HttpServletResponse)
2020-04-09 11:02:55 -Mapped URL path [/webjars/**] onto handler of type [class org.springframework.web.servlet.resource.ResourceHttpRequestHandler]
2020-04-09 11:02:55 -Mapped URL path [/**] onto handler of type [class org.springframework.web.servlet.resource.ResourceHttpRequestHandler]
2020-04-09 11:02:55 -Detected @ExceptionHandler methods in bussinessExceptionHandler
2020-04-09 11:02:55 -Adding welcome page template: index
2020-04-09 11:02:55 -Registering beans for JMX exposure on startup
2020-04-09 11:02:55 -Bean with name 'dataSource' has been autodetected for JMX exposure
2020-04-09 11:02:55 -Located MBean 'dataSource': registering with JMX server as MBean [com.zaxxer.hikari:name=dataSource,type=HikariDataSource]
2020-04-09 11:02:55 -Starting ProtocolHandler ["http-nio-8080"]
2020-04-09 11:02:55 -Using a shared selector for servlet write/read
2020-04-09 11:02:55 -Tomcat started on port(s): 8080 (http) with context path ''
2020-04-09 11:02:55 -Started WebApplication in 3.201 seconds (JVM running for 3.724)
2020-04-09 11:03:19 -Initializing Spring FrameworkServlet 'dispatcherServlet'
2020-04-09 11:03:19 -FrameworkServlet 'dispatcherServlet': initialization started
2020-04-09 11:03:19 -FrameworkServlet 'dispatcherServlet': initialization completed in 17 ms
2020-04-09 11:03:22 -HikariPool-1 - Starting...
2020-04-09 11:03:23 -HikariPool-1 - Start completed.
2020-04-09 11:03:23 -==>  Preparing: SELECT count(0) FROM room_new_details 
2020-04-09 11:03:23 -==> Parameters: 
2020-04-09 11:03:23 -<==      Total: 1
2020-04-09 11:03:23 -==>  Preparing: select id, name, title, img, management_type, address, build_area, status, telephone, metro_yn, school_yn, elevator_yn, safety_yn, traffic_yn, business_yn, house_style, build_date, sale_date, finished_date, housestyle_style, finish_type, districtId, heating_tyte, house_price, equity_time, price_total, userId, creatime, delete_yn,house_area,broker_id,swiper_photo,house_style_photo,homePage,hotRecommend,guessLike from room_new_details LIMIT ? 
2020-04-09 11:03:23 -==> Parameters: 10(Integer)
2020-04-09 11:03:24 -<==      Total: 10
2020-04-09 11:03:24 -Trying to find Dozer configuration file: dozer.properties
2020-04-09 11:03:24 -Dozer configuration file not found: dozer.properties.  Using defaults for all Dozer global properties.
2020-04-09 11:03:24 -Initializing Dozer. Version: 5.4.0, Thread Name: http-nio-8080-exec-1
2020-04-09 11:03:24 -Dozer JMX MBean [org.dozer.jmx:type=DozerStatisticsController] auto registered with the Platform MBean Server
2020-04-09 11:03:24 -Dozer JMX MBean [org.dozer.jmx:type=DozerAdminController] auto registered with the Platform MBean Server
2020-04-09 11:03:24 -Initializing a new instance of dozer bean mapper.
2020-04-09 11:03:24 -Using the following xml files to load custom mappings for the bean mapper instance: [bean.xml]
2020-04-09 11:03:24 -Trying to find xml mapping file: bean.xml
2020-04-09 11:03:24 -Using URL [file:/Users/xuzhou/IdeaProjects/tenement/tenement-api/target/classes/bean.xml] to load custom xml mappings
2020-04-09 11:03:24 -Successfully loaded custom xml mappings from URL: [file:/Users/xuzhou/IdeaProjects/tenement/tenement-api/target/classes/bean.xml]
2020-04-09 11:04:16 -==>  Preparing: SELECT count(0) FROM room_new_details WHERE homePage = ? AND hotRecommend = ? AND guessLike = ? 
2020-04-09 11:04:16 -==> Parameters: 1(Integer), 1(Integer), 1(Integer)
2020-04-09 11:04:16 -<==      Total: 1
2020-04-09 11:04:16 -==>  Preparing: select id, name, title, img, management_type, address, build_area, status, telephone, metro_yn, school_yn, elevator_yn, safety_yn, traffic_yn, business_yn, house_style, build_date, sale_date, finished_date, housestyle_style, finish_type, districtId, heating_tyte, house_price, equity_time, price_total, userId, creatime, delete_yn,house_area,broker_id,swiper_photo,house_style_photo,homePage,hotRecommend,guessLike from room_new_details WHERE homePage=? and hotRecommend=? and guessLike=? LIMIT ? 
2020-04-09 11:04:16 -==> Parameters: 1(Integer), 1(Integer), 1(Integer), 10(Integer)
2020-04-09 11:04:16 -<==      Total: 2
2020-04-09 11:04:32 -Closing org.springframework.boot.web.servlet.context.AnnotationConfigServletWebServerApplicationContext@5a3bc7ed: startup date [Thu Apr 09 11:02:52 CST 2020]; root of context hierarchy
2020-04-09 11:04:32 -Unregistering JMX-exposed beans on shutdown
2020-04-09 11:04:32 -Unregistering JMX-exposed beans
2020-04-09 11:04:32 -HikariPool-1 - Shutdown initiated...
2020-04-09 11:04:32 -HikariPool-1 - Shutdown completed.
2020-04-09 20:03:03 -Starting WebApplication on bogon with PID 48917 (/Users/xuzhou/IdeaProjects/tenement/tenement-api/target/classes started by xuzhou in /Users/xuzhou/IdeaProjects/tenement)
2020-04-09 20:03:03 -No active profile set, falling back to default profiles: default
2020-04-09 20:03:03 -Refreshing org.springframework.boot.web.servlet.context.AnnotationConfigServletWebServerApplicationContext@5a1de7fb: startup date [Thu Apr 09 20:03:03 CST 2020]; root of context hierarchy
2020-04-09 20:03:04 -Tomcat initialized with port(s): 8080 (http)
2020-04-09 20:03:04 -Initializing ProtocolHandler ["http-nio-8080"]
2020-04-09 20:03:04 -Starting service [Tomcat]
2020-04-09 20:03:04 -Starting Servlet Engine: Apache Tomcat/8.5.34
2020-04-09 20:03:04 -The APR based Apache Tomcat Native library which allows optimal performance in production environments was not found on the java.library.path: [/Users/xuzhou/Library/Java/Extensions:/Library/Java/Extensions:/Network/Library/Java/Extensions:/System/Library/Java/Extensions:/usr/lib/java:.]
2020-04-09 20:03:04 -Initializing Spring embedded WebApplicationContext
2020-04-09 20:03:04 -Root WebApplicationContext: initialization completed in 1226 ms
2020-04-09 20:03:04 -Servlet dispatcherServlet mapped to [/]
2020-04-09 20:03:04 -Mapping filter: 'characterEncodingFilter' to: [/*]
2020-04-09 20:03:04 -Mapping filter: 'hiddenHttpMethodFilter' to: [/*]
2020-04-09 20:03:04 -Mapping filter: 'httpPutFormContentFilter' to: [/*]
2020-04-09 20:03:04 -Mapping filter: 'requestContextFilter' to: [/*]
2020-04-09 20:03:05 -Mapped URL path [/**/favicon.ico] onto handler of type [class org.springframework.web.servlet.resource.ResourceHttpRequestHandler]
2020-04-09 20:03:05 -Looking for @ControllerAdvice: org.springframework.boot.web.servlet.context.AnnotationConfigServletWebServerApplicationContext@5a1de7fb: startup date [Thu Apr 09 20:03:03 CST 2020]; root of context hierarchy
2020-04-09 20:03:05 -Mapped "{[/house/broker/addBroker]}" onto public com.tenement.domain.common.Response<com.tenement.domain.dto.RespId> com.tenement.api.controller.BrokerController.addBroker(com.tenement.domain.dto.BrokerReq,javax.servlet.http.HttpServletRequest) throws com.tenement.domain.common.BusinessException
2020-04-09 20:03:05 -Mapped "{[/house/broker/listBroker]}" onto public com.tenement.domain.common.Response<com.github.pagehelper.PageInfo<com.tenement.domain.dto.BrokerResp>> com.tenement.api.controller.BrokerController.listBroker(com.tenement.domain.dto.BrokerExmple) throws com.tenement.domain.common.BusinessException
2020-04-09 20:03:05 -Mapped "{[/house/broker/getBroker]}" onto public com.tenement.domain.common.Response<com.tenement.domain.dto.BrokerResp> com.tenement.api.controller.BrokerController.getBroker(com.tenement.domain.dto.BrokerExmple) throws com.tenement.domain.common.BusinessException
2020-04-09 20:03:05 -Mapped "{[/house/broker/updateBroker]}" onto public com.tenement.domain.common.Response com.tenement.api.controller.BrokerController.updateBroker(com.tenement.domain.po.Broker) throws com.tenement.domain.common.BusinessException
2020-04-09 20:03:05 -Mapped "{[/house/broker/deleteBroker]}" onto public com.tenement.domain.common.Response com.tenement.api.controller.BrokerController.deleteBroker(com.tenement.domain.dto.BrokerExmple) throws com.tenement.domain.common.BusinessException
2020-04-09 20:03:05 -Mapped "{[/house/room/index]}" onto public java.lang.String com.tenement.api.controller.HouseRoomController.index() throws java.lang.RuntimeException
2020-04-09 20:03:05 -Mapped "{[/house/room/listRoom]}" onto public com.tenement.domain.common.Response<com.github.pagehelper.PageInfo<com.tenement.domain.dto.RoomNewDetailsResp>> com.tenement.api.controller.HouseRoomController.listRoom(com.tenement.domain.dto.ListRoomDetailsReq) throws com.tenement.domain.common.BusinessException
2020-04-09 20:03:05 -Mapped "{[/house/room/addRoomDetails]}" onto public com.tenement.domain.common.Response<com.tenement.domain.dto.RespId> com.tenement.api.controller.HouseRoomController.addRoom(com.tenement.domain.dto.RoomNewDetailsReq,javax.servlet.http.HttpServletRequest) throws com.tenement.domain.common.BusinessException
2020-04-09 20:03:05 -Mapped "{[/house/room/getRoomBasicsType]}" onto public com.tenement.domain.common.Response<com.tenement.domain.dto.RoomBasicsTypeResp> com.tenement.api.controller.HouseRoomController.getRoomBasicsType() throws com.tenement.domain.common.BusinessException
2020-04-09 20:03:05 -Mapped "{[/house/room/getRoomNewDetails]}" onto public com.tenement.domain.common.Response<com.tenement.domain.dto.RoomNewDetailsResp> com.tenement.api.controller.HouseRoomController.getRoomNewDetails(com.tenement.domain.dto.GetRoomDetailsReq) throws com.tenement.domain.common.BusinessException
2020-04-09 20:03:05 -Mapped "{[/house/room/deleteNewRoom]}" onto public com.tenement.domain.common.Response com.tenement.api.controller.HouseRoomController.deleteNewRoom(com.tenement.domain.dto.GetRoomDetailsReq) throws com.tenement.domain.common.BusinessException
2020-04-09 20:03:05 -Mapped "{[/house/room/updateRoomNewDetails]}" onto public com.tenement.domain.common.Response com.tenement.api.controller.HouseRoomController.updateRoomNewDetails(com.tenement.domain.dto.RoomNewDetailsReq) throws com.tenement.domain.common.BusinessException
2020-04-09 20:03:05 -Mapped "{[/house/room/listGrabbleRoom]}" onto public com.tenement.domain.common.Response<com.github.pagehelper.PageInfo<com.tenement.domain.vo.RoomDetailsInfo>> com.tenement.api.controller.HouseRoomController.listGrabbleRoom(com.tenement.domain.dto.ListGrabbleRoomReq)
2020-04-09 20:03:05 -Mapped "{[/house/room/listRoomTenementType]}" onto public com.tenement.domain.common.Response<java.util.List<com.tenement.domain.po.RoomTenementType>> com.tenement.api.controller.HouseRoomController.listRoomTenementType(com.tenement.domain.dto.ListRoomTenementTypeReq) throws com.tenement.domain.common.BusinessException
2020-04-09 20:03:05 -Mapped "{[/house/room/lisDistrict]}" onto public com.tenement.domain.common.Response<java.util.List<com.tenement.domain.po.District>> com.tenement.api.controller.HouseRoomController.lisDistrict(com.tenement.domain.dto.LisDistrictReq) throws com.tenement.domain.common.BusinessException
2020-04-09 20:03:05 -Mapped "{[/house/room/uploadFile]}" onto public com.tenement.domain.common.Response<com.tenement.domain.dto.UploadFileResp> com.tenement.api.controller.HouseRoomController.uploadFile(org.springframework.web.multipart.MultipartFile[]) throws com.tenement.domain.common.BusinessException
2020-04-09 20:03:05 -Mapped "{[/house/user/addUser]}" onto public com.tenement.domain.common.Response com.tenement.api.controller.UserController.addUser(com.tenement.domain.dto.UserLogin) throws com.tenement.domain.common.BusinessException
2020-04-09 20:03:05 -Mapped "{[/house/user/login]}" onto public com.tenement.domain.common.Response com.tenement.api.controller.UserController.login(com.tenement.domain.dto.UserLogin,javax.servlet.http.HttpServletRequest) throws com.tenement.domain.common.BusinessException
2020-04-09 20:03:05 -Mapped "{[/house/user/listMenu]}" onto public com.tenement.domain.common.Response<java.util.List<com.tenement.domain.po.SysMenu>> com.tenement.api.controller.UserController.getMenu(javax.servlet.http.HttpServletRequest) throws com.tenement.domain.common.BusinessException
2020-04-09 20:03:05 -Mapped "{[/house/user/logins]}" onto public com.tenement.domain.common.Response com.tenement.api.controller.UserController.logins(javax.servlet.http.HttpServletRequest)
2020-04-09 20:03:05 -Mapped "{[/house/comments/addComments]}" onto public com.tenement.domain.common.Response com.tenement.api.controller.commentsConntroller.addComments(javax.servlet.http.HttpServletRequest,com.tenement.domain.dto.CommentsReq) throws com.tenement.domain.common.BusinessException
2020-04-09 20:03:05 -Mapped "{[/house/comments/answerComments]}" onto public com.tenement.domain.common.Response com.tenement.api.controller.commentsConntroller.answerComments(javax.servlet.http.HttpServletRequest,com.tenement.domain.dto.CommentsReq) throws com.tenement.domain.common.BusinessException
2020-04-09 20:03:05 -Mapped "{[/house/comments/updateComments]}" onto public com.tenement.domain.common.Response com.tenement.api.controller.commentsConntroller.updateComments(javax.servlet.http.HttpServletRequest,com.tenement.domain.dto.CommentsReq) throws com.tenement.domain.common.BusinessException
2020-04-09 20:03:05 -Mapped "{[/house/comments/listComments]}" onto public com.tenement.domain.common.Response<com.github.pagehelper.PageInfo<com.tenement.domain.dto.CommentsResp>> com.tenement.api.controller.commentsConntroller.listComments(javax.servlet.http.HttpServletRequest,com.tenement.domain.dto.CommentsReq) throws com.tenement.domain.common.BusinessException
2020-04-09 20:03:05 -Mapped "{[/error]}" onto public org.springframework.http.ResponseEntity<java.util.Map<java.lang.String, java.lang.Object>> org.springframework.boot.autoconfigure.web.servlet.error.BasicErrorController.error(javax.servlet.http.HttpServletRequest)
2020-04-09 20:03:05 -Mapped "{[/error],produces=[text/html]}" onto public org.springframework.web.servlet.ModelAndView org.springframework.boot.autoconfigure.web.servlet.error.BasicErrorController.errorHtml(javax.servlet.http.HttpServletRequest,javax.servlet.http.HttpServletResponse)
2020-04-09 20:03:05 -Mapped URL path [/webjars/**] onto handler of type [class org.springframework.web.servlet.resource.ResourceHttpRequestHandler]
2020-04-09 20:03:05 -Mapped URL path [/**] onto handler of type [class org.springframework.web.servlet.resource.ResourceHttpRequestHandler]
2020-04-09 20:03:05 -Detected @ExceptionHandler methods in bussinessExceptionHandler
2020-04-09 20:03:05 -Adding welcome page template: index
2020-04-09 20:03:05 -Registering beans for JMX exposure on startup
2020-04-09 20:03:05 -Bean with name 'dataSource' has been autodetected for JMX exposure
2020-04-09 20:03:05 -Located MBean 'dataSource': registering with JMX server as MBean [com.zaxxer.hikari:name=dataSource,type=HikariDataSource]
2020-04-09 20:03:05 -Starting ProtocolHandler ["http-nio-8080"]
2020-04-09 20:03:05 -Using a shared selector for servlet write/read
2020-04-09 20:03:05 -Tomcat started on port(s): 8080 (http) with context path ''
2020-04-09 20:03:05 -Started WebApplication in 3.037 seconds (JVM running for 3.592)
2020-04-09 20:04:00 -Initializing Spring FrameworkServlet 'dispatcherServlet'
2020-04-09 20:04:00 -FrameworkServlet 'dispatcherServlet': initialization started
2020-04-09 20:04:00 -FrameworkServlet 'dispatcherServlet': initialization completed in 18 ms
2020-04-09 20:04:37 -Resolved [com.tenement.domain.common.BusinessException: biz exception([4,-1]请先登陆用户！)]
2020-04-09 20:05:13 -HikariPool-1 - Starting...
2020-04-09 20:05:14 -HikariPool-1 - Start completed.
2020-04-09 20:05:14 -==>  Preparing: select A.id, A.password, A.phone, A.true_name as trueName, A.user_name as userName, A.create_time as createTime, B.role_id as roleId from sys_user A inner join sys_user_role B on A.id=B.user_id where user_name = ? 
2020-04-09 20:05:14 -==> Parameters: admin(String)
2020-04-09 20:05:14 -<==      Total: 1
2020-04-09 20:05:27 -Trying to find Dozer configuration file: dozer.properties
2020-04-09 20:05:27 -Dozer configuration file not found: dozer.properties.  Using defaults for all Dozer global properties.
2020-04-09 20:05:27 -Initializing Dozer. Version: 5.4.0, Thread Name: http-nio-8080-exec-4
2020-04-09 20:05:27 -Dozer JMX MBean [org.dozer.jmx:type=DozerStatisticsController] auto registered with the Platform MBean Server
2020-04-09 20:05:27 -Dozer JMX MBean [org.dozer.jmx:type=DozerAdminController] auto registered with the Platform MBean Server
2020-04-09 20:05:27 -Initializing a new instance of dozer bean mapper.
2020-04-09 20:05:27 -Using the following xml files to load custom mappings for the bean mapper instance: [bean.xml]
2020-04-09 20:05:27 -Trying to find xml mapping file: bean.xml
2020-04-09 20:05:27 -Using URL [file:/Users/xuzhou/IdeaProjects/tenement/tenement-api/target/classes/bean.xml] to load custom xml mappings
2020-04-09 20:05:27 -Successfully loaded custom xml mappings from URL: [file:/Users/xuzhou/IdeaProjects/tenement/tenement-api/target/classes/bean.xml]
2020-04-09 20:05:28 -==>  Preparing: insert into comments ( uid, newhouseid, content, createtime, usernmae ) values ( ?, ?, ?, ?, ? ) 
2020-04-09 20:05:28 -==> Parameters: 1(Integer), 1(Integer), dfafafda(String), 2020-04-09 20:05:28.033(Timestamp), 赵佳涛(String)
2020-04-09 20:05:28 -<==    Updates: 1
2020-04-09 20:07:36 -==>  Preparing: update comments SET answeruid = ?, answertime = ?, answercontent = ?, ? where id = ? 
2020-04-09 20:07:36 -==> Parameters: 1(Integer), 2020-04-09 20:07:36.174(Timestamp), adfadfaf(String), 赵佳涛(String), 2(Integer)
2020-04-09 20:07:36 -Loading XML bean definitions from class path resource [org/springframework/jdbc/support/sql-error-codes.xml]
2020-04-09 20:07:36 -java.lang.ClassCastException: org.springframework.jdbc.BadSqlGrammarException cannot be cast to com.tenement.domain.common.BusinessException
2020-04-09 20:07:36 -Resolved [org.springframework.jdbc.BadSqlGrammarException: 
### Error updating database.  Cause: com.mysql.jdbc.exceptions.jdbc4.MySQLSyntaxErrorException: You have an error in your SQL syntax; check the manual that corresponds to your MySQL server version for the right syntax to use near ''赵佳涛' 
    where id = 2' at line 13
### The error may involve com.tenement.dao.mapper.CommentsMapper.updateByPrimaryKeySelective-Inline
### The error occurred while setting parameters
### SQL: update comments      SET answeruid = ?,                       answertime = ?,                       answercontent = ?,                                     ?      where id = ?
### Cause: com.mysql.jdbc.exceptions.jdbc4.MySQLSyntaxErrorException: You have an error in your SQL syntax; check the manual that corresponds to your MySQL server version for the right syntax to use near ''赵佳涛' 
    where id = 2' at line 13
; bad SQL grammar []; nested exception is com.mysql.jdbc.exceptions.jdbc4.MySQLSyntaxErrorException: You have an error in your SQL syntax; check the manual that corresponds to your MySQL server version for the right syntax to use near ''赵佳涛' 
    where id = 2' at line 13]
2020-04-09 20:07:51 -==>  Preparing: update comments SET answeruid = ?, answertime = ?, answercontent = ?, ? where id = ? 
2020-04-09 20:07:51 -==> Parameters: 1(Integer), 2020-04-09 20:07:50.118(Timestamp), adfadfaf(String), 赵佳涛(String), 2(Integer)
2020-04-09 20:07:53 -java.lang.ClassCastException: org.springframework.jdbc.BadSqlGrammarException cannot be cast to com.tenement.domain.common.BusinessException
2020-04-09 20:07:53 -Resolved [org.springframework.jdbc.BadSqlGrammarException: 
### Error updating database.  Cause: com.mysql.jdbc.exceptions.jdbc4.MySQLSyntaxErrorException: You have an error in your SQL syntax; check the manual that corresponds to your MySQL server version for the right syntax to use near ''赵佳涛' 
    where id = 2' at line 13
### The error may involve com.tenement.dao.mapper.CommentsMapper.updateByPrimaryKeySelective-Inline
### The error occurred while setting parameters
### SQL: update comments      SET answeruid = ?,                       answertime = ?,                       answercontent = ?,                                     ?      where id = ?
### Cause: com.mysql.jdbc.exceptions.jdbc4.MySQLSyntaxErrorException: You have an error in your SQL syntax; check the manual that corresponds to your MySQL server version for the right syntax to use near ''赵佳涛' 
    where id = 2' at line 13
; bad SQL grammar []; nested exception is com.mysql.jdbc.exceptions.jdbc4.MySQLSyntaxErrorException: You have an error in your SQL syntax; check the manual that corresponds to your MySQL server version for the right syntax to use near ''赵佳涛' 
    where id = 2' at line 13]
2020-04-09 20:08:58 -==>  Preparing: update comments SET answeruid = ?, answertime = ?, answercontent = ?, ? where id = ? 
2020-04-09 20:08:58 -==> Parameters: 1(Integer), 2020-04-09 20:08:46.173(Timestamp), adfadfaf(String), 赵佳涛(String), 2(Integer)
2020-04-09 20:09:00 -java.lang.ClassCastException: org.springframework.jdbc.BadSqlGrammarException cannot be cast to com.tenement.domain.common.BusinessException
2020-04-09 20:09:00 -Resolved [org.springframework.jdbc.BadSqlGrammarException: 
### Error updating database.  Cause: com.mysql.jdbc.exceptions.jdbc4.MySQLSyntaxErrorException: You have an error in your SQL syntax; check the manual that corresponds to your MySQL server version for the right syntax to use near ''赵佳涛' 
    where id = 2' at line 13
### The error may involve com.tenement.dao.mapper.CommentsMapper.updateByPrimaryKeySelective-Inline
### The error occurred while setting parameters
### SQL: update comments      SET answeruid = ?,                       answertime = ?,                       answercontent = ?,                                     ?      where id = ?
### Cause: com.mysql.jdbc.exceptions.jdbc4.MySQLSyntaxErrorException: You have an error in your SQL syntax; check the manual that corresponds to your MySQL server version for the right syntax to use near ''赵佳涛' 
    where id = 2' at line 13
; bad SQL grammar []; nested exception is com.mysql.jdbc.exceptions.jdbc4.MySQLSyntaxErrorException: You have an error in your SQL syntax; check the manual that corresponds to your MySQL server version for the right syntax to use near ''赵佳涛' 
    where id = 2' at line 13]
2020-04-09 20:10:23 -Closing org.springframework.boot.web.servlet.context.AnnotationConfigServletWebServerApplicationContext@5a1de7fb: startup date [Thu Apr 09 20:03:03 CST 2020]; root of context hierarchy
2020-04-09 20:10:23 -Unregistering JMX-exposed beans on shutdown
2020-04-09 20:10:23 -Unregistering JMX-exposed beans
2020-04-09 20:10:23 -HikariPool-1 - Shutdown initiated...
2020-04-09 20:10:23 -HikariPool-1 - Shutdown completed.
2020-04-09 20:10:27 -Loaded expression factory via original TCCL
2020-04-09 20:10:27 -Starting WebApplication on bogon with PID 49375 (/Users/xuzhou/IdeaProjects/tenement/tenement-api/target/classes started by xuzhou in /Users/xuzhou/IdeaProjects/tenement)
2020-04-09 20:10:27 -No active profile set, falling back to default profiles: default
2020-04-09 20:10:27 -Refreshing org.springframework.boot.web.servlet.context.AnnotationConfigServletWebServerApplicationContext@73d983ea: startup date [Thu Apr 09 20:10:27 CST 2020]; root of context hierarchy
2020-04-09 20:10:28 -Tomcat initialized with port(s): 8080 (http)
2020-04-09 20:10:28 -Initializing ProtocolHandler ["http-nio-8080"]
2020-04-09 20:10:28 -Starting service [Tomcat]
2020-04-09 20:10:28 -Starting Servlet Engine: Apache Tomcat/8.5.34
2020-04-09 20:10:28 -The APR based Apache Tomcat Native library which allows optimal performance in production environments was not found on the java.library.path: [/Users/xuzhou/Library/Java/Extensions:/Library/Java/Extensions:/Network/Library/Java/Extensions:/System/Library/Java/Extensions:/usr/lib/java:.]
2020-04-09 20:10:28 -Initializing Spring embedded WebApplicationContext
2020-04-09 20:10:28 -Root WebApplicationContext: initialization completed in 1280 ms
2020-04-09 20:10:28 -Servlet dispatcherServlet mapped to [/]
2020-04-09 20:10:28 -Mapping filter: 'characterEncodingFilter' to: [/*]
2020-04-09 20:10:28 -Mapping filter: 'hiddenHttpMethodFilter' to: [/*]
2020-04-09 20:10:28 -Mapping filter: 'httpPutFormContentFilter' to: [/*]
2020-04-09 20:10:28 -Mapping filter: 'requestContextFilter' to: [/*]
2020-04-09 20:10:29 -Mapped URL path [/**/favicon.ico] onto handler of type [class org.springframework.web.servlet.resource.ResourceHttpRequestHandler]
2020-04-09 20:10:29 -Looking for @ControllerAdvice: org.springframework.boot.web.servlet.context.AnnotationConfigServletWebServerApplicationContext@73d983ea: startup date [Thu Apr 09 20:10:27 CST 2020]; root of context hierarchy
2020-04-09 20:10:29 -Mapped "{[/house/broker/addBroker]}" onto public com.tenement.domain.common.Response<com.tenement.domain.dto.RespId> com.tenement.api.controller.BrokerController.addBroker(com.tenement.domain.dto.BrokerReq,javax.servlet.http.HttpServletRequest) throws com.tenement.domain.common.BusinessException
2020-04-09 20:10:29 -Mapped "{[/house/broker/listBroker]}" onto public com.tenement.domain.common.Response<com.github.pagehelper.PageInfo<com.tenement.domain.dto.BrokerResp>> com.tenement.api.controller.BrokerController.listBroker(com.tenement.domain.dto.BrokerExmple) throws com.tenement.domain.common.BusinessException
2020-04-09 20:10:29 -Mapped "{[/house/broker/getBroker]}" onto public com.tenement.domain.common.Response<com.tenement.domain.dto.BrokerResp> com.tenement.api.controller.BrokerController.getBroker(com.tenement.domain.dto.BrokerExmple) throws com.tenement.domain.common.BusinessException
2020-04-09 20:10:29 -Mapped "{[/house/broker/updateBroker]}" onto public com.tenement.domain.common.Response com.tenement.api.controller.BrokerController.updateBroker(com.tenement.domain.po.Broker) throws com.tenement.domain.common.BusinessException
2020-04-09 20:10:29 -Mapped "{[/house/broker/deleteBroker]}" onto public com.tenement.domain.common.Response com.tenement.api.controller.BrokerController.deleteBroker(com.tenement.domain.dto.BrokerExmple) throws com.tenement.domain.common.BusinessException
2020-04-09 20:10:29 -Mapped "{[/house/room/index]}" onto public java.lang.String com.tenement.api.controller.HouseRoomController.index() throws java.lang.RuntimeException
2020-04-09 20:10:29 -Mapped "{[/house/room/listRoom]}" onto public com.tenement.domain.common.Response<com.github.pagehelper.PageInfo<com.tenement.domain.dto.RoomNewDetailsResp>> com.tenement.api.controller.HouseRoomController.listRoom(com.tenement.domain.dto.ListRoomDetailsReq) throws com.tenement.domain.common.BusinessException
2020-04-09 20:10:29 -Mapped "{[/house/room/addRoomDetails]}" onto public com.tenement.domain.common.Response<com.tenement.domain.dto.RespId> com.tenement.api.controller.HouseRoomController.addRoom(com.tenement.domain.dto.RoomNewDetailsReq,javax.servlet.http.HttpServletRequest) throws com.tenement.domain.common.BusinessException
2020-04-09 20:10:29 -Mapped "{[/house/room/getRoomBasicsType]}" onto public com.tenement.domain.common.Response<com.tenement.domain.dto.RoomBasicsTypeResp> com.tenement.api.controller.HouseRoomController.getRoomBasicsType() throws com.tenement.domain.common.BusinessException
2020-04-09 20:10:29 -Mapped "{[/house/room/getRoomNewDetails]}" onto public com.tenement.domain.common.Response<com.tenement.domain.dto.RoomNewDetailsResp> com.tenement.api.controller.HouseRoomController.getRoomNewDetails(com.tenement.domain.dto.GetRoomDetailsReq) throws com.tenement.domain.common.BusinessException
2020-04-09 20:10:29 -Mapped "{[/house/room/deleteNewRoom]}" onto public com.tenement.domain.common.Response com.tenement.api.controller.HouseRoomController.deleteNewRoom(com.tenement.domain.dto.GetRoomDetailsReq) throws com.tenement.domain.common.BusinessException
2020-04-09 20:10:29 -Mapped "{[/house/room/updateRoomNewDetails]}" onto public com.tenement.domain.common.Response com.tenement.api.controller.HouseRoomController.updateRoomNewDetails(com.tenement.domain.dto.RoomNewDetailsReq) throws com.tenement.domain.common.BusinessException
2020-04-09 20:10:29 -Mapped "{[/house/room/listGrabbleRoom]}" onto public com.tenement.domain.common.Response<com.github.pagehelper.PageInfo<com.tenement.domain.vo.RoomDetailsInfo>> com.tenement.api.controller.HouseRoomController.listGrabbleRoom(com.tenement.domain.dto.ListGrabbleRoomReq)
2020-04-09 20:10:29 -Mapped "{[/house/room/listRoomTenementType]}" onto public com.tenement.domain.common.Response<java.util.List<com.tenement.domain.po.RoomTenementType>> com.tenement.api.controller.HouseRoomController.listRoomTenementType(com.tenement.domain.dto.ListRoomTenementTypeReq) throws com.tenement.domain.common.BusinessException
2020-04-09 20:10:29 -Mapped "{[/house/room/lisDistrict]}" onto public com.tenement.domain.common.Response<java.util.List<com.tenement.domain.po.District>> com.tenement.api.controller.HouseRoomController.lisDistrict(com.tenement.domain.dto.LisDistrictReq) throws com.tenement.domain.common.BusinessException
2020-04-09 20:10:29 -Mapped "{[/house/room/uploadFile]}" onto public com.tenement.domain.common.Response<com.tenement.domain.dto.UploadFileResp> com.tenement.api.controller.HouseRoomController.uploadFile(org.springframework.web.multipart.MultipartFile[]) throws com.tenement.domain.common.BusinessException
2020-04-09 20:10:29 -Mapped "{[/house/user/logins]}" onto public com.tenement.domain.common.Response com.tenement.api.controller.UserController.logins(javax.servlet.http.HttpServletRequest)
2020-04-09 20:10:29 -Mapped "{[/house/user/listMenu]}" onto public com.tenement.domain.common.Response<java.util.List<com.tenement.domain.po.SysMenu>> com.tenement.api.controller.UserController.getMenu(javax.servlet.http.HttpServletRequest) throws com.tenement.domain.common.BusinessException
2020-04-09 20:10:29 -Mapped "{[/house/user/login]}" onto public com.tenement.domain.common.Response com.tenement.api.controller.UserController.login(com.tenement.domain.dto.UserLogin,javax.servlet.http.HttpServletRequest) throws com.tenement.domain.common.BusinessException
2020-04-09 20:10:29 -Mapped "{[/house/user/addUser]}" onto public com.tenement.domain.common.Response com.tenement.api.controller.UserController.addUser(com.tenement.domain.dto.UserLogin) throws com.tenement.domain.common.BusinessException
2020-04-09 20:10:29 -Mapped "{[/house/comments/addComments]}" onto public com.tenement.domain.common.Response com.tenement.api.controller.commentsConntroller.addComments(javax.servlet.http.HttpServletRequest,com.tenement.domain.dto.CommentsReq) throws com.tenement.domain.common.BusinessException
2020-04-09 20:10:29 -Mapped "{[/house/comments/answerComments]}" onto public com.tenement.domain.common.Response com.tenement.api.controller.commentsConntroller.answerComments(javax.servlet.http.HttpServletRequest,com.tenement.domain.dto.CommentsReq) throws com.tenement.domain.common.BusinessException
2020-04-09 20:10:29 -Mapped "{[/house/comments/updateComments]}" onto public com.tenement.domain.common.Response com.tenement.api.controller.commentsConntroller.updateComments(javax.servlet.http.HttpServletRequest,com.tenement.domain.dto.CommentsReq) throws com.tenement.domain.common.BusinessException
2020-04-09 20:10:29 -Mapped "{[/house/comments/listComments]}" onto public com.tenement.domain.common.Response<com.github.pagehelper.PageInfo<com.tenement.domain.dto.CommentsResp>> com.tenement.api.controller.commentsConntroller.listComments(javax.servlet.http.HttpServletRequest,com.tenement.domain.dto.CommentsReq) throws com.tenement.domain.common.BusinessException
2020-04-09 20:10:29 -Mapped "{[/error]}" onto public org.springframework.http.ResponseEntity<java.util.Map<java.lang.String, java.lang.Object>> org.springframework.boot.autoconfigure.web.servlet.error.BasicErrorController.error(javax.servlet.http.HttpServletRequest)
2020-04-09 20:10:29 -Mapped "{[/error],produces=[text/html]}" onto public org.springframework.web.servlet.ModelAndView org.springframework.boot.autoconfigure.web.servlet.error.BasicErrorController.errorHtml(javax.servlet.http.HttpServletRequest,javax.servlet.http.HttpServletResponse)
2020-04-09 20:10:29 -Mapped URL path [/webjars/**] onto handler of type [class org.springframework.web.servlet.resource.ResourceHttpRequestHandler]
2020-04-09 20:10:29 -Mapped URL path [/**] onto handler of type [class org.springframework.web.servlet.resource.ResourceHttpRequestHandler]
2020-04-09 20:10:29 -Detected @ExceptionHandler methods in bussinessExceptionHandler
2020-04-09 20:10:29 -Adding welcome page template: index
2020-04-09 20:10:29 -Registering beans for JMX exposure on startup
2020-04-09 20:10:29 -Bean with name 'dataSource' has been autodetected for JMX exposure
2020-04-09 20:10:29 -Located MBean 'dataSource': registering with JMX server as MBean [com.zaxxer.hikari:name=dataSource,type=HikariDataSource]
2020-04-09 20:10:29 -Starting ProtocolHandler ["http-nio-8080"]
2020-04-09 20:10:29 -Using a shared selector for servlet write/read
2020-04-09 20:10:29 -Tomcat started on port(s): 8080 (http) with context path ''
2020-04-09 20:10:29 -Started WebApplication in 3.099 seconds (JVM running for 3.63)
2020-04-09 20:10:56 -Initializing Spring FrameworkServlet 'dispatcherServlet'
2020-04-09 20:10:56 -FrameworkServlet 'dispatcherServlet': initialization started
2020-04-09 20:10:56 -FrameworkServlet 'dispatcherServlet': initialization completed in 19 ms
2020-04-09 20:11:03 -Resolved [com.tenement.domain.common.BusinessException: biz exception([4,-1]请先登陆用户！)]
2020-04-09 20:11:08 -HikariPool-1 - Starting...
2020-04-09 20:11:09 -HikariPool-1 - Start completed.
2020-04-09 20:11:09 -==>  Preparing: select A.id, A.password, A.phone, A.true_name as trueName, A.user_name as userName, A.create_time as createTime, B.role_id as roleId from sys_user A inner join sys_user_role B on A.id=B.user_id where user_name = ? 
2020-04-09 20:11:09 -==> Parameters: admin(String)
2020-04-09 20:11:09 -<==      Total: 1
2020-04-09 20:11:16 -Trying to find Dozer configuration file: dozer.properties
2020-04-09 20:11:16 -Dozer configuration file not found: dozer.properties.  Using defaults for all Dozer global properties.
2020-04-09 20:11:16 -Initializing Dozer. Version: 5.4.0, Thread Name: http-nio-8080-exec-3
2020-04-09 20:11:16 -Dozer JMX MBean [org.dozer.jmx:type=DozerStatisticsController] auto registered with the Platform MBean Server
2020-04-09 20:11:16 -Dozer JMX MBean [org.dozer.jmx:type=DozerAdminController] auto registered with the Platform MBean Server
2020-04-09 20:11:16 -Initializing a new instance of dozer bean mapper.
2020-04-09 20:11:16 -Using the following xml files to load custom mappings for the bean mapper instance: [bean.xml]
2020-04-09 20:11:16 -Trying to find xml mapping file: bean.xml
2020-04-09 20:11:16 -Using URL [file:/Users/xuzhou/IdeaProjects/tenement/tenement-api/target/classes/bean.xml] to load custom xml mappings
2020-04-09 20:11:16 -Successfully loaded custom xml mappings from URL: [file:/Users/xuzhou/IdeaProjects/tenement/tenement-api/target/classes/bean.xml]
2020-04-09 20:11:16 -==>  Preparing: update comments SET answeruid = ?, answertime = ?, answercontent = ?, answernmae=? where id = ? 
2020-04-09 20:11:16 -==> Parameters: 1(Integer), 2020-04-09 20:11:16.871(Timestamp), adfadfaf(String), 赵佳涛(String), 2(Integer)
2020-04-09 20:11:17 -<==    Updates: 1
2020-04-09 20:11:55 -==>  Preparing: select count(0) from (select id, uid, newhouseid, usedhouseid, rentinghouseid, content, createtime, top, answeruid, answertime, answercontent, down,usernmae,answernmae from comments WHERE newhouseid=?) tmp_count 
2020-04-09 20:11:55 -==> Parameters: 1(Integer)
2020-04-09 20:11:55 -<==      Total: 1
2020-04-09 20:11:55 -==>  Preparing: select id, uid, newhouseid, usedhouseid, rentinghouseid, content, createtime, top, answeruid, answertime, answercontent, down,usernmae,answernmae from comments WHERE newhouseid=? LIMIT ? 
2020-04-09 20:11:55 -==> Parameters: 1(Integer), 10(Integer)
2020-04-09 20:11:55 -<==      Total: 2
2020-04-09 20:12:32 -==>  Preparing: select id, uid, newhouseid, usedhouseid, rentinghouseid, content, createtime, top, answeruid, answertime, answercontent, down,usernmae,answernmae from comments where id = ? 
2020-04-09 20:12:32 -==> Parameters: 1(Integer)
2020-04-09 20:12:32 -<==      Total: 1
2020-04-09 20:12:32 -==>  Preparing: update comments SET uid = ?, newhouseid = ?, usedhouseid = ?, rentinghouseid = ?, content = ?, createtime = ?, top = ?, answeruid = ?, answertime = ?, answercontent = ?, down = ?, usernmae= ?, answernmae=? where id = ? 
2020-04-09 20:12:32 -==> Parameters: 1(Integer), 1(Integer), 0(Integer), 0(Integer), dfafafda(String), 2020-04-07 16:02:05.0(Timestamp), 3(Integer), 1(Integer), 2020-04-07 16:24:15.0(Timestamp), adfadfaf(String), 2(Integer), 赵佳涛(String), 赵佳涛(String), 1(Integer)
2020-04-09 20:12:32 -<==    Updates: 1
2020-04-09 20:12:43 -Closing org.springframework.boot.web.servlet.context.AnnotationConfigServletWebServerApplicationContext@73d983ea: startup date [Thu Apr 09 20:10:27 CST 2020]; root of context hierarchy
2020-04-09 20:12:43 -Unregistering JMX-exposed beans on shutdown
2020-04-09 20:12:43 -Unregistering JMX-exposed beans
2020-04-09 20:12:43 -HikariPool-1 - Shutdown initiated...
2020-04-09 20:12:43 -HikariPool-1 - Shutdown completed.
