2020-05-11 10:51:18 -Starting WebApplication on xuzhoudeMacBook-Pro.local with PID 70198 (/Users/xuzhou/IdeaProjects/tenement/tenement-api/target/classes started by xuzhou in /Users/xuzhou/IdeaProjects/tenement)
2020-05-11 10:51:18 -No active profile set, falling back to default profiles: default
2020-05-11 10:51:18 -Refreshing org.springframework.boot.web.servlet.context.AnnotationConfigServletWebServerApplicationContext@46b61c56: startup date [Mon May 11 10:51:18 CST 2020]; root of context hierarchy
2020-05-11 10:51:20 -Tomcat initialized with port(s): 8080 (http)
2020-05-11 10:51:20 -Initializing ProtocolHandler ["http-nio-8080"]
2020-05-11 10:51:20 -Starting service [Tomcat]
2020-05-11 10:51:20 -Starting Servlet Engine: Apache Tomcat/8.5.34
2020-05-11 10:51:20 -The APR based Apache Tomcat Native library which allows optimal performance in production environments was not found on the java.library.path: [/Users/xuzhou/Library/Java/Extensions:/Library/Java/Extensions:/Network/Library/Java/Extensions:/System/Library/Java/Extensions:/usr/lib/java:.]
2020-05-11 10:51:20 -Initializing Spring embedded WebApplicationContext
2020-05-11 10:51:20 -Root WebApplicationContext: initialization completed in 1457 ms
2020-05-11 10:51:20 -Servlet dispatcherServlet mapped to [/]
2020-05-11 10:51:20 -Mapping filter: 'characterEncodingFilter' to: [/*]
2020-05-11 10:51:20 -Mapping filter: 'hiddenHttpMethodFilter' to: [/*]
2020-05-11 10:51:20 -Mapping filter: 'httpPutFormContentFilter' to: [/*]
2020-05-11 10:51:20 -Mapping filter: 'requestContextFilter' to: [/*]
2020-05-11 10:51:21 -Mapped URL path [/**/favicon.ico] onto handler of type [class org.springframework.web.servlet.resource.ResourceHttpRequestHandler]
2020-05-11 10:51:21 -Looking for @ControllerAdvice: org.springframework.boot.web.servlet.context.AnnotationConfigServletWebServerApplicationContext@46b61c56: startup date [Mon May 11 10:51:18 CST 2020]; root of context hierarchy
2020-05-11 10:51:21 -Detected RequestBodyAdvice bean in agbweappControllerAdvice
2020-05-11 10:51:21 -Mapped "{[/house/broker/addBroker]}" onto public com.tenement.domain.common.Response<com.tenement.domain.dto.RespId> com.tenement.api.controller.BrokerController.addBroker(javax.servlet.http.HttpServletRequest,com.tenement.domain.dto.BrokerReq) throws com.tenement.domain.common.BusinessException
2020-05-11 10:51:21 -Mapped "{[/house/broker/listBroker]}" onto public com.tenement.domain.common.Response<com.github.pagehelper.PageInfo<com.tenement.domain.dto.BrokerResp>> com.tenement.api.controller.BrokerController.listBroker(javax.servlet.http.HttpServletRequest,com.tenement.domain.dto.BrokerExmple) throws com.tenement.domain.common.BusinessException
2020-05-11 10:51:21 -Mapped "{[/house/broker/getBroker]}" onto public com.tenement.domain.common.Response<com.tenement.domain.dto.BrokerResp> com.tenement.api.controller.BrokerController.getBroker(javax.servlet.http.HttpServletRequest,com.tenement.domain.dto.BrokerExmple) throws com.tenement.domain.common.BusinessException
2020-05-11 10:51:21 -Mapped "{[/house/broker/updateBroker]}" onto public com.tenement.domain.common.Response com.tenement.api.controller.BrokerController.updateBroker(javax.servlet.http.HttpServletRequest,com.tenement.domain.po.Broker) throws com.tenement.domain.common.BusinessException
2020-05-11 10:51:21 -Mapped "{[/house/broker/deleteBroker]}" onto public com.tenement.domain.common.Response com.tenement.api.controller.BrokerController.deleteBroker(javax.servlet.http.HttpServletRequest,com.tenement.domain.dto.BrokerExmple) throws com.tenement.domain.common.BusinessException
2020-05-11 10:51:21 -Mapped "{[/house/room/index]}" onto public java.lang.String com.tenement.api.controller.HouseRoomController.index() throws java.lang.RuntimeException
2020-05-11 10:51:21 -Mapped "{[/house/room/listRoom]}" onto public com.tenement.domain.common.Response<com.github.pagehelper.PageInfo<com.tenement.domain.dto.RoomNewDetailsResp>> com.tenement.api.controller.HouseRoomController.listRoom(javax.servlet.http.HttpServletRequest,com.tenement.domain.dto.ListRoomDetailsReq) throws com.tenement.domain.common.BusinessException
2020-05-11 10:51:21 -Mapped "{[/house/room/addRoomDetails]}" onto public com.tenement.domain.common.Response<com.tenement.domain.dto.RespId> com.tenement.api.controller.HouseRoomController.addRoom(javax.servlet.http.HttpServletRequest,com.tenement.domain.dto.RoomNewDetailsReq) throws com.tenement.domain.common.BusinessException
2020-05-11 10:51:21 -Mapped "{[/house/room/getRoomBasicsType]}" onto public com.tenement.domain.common.Response<com.tenement.domain.dto.RoomBasicsTypeResp> com.tenement.api.controller.HouseRoomController.getRoomBasicsType() throws com.tenement.domain.common.BusinessException
2020-05-11 10:51:21 -Mapped "{[/house/room/getRoomNewDetails]}" onto public com.tenement.domain.common.Response<com.tenement.domain.dto.RoomNewDetailsResp> com.tenement.api.controller.HouseRoomController.getRoomNewDetails(javax.servlet.http.HttpServletRequest,com.tenement.domain.dto.GetRoomDetailsReq) throws com.tenement.domain.common.BusinessException
2020-05-11 10:51:21 -Mapped "{[/house/room/deleteNewRoom]}" onto public com.tenement.domain.common.Response com.tenement.api.controller.HouseRoomController.deleteNewRoom(javax.servlet.http.HttpServletRequest,com.tenement.domain.dto.GetRoomDetailsReq) throws com.tenement.domain.common.BusinessException
2020-05-11 10:51:21 -Mapped "{[/house/room/updateRoomNewDetails]}" onto public com.tenement.domain.common.Response com.tenement.api.controller.HouseRoomController.updateRoomNewDetails(javax.servlet.http.HttpServletRequest,com.tenement.domain.dto.RoomNewDetailsReq) throws com.tenement.domain.common.BusinessException
2020-05-11 10:51:21 -Mapped "{[/house/room/listGrabbleRoom]}" onto public com.tenement.domain.common.Response<com.github.pagehelper.PageInfo<com.tenement.domain.dto.RoomNewDetailsResp>> com.tenement.api.controller.HouseRoomController.listGrabbleRoom(javax.servlet.http.HttpServletRequest,com.tenement.domain.dto.ListGrabbleRoomReq)
2020-05-11 10:51:21 -Mapped "{[/house/room/listRoomTenementType]}" onto public com.tenement.domain.common.Response<java.util.List<com.tenement.domain.po.RoomTenementType>> com.tenement.api.controller.HouseRoomController.listRoomTenementType(javax.servlet.http.HttpServletRequest,com.tenement.domain.dto.ListRoomTenementTypeReq) throws com.tenement.domain.common.BusinessException
2020-05-11 10:51:21 -Mapped "{[/house/room/lisDistrict]}" onto public com.tenement.domain.common.Response<java.util.List<com.tenement.domain.po.District>> com.tenement.api.controller.HouseRoomController.lisDistrict(javax.servlet.http.HttpServletRequest,com.tenement.domain.dto.LisDistrictReq) throws com.tenement.domain.common.BusinessException
2020-05-11 10:51:21 -Mapped "{[/house/room/uploadFile]}" onto public com.tenement.domain.common.Response<com.tenement.domain.dto.UploadFileResp> com.tenement.api.controller.HouseRoomController.uploadFile(javax.servlet.http.HttpServletRequest,org.springframework.web.multipart.MultipartFile[]) throws com.tenement.domain.common.BusinessException
2020-05-11 10:51:21 -Mapped "{[/house/user/addUser]}" onto public com.tenement.domain.common.Response com.tenement.api.controller.UserController.addUser(com.tenement.domain.dto.UserLogin) throws com.tenement.domain.common.BusinessException
2020-05-11 10:51:21 -Mapped "{[/house/user/logins]}" onto public com.tenement.domain.common.Response com.tenement.api.controller.UserController.logins(javax.servlet.http.HttpServletRequest)
2020-05-11 10:51:21 -Mapped "{[/house/user/listMenu]}" onto public com.tenement.domain.common.Response<java.util.List<com.tenement.domain.po.SysMenu>> com.tenement.api.controller.UserController.getMenu(javax.servlet.http.HttpServletRequest) throws com.tenement.domain.common.BusinessException
2020-05-11 10:51:21 -Mapped "{[/house/user/login]}" onto public com.tenement.domain.common.Response com.tenement.api.controller.UserController.login(javax.servlet.http.HttpServletRequest,com.tenement.domain.dto.UserLogin) throws com.tenement.domain.common.BusinessException
2020-05-11 10:51:21 -Mapped "{[/house/comments/addComments]}" onto public com.tenement.domain.common.Response com.tenement.api.controller.commentsConntroller.addComments(javax.servlet.http.HttpServletRequest,com.tenement.domain.dto.CommentsReq) throws com.tenement.domain.common.BusinessException
2020-05-11 10:51:21 -Mapped "{[/house/comments/answerComments]}" onto public com.tenement.domain.common.Response com.tenement.api.controller.commentsConntroller.answerComments(javax.servlet.http.HttpServletRequest,com.tenement.domain.dto.CommentsReq) throws com.tenement.domain.common.BusinessException
2020-05-11 10:51:21 -Mapped "{[/house/comments/updateComments]}" onto public com.tenement.domain.common.Response com.tenement.api.controller.commentsConntroller.updateComments(javax.servlet.http.HttpServletRequest,com.tenement.domain.dto.CommentsReq) throws com.tenement.domain.common.BusinessException
2020-05-11 10:51:21 -Mapped "{[/house/comments/listComments]}" onto public com.tenement.domain.common.Response<com.github.pagehelper.PageInfo<com.tenement.domain.dto.CommentsResp>> com.tenement.api.controller.commentsConntroller.listComments(javax.servlet.http.HttpServletRequest,com.tenement.domain.dto.CommentsReq) throws com.tenement.domain.common.BusinessException
2020-05-11 10:51:21 -Mapped "{[/error]}" onto public org.springframework.http.ResponseEntity<java.util.Map<java.lang.String, java.lang.Object>> org.springframework.boot.autoconfigure.web.servlet.error.BasicErrorController.error(javax.servlet.http.HttpServletRequest)
2020-05-11 10:51:21 -Mapped "{[/error],produces=[text/html]}" onto public org.springframework.web.servlet.ModelAndView org.springframework.boot.autoconfigure.web.servlet.error.BasicErrorController.errorHtml(javax.servlet.http.HttpServletRequest,javax.servlet.http.HttpServletResponse)
2020-05-11 10:51:21 -Mapped URL path [/webjars/**] onto handler of type [class org.springframework.web.servlet.resource.ResourceHttpRequestHandler]
2020-05-11 10:51:21 -Mapped URL path [/**] onto handler of type [class org.springframework.web.servlet.resource.ResourceHttpRequestHandler]
2020-05-11 10:51:21 -Detected @ExceptionHandler methods in agbweappControllerAdvice
2020-05-11 10:51:21 -Detected @ExceptionHandler methods in bussinessExceptionHandler
2020-05-11 10:51:21 -Adding welcome page template: index
2020-05-11 10:51:21 -Registering beans for JMX exposure on startup
2020-05-11 10:51:21 -Bean with name 'dataSource' has been autodetected for JMX exposure
2020-05-11 10:51:21 -Located MBean 'dataSource': registering with JMX server as MBean [com.zaxxer.hikari:name=dataSource,type=HikariDataSource]
2020-05-11 10:51:21 -Starting ProtocolHandler ["http-nio-8080"]
2020-05-11 10:51:21 -Using a shared selector for servlet write/read
2020-05-11 10:51:22 -Tomcat started on port(s): 8080 (http) with context path ''
2020-05-11 10:51:22 -Started WebApplication in 3.642 seconds (JVM running for 4.245)
2020-05-11 10:51:52 -Initializing Spring FrameworkServlet 'dispatcherServlet'
2020-05-11 10:51:52 -FrameworkServlet 'dispatcherServlet': initialization started
2020-05-11 10:51:52 -FrameworkServlet 'dispatcherServlet': initialization completed in 21 ms
2020-05-11 10:52:17 -HikariPool-1 - Starting...
2020-05-11 10:52:18 -HikariPool-1 - Start completed.
2020-05-11 10:52:18 -==>  Preparing: select A.id, A.password, A.phone, A.true_name as trueName, A.user_name as userName, A.create_time as createTime, B.role_id as roleId from sys_user A inner join sys_user_role B on A.id=B.user_id where user_name = ? 
2020-05-11 10:52:18 -==> Parameters: admin(String)
2020-05-11 10:52:18 -<==      Total: 1
2020-05-11 10:52:19 -Closing org.springframework.boot.web.servlet.context.AnnotationConfigServletWebServerApplicationContext@46b61c56: startup date [Mon May 11 10:51:18 CST 2020]; root of context hierarchy
2020-05-11 10:52:19 -Unregistering JMX-exposed beans on shutdown
2020-05-11 10:52:19 -Unregistering JMX-exposed beans
2020-05-11 10:52:19 -HikariPool-1 - Shutdown initiated...
2020-05-11 10:52:19 -HikariPool-1 - Shutdown completed.
2020-05-11 16:44:53 -Starting WebApplication on xuzhoudeMacBook-Pro.local with PID 71023 (/Users/xuzhou/IdeaProjects/tenement/tenement-api/target/classes started by xuzhou in /Users/xuzhou/IdeaProjects/tenement)
2020-05-11 16:44:53 -No active profile set, falling back to default profiles: default
2020-05-11 16:44:53 -Refreshing org.springframework.boot.web.servlet.context.AnnotationConfigServletWebServerApplicationContext@40db2a24: startup date [Mon May 11 16:44:53 CST 2020]; root of context hierarchy
2020-05-11 16:44:54 -Tomcat initialized with port(s): 8080 (http)
2020-05-11 16:44:54 -Initializing ProtocolHandler ["http-nio-8080"]
2020-05-11 16:44:54 -Starting service [Tomcat]
2020-05-11 16:44:54 -Starting Servlet Engine: Apache Tomcat/8.5.34
2020-05-11 16:44:54 -The APR based Apache Tomcat Native library which allows optimal performance in production environments was not found on the java.library.path: [/Users/xuzhou/Library/Java/Extensions:/Library/Java/Extensions:/Network/Library/Java/Extensions:/System/Library/Java/Extensions:/usr/lib/java:.]
2020-05-11 16:44:54 -Initializing Spring embedded WebApplicationContext
2020-05-11 16:44:54 -Root WebApplicationContext: initialization completed in 1482 ms
2020-05-11 16:44:55 -Servlet dispatcherServlet mapped to [/]
2020-05-11 16:44:55 -Mapping filter: 'characterEncodingFilter' to: [/*]
2020-05-11 16:44:55 -Mapping filter: 'hiddenHttpMethodFilter' to: [/*]
2020-05-11 16:44:55 -Mapping filter: 'httpPutFormContentFilter' to: [/*]
2020-05-11 16:44:55 -Mapping filter: 'requestContextFilter' to: [/*]
2020-05-11 16:44:55 -Mapped URL path [/**/favicon.ico] onto handler of type [class org.springframework.web.servlet.resource.ResourceHttpRequestHandler]
2020-05-11 16:44:55 -Looking for @ControllerAdvice: org.springframework.boot.web.servlet.context.AnnotationConfigServletWebServerApplicationContext@40db2a24: startup date [Mon May 11 16:44:53 CST 2020]; root of context hierarchy
2020-05-11 16:44:55 -Detected RequestBodyAdvice bean in agbweappControllerAdvice
2020-05-11 16:44:56 -Mapped "{[/house/broker/addBroker]}" onto public com.tenement.domain.common.Response<com.tenement.domain.dto.RespId> com.tenement.api.controller.BrokerController.addBroker(javax.servlet.http.HttpServletRequest,com.tenement.domain.dto.BrokerReq) throws com.tenement.domain.common.BusinessException
2020-05-11 16:44:56 -Mapped "{[/house/broker/listBroker]}" onto public com.tenement.domain.common.Response<com.github.pagehelper.PageInfo<com.tenement.domain.dto.BrokerResp>> com.tenement.api.controller.BrokerController.listBroker(javax.servlet.http.HttpServletRequest,com.tenement.domain.dto.BrokerExmple) throws com.tenement.domain.common.BusinessException
2020-05-11 16:44:56 -Mapped "{[/house/broker/getBroker]}" onto public com.tenement.domain.common.Response<com.tenement.domain.dto.BrokerResp> com.tenement.api.controller.BrokerController.getBroker(javax.servlet.http.HttpServletRequest,com.tenement.domain.dto.BrokerExmple) throws com.tenement.domain.common.BusinessException
2020-05-11 16:44:56 -Mapped "{[/house/broker/updateBroker]}" onto public com.tenement.domain.common.Response com.tenement.api.controller.BrokerController.updateBroker(javax.servlet.http.HttpServletRequest,com.tenement.domain.po.Broker) throws com.tenement.domain.common.BusinessException
2020-05-11 16:44:56 -Mapped "{[/house/broker/deleteBroker]}" onto public com.tenement.domain.common.Response com.tenement.api.controller.BrokerController.deleteBroker(javax.servlet.http.HttpServletRequest,com.tenement.domain.dto.BrokerExmple) throws com.tenement.domain.common.BusinessException
2020-05-11 16:44:56 -Mapped "{[/house/room/index]}" onto public java.lang.String com.tenement.api.controller.HouseRoomController.index() throws java.lang.RuntimeException
2020-05-11 16:44:56 -Mapped "{[/house/room/addRoomDetails]}" onto public com.tenement.domain.common.Response<com.tenement.domain.dto.RespId> com.tenement.api.controller.HouseRoomController.addRoom(javax.servlet.http.HttpServletRequest,com.tenement.domain.dto.RoomNewDetailsReq) throws com.tenement.domain.common.BusinessException
2020-05-11 16:44:56 -Mapped "{[/house/room/listRoom]}" onto public com.tenement.domain.common.Response<com.github.pagehelper.PageInfo<com.tenement.domain.dto.RoomNewDetailsResp>> com.tenement.api.controller.HouseRoomController.listRoom(javax.servlet.http.HttpServletRequest,com.tenement.domain.dto.ListRoomDetailsReq) throws com.tenement.domain.common.BusinessException
2020-05-11 16:44:56 -Mapped "{[/house/room/getRoomBasicsType]}" onto public com.tenement.domain.common.Response<com.tenement.domain.dto.RoomBasicsTypeResp> com.tenement.api.controller.HouseRoomController.getRoomBasicsType() throws com.tenement.domain.common.BusinessException
2020-05-11 16:44:56 -Mapped "{[/house/room/getRoomNewDetails]}" onto public com.tenement.domain.common.Response<com.tenement.domain.dto.RoomNewDetailsResp> com.tenement.api.controller.HouseRoomController.getRoomNewDetails(javax.servlet.http.HttpServletRequest,com.tenement.domain.dto.GetRoomDetailsReq) throws com.tenement.domain.common.BusinessException
2020-05-11 16:44:56 -Mapped "{[/house/room/deleteNewRoom]}" onto public com.tenement.domain.common.Response com.tenement.api.controller.HouseRoomController.deleteNewRoom(javax.servlet.http.HttpServletRequest,com.tenement.domain.dto.GetRoomDetailsReq) throws com.tenement.domain.common.BusinessException
2020-05-11 16:44:56 -Mapped "{[/house/room/updateRoomNewDetails]}" onto public com.tenement.domain.common.Response com.tenement.api.controller.HouseRoomController.updateRoomNewDetails(javax.servlet.http.HttpServletRequest,com.tenement.domain.dto.RoomNewDetailsReq) throws com.tenement.domain.common.BusinessException
2020-05-11 16:44:56 -Mapped "{[/house/room/listGrabbleRoom]}" onto public com.tenement.domain.common.Response<com.github.pagehelper.PageInfo<com.tenement.domain.dto.RoomNewDetailsResp>> com.tenement.api.controller.HouseRoomController.listGrabbleRoom(javax.servlet.http.HttpServletRequest,com.tenement.domain.dto.ListGrabbleRoomReq)
2020-05-11 16:44:56 -Mapped "{[/house/room/listRoomTenementType]}" onto public com.tenement.domain.common.Response<java.util.List<com.tenement.domain.po.RoomTenementType>> com.tenement.api.controller.HouseRoomController.listRoomTenementType(javax.servlet.http.HttpServletRequest,com.tenement.domain.dto.ListRoomTenementTypeReq) throws com.tenement.domain.common.BusinessException
2020-05-11 16:44:56 -Mapped "{[/house/room/lisDistrict]}" onto public com.tenement.domain.common.Response<java.util.List<com.tenement.domain.po.District>> com.tenement.api.controller.HouseRoomController.lisDistrict(javax.servlet.http.HttpServletRequest,com.tenement.domain.dto.LisDistrictReq) throws com.tenement.domain.common.BusinessException
2020-05-11 16:44:56 -Mapped "{[/house/room/uploadFile]}" onto public com.tenement.domain.common.Response<com.tenement.domain.dto.UploadFileResp> com.tenement.api.controller.HouseRoomController.uploadFile(javax.servlet.http.HttpServletRequest,org.springframework.web.multipart.MultipartFile[]) throws com.tenement.domain.common.BusinessException
2020-05-11 16:44:56 -Mapped "{[/house/user/login]}" onto public com.tenement.domain.common.Response com.tenement.api.controller.UserController.login(javax.servlet.http.HttpServletRequest,com.tenement.domain.dto.UserLogin) throws com.tenement.domain.common.BusinessException
2020-05-11 16:44:56 -Mapped "{[/house/user/listMenu]}" onto public com.tenement.domain.common.Response<java.util.List<com.tenement.domain.po.SysMenu>> com.tenement.api.controller.UserController.getMenu(javax.servlet.http.HttpServletRequest) throws com.tenement.domain.common.BusinessException
2020-05-11 16:44:56 -Mapped "{[/house/user/logins]}" onto public com.tenement.domain.common.Response com.tenement.api.controller.UserController.logins(javax.servlet.http.HttpServletRequest)
2020-05-11 16:44:56 -Mapped "{[/house/user/addUser]}" onto public com.tenement.domain.common.Response com.tenement.api.controller.UserController.addUser(com.tenement.domain.dto.UserLogin) throws com.tenement.domain.common.BusinessException
2020-05-11 16:44:56 -Mapped "{[/house/comments/addComments]}" onto public com.tenement.domain.common.Response com.tenement.api.controller.commentsConntroller.addComments(javax.servlet.http.HttpServletRequest,com.tenement.domain.dto.CommentsReq) throws com.tenement.domain.common.BusinessException
2020-05-11 16:44:56 -Mapped "{[/house/comments/answerComments]}" onto public com.tenement.domain.common.Response com.tenement.api.controller.commentsConntroller.answerComments(javax.servlet.http.HttpServletRequest,com.tenement.domain.dto.CommentsReq) throws com.tenement.domain.common.BusinessException
2020-05-11 16:44:56 -Mapped "{[/house/comments/updateComments]}" onto public com.tenement.domain.common.Response com.tenement.api.controller.commentsConntroller.updateComments(javax.servlet.http.HttpServletRequest,com.tenement.domain.dto.CommentsReq) throws com.tenement.domain.common.BusinessException
2020-05-11 16:44:56 -Mapped "{[/house/comments/listComments]}" onto public com.tenement.domain.common.Response<com.github.pagehelper.PageInfo<com.tenement.domain.dto.CommentsResp>> com.tenement.api.controller.commentsConntroller.listComments(javax.servlet.http.HttpServletRequest,com.tenement.domain.dto.CommentsReq) throws com.tenement.domain.common.BusinessException
2020-05-11 16:44:56 -Mapped "{[/error]}" onto public org.springframework.http.ResponseEntity<java.util.Map<java.lang.String, java.lang.Object>> org.springframework.boot.autoconfigure.web.servlet.error.BasicErrorController.error(javax.servlet.http.HttpServletRequest)
2020-05-11 16:44:56 -Mapped "{[/error],produces=[text/html]}" onto public org.springframework.web.servlet.ModelAndView org.springframework.boot.autoconfigure.web.servlet.error.BasicErrorController.errorHtml(javax.servlet.http.HttpServletRequest,javax.servlet.http.HttpServletResponse)
2020-05-11 16:44:56 -Mapped URL path [/webjars/**] onto handler of type [class org.springframework.web.servlet.resource.ResourceHttpRequestHandler]
2020-05-11 16:44:56 -Mapped URL path [/**] onto handler of type [class org.springframework.web.servlet.resource.ResourceHttpRequestHandler]
2020-05-11 16:44:56 -Detected @ExceptionHandler methods in agbweappControllerAdvice
2020-05-11 16:44:56 -Detected @ExceptionHandler methods in bussinessExceptionHandler
2020-05-11 16:44:56 -Adding welcome page template: index
2020-05-11 16:44:56 -Registering beans for JMX exposure on startup
2020-05-11 16:44:56 -Bean with name 'dataSource' has been autodetected for JMX exposure
2020-05-11 16:44:56 -Located MBean 'dataSource': registering with JMX server as MBean [com.zaxxer.hikari:name=dataSource,type=HikariDataSource]
2020-05-11 16:44:56 -Starting ProtocolHandler ["http-nio-8080"]
2020-05-11 16:44:56 -Using a shared selector for servlet write/read
2020-05-11 16:44:56 -Tomcat started on port(s): 8080 (http) with context path ''
2020-05-11 16:44:56 -Started WebApplication in 3.5 seconds (JVM running for 4.066)
2020-05-11 16:45:16 -Initializing Spring FrameworkServlet 'dispatcherServlet'
2020-05-11 16:45:16 -FrameworkServlet 'dispatcherServlet': initialization started
2020-05-11 16:45:16 -FrameworkServlet 'dispatcherServlet': initialization completed in 20 ms
2020-05-11 16:45:22 -Trying to find Dozer configuration file: dozer.properties
2020-05-11 16:45:22 -Dozer configuration file not found: dozer.properties.  Using defaults for all Dozer global properties.
2020-05-11 16:45:22 -Initializing Dozer. Version: 5.4.0, Thread Name: http-nio-8080-exec-1
2020-05-11 16:45:22 -Dozer JMX MBean [org.dozer.jmx:type=DozerStatisticsController] auto registered with the Platform MBean Server
2020-05-11 16:45:22 -Dozer JMX MBean [org.dozer.jmx:type=DozerAdminController] auto registered with the Platform MBean Server
2020-05-11 16:45:22 -Initializing a new instance of dozer bean mapper.
2020-05-11 16:45:22 -Using the following xml files to load custom mappings for the bean mapper instance: [bean.xml]
2020-05-11 16:45:22 -Trying to find xml mapping file: bean.xml
2020-05-11 16:45:22 -Using URL [file:/Users/xuzhou/IdeaProjects/tenement/tenement-api/target/classes/bean.xml] to load custom xml mappings
2020-05-11 16:45:22 -Successfully loaded custom xml mappings from URL: [file:/Users/xuzhou/IdeaProjects/tenement/tenement-api/target/classes/bean.xml]
2020-05-11 16:45:22 -HikariPool-1 - Starting...
2020-05-11 16:45:23 -HikariPool-1 - Start completed.
2020-05-11 16:45:23 -==>  Preparing: update room_new_details SET title = ?, management_type = ?, status = ?, telephone = ?, metro_yn = ?, school_yn = ?, elevator_yn = ?, safety_yn = ?, traffic_yn = ?, business_yn = ?, house_style= ?, build_date = ?, housestyle_style = ?, finish_type = ?, heating_tyte = ?, equity_time = ?, homePage= ?, hotRecommend= ?, guessLike= ?, management =?, managementPrice=?, greenPoint=?, personNum=?, carNum=?, projectAdvantage= ? where id = ? 
2020-05-11 16:45:23 -==> Parameters: (String), 1(Byte), 1(Byte), 13269002423(String), 0(Byte), 0(Byte), 0(Byte), 0(Byte), 0(Byte), 0(Byte), 一室,二室(String), 0(Integer), 0(Byte), 0(Byte), 0(Byte), 50(Integer), 1(Integer), 1(Integer), 1(Integer), eedde(String), 22.22(Double), eeeesdss(String), 2(Integer), 3(Integer), ddddddd(String), 39(Integer)
2020-05-11 16:45:23 -<==    Updates: 1
2020-05-11 16:46:44 -==>  Preparing: update room_new_details SET name = ?, title = ?, management_type = ?, status = ?, telephone = ?, metro_yn = ?, school_yn = ?, elevator_yn = ?, safety_yn = ?, traffic_yn = ?, business_yn = ?, house_style= ?, build_date = ?, housestyle_style = ?, finish_type = ?, districtId = ?, heating_tyte = ?, equity_time = ?, homePage= ?, hotRecommend= ?, guessLike= ?, management =?, managementPrice=?, greenPoint=?, personNum=?, carNum=?, projectAdvantage= ? where id = ? 
2020-05-11 16:46:44 -==> Parameters: fadfa(String), (String), 1(Byte), 1(Byte), 13269002423(String), 0(Byte), 0(Byte), 0(Byte), 0(Byte), 0(Byte), 0(Byte), 一室,二室(String), 0(Integer), 0(Byte), 0(Byte), 289(Integer), 0(Byte), 50(Integer), 1(Integer), 1(Integer), 1(Integer), eedde(String), 22.22(Double), eeeesdss(String), 2(Integer), 3(Integer), ddddddd(String), 39(Integer)
2020-05-11 16:46:44 -<==    Updates: 1
2020-05-11 16:48:11 -==>  Preparing: update room_new_details SET name = ?, title = ?, management_type = ?, address = ?, status = ?, telephone = ?, metro_yn = ?, school_yn = ?, elevator_yn = ?, safety_yn = ?, traffic_yn = ?, business_yn = ?, house_style= ?, build_date = ?, housestyle_style = ?, finish_type = ?, districtId = ?, heating_tyte = ?, equity_time = ?, homePage= ?, hotRecommend= ?, guessLike= ?, management =?, managementPrice=?, greenPoint=?, personNum=?, carNum=?, projectAdvantage= ? where id = ? 
2020-05-11 16:48:11 -==> Parameters: fadfa(String), (String), 1(Byte), adfa(String), 1(Byte), 13269002423(String), 0(Byte), 0(Byte), 0(Byte), 0(Byte), 0(Byte), 0(Byte), 一室,二室(String), 0(Integer), 0(Byte), 0(Byte), 289(Integer), 0(Byte), 50(Integer), 1(Integer), 1(Integer), 1(Integer), eedde(String), 22.22(Double), eeeesdss(String), 2(Integer), 3(Integer), ddddddd(String), 39(Integer)
2020-05-11 16:48:11 -<==    Updates: 1
2020-05-11 16:57:36 -==>  Preparing: update room_new_details SET name = ?, title = ?, management_type = ?, address = ?, build_area = ?, status = ?, telephone = ?, metro_yn = ?, school_yn = ?, elevator_yn = ?, safety_yn = ?, traffic_yn = ?, business_yn = ?, house_style= ?, build_date = ?, housestyle_style = ?, finish_type = ?, districtId = ?, heating_tyte = ?, equity_time = ?, homePage= ?, hotRecommend= ?, guessLike= ?, management =?, managementPrice=?, greenPoint=?, personNum=?, carNum=?, projectAdvantage= ? where id = ? 
2020-05-11 16:57:36 -==> Parameters: fadfa(String), (String), 1(Byte), adfa(String), 3141(Integer), 1(Byte), 13269002423(String), 0(Byte), 0(Byte), 0(Byte), 0(Byte), 0(Byte), 0(Byte), 一室,二室(String), 0(Integer), 0(Byte), 0(Byte), 289(Integer), 0(Byte), 50(Integer), 1(Integer), 1(Integer), 1(Integer), eedde(String), 22.22(Double), eeeesdss(String), 2(Integer), 3(Integer), ddddddd(String), 39(Integer)
2020-05-11 16:57:36 -<==    Updates: 1
2020-05-11 16:58:06 -==>  Preparing: update room_new_details SET name = ?, address = ?, build_area = ?, status = ?, telephone = ?, districtId = ?, equity_time = ?, management =?, managementPrice=? where id = ? 
2020-05-11 16:58:06 -==> Parameters: fadfa(String), adfa(String), 3141(Integer), 1(Byte), 13269002423(String), 289(Integer), 50(Integer), fafda(String), 20.0(Double), null
2020-05-11 16:58:06 -<==    Updates: 0
2020-05-11 16:58:53 -==>  Preparing: update room_new_details SET name = ?, address = ?, build_area = ?, status = ?, telephone = ?, districtId = ?, equity_time = ?, management =?, managementPrice=?, greenPoint=?, personNum=?, carNum=? where id = ? 
2020-05-11 16:58:53 -==> Parameters: fadfa(String), adfa(String), 3141(Integer), 1(Byte), 13269002423(String), 289(Integer), 50(Integer), fafda(String), 20.0(Double), 22(String), 2(Integer), 3(Integer), null
2020-05-11 16:58:53 -<==    Updates: 0
2020-05-11 16:59:59 -==>  Preparing: update room_new_details SET name = ?, img = ?, address = ?, build_area = ?, status = ?, telephone = ?, sale_date = ?, finished_date = ?, districtId = ?, equity_time = ?, swiper_photo= ?, house_style_photo= ?, management =?, managementPrice=?, greenPoint=?, personNum=?, carNum=?, projectAdvantage= ? where id = ? 
2020-05-11 16:59:59 -==> Parameters: fadfa(String), ,1586759358576674282.jpg(String), adfa(String), 3141(Integer), 1(Byte), 13269002423(String), 2020-04-08 08:00:00.0(Timestamp), 2020-04-10 08:00:00.0(Timestamp), 289(Integer), 50(Integer), 1586759369434693073.jpg(String), 1586759364640434745.jpg(String), fafda(String), 20.0(Double), 22(String), 2(Integer), 3(Integer), ddddddd(String), null
2020-05-11 16:59:59 -<==    Updates: 0
2020-05-11 17:02:39 -==>  Preparing: update room_new_details SET name = ?, img = ?, address = ?, build_area = ?, status = ?, telephone = ?, sale_date = ?, finished_date = ?, districtId = ?, house_price = ?, equity_time = ?, price_total = ?, swiper_photo= ?, house_style_photo= ?, management =?, managementPrice=?, greenPoint=?, personNum=?, carNum=?, projectAdvantage= ? where id = ? 
2020-05-11 17:02:39 -==> Parameters: fadfa(String), ,1586759358576674282.jpg(String), adfa(String), 3141(Integer), 1(Byte), adf(String), 2020-04-08 08:00:00.0(Timestamp), 2020-04-10 08:00:00.0(Timestamp), 289(Integer), 123(Integer), 50(Integer), 130(Integer), 1586759369434693073.jpg(String), 1586759364640434745.jpg(String), fafda(String), 20.0(Double), 22(String), 2(Integer), 3(Integer), ddddddd(String), null
2020-05-11 17:02:39 -<==    Updates: 0
2020-05-11 17:03:29 -Resolved [org.springframework.http.converter.HttpMessageNotReadableException: JSON parse error: Cannot deserialize value of type `java.lang.Integer` from String "李国哟": not a valid Integer value; nested exception is com.fasterxml.jackson.databind.exc.InvalidFormatException: Cannot deserialize value of type `java.lang.Integer` from String "李国哟": not a valid Integer value
 at [Source: (PushbackInputStream); line: 27, column: 13] (through reference chain: com.tenement.domain.dto.RoomNewDetailsReq["brokerid"])]
2020-05-11 17:03:50 -Resolved [org.springframework.http.converter.HttpMessageNotReadableException: JSON parse error: Unexpected character ('}' (code 125)): was expecting double-quote to start field name; nested exception is com.fasterxml.jackson.core.JsonParseException: Unexpected character ('}' (code 125)): was expecting double-quote to start field name
 at [Source: (PushbackInputStream); line: 33, column: 2]]
2020-05-11 17:03:57 -==>  Preparing: update room_new_details SET name = ?, img = ?, address = ?, build_area = ?, status = ?, telephone = ?, sale_date = ?, finished_date = ?, districtId = ?, house_price = ?, equity_time = ?, price_total = ?, swiper_photo= ?, house_style_photo= ?, management =?, managementPrice=?, greenPoint=?, personNum=?, carNum=?, projectAdvantage= ? where id = ? 
2020-05-11 17:03:57 -==> Parameters: fadfa(String), ,1586759358576674282.jpg(String), adfa(String), 3141(Integer), 1(Byte), adf(String), 2020-04-08 08:00:00.0(Timestamp), 2020-04-10 08:00:00.0(Timestamp), 289(Integer), 123(Integer), 50(Integer), 130(Integer), 1586759369434693073.jpg(String), 1586759364640434745.jpg(String), fafda(String), 20.0(Double), 22(String), 2(Integer), 3(Integer), ddddddd(String), null
2020-05-11 17:03:57 -<==    Updates: 0
2020-05-11 17:04:13 -==>  Preparing: update room_new_details SET name = ?, img = ?, address = ?, build_area = ?, status = ?, telephone = ?, sale_date = ?, finished_date = ?, districtId = ?, house_price = ?, equity_time = ?, price_total = ?, swiper_photo= ?, house_style_photo= ?, management =?, managementPrice=?, greenPoint=?, personNum=?, carNum=?, projectAdvantage= ? where id = ? 
2020-05-11 17:04:13 -==> Parameters: fadfa(String), ,1586759358576674282.jpg(String), adfa(String), 3141(Integer), 1(Byte), adf(String), 2020-04-08 08:00:00.0(Timestamp), 2020-04-10 08:00:00.0(Timestamp), 289(Integer), 123(Integer), 50(Integer), 130(Integer), 1586759369434693073.jpg(String), 1586759364640434745.jpg(String), fafda(String), 20.0(Double), 22(String), 2(Integer), 3(Integer), ddddddd(String), null
2020-05-11 17:04:13 -<==    Updates: 0
2020-05-11 17:07:07 -==>  Preparing: update room_new_details SET name = ?, img = ?, management_type = ?, address = ?, build_area = ?, status = ?, telephone = ?, sale_date = ?, finished_date = ?, districtId = ?, house_price = ?, equity_time = ?, price_total = ?, broker_id=?, swiper_photo= ?, house_style_photo= ?, management =?, managementPrice=?, greenPoint=?, personNum=?, carNum=?, projectAdvantage= ? where id = ? 
2020-05-11 17:07:07 -==> Parameters: fadfa(String), ,1586759358576674282.jpg(String), 1(Byte), adfa(String), 3141(Integer), 1(Byte), adf(String), 2020-04-08 08:00:00.0(Timestamp), 2020-04-10 08:00:00.0(Timestamp), 289(Integer), 123(Integer), 50(Integer), 130(Integer), 1(Integer), 1586759369434693073.jpg(String), 1586759364640434745.jpg(String), fafda(String), 20.0(Double), 22(String), 2(Integer), 3(Integer), ddddddd(String), null
2020-05-11 17:07:07 -<==    Updates: 0
2020-05-11 17:08:25 -==>  Preparing: update room_new_details SET name = ?, img = ?, management_type = ?, address = ?, build_area = ?, status = ?, telephone = ?, metro_yn = ?, school_yn = ?, elevator_yn = ?, safety_yn = ?, traffic_yn = ?, house_style= ?, sale_date = ?, finished_date = ?, districtId = ?, heating_tyte = ?, house_price = ?, equity_time = ?, price_total = ?, broker_id=?, swiper_photo= ?, house_style_photo= ?, homePage= ?, hotRecommend= ?, guessLike= ?, management =?, managementPrice=?, greenPoint=?, personNum=?, carNum=?, projectAdvantage= ? where id = ? 
2020-05-11 17:08:25 -==> Parameters: fadfa(String), ,1586759358576674282.jpg(String), 1(Byte), adfa(String), 3141(Integer), 1(Byte), adf(String), 0(Byte), 0(Byte), 0(Byte), 0(Byte), 0(Byte), 一室,二室(String), 2020-04-08 08:00:00.0(Timestamp), 2020-04-10 08:00:00.0(Timestamp), 289(Integer), 0(Byte), 123(Integer), 50(Integer), 130(Integer), 1(Integer), 1586759369434693073.jpg(String), 1586759364640434745.jpg(String), 1(Integer), 1(Integer), 1(Integer), fafda(String), 20.0(Double), 22(String), 2(Integer), 3(Integer), ddddddd(String), null
2020-05-11 17:08:25 -<==    Updates: 0
2020-05-11 17:09:24 -==>  Preparing: update room_new_details SET name = ?, title = ?, img = ?, management_type = ?, address = ?, build_area = ?, status = ?, telephone = ?, metro_yn = ?, school_yn = ?, elevator_yn = ?, safety_yn = ?, traffic_yn = ?, business_yn = ?, house_style= ?, build_date = ?, sale_date = ?, finished_date = ?, housestyle_style = ?, finish_type = ?, districtId = ?, heating_tyte = ?, house_price = ?, equity_time = ?, price_total = ?, broker_id=?, swiper_photo= ?, house_style_photo= ?, homePage= ?, hotRecommend= ?, guessLike= ?, management =?, managementPrice=?, greenPoint=?, personNum=?, carNum=?, projectAdvantage= ? where id = ? 
2020-05-11 17:09:24 -==> Parameters: fadfa(String), (String), ,1586759358576674282.jpg(String), 1(Byte), adfa(String), 3141(Integer), 1(Byte), adf(String), 0(Byte), 0(Byte), 0(Byte), 0(Byte), 0(Byte), 0(Byte), 一室,二室(String), 0(Integer), 2020-04-08 08:00:00.0(Timestamp), 2020-04-10 08:00:00.0(Timestamp), 0(Byte), 0(Byte), 289(Integer), 0(Byte), 123(Integer), 50(Integer), 130(Integer), 1(Integer), 1586759369434693073.jpg(String), 1586759364640434745.jpg(String), 1(Integer), 1(Integer), 1(Integer), fafda(String), 20.0(Double), 22(String), 2(Integer), 3(Integer), ddddddd(String), 39(Integer)
2020-05-11 17:09:24 -<==    Updates: 1
2020-05-11 17:11:22 -Closing org.springframework.boot.web.servlet.context.AnnotationConfigServletWebServerApplicationContext@40db2a24: startup date [Mon May 11 16:44:53 CST 2020]; root of context hierarchy
2020-05-11 17:11:22 -Unregistering JMX-exposed beans on shutdown
2020-05-11 17:11:22 -Unregistering JMX-exposed beans
2020-05-11 17:11:22 -HikariPool-1 - Shutdown initiated...
2020-05-11 17:11:22 -HikariPool-1 - Shutdown completed.
