2020-06-07 23:28:22 -Starting WebApplication on xuzhoudeMacBook-Pro.local with PID 5239 (/Users/xuzhou/IdeaProjects/tenement/tenement-api/target/classes started by xuzhou in /Users/xuzhou/IdeaProjects/tenement)
2020-06-07 23:28:22 -No active profile set, falling back to default profiles: default
2020-06-07 23:28:22 -Refreshing org.springframework.boot.web.servlet.context.AnnotationConfigServletWebServerApplicationContext@68b32e3e: startup date [Sun Jun 07 23:28:22 CST 2020]; root of context hierarchy
2020-06-07 23:28:24 -Tomcat initialized with port(s): 8080 (http)
2020-06-07 23:28:24 -Initializing ProtocolHandler ["http-nio-8080"]
2020-06-07 23:28:24 -Starting service [Tomcat]
2020-06-07 23:28:24 -Starting Servlet Engine: Apache Tomcat/8.5.34
2020-06-07 23:28:24 -The APR based Apache Tomcat Native library which allows optimal performance in production environments was not found on the java.library.path: [/Users/xuzhou/Library/Java/Extensions:/Library/Java/Extensions:/Network/Library/Java/Extensions:/System/Library/Java/Extensions:/usr/lib/java:.]
2020-06-07 23:28:24 -Initializing Spring embedded WebApplicationContext
2020-06-07 23:28:24 -Root WebApplicationContext: initialization completed in 1463 ms
2020-06-07 23:28:24 -Servlet dispatcherServlet mapped to [/]
2020-06-07 23:28:24 -Mapping filter: 'characterEncodingFilter' to: [/*]
2020-06-07 23:28:24 -Mapping filter: 'hiddenHttpMethodFilter' to: [/*]
2020-06-07 23:28:24 -Mapping filter: 'httpPutFormContentFilter' to: [/*]
2020-06-07 23:28:24 -Mapping filter: 'requestContextFilter' to: [/*]
2020-06-07 23:28:25 -Mapped URL path [/**/favicon.ico] onto handler of type [class org.springframework.web.servlet.resource.ResourceHttpRequestHandler]
2020-06-07 23:28:25 -Looking for @ControllerAdvice: org.springframework.boot.web.servlet.context.AnnotationConfigServletWebServerApplicationContext@68b32e3e: startup date [Sun Jun 07 23:28:22 CST 2020]; root of context hierarchy
2020-06-07 23:28:25 -Detected RequestBodyAdvice bean in agbweappControllerAdvice
2020-06-07 23:28:25 -Mapped "{[/house/broker/addBroker]}" onto public com.tenement.domain.common.Response<com.tenement.domain.dto.RespId> com.tenement.api.controller.BrokerController.addBroker(javax.servlet.http.HttpServletRequest,com.tenement.domain.dto.BrokerReq) throws com.tenement.domain.common.BusinessException
2020-06-07 23:28:25 -Mapped "{[/house/broker/listBroker]}" onto public com.tenement.domain.common.Response<com.github.pagehelper.PageInfo<com.tenement.domain.dto.BrokerResp>> com.tenement.api.controller.BrokerController.listBroker(javax.servlet.http.HttpServletRequest,com.tenement.domain.dto.BrokerExmple) throws com.tenement.domain.common.BusinessException
2020-06-07 23:28:25 -Mapped "{[/house/broker/getBroker]}" onto public com.tenement.domain.common.Response<com.tenement.domain.dto.BrokerResp> com.tenement.api.controller.BrokerController.getBroker(javax.servlet.http.HttpServletRequest,com.tenement.domain.dto.BrokerExmple) throws com.tenement.domain.common.BusinessException
2020-06-07 23:28:25 -Mapped "{[/house/broker/updateBroker]}" onto public com.tenement.domain.common.Response com.tenement.api.controller.BrokerController.updateBroker(javax.servlet.http.HttpServletRequest,com.tenement.domain.po.Broker) throws com.tenement.domain.common.BusinessException
2020-06-07 23:28:25 -Mapped "{[/house/broker/deleteBroker]}" onto public com.tenement.domain.common.Response com.tenement.api.controller.BrokerController.deleteBroker(javax.servlet.http.HttpServletRequest,com.tenement.domain.dto.BrokerExmple) throws com.tenement.domain.common.BusinessException
2020-06-07 23:28:25 -Mapped "{[/house/room/index]}" onto public java.lang.String com.tenement.api.controller.HouseRoomController.index() throws java.lang.RuntimeException
2020-06-07 23:28:25 -Mapped "{[/house/room/listRoom]}" onto public com.tenement.domain.common.Response<com.github.pagehelper.PageInfo<com.tenement.domain.dto.RoomNewDetailsResp>> com.tenement.api.controller.HouseRoomController.listRoom(javax.servlet.http.HttpServletRequest,com.tenement.domain.dto.ListRoomDetailsReq) throws com.tenement.domain.common.BusinessException
2020-06-07 23:28:25 -Mapped "{[/house/room/addRoomDetails]}" onto public com.tenement.domain.common.Response<com.tenement.domain.dto.RespId> com.tenement.api.controller.HouseRoomController.addRoom(javax.servlet.http.HttpServletRequest,com.tenement.domain.dto.RoomNewDetailsReq) throws com.tenement.domain.common.BusinessException
2020-06-07 23:28:25 -Mapped "{[/house/room/getRoomBasicsType]}" onto public com.tenement.domain.common.Response<com.tenement.domain.dto.RoomBasicsTypeResp> com.tenement.api.controller.HouseRoomController.getRoomBasicsType() throws com.tenement.domain.common.BusinessException
2020-06-07 23:28:25 -Mapped "{[/house/room/getRoomNewDetails]}" onto public com.tenement.domain.common.Response<com.tenement.domain.dto.RoomNewDetailsResp> com.tenement.api.controller.HouseRoomController.getRoomNewDetails(javax.servlet.http.HttpServletRequest,com.tenement.domain.dto.GetRoomDetailsReq) throws com.tenement.domain.common.BusinessException
2020-06-07 23:28:25 -Mapped "{[/house/room/deleteNewRoom]}" onto public com.tenement.domain.common.Response com.tenement.api.controller.HouseRoomController.deleteNewRoom(javax.servlet.http.HttpServletRequest,com.tenement.domain.dto.GetRoomDetailsReq) throws com.tenement.domain.common.BusinessException
2020-06-07 23:28:25 -Mapped "{[/house/room/updateRoomNewDetails]}" onto public com.tenement.domain.common.Response com.tenement.api.controller.HouseRoomController.updateRoomNewDetails(javax.servlet.http.HttpServletRequest,com.tenement.domain.dto.RoomNewDetailsReq) throws com.tenement.domain.common.BusinessException
2020-06-07 23:28:25 -Mapped "{[/house/room/listGrabbleRoom]}" onto public com.tenement.domain.common.Response<com.github.pagehelper.PageInfo<com.tenement.domain.dto.RoomNewDetailsResp>> com.tenement.api.controller.HouseRoomController.listGrabbleRoom(javax.servlet.http.HttpServletRequest,com.tenement.domain.dto.ListGrabbleRoomReq)
2020-06-07 23:28:25 -Mapped "{[/house/room/listRoomTenementType]}" onto public com.tenement.domain.common.Response<java.util.List<com.tenement.domain.po.RoomTenementType>> com.tenement.api.controller.HouseRoomController.listRoomTenementType(javax.servlet.http.HttpServletRequest,com.tenement.domain.dto.ListRoomTenementTypeReq) throws com.tenement.domain.common.BusinessException
2020-06-07 23:28:25 -Mapped "{[/house/room/lisDistrict]}" onto public com.tenement.domain.common.Response<java.util.List<com.tenement.domain.po.District>> com.tenement.api.controller.HouseRoomController.lisDistrict(javax.servlet.http.HttpServletRequest,com.tenement.domain.dto.LisDistrictReq) throws com.tenement.domain.common.BusinessException
2020-06-07 23:28:25 -Mapped "{[/house/room/uploadFile]}" onto public com.tenement.domain.common.Response<com.tenement.domain.dto.UploadFileResp> com.tenement.api.controller.HouseRoomController.uploadFile(javax.servlet.http.HttpServletRequest,org.springframework.web.multipart.MultipartFile[]) throws com.tenement.domain.common.BusinessException
2020-06-07 23:28:25 -Mapped "{[/house/twoRoom/addTwoRoomDetails]}" onto public com.tenement.domain.common.Response com.tenement.api.controller.HouseTwoRoomController.addTwoRoom(javax.servlet.http.HttpServletRequest,com.tenement.domain.dto.RoomTwoReq) throws com.tenement.domain.common.BusinessException
2020-06-07 23:28:25 -Mapped "{[/house/twoRoom/listTwoRoom]}" onto public com.tenement.domain.common.Response<com.github.pagehelper.PageInfo<com.tenement.domain.dto.RoomTwoResp>> com.tenement.api.controller.HouseTwoRoomController.listTwoRoom(com.tenement.domain.dto.RoomTwoReq)
2020-06-07 23:28:25 -Mapped "{[/house/twoRoom/getTwoRoom]}" onto public com.tenement.domain.common.Response<com.tenement.domain.dto.RoomTwoResp> com.tenement.api.controller.HouseTwoRoomController.getTwoRoom(com.tenement.domain.dto.RoomTwoReq)
2020-06-07 23:28:25 -Mapped "{[/house/twoRoom/updateTwoRoom]}" onto public com.tenement.domain.common.Response com.tenement.api.controller.HouseTwoRoomController.updateTwoRoom(com.tenement.domain.dto.RoomTwoReq)
2020-06-07 23:28:25 -Mapped "{[/house/twoRoom/deleteTwoRoom]}" onto public com.tenement.domain.common.Response com.tenement.api.controller.HouseTwoRoomController.deleteTwoRoom(com.tenement.domain.dto.RoomTwoReq)
2020-06-07 23:28:25 -Mapped "{[/house/user/addUser]}" onto public com.tenement.domain.common.Response com.tenement.api.controller.UserController.addUser(com.tenement.domain.dto.UserLogin) throws com.tenement.domain.common.BusinessException
2020-06-07 23:28:25 -Mapped "{[/house/user/listMenu]}" onto public com.tenement.domain.common.Response<java.util.List<com.tenement.domain.po.SysMenu>> com.tenement.api.controller.UserController.getMenu(javax.servlet.http.HttpServletRequest) throws com.tenement.domain.common.BusinessException
2020-06-07 23:28:25 -Mapped "{[/house/user/login]}" onto public com.tenement.domain.common.Response com.tenement.api.controller.UserController.login(javax.servlet.http.HttpServletRequest,com.tenement.domain.dto.UserLogin) throws com.tenement.domain.common.BusinessException
2020-06-07 23:28:25 -Mapped "{[/house/user/logins]}" onto public com.tenement.domain.common.Response com.tenement.api.controller.UserController.logins(javax.servlet.http.HttpServletRequest)
2020-06-07 23:28:25 -Mapped "{[/house/comments/addComments]}" onto public com.tenement.domain.common.Response com.tenement.api.controller.commentsConntroller.addComments(javax.servlet.http.HttpServletRequest,com.tenement.domain.dto.CommentsReq) throws com.tenement.domain.common.BusinessException
2020-06-07 23:28:25 -Mapped "{[/house/comments/answerComments]}" onto public com.tenement.domain.common.Response com.tenement.api.controller.commentsConntroller.answerComments(javax.servlet.http.HttpServletRequest,com.tenement.domain.dto.CommentsReq) throws com.tenement.domain.common.BusinessException
2020-06-07 23:28:25 -Mapped "{[/house/comments/updateComments]}" onto public com.tenement.domain.common.Response com.tenement.api.controller.commentsConntroller.updateComments(javax.servlet.http.HttpServletRequest,com.tenement.domain.dto.CommentsReq) throws com.tenement.domain.common.BusinessException
2020-06-07 23:28:25 -Mapped "{[/house/comments/listComments]}" onto public com.tenement.domain.common.Response<com.github.pagehelper.PageInfo<com.tenement.domain.dto.CommentsResp>> com.tenement.api.controller.commentsConntroller.listComments(javax.servlet.http.HttpServletRequest,com.tenement.domain.dto.CommentsReq) throws com.tenement.domain.common.BusinessException
2020-06-07 23:28:25 -Mapped "{[/error]}" onto public org.springframework.http.ResponseEntity<java.util.Map<java.lang.String, java.lang.Object>> org.springframework.boot.autoconfigure.web.servlet.error.BasicErrorController.error(javax.servlet.http.HttpServletRequest)
2020-06-07 23:28:25 -Mapped "{[/error],produces=[text/html]}" onto public org.springframework.web.servlet.ModelAndView org.springframework.boot.autoconfigure.web.servlet.error.BasicErrorController.errorHtml(javax.servlet.http.HttpServletRequest,javax.servlet.http.HttpServletResponse)
2020-06-07 23:28:25 -Mapped URL path [/webjars/**] onto handler of type [class org.springframework.web.servlet.resource.ResourceHttpRequestHandler]
2020-06-07 23:28:25 -Mapped URL path [/**] onto handler of type [class org.springframework.web.servlet.resource.ResourceHttpRequestHandler]
2020-06-07 23:28:25 -Detected @ExceptionHandler methods in agbweappControllerAdvice
2020-06-07 23:28:25 -Detected @ExceptionHandler methods in bussinessExceptionHandler
2020-06-07 23:28:25 -Adding welcome page template: index
2020-06-07 23:28:25 -Registering beans for JMX exposure on startup
2020-06-07 23:28:25 -Bean with name 'dataSource' has been autodetected for JMX exposure
2020-06-07 23:28:25 -Located MBean 'dataSource': registering with JMX server as MBean [com.zaxxer.hikari:name=dataSource,type=HikariDataSource]
2020-06-07 23:28:25 -Starting ProtocolHandler ["http-nio-8080"]
2020-06-07 23:28:25 -Using a shared selector for servlet write/read
2020-06-07 23:28:26 -Tomcat started on port(s): 8080 (http) with context path ''
2020-06-07 23:28:26 -Started WebApplication in 3.714 seconds (JVM running for 5.265)
2020-06-07 23:29:14 -Initializing Spring FrameworkServlet 'dispatcherServlet'
2020-06-07 23:29:14 -FrameworkServlet 'dispatcherServlet': initialization started
2020-06-07 23:29:14 -FrameworkServlet 'dispatcherServlet': initialization completed in 28 ms
2020-06-07 23:29:18 -HikariPool-1 - Starting...
2020-06-07 23:29:19 -HikariPool-1 - Start completed.
2020-06-07 23:29:19 -==>  Preparing: SELECT count(0) FROM room_new_details WHERE name LIKE '%名荟公馆%' 
2020-06-07 23:29:19 -==> Parameters: 
2020-06-07 23:29:19 -<==      Total: 1
2020-06-07 23:29:19 -==>  Preparing: select id, name, title, img, management_type, address, build_area, status, telephone, metro_yn, school_yn, elevator_yn, safety_yn, traffic_yn, business_yn, house_style, build_date, sale_date, finished_date, housestyle_style, finish_type, districtId, heating_tyte, house_price, equity_time, price_total, userId, creatime, delete_yn,house_area,broker_id,swiper_photo,house_style_photo,homePage,hotRecommend,guessLike, management,managementPrice,greenPoint,personNum,carNum,projectAdvantage from room_new_details WHERE name like '%名荟公馆%' LIMIT ? 
2020-06-07 23:29:19 -==> Parameters: 10(Integer)
2020-06-07 23:29:19 -<==      Total: 1
2020-06-07 23:29:19 -Trying to find Dozer configuration file: dozer.properties
2020-06-07 23:29:19 -Dozer configuration file not found: dozer.properties.  Using defaults for all Dozer global properties.
2020-06-07 23:29:19 -Initializing Dozer. Version: 5.4.0, Thread Name: http-nio-8080-exec-1
2020-06-07 23:29:19 -Dozer JMX MBean [org.dozer.jmx:type=DozerStatisticsController] auto registered with the Platform MBean Server
2020-06-07 23:29:19 -Dozer JMX MBean [org.dozer.jmx:type=DozerAdminController] auto registered with the Platform MBean Server
2020-06-07 23:29:19 -Initializing a new instance of dozer bean mapper.
2020-06-07 23:29:19 -Using the following xml files to load custom mappings for the bean mapper instance: [bean.xml]
2020-06-07 23:29:19 -Trying to find xml mapping file: bean.xml
2020-06-07 23:29:19 -Using URL [file:/Users/xuzhou/IdeaProjects/tenement/tenement-api/target/classes/bean.xml] to load custom xml mappings
2020-06-07 23:29:19 -Successfully loaded custom xml mappings from URL: [file:/Users/xuzhou/IdeaProjects/tenement/tenement-api/target/classes/bean.xml]
2020-06-07 23:29:37 -==>  Preparing: SELECT count(0) FROM room_new_details WHERE name LIKE '%名荟公馆%' 
2020-06-07 23:29:37 -==> Parameters: 
2020-06-07 23:29:38 -<==      Total: 1
2020-06-07 23:29:38 -==>  Preparing: select id, name, title, img, management_type, address, build_area, status, telephone, metro_yn, school_yn, elevator_yn, safety_yn, traffic_yn, business_yn, house_style, build_date, sale_date, finished_date, housestyle_style, finish_type, districtId, heating_tyte, house_price, equity_time, price_total, userId, creatime, delete_yn,house_area,broker_id,swiper_photo,house_style_photo,homePage,hotRecommend,guessLike, management,managementPrice,greenPoint,personNum,carNum,projectAdvantage from room_new_details WHERE name like '%名荟公馆%' LIMIT ? 
2020-06-07 23:29:38 -==> Parameters: 10(Integer)
2020-06-07 23:29:38 -<==      Total: 1
2020-06-07 23:30:47 -==>  Preparing: SELECT count(0) FROM room_new_details WHERE name LIKE '%名荟公馆%' 
2020-06-07 23:30:47 -==> Parameters: 
2020-06-07 23:30:47 -<==      Total: 1
2020-06-07 23:30:47 -==>  Preparing: select id, name, title, img, management_type, address, build_area, status, telephone, metro_yn, school_yn, elevator_yn, safety_yn, traffic_yn, business_yn, house_style, build_date, sale_date, finished_date, housestyle_style, finish_type, districtId, heating_tyte, house_price, equity_time, price_total, userId, creatime, delete_yn,house_area,broker_id,swiper_photo,house_style_photo,homePage,hotRecommend,guessLike, management,managementPrice,greenPoint,personNum,carNum,projectAdvantage from room_new_details WHERE name like '%名荟公馆%' LIMIT ? 
2020-06-07 23:30:47 -==> Parameters: 10(Integer)
2020-06-07 23:30:47 -<==      Total: 1
2020-06-07 23:42:37 -Closing org.springframework.boot.web.servlet.context.AnnotationConfigServletWebServerApplicationContext@68b32e3e: startup date [Sun Jun 07 23:28:22 CST 2020]; root of context hierarchy
2020-06-07 23:42:37 -Unregistering JMX-exposed beans on shutdown
2020-06-07 23:42:37 -Unregistering JMX-exposed beans
2020-06-07 23:42:37 -HikariPool-1 - Shutdown initiated...
2020-06-07 23:42:37 -HikariPool-1 - Shutdown completed.
2020-06-07 23:42:40 -Loaded expression factory via original TCCL
2020-06-07 23:42:40 -Starting WebApplication on xuzhoudeMacBook-Pro.local with PID 5295 (/Users/xuzhou/IdeaProjects/tenement/tenement-api/target/classes started by xuzhou in /Users/xuzhou/IdeaProjects/tenement)
2020-06-07 23:42:40 -No active profile set, falling back to default profiles: default
2020-06-07 23:42:40 -Refreshing org.springframework.boot.web.servlet.context.AnnotationConfigServletWebServerApplicationContext@7d1cfb8b: startup date [Sun Jun 07 23:42:40 CST 2020]; root of context hierarchy
2020-06-07 23:42:41 -Tomcat initialized with port(s): 8080 (http)
2020-06-07 23:42:41 -Initializing ProtocolHandler ["http-nio-8080"]
2020-06-07 23:42:41 -Starting service [Tomcat]
2020-06-07 23:42:41 -Starting Servlet Engine: Apache Tomcat/8.5.34
2020-06-07 23:42:41 -The APR based Apache Tomcat Native library which allows optimal performance in production environments was not found on the java.library.path: [/Users/xuzhou/Library/Java/Extensions:/Library/Java/Extensions:/Network/Library/Java/Extensions:/System/Library/Java/Extensions:/usr/lib/java:.]
2020-06-07 23:42:41 -Initializing Spring embedded WebApplicationContext
2020-06-07 23:42:41 -Root WebApplicationContext: initialization completed in 1352 ms
2020-06-07 23:42:42 -Servlet dispatcherServlet mapped to [/]
2020-06-07 23:42:42 -Mapping filter: 'characterEncodingFilter' to: [/*]
2020-06-07 23:42:42 -Mapping filter: 'hiddenHttpMethodFilter' to: [/*]
2020-06-07 23:42:42 -Mapping filter: 'httpPutFormContentFilter' to: [/*]
2020-06-07 23:42:42 -Mapping filter: 'requestContextFilter' to: [/*]
2020-06-07 23:42:42 -Mapped URL path [/**/favicon.ico] onto handler of type [class org.springframework.web.servlet.resource.ResourceHttpRequestHandler]
2020-06-07 23:42:42 -Looking for @ControllerAdvice: org.springframework.boot.web.servlet.context.AnnotationConfigServletWebServerApplicationContext@7d1cfb8b: startup date [Sun Jun 07 23:42:40 CST 2020]; root of context hierarchy
2020-06-07 23:42:42 -Detected RequestBodyAdvice bean in agbweappControllerAdvice
2020-06-07 23:42:43 -Mapped "{[/house/broker/addBroker]}" onto public com.tenement.domain.common.Response<com.tenement.domain.dto.RespId> com.tenement.api.controller.BrokerController.addBroker(javax.servlet.http.HttpServletRequest,com.tenement.domain.dto.BrokerReq) throws com.tenement.domain.common.BusinessException
2020-06-07 23:42:43 -Mapped "{[/house/broker/listBroker]}" onto public com.tenement.domain.common.Response<com.github.pagehelper.PageInfo<com.tenement.domain.dto.BrokerResp>> com.tenement.api.controller.BrokerController.listBroker(javax.servlet.http.HttpServletRequest,com.tenement.domain.dto.BrokerExmple) throws com.tenement.domain.common.BusinessException
2020-06-07 23:42:43 -Mapped "{[/house/broker/getBroker]}" onto public com.tenement.domain.common.Response<com.tenement.domain.dto.BrokerResp> com.tenement.api.controller.BrokerController.getBroker(javax.servlet.http.HttpServletRequest,com.tenement.domain.dto.BrokerExmple) throws com.tenement.domain.common.BusinessException
2020-06-07 23:42:43 -Mapped "{[/house/broker/updateBroker]}" onto public com.tenement.domain.common.Response com.tenement.api.controller.BrokerController.updateBroker(javax.servlet.http.HttpServletRequest,com.tenement.domain.po.Broker) throws com.tenement.domain.common.BusinessException
2020-06-07 23:42:43 -Mapped "{[/house/broker/deleteBroker]}" onto public com.tenement.domain.common.Response com.tenement.api.controller.BrokerController.deleteBroker(javax.servlet.http.HttpServletRequest,com.tenement.domain.dto.BrokerExmple) throws com.tenement.domain.common.BusinessException
2020-06-07 23:42:43 -Mapped "{[/house/room/index]}" onto public java.lang.String com.tenement.api.controller.HouseRoomController.index() throws java.lang.RuntimeException
2020-06-07 23:42:43 -Mapped "{[/house/room/listRoom]}" onto public com.tenement.domain.common.Response<com.github.pagehelper.PageInfo<com.tenement.domain.dto.RoomNewDetailsResp>> com.tenement.api.controller.HouseRoomController.listRoom(javax.servlet.http.HttpServletRequest,com.tenement.domain.dto.ListRoomDetailsReq) throws com.tenement.domain.common.BusinessException
2020-06-07 23:42:43 -Mapped "{[/house/room/addRoomDetails]}" onto public com.tenement.domain.common.Response<com.tenement.domain.dto.RespId> com.tenement.api.controller.HouseRoomController.addRoom(javax.servlet.http.HttpServletRequest,com.tenement.domain.dto.RoomNewDetailsReq) throws com.tenement.domain.common.BusinessException
2020-06-07 23:42:43 -Mapped "{[/house/room/getRoomBasicsType]}" onto public com.tenement.domain.common.Response<com.tenement.domain.dto.RoomBasicsTypeResp> com.tenement.api.controller.HouseRoomController.getRoomBasicsType() throws com.tenement.domain.common.BusinessException
2020-06-07 23:42:43 -Mapped "{[/house/room/getRoomNewDetails]}" onto public com.tenement.domain.common.Response<com.tenement.domain.dto.RoomNewDetailsResp> com.tenement.api.controller.HouseRoomController.getRoomNewDetails(javax.servlet.http.HttpServletRequest,com.tenement.domain.dto.GetRoomDetailsReq) throws com.tenement.domain.common.BusinessException
2020-06-07 23:42:43 -Mapped "{[/house/room/deleteNewRoom]}" onto public com.tenement.domain.common.Response com.tenement.api.controller.HouseRoomController.deleteNewRoom(javax.servlet.http.HttpServletRequest,com.tenement.domain.dto.GetRoomDetailsReq) throws com.tenement.domain.common.BusinessException
2020-06-07 23:42:43 -Mapped "{[/house/room/updateRoomNewDetails]}" onto public com.tenement.domain.common.Response com.tenement.api.controller.HouseRoomController.updateRoomNewDetails(javax.servlet.http.HttpServletRequest,com.tenement.domain.dto.RoomNewDetailsReq) throws com.tenement.domain.common.BusinessException
2020-06-07 23:42:43 -Mapped "{[/house/room/listGrabbleRoom]}" onto public com.tenement.domain.common.Response<com.github.pagehelper.PageInfo<com.tenement.domain.dto.RoomNewDetailsResp>> com.tenement.api.controller.HouseRoomController.listGrabbleRoom(javax.servlet.http.HttpServletRequest,com.tenement.domain.dto.ListGrabbleRoomReq)
2020-06-07 23:42:43 -Mapped "{[/house/room/listRoomTenementType]}" onto public com.tenement.domain.common.Response<java.util.List<com.tenement.domain.po.RoomTenementType>> com.tenement.api.controller.HouseRoomController.listRoomTenementType(javax.servlet.http.HttpServletRequest,com.tenement.domain.dto.ListRoomTenementTypeReq) throws com.tenement.domain.common.BusinessException
2020-06-07 23:42:43 -Mapped "{[/house/room/lisDistrict]}" onto public com.tenement.domain.common.Response<java.util.List<com.tenement.domain.po.District>> com.tenement.api.controller.HouseRoomController.lisDistrict(javax.servlet.http.HttpServletRequest,com.tenement.domain.dto.LisDistrictReq) throws com.tenement.domain.common.BusinessException
2020-06-07 23:42:43 -Mapped "{[/house/room/uploadFile]}" onto public com.tenement.domain.common.Response<com.tenement.domain.dto.UploadFileResp> com.tenement.api.controller.HouseRoomController.uploadFile(javax.servlet.http.HttpServletRequest,org.springframework.web.multipart.MultipartFile[]) throws com.tenement.domain.common.BusinessException
2020-06-07 23:42:43 -Mapped "{[/house/twoRoom/addTwoRoomDetails]}" onto public com.tenement.domain.common.Response com.tenement.api.controller.HouseTwoRoomController.addTwoRoom(javax.servlet.http.HttpServletRequest,com.tenement.domain.dto.RoomTwoReq) throws com.tenement.domain.common.BusinessException
2020-06-07 23:42:43 -Mapped "{[/house/twoRoom/listTwoRoom]}" onto public com.tenement.domain.common.Response<com.github.pagehelper.PageInfo<com.tenement.domain.dto.RoomTwoResp>> com.tenement.api.controller.HouseTwoRoomController.listTwoRoom(com.tenement.domain.dto.RoomTwoReq)
2020-06-07 23:42:43 -Mapped "{[/house/twoRoom/getTwoRoom]}" onto public com.tenement.domain.common.Response<com.tenement.domain.dto.RoomTwoResp> com.tenement.api.controller.HouseTwoRoomController.getTwoRoom(com.tenement.domain.dto.RoomTwoReq)
2020-06-07 23:42:43 -Mapped "{[/house/twoRoom/updateTwoRoom]}" onto public com.tenement.domain.common.Response com.tenement.api.controller.HouseTwoRoomController.updateTwoRoom(com.tenement.domain.dto.RoomTwoReq)
2020-06-07 23:42:43 -Mapped "{[/house/twoRoom/deleteTwoRoom]}" onto public com.tenement.domain.common.Response com.tenement.api.controller.HouseTwoRoomController.deleteTwoRoom(com.tenement.domain.dto.RoomTwoReq)
2020-06-07 23:42:43 -Mapped "{[/house/user/listMenu]}" onto public com.tenement.domain.common.Response<java.util.List<com.tenement.domain.po.SysMenu>> com.tenement.api.controller.UserController.getMenu(javax.servlet.http.HttpServletRequest) throws com.tenement.domain.common.BusinessException
2020-06-07 23:42:43 -Mapped "{[/house/user/logins]}" onto public com.tenement.domain.common.Response com.tenement.api.controller.UserController.logins(javax.servlet.http.HttpServletRequest)
2020-06-07 23:42:43 -Mapped "{[/house/user/login]}" onto public com.tenement.domain.common.Response com.tenement.api.controller.UserController.login(javax.servlet.http.HttpServletRequest,com.tenement.domain.dto.UserLogin) throws com.tenement.domain.common.BusinessException
2020-06-07 23:42:43 -Mapped "{[/house/user/addUser]}" onto public com.tenement.domain.common.Response com.tenement.api.controller.UserController.addUser(com.tenement.domain.dto.UserLogin) throws com.tenement.domain.common.BusinessException
2020-06-07 23:42:43 -Mapped "{[/house/comments/addComments]}" onto public com.tenement.domain.common.Response com.tenement.api.controller.commentsConntroller.addComments(javax.servlet.http.HttpServletRequest,com.tenement.domain.dto.CommentsReq) throws com.tenement.domain.common.BusinessException
2020-06-07 23:42:43 -Mapped "{[/house/comments/answerComments]}" onto public com.tenement.domain.common.Response com.tenement.api.controller.commentsConntroller.answerComments(javax.servlet.http.HttpServletRequest,com.tenement.domain.dto.CommentsReq) throws com.tenement.domain.common.BusinessException
2020-06-07 23:42:43 -Mapped "{[/house/comments/updateComments]}" onto public com.tenement.domain.common.Response com.tenement.api.controller.commentsConntroller.updateComments(javax.servlet.http.HttpServletRequest,com.tenement.domain.dto.CommentsReq) throws com.tenement.domain.common.BusinessException
2020-06-07 23:42:43 -Mapped "{[/house/comments/listComments]}" onto public com.tenement.domain.common.Response<com.github.pagehelper.PageInfo<com.tenement.domain.dto.CommentsResp>> com.tenement.api.controller.commentsConntroller.listComments(javax.servlet.http.HttpServletRequest,com.tenement.domain.dto.CommentsReq) throws com.tenement.domain.common.BusinessException
2020-06-07 23:42:43 -Mapped "{[/error]}" onto public org.springframework.http.ResponseEntity<java.util.Map<java.lang.String, java.lang.Object>> org.springframework.boot.autoconfigure.web.servlet.error.BasicErrorController.error(javax.servlet.http.HttpServletRequest)
2020-06-07 23:42:43 -Mapped "{[/error],produces=[text/html]}" onto public org.springframework.web.servlet.ModelAndView org.springframework.boot.autoconfigure.web.servlet.error.BasicErrorController.errorHtml(javax.servlet.http.HttpServletRequest,javax.servlet.http.HttpServletResponse)
2020-06-07 23:42:43 -Mapped URL path [/webjars/**] onto handler of type [class org.springframework.web.servlet.resource.ResourceHttpRequestHandler]
2020-06-07 23:42:43 -Mapped URL path [/**] onto handler of type [class org.springframework.web.servlet.resource.ResourceHttpRequestHandler]
2020-06-07 23:42:43 -Detected @ExceptionHandler methods in agbweappControllerAdvice
2020-06-07 23:42:43 -Detected @ExceptionHandler methods in bussinessExceptionHandler
2020-06-07 23:42:43 -Adding welcome page template: index
2020-06-07 23:42:43 -Registering beans for JMX exposure on startup
2020-06-07 23:42:43 -Bean with name 'dataSource' has been autodetected for JMX exposure
2020-06-07 23:42:43 -Located MBean 'dataSource': registering with JMX server as MBean [com.zaxxer.hikari:name=dataSource,type=HikariDataSource]
2020-06-07 23:42:43 -Starting ProtocolHandler ["http-nio-8080"]
2020-06-07 23:42:43 -Using a shared selector for servlet write/read
2020-06-07 23:42:43 -Tomcat started on port(s): 8080 (http) with context path ''
2020-06-07 23:42:43 -Started WebApplication in 3.266 seconds (JVM running for 3.829)
2020-06-07 23:45:17 -Initializing Spring FrameworkServlet 'dispatcherServlet'
2020-06-07 23:45:17 -FrameworkServlet 'dispatcherServlet': initialization started
2020-06-07 23:45:17 -FrameworkServlet 'dispatcherServlet': initialization completed in 20 ms
2020-06-07 23:45:21 -HikariPool-1 - Starting...
2020-06-07 23:45:21 -HikariPool-1 - Start completed.
2020-06-07 23:45:21 -==>  Preparing: SELECT count(0) FROM room_new_details WHERE name LIKE '%名荟公馆%' 
2020-06-07 23:45:21 -==> Parameters: 
2020-06-07 23:45:21 -<==      Total: 1
2020-06-07 23:45:21 -==>  Preparing: select id, name, title, img, management_type, address, build_area, status, telephone, metro_yn, school_yn, elevator_yn, safety_yn, traffic_yn, business_yn, house_style, build_date, sale_date, finished_date, housestyle_style, finish_type, districtId, heating_tyte, house_price, equity_time, price_total, userId, creatime, delete_yn,house_area,broker_id,swiper_photo,house_style_photo,homePage,hotRecommend,guessLike, management,managementPrice,greenPoint,personNum,carNum,projectAdvantage from room_new_details WHERE name like '%名荟公馆%' LIMIT ? 
2020-06-07 23:45:21 -==> Parameters: 10(Integer)
2020-06-07 23:45:21 -<==      Total: 1
2020-06-07 23:45:21 -Trying to find Dozer configuration file: dozer.properties
2020-06-07 23:45:21 -Dozer configuration file not found: dozer.properties.  Using defaults for all Dozer global properties.
2020-06-07 23:45:21 -Initializing Dozer. Version: 5.4.0, Thread Name: http-nio-8080-exec-1
2020-06-07 23:45:21 -Dozer JMX MBean [org.dozer.jmx:type=DozerStatisticsController] auto registered with the Platform MBean Server
2020-06-07 23:45:21 -Dozer JMX MBean [org.dozer.jmx:type=DozerAdminController] auto registered with the Platform MBean Server
2020-06-07 23:45:21 -Initializing a new instance of dozer bean mapper.
2020-06-07 23:45:21 -Using the following xml files to load custom mappings for the bean mapper instance: [bean.xml]
2020-06-07 23:45:21 -Trying to find xml mapping file: bean.xml
2020-06-07 23:45:21 -Using URL [file:/Users/xuzhou/IdeaProjects/tenement/tenement-api/target/classes/bean.xml] to load custom xml mappings
2020-06-07 23:45:22 -Successfully loaded custom xml mappings from URL: [file:/Users/xuzhou/IdeaProjects/tenement/tenement-api/target/classes/bean.xml]
2020-06-07 23:45:43 -==>  Preparing: SELECT count(0) FROM room_new_details WHERE name LIKE '%名荟公馆%' 
2020-06-07 23:45:43 -==> Parameters: 
2020-06-07 23:45:43 -<==      Total: 1
2020-06-07 23:45:43 -==>  Preparing: select id, name, title, img, management_type, address, build_area, status, telephone, metro_yn, school_yn, elevator_yn, safety_yn, traffic_yn, business_yn, house_style, build_date, sale_date, finished_date, housestyle_style, finish_type, districtId, heating_tyte, house_price, equity_time, price_total, userId, creatime, delete_yn,house_area,broker_id,swiper_photo,house_style_photo,homePage,hotRecommend,guessLike, management,managementPrice,greenPoint,personNum,carNum,projectAdvantage from room_new_details WHERE name like '%名荟公馆%' LIMIT ? 
2020-06-07 23:45:43 -==> Parameters: 10(Integer)
2020-06-07 23:45:43 -<==      Total: 1
2020-06-07 23:51:11 -HikariPool-1 - Failed to validate connection com.mysql.jdbc.JDBC4Connection@d476e0e (No operations allowed after connection closed.)
2020-06-07 23:51:16 -HikariPool-1 - Failed to validate connection com.mysql.jdbc.JDBC4Connection@3978bac7 (No operations allowed after connection closed.)
2020-06-07 23:51:21 -HikariPool-1 - Failed to validate connection com.mysql.jdbc.JDBC4Connection@f7d8b8b (No operations allowed after connection closed.)
2020-06-07 23:51:26 -HikariPool-1 - Failed to validate connection com.mysql.jdbc.JDBC4Connection@5464b9c6 (No operations allowed after connection closed.)
2020-06-07 23:51:31 -HikariPool-1 - Failed to validate connection com.mysql.jdbc.JDBC4Connection@74bb5941 (No operations allowed after connection closed.)
2020-06-07 23:51:36 -HikariPool-1 - Failed to validate connection com.mysql.jdbc.JDBC4Connection@194ee326 (No operations allowed after connection closed.)
2020-06-07 23:51:36 -Resolved [org.mybatis.spring.MyBatisSystemException: nested exception is org.apache.ibatis.exceptions.PersistenceException: 
### Error querying database.  Cause: org.springframework.jdbc.CannotGetJdbcConnectionException: Failed to obtain JDBC Connection; nested exception is java.sql.SQLTransientConnectionException: HikariPool-1 - Connection is not available, request timed out after 30031ms.
### The error may exist in file [/Users/xuzhou/IdeaProjects/tenement/tenement-dao/target/classes/mybatis/RoomNewDetailsMapper.xml]
### The error may involve com.tenement.dao.mapper.RoomNewDetailsMapper.listGrabbleRoom_COUNT
### The error occurred while executing a query
### Cause: org.springframework.jdbc.CannotGetJdbcConnectionException: Failed to obtain JDBC Connection; nested exception is java.sql.SQLTransientConnectionException: HikariPool-1 - Connection is not available, request timed out after 30031ms.]
2020-06-07 23:51:58 -HikariPool-1 - Failed to validate connection com.mysql.jdbc.JDBC4Connection@19bf7181 (No operations allowed after connection closed.)
2020-06-07 23:52:03 -HikariPool-1 - Failed to validate connection com.mysql.jdbc.JDBC4Connection@13471af1 (No operations allowed after connection closed.)
2020-06-07 23:52:08 -HikariPool-1 - Failed to validate connection com.mysql.jdbc.JDBC4Connection@3494d6cd (No operations allowed after connection closed.)
2020-06-07 23:52:13 -HikariPool-1 - Failed to validate connection com.mysql.jdbc.JDBC4Connection@4ce27cbd (No operations allowed after connection closed.)
2020-06-07 23:52:13 -==>  Preparing: SELECT count(0) FROM room_new_details WHERE name LIKE '%名荟公馆%' AND elevator_yn = ? 
2020-06-07 23:52:13 -==> Parameters: 1(Integer)
2020-06-07 23:52:13 -<==      Total: 1
2020-06-07 23:52:27 -==>  Preparing: SELECT count(0) FROM room_new_details WHERE name LIKE '%名荟公馆%' 
2020-06-07 23:52:27 -==> Parameters: 
2020-06-07 23:52:27 -<==      Total: 1
2020-06-07 23:52:27 -==>  Preparing: select id, name, title, img, management_type, address, build_area, status, telephone, metro_yn, school_yn, elevator_yn, safety_yn, traffic_yn, business_yn, house_style, build_date, sale_date, finished_date, housestyle_style, finish_type, districtId, heating_tyte, house_price, equity_time, price_total, userId, creatime, delete_yn,house_area,broker_id,swiper_photo,house_style_photo,homePage,hotRecommend,guessLike, management,managementPrice,greenPoint,personNum,carNum,projectAdvantage from room_new_details WHERE name like '%名荟公馆%' LIMIT ? 
2020-06-07 23:52:27 -==> Parameters: 10(Integer)
2020-06-07 23:52:27 -<==      Total: 1
2020-06-07 23:53:35 -==>  Preparing: SELECT count(0) FROM room_new_details WHERE name LIKE '%名荟公馆%' 
2020-06-07 23:53:35 -==> Parameters: 
2020-06-07 23:53:35 -<==      Total: 1
2020-06-07 23:53:35 -==>  Preparing: select id, name, title, img, management_type, address, build_area, status, telephone, metro_yn, school_yn, elevator_yn, safety_yn, traffic_yn, business_yn, house_style, build_date, sale_date, finished_date, housestyle_style, finish_type, districtId, heating_tyte, house_price, equity_time, price_total, userId, creatime, delete_yn,house_area,broker_id,swiper_photo,house_style_photo,homePage,hotRecommend,guessLike, management,managementPrice,greenPoint,personNum,carNum,projectAdvantage from room_new_details WHERE name like '%名荟公馆%' LIMIT ? 
2020-06-07 23:53:35 -==> Parameters: 10(Integer)
2020-06-07 23:53:35 -<==      Total: 1
