2020-07-14 10:44:23 -Starting WebApplication on xuzhoudeMacBook-Pro.local with PID 38673 (/Users/xuzhou/IdeaProjects/tenement/tenement-api/target/classes started by xuzhou in /Users/xuzhou/IdeaProjects/tenement)
2020-07-14 10:44:23 -No active profile set, falling back to default profiles: default
2020-07-14 10:44:23 -Refreshing org.springframework.boot.web.servlet.context.AnnotationConfigServletWebServerApplicationContext@388526fb: startup date [Tue Jul 14 10:44:23 CST 2020]; root of context hierarchy
2020-07-14 10:44:24 -Multiple Spring Data modules found, entering strict repository configuration mode!
2020-07-14 10:44:24 -No bean named 'integrationHeaderChannelRegistry' has been explicitly defined. Therefore, a default DefaultHeaderChannelRegistry will be created.
2020-07-14 10:44:24 -No bean named 'errorChannel' has been explicitly defined. Therefore, a default PublishSubscribeChannel will be created.
2020-07-14 10:44:24 -No bean named 'taskScheduler' has been explicitly defined. Therefore, a default ThreadPoolTaskScheduler will be created.
2020-07-14 10:44:24 -Bean 'org.springframework.transaction.annotation.ProxyTransactionManagementConfiguration' of type [org.springframework.transaction.annotation.ProxyTransactionManagementConfiguration$$EnhancerBySpringCGLIB$$e5d738b9] is not eligible for getting processed by all BeanPostProcessors (for example: not eligible for auto-proxying)
2020-07-14 10:44:24 -Bean 'org.springframework.integration.config.IntegrationManagementConfiguration' of type [org.springframework.integration.config.IntegrationManagementConfiguration$$EnhancerBySpringCGLIB$$50c8f3e8] is not eligible for getting processed by all BeanPostProcessors (for example: not eligible for auto-proxying)
2020-07-14 10:44:25 -Tomcat initialized with port(s): 8080 (http)
2020-07-14 10:44:25 -Initializing ProtocolHandler ["http-nio-8080"]
2020-07-14 10:44:25 -Starting service [Tomcat]
2020-07-14 10:44:25 -Starting Servlet Engine: Apache Tomcat/8.5.34
2020-07-14 10:44:25 -The APR based Apache Tomcat Native library which allows optimal performance in production environments was not found on the java.library.path: [/Users/xuzhou/Library/Java/Extensions:/Library/Java/Extensions:/Network/Library/Java/Extensions:/System/Library/Java/Extensions:/usr/lib/java:.]
2020-07-14 10:44:25 -Initializing Spring embedded WebApplicationContext
2020-07-14 10:44:25 -Root WebApplicationContext: initialization completed in 2042 ms
2020-07-14 10:44:25 -Servlet dispatcherServlet mapped to [/]
2020-07-14 10:44:25 -Mapping filter: 'characterEncodingFilter' to: [/*]
2020-07-14 10:44:25 -Mapping filter: 'hiddenHttpMethodFilter' to: [/*]
2020-07-14 10:44:25 -Mapping filter: 'httpPutFormContentFilter' to: [/*]
2020-07-14 10:44:25 -Mapping filter: 'requestContextFilter' to: [/*]
2020-07-14 10:44:26 -Mapped URL path [/**/favicon.ico] onto handler of type [class org.springframework.web.servlet.resource.ResourceHttpRequestHandler]
2020-07-14 10:44:26 -Looking for @ControllerAdvice: org.springframework.boot.web.servlet.context.AnnotationConfigServletWebServerApplicationContext@388526fb: startup date [Tue Jul 14 10:44:23 CST 2020]; root of context hierarchy
2020-07-14 10:44:26 -Detected RequestBodyAdvice bean in agbweappControllerAdvice
2020-07-14 10:44:26 -Mapped "{[/house/broker/addBroker]}" onto public com.tenement.domain.common.Response<com.tenement.domain.dto.RespId> com.tenement.api.controller.BrokerController.addBroker(javax.servlet.http.HttpServletRequest,com.tenement.domain.dto.BrokerReq) throws com.tenement.domain.common.BusinessException
2020-07-14 10:44:26 -Mapped "{[/house/broker/listBroker]}" onto public com.tenement.domain.common.Response<com.github.pagehelper.PageInfo<com.tenement.domain.dto.BrokerResp>> com.tenement.api.controller.BrokerController.listBroker(javax.servlet.http.HttpServletRequest,com.tenement.domain.dto.BrokerExmple) throws com.tenement.domain.common.BusinessException
2020-07-14 10:44:26 -Mapped "{[/house/broker/getBroker]}" onto public com.tenement.domain.common.Response<com.tenement.domain.dto.BrokerResp> com.tenement.api.controller.BrokerController.getBroker(javax.servlet.http.HttpServletRequest,com.tenement.domain.dto.BrokerExmple) throws com.tenement.domain.common.BusinessException
2020-07-14 10:44:26 -Mapped "{[/house/broker/updateBroker]}" onto public com.tenement.domain.common.Response com.tenement.api.controller.BrokerController.updateBroker(javax.servlet.http.HttpServletRequest,com.tenement.domain.po.Broker) throws com.tenement.domain.common.BusinessException
2020-07-14 10:44:26 -Mapped "{[/house/broker/deleteBroker]}" onto public com.tenement.domain.common.Response com.tenement.api.controller.BrokerController.deleteBroker(javax.servlet.http.HttpServletRequest,com.tenement.domain.dto.BrokerExmple) throws com.tenement.domain.common.BusinessException
2020-07-14 10:44:26 -Mapped "{[/house/room/listRoom]}" onto public com.tenement.domain.common.Response<com.github.pagehelper.PageInfo<com.tenement.domain.dto.RoomNewDetailsResp>> com.tenement.api.controller.HouseRoomController.listRoom(javax.servlet.http.HttpServletRequest,com.tenement.domain.dto.ListRoomDetailsReq) throws com.tenement.domain.common.BusinessException
2020-07-14 10:44:26 -Mapped "{[/house/room/addRoomDetails]}" onto public com.tenement.domain.common.Response<com.tenement.domain.dto.RespId> com.tenement.api.controller.HouseRoomController.addRoom(javax.servlet.http.HttpServletRequest,com.tenement.domain.dto.RoomNewDetailsReq) throws com.tenement.domain.common.BusinessException
2020-07-14 10:44:26 -Mapped "{[/house/room/getRoomBasicsType]}" onto public com.tenement.domain.common.Response<com.tenement.domain.dto.RoomBasicsTypeResp> com.tenement.api.controller.HouseRoomController.getRoomBasicsType() throws com.tenement.domain.common.BusinessException
2020-07-14 10:44:26 -Mapped "{[/house/room/getRoomNewDetails]}" onto public com.tenement.domain.common.Response<com.tenement.domain.dto.RoomNewDetailsResp> com.tenement.api.controller.HouseRoomController.getRoomNewDetails(javax.servlet.http.HttpServletRequest,com.tenement.domain.dto.GetRoomDetailsReq) throws com.tenement.domain.common.BusinessException
2020-07-14 10:44:26 -Mapped "{[/house/room/deleteNewRoom]}" onto public com.tenement.domain.common.Response com.tenement.api.controller.HouseRoomController.deleteNewRoom(javax.servlet.http.HttpServletRequest,com.tenement.domain.dto.GetRoomDetailsReq) throws com.tenement.domain.common.BusinessException
2020-07-14 10:44:26 -Mapped "{[/house/room/updateRoomNewDetails]}" onto public com.tenement.domain.common.Response com.tenement.api.controller.HouseRoomController.updateRoomNewDetails(javax.servlet.http.HttpServletRequest,com.tenement.domain.dto.RoomNewDetailsReq) throws com.tenement.domain.common.BusinessException
2020-07-14 10:44:26 -Mapped "{[/house/room/listGrabbleRoom]}" onto public com.tenement.domain.common.Response<com.github.pagehelper.PageInfo<com.tenement.domain.dto.RoomNewDetailsResp>> com.tenement.api.controller.HouseRoomController.listGrabbleRoom(javax.servlet.http.HttpServletRequest,com.tenement.domain.dto.ListGrabbleRoomReq)
2020-07-14 10:44:26 -Mapped "{[/house/room/listRoomTenementType]}" onto public com.tenement.domain.common.Response<java.util.List<com.tenement.domain.po.RoomTenementType>> com.tenement.api.controller.HouseRoomController.listRoomTenementType(javax.servlet.http.HttpServletRequest,com.tenement.domain.dto.ListRoomTenementTypeReq) throws com.tenement.domain.common.BusinessException
2020-07-14 10:44:26 -Mapped "{[/house/room/lisDistrict]}" onto public com.tenement.domain.common.Response<java.util.List<com.tenement.domain.po.District>> com.tenement.api.controller.HouseRoomController.lisDistrict(javax.servlet.http.HttpServletRequest,com.tenement.domain.dto.LisDistrictReq) throws com.tenement.domain.common.BusinessException
2020-07-14 10:44:26 -Mapped "{[/house/room/uploadFile]}" onto public com.tenement.domain.common.Response<com.tenement.domain.dto.UploadFileResp> com.tenement.api.controller.HouseRoomController.uploadFile(javax.servlet.http.HttpServletRequest,org.springframework.web.multipart.MultipartFile[]) throws com.tenement.domain.common.BusinessException
2020-07-14 10:44:26 -Mapped "{[/house/room/index]}" onto public java.lang.String com.tenement.api.controller.HouseRoomController.index() throws java.lang.RuntimeException
2020-07-14 10:44:26 -Mapped "{[/house/twoRoom/addTwoRoomDetails]}" onto public com.tenement.domain.common.Response com.tenement.api.controller.HouseTwoRoomController.addTwoRoom(javax.servlet.http.HttpServletRequest,com.tenement.domain.dto.RoomTwoReq) throws com.tenement.domain.common.BusinessException
2020-07-14 10:44:26 -Mapped "{[/house/twoRoom/listTwoRoom]}" onto public com.tenement.domain.common.Response<com.github.pagehelper.PageInfo<com.tenement.domain.dto.RoomTwoResp>> com.tenement.api.controller.HouseTwoRoomController.listTwoRoom(com.tenement.domain.dto.ListTwoRoomReq)
2020-07-14 10:44:26 -Mapped "{[/house/twoRoom/getTwoRoom]}" onto public com.tenement.domain.common.Response<com.tenement.domain.dto.RoomTwoResp> com.tenement.api.controller.HouseTwoRoomController.getTwoRoom(com.tenement.domain.dto.RoomTwoReq)
2020-07-14 10:44:26 -Mapped "{[/house/twoRoom/updateTwoRoom]}" onto public com.tenement.domain.common.Response com.tenement.api.controller.HouseTwoRoomController.updateTwoRoom(com.tenement.domain.dto.RoomTwoReq)
2020-07-14 10:44:26 -Mapped "{[/house/twoRoom/deleteTwoRoom]}" onto public com.tenement.domain.common.Response com.tenement.api.controller.HouseTwoRoomController.deleteTwoRoom(com.tenement.domain.dto.RoomTwoReq)
2020-07-14 10:44:26 -Mapped "{[/house/user/addUser]}" onto public com.tenement.domain.common.Response com.tenement.api.controller.UserController.addUser(com.tenement.domain.dto.UserLogin) throws com.tenement.domain.common.BusinessException
2020-07-14 10:44:26 -Mapped "{[/house/user/login]}" onto public com.tenement.domain.common.Response com.tenement.api.controller.UserController.login(javax.servlet.http.HttpServletRequest,com.tenement.domain.dto.UserLogin) throws com.tenement.domain.common.BusinessException
2020-07-14 10:44:26 -Mapped "{[/house/user/listMenu]}" onto public com.tenement.domain.common.Response<java.util.List<com.tenement.domain.po.SysMenu>> com.tenement.api.controller.UserController.getMenu(javax.servlet.http.HttpServletRequest) throws com.tenement.domain.common.BusinessException
2020-07-14 10:44:26 -Mapped "{[/house/user/logins]}" onto public com.tenement.domain.common.Response com.tenement.api.controller.UserController.logins(javax.servlet.http.HttpServletRequest)
2020-07-14 10:44:26 -Mapped "{[/house/comments/addComments]}" onto public com.tenement.domain.common.Response com.tenement.api.controller.commentsConntroller.addComments(javax.servlet.http.HttpServletRequest,com.tenement.domain.dto.CommentsReq) throws com.tenement.domain.common.BusinessException
2020-07-14 10:44:26 -Mapped "{[/house/comments/answerComments]}" onto public com.tenement.domain.common.Response com.tenement.api.controller.commentsConntroller.answerComments(javax.servlet.http.HttpServletRequest,com.tenement.domain.dto.CommentsReq) throws com.tenement.domain.common.BusinessException
2020-07-14 10:44:26 -Mapped "{[/house/comments/updateComments]}" onto public com.tenement.domain.common.Response com.tenement.api.controller.commentsConntroller.updateComments(javax.servlet.http.HttpServletRequest,com.tenement.domain.dto.CommentsReq) throws com.tenement.domain.common.BusinessException
2020-07-14 10:44:26 -Mapped "{[/house/comments/listComments]}" onto public com.tenement.domain.common.Response<com.github.pagehelper.PageInfo<com.tenement.domain.dto.CommentsResp>> com.tenement.api.controller.commentsConntroller.listComments(javax.servlet.http.HttpServletRequest,com.tenement.domain.dto.CommentsReq) throws com.tenement.domain.common.BusinessException
2020-07-14 10:44:26 -Mapped "{[/error]}" onto public org.springframework.http.ResponseEntity<java.util.Map<java.lang.String, java.lang.Object>> org.springframework.boot.autoconfigure.web.servlet.error.BasicErrorController.error(javax.servlet.http.HttpServletRequest)
2020-07-14 10:44:26 -Mapped "{[/error],produces=[text/html]}" onto public org.springframework.web.servlet.ModelAndView org.springframework.boot.autoconfigure.web.servlet.error.BasicErrorController.errorHtml(javax.servlet.http.HttpServletRequest,javax.servlet.http.HttpServletResponse)
2020-07-14 10:44:26 -Mapped URL path [/webjars/**] onto handler of type [class org.springframework.web.servlet.resource.ResourceHttpRequestHandler]
2020-07-14 10:44:26 -Mapped URL path [/**] onto handler of type [class org.springframework.web.servlet.resource.ResourceHttpRequestHandler]
2020-07-14 10:44:26 -Detected @ExceptionHandler methods in agbweappControllerAdvice
2020-07-14 10:44:26 -Detected @ExceptionHandler methods in bussinessExceptionHandler
2020-07-14 10:44:27 -Adding welcome page template: index
2020-07-14 10:44:27 -Initializing ExecutorService  'taskScheduler'
2020-07-14 10:44:28 -Registering beans for JMX exposure on startup
2020-07-14 10:44:28 -Bean with name 'dataSource' has been autodetected for JMX exposure
2020-07-14 10:44:28 -Located MBean 'dataSource': registering with JMX server as MBean [com.zaxxer.hikari:name=dataSource,type=HikariDataSource]
2020-07-14 10:44:28 -Starting beans in phase 0
2020-07-14 10:44:28 -Adding {logging-channel-adapter:_org.springframework.integration.errorLogger} as a subscriber to the 'errorChannel' channel
2020-07-14 10:44:28 -Channel 'tenement.errorChannel' has 1 subscriber(s).
2020-07-14 10:44:28 -started _org.springframework.integration.errorLogger
2020-07-14 10:44:28 -Starting ProtocolHandler ["http-nio-8080"]
2020-07-14 10:44:28 -Using a shared selector for servlet write/read
2020-07-14 10:44:28 -Tomcat started on port(s): 8080 (http) with context path ''
2020-07-14 10:44:28 -Started WebApplication in 5.26 seconds (JVM running for 5.956)
2020-07-14 10:45:24 -Initializing Spring FrameworkServlet 'dispatcherServlet'
2020-07-14 10:45:24 -FrameworkServlet 'dispatcherServlet': initialization started
2020-07-14 10:45:24 -FrameworkServlet 'dispatcherServlet': initialization completed in 23 ms
2020-07-14 10:45:34 -Resolved [com.tenement.domain.common.BusinessException: biz exception([4,-1]请先登陆用户！)]
2020-07-14 10:46:43 -Resolved [com.tenement.domain.common.BusinessException: biz exception([4,-1]请先登陆用户！)]
2020-07-14 10:46:44 -Closing org.springframework.boot.web.servlet.context.AnnotationConfigServletWebServerApplicationContext@388526fb: startup date [Tue Jul 14 10:44:23 CST 2020]; root of context hierarchy
2020-07-14 10:46:44 -Stopping beans in phase 0
2020-07-14 10:46:44 -Removing {logging-channel-adapter:_org.springframework.integration.errorLogger} as a subscriber to the 'errorChannel' channel
2020-07-14 10:46:44 -Channel 'tenement.errorChannel' has 0 subscriber(s).
2020-07-14 10:46:44 -stopped _org.springframework.integration.errorLogger
2020-07-14 10:46:44 -Shutting down ExecutorService 'taskScheduler'
2020-07-14 10:46:44 -Unregistering JMX-exposed beans on shutdown
2020-07-14 10:46:44 -Unregistering JMX-exposed beans
2020-07-14 10:46:48 -Loaded expression factory via original TCCL
2020-07-14 10:46:48 -Starting WebApplication on xuzhoudeMacBook-Pro.local with PID 38686 (/Users/xuzhou/IdeaProjects/tenement/tenement-api/target/classes started by xuzhou in /Users/xuzhou/IdeaProjects/tenement)
2020-07-14 10:46:48 -No active profile set, falling back to default profiles: default
2020-07-14 10:46:48 -Refreshing org.springframework.boot.web.servlet.context.AnnotationConfigServletWebServerApplicationContext@2dcd168a: startup date [Tue Jul 14 10:46:48 CST 2020]; root of context hierarchy
2020-07-14 10:46:49 -Multiple Spring Data modules found, entering strict repository configuration mode!
2020-07-14 10:46:49 -No bean named 'integrationHeaderChannelRegistry' has been explicitly defined. Therefore, a default DefaultHeaderChannelRegistry will be created.
2020-07-14 10:46:49 -No bean named 'errorChannel' has been explicitly defined. Therefore, a default PublishSubscribeChannel will be created.
2020-07-14 10:46:49 -No bean named 'taskScheduler' has been explicitly defined. Therefore, a default ThreadPoolTaskScheduler will be created.
2020-07-14 10:46:50 -Bean 'org.springframework.transaction.annotation.ProxyTransactionManagementConfiguration' of type [org.springframework.transaction.annotation.ProxyTransactionManagementConfiguration$$EnhancerBySpringCGLIB$$f8316ce5] is not eligible for getting processed by all BeanPostProcessors (for example: not eligible for auto-proxying)
2020-07-14 10:46:50 -Bean 'org.springframework.integration.config.IntegrationManagementConfiguration' of type [org.springframework.integration.config.IntegrationManagementConfiguration$$EnhancerBySpringCGLIB$$63232814] is not eligible for getting processed by all BeanPostProcessors (for example: not eligible for auto-proxying)
2020-07-14 10:46:50 -Tomcat initialized with port(s): 8080 (http)
2020-07-14 10:46:50 -Initializing ProtocolHandler ["http-nio-8080"]
2020-07-14 10:46:50 -Starting service [Tomcat]
2020-07-14 10:46:50 -Starting Servlet Engine: Apache Tomcat/8.5.34
2020-07-14 10:46:50 -The APR based Apache Tomcat Native library which allows optimal performance in production environments was not found on the java.library.path: [/Users/xuzhou/Library/Java/Extensions:/Library/Java/Extensions:/Network/Library/Java/Extensions:/System/Library/Java/Extensions:/usr/lib/java:.]
2020-07-14 10:46:50 -Initializing Spring embedded WebApplicationContext
2020-07-14 10:46:50 -Root WebApplicationContext: initialization completed in 1996 ms
2020-07-14 10:46:50 -Servlet dispatcherServlet mapped to [/]
2020-07-14 10:46:50 -Mapping filter: 'characterEncodingFilter' to: [/*]
2020-07-14 10:46:50 -Mapping filter: 'hiddenHttpMethodFilter' to: [/*]
2020-07-14 10:46:50 -Mapping filter: 'httpPutFormContentFilter' to: [/*]
2020-07-14 10:46:50 -Mapping filter: 'requestContextFilter' to: [/*]
2020-07-14 10:46:51 -Mapped URL path [/**/favicon.ico] onto handler of type [class org.springframework.web.servlet.resource.ResourceHttpRequestHandler]
2020-07-14 10:46:51 -Looking for @ControllerAdvice: org.springframework.boot.web.servlet.context.AnnotationConfigServletWebServerApplicationContext@2dcd168a: startup date [Tue Jul 14 10:46:48 CST 2020]; root of context hierarchy
2020-07-14 10:46:51 -Detected RequestBodyAdvice bean in agbweappControllerAdvice
2020-07-14 10:46:52 -Mapped "{[/house/broker/addBroker]}" onto public com.tenement.domain.common.Response<com.tenement.domain.dto.RespId> com.tenement.api.controller.BrokerController.addBroker(javax.servlet.http.HttpServletRequest,com.tenement.domain.dto.BrokerReq) throws com.tenement.domain.common.BusinessException
2020-07-14 10:46:52 -Mapped "{[/house/broker/listBroker]}" onto public com.tenement.domain.common.Response<com.github.pagehelper.PageInfo<com.tenement.domain.dto.BrokerResp>> com.tenement.api.controller.BrokerController.listBroker(javax.servlet.http.HttpServletRequest,com.tenement.domain.dto.BrokerExmple) throws com.tenement.domain.common.BusinessException
2020-07-14 10:46:52 -Mapped "{[/house/broker/getBroker]}" onto public com.tenement.domain.common.Response<com.tenement.domain.dto.BrokerResp> com.tenement.api.controller.BrokerController.getBroker(javax.servlet.http.HttpServletRequest,com.tenement.domain.dto.BrokerExmple) throws com.tenement.domain.common.BusinessException
2020-07-14 10:46:52 -Mapped "{[/house/broker/updateBroker]}" onto public com.tenement.domain.common.Response com.tenement.api.controller.BrokerController.updateBroker(javax.servlet.http.HttpServletRequest,com.tenement.domain.po.Broker) throws com.tenement.domain.common.BusinessException
2020-07-14 10:46:52 -Mapped "{[/house/broker/deleteBroker]}" onto public com.tenement.domain.common.Response com.tenement.api.controller.BrokerController.deleteBroker(javax.servlet.http.HttpServletRequest,com.tenement.domain.dto.BrokerExmple) throws com.tenement.domain.common.BusinessException
2020-07-14 10:46:52 -Mapped "{[/house/room/index]}" onto public java.lang.String com.tenement.api.controller.HouseRoomController.index() throws java.lang.RuntimeException
2020-07-14 10:46:52 -Mapped "{[/house/room/listRoom]}" onto public com.tenement.domain.common.Response<com.github.pagehelper.PageInfo<com.tenement.domain.dto.RoomNewDetailsResp>> com.tenement.api.controller.HouseRoomController.listRoom(javax.servlet.http.HttpServletRequest,com.tenement.domain.dto.ListRoomDetailsReq) throws com.tenement.domain.common.BusinessException
2020-07-14 10:46:52 -Mapped "{[/house/room/addRoomDetails]}" onto public com.tenement.domain.common.Response<com.tenement.domain.dto.RespId> com.tenement.api.controller.HouseRoomController.addRoom(javax.servlet.http.HttpServletRequest,com.tenement.domain.dto.RoomNewDetailsReq) throws com.tenement.domain.common.BusinessException
2020-07-14 10:46:52 -Mapped "{[/house/room/getRoomBasicsType]}" onto public com.tenement.domain.common.Response<com.tenement.domain.dto.RoomBasicsTypeResp> com.tenement.api.controller.HouseRoomController.getRoomBasicsType() throws com.tenement.domain.common.BusinessException
2020-07-14 10:46:52 -Mapped "{[/house/room/getRoomNewDetails]}" onto public com.tenement.domain.common.Response<com.tenement.domain.dto.RoomNewDetailsResp> com.tenement.api.controller.HouseRoomController.getRoomNewDetails(javax.servlet.http.HttpServletRequest,com.tenement.domain.dto.GetRoomDetailsReq) throws com.tenement.domain.common.BusinessException
2020-07-14 10:46:52 -Mapped "{[/house/room/deleteNewRoom]}" onto public com.tenement.domain.common.Response com.tenement.api.controller.HouseRoomController.deleteNewRoom(javax.servlet.http.HttpServletRequest,com.tenement.domain.dto.GetRoomDetailsReq) throws com.tenement.domain.common.BusinessException
2020-07-14 10:46:52 -Mapped "{[/house/room/updateRoomNewDetails]}" onto public com.tenement.domain.common.Response com.tenement.api.controller.HouseRoomController.updateRoomNewDetails(javax.servlet.http.HttpServletRequest,com.tenement.domain.dto.RoomNewDetailsReq) throws com.tenement.domain.common.BusinessException
2020-07-14 10:46:52 -Mapped "{[/house/room/listGrabbleRoom]}" onto public com.tenement.domain.common.Response<com.github.pagehelper.PageInfo<com.tenement.domain.dto.RoomNewDetailsResp>> com.tenement.api.controller.HouseRoomController.listGrabbleRoom(javax.servlet.http.HttpServletRequest,com.tenement.domain.dto.ListGrabbleRoomReq)
2020-07-14 10:46:52 -Mapped "{[/house/room/listRoomTenementType]}" onto public com.tenement.domain.common.Response<java.util.List<com.tenement.domain.po.RoomTenementType>> com.tenement.api.controller.HouseRoomController.listRoomTenementType(javax.servlet.http.HttpServletRequest,com.tenement.domain.dto.ListRoomTenementTypeReq) throws com.tenement.domain.common.BusinessException
2020-07-14 10:46:52 -Mapped "{[/house/room/lisDistrict]}" onto public com.tenement.domain.common.Response<java.util.List<com.tenement.domain.po.District>> com.tenement.api.controller.HouseRoomController.lisDistrict(javax.servlet.http.HttpServletRequest,com.tenement.domain.dto.LisDistrictReq) throws com.tenement.domain.common.BusinessException
2020-07-14 10:46:52 -Mapped "{[/house/room/uploadFile]}" onto public com.tenement.domain.common.Response<com.tenement.domain.dto.UploadFileResp> com.tenement.api.controller.HouseRoomController.uploadFile(javax.servlet.http.HttpServletRequest,org.springframework.web.multipart.MultipartFile[]) throws com.tenement.domain.common.BusinessException
2020-07-14 10:46:52 -Mapped "{[/house/twoRoom/addTwoRoomDetails]}" onto public com.tenement.domain.common.Response com.tenement.api.controller.HouseTwoRoomController.addTwoRoom(javax.servlet.http.HttpServletRequest,com.tenement.domain.dto.RoomTwoReq) throws com.tenement.domain.common.BusinessException
2020-07-14 10:46:52 -Mapped "{[/house/twoRoom/listTwoRoom]}" onto public com.tenement.domain.common.Response<com.github.pagehelper.PageInfo<com.tenement.domain.dto.RoomTwoResp>> com.tenement.api.controller.HouseTwoRoomController.listTwoRoom(com.tenement.domain.dto.ListTwoRoomReq)
2020-07-14 10:46:52 -Mapped "{[/house/twoRoom/getTwoRoom]}" onto public com.tenement.domain.common.Response<com.tenement.domain.dto.RoomTwoResp> com.tenement.api.controller.HouseTwoRoomController.getTwoRoom(com.tenement.domain.dto.RoomTwoReq)
2020-07-14 10:46:52 -Mapped "{[/house/twoRoom/updateTwoRoom]}" onto public com.tenement.domain.common.Response com.tenement.api.controller.HouseTwoRoomController.updateTwoRoom(com.tenement.domain.dto.RoomTwoReq)
2020-07-14 10:46:52 -Mapped "{[/house/twoRoom/deleteTwoRoom]}" onto public com.tenement.domain.common.Response com.tenement.api.controller.HouseTwoRoomController.deleteTwoRoom(com.tenement.domain.dto.RoomTwoReq)
2020-07-14 10:46:52 -Mapped "{[/house/user/addUser]}" onto public com.tenement.domain.common.Response com.tenement.api.controller.UserController.addUser(com.tenement.domain.dto.UserLogin) throws com.tenement.domain.common.BusinessException
2020-07-14 10:46:52 -Mapped "{[/house/user/listMenu]}" onto public com.tenement.domain.common.Response<java.util.List<com.tenement.domain.po.SysMenu>> com.tenement.api.controller.UserController.getMenu(javax.servlet.http.HttpServletRequest) throws com.tenement.domain.common.BusinessException
2020-07-14 10:46:52 -Mapped "{[/house/user/logins]}" onto public com.tenement.domain.common.Response com.tenement.api.controller.UserController.logins(javax.servlet.http.HttpServletRequest)
2020-07-14 10:46:52 -Mapped "{[/house/user/login]}" onto public com.tenement.domain.common.Response com.tenement.api.controller.UserController.login(javax.servlet.http.HttpServletRequest,com.tenement.domain.dto.UserLogin) throws com.tenement.domain.common.BusinessException
2020-07-14 10:46:52 -Mapped "{[/house/comments/addComments]}" onto public com.tenement.domain.common.Response com.tenement.api.controller.commentsConntroller.addComments(javax.servlet.http.HttpServletRequest,com.tenement.domain.dto.CommentsReq) throws com.tenement.domain.common.BusinessException
2020-07-14 10:46:52 -Mapped "{[/house/comments/answerComments]}" onto public com.tenement.domain.common.Response com.tenement.api.controller.commentsConntroller.answerComments(javax.servlet.http.HttpServletRequest,com.tenement.domain.dto.CommentsReq) throws com.tenement.domain.common.BusinessException
2020-07-14 10:46:52 -Mapped "{[/house/comments/updateComments]}" onto public com.tenement.domain.common.Response com.tenement.api.controller.commentsConntroller.updateComments(javax.servlet.http.HttpServletRequest,com.tenement.domain.dto.CommentsReq) throws com.tenement.domain.common.BusinessException
2020-07-14 10:46:52 -Mapped "{[/house/comments/listComments]}" onto public com.tenement.domain.common.Response<com.github.pagehelper.PageInfo<com.tenement.domain.dto.CommentsResp>> com.tenement.api.controller.commentsConntroller.listComments(javax.servlet.http.HttpServletRequest,com.tenement.domain.dto.CommentsReq) throws com.tenement.domain.common.BusinessException
2020-07-14 10:46:52 -Mapped "{[/error]}" onto public org.springframework.http.ResponseEntity<java.util.Map<java.lang.String, java.lang.Object>> org.springframework.boot.autoconfigure.web.servlet.error.BasicErrorController.error(javax.servlet.http.HttpServletRequest)
2020-07-14 10:46:52 -Mapped "{[/error],produces=[text/html]}" onto public org.springframework.web.servlet.ModelAndView org.springframework.boot.autoconfigure.web.servlet.error.BasicErrorController.errorHtml(javax.servlet.http.HttpServletRequest,javax.servlet.http.HttpServletResponse)
2020-07-14 10:46:52 -Mapped URL path [/webjars/**] onto handler of type [class org.springframework.web.servlet.resource.ResourceHttpRequestHandler]
2020-07-14 10:46:52 -Mapped URL path [/**] onto handler of type [class org.springframework.web.servlet.resource.ResourceHttpRequestHandler]
2020-07-14 10:46:52 -Detected @ExceptionHandler methods in agbweappControllerAdvice
2020-07-14 10:46:52 -Detected @ExceptionHandler methods in bussinessExceptionHandler
2020-07-14 10:46:52 -Adding welcome page template: index
2020-07-14 10:46:53 -Initializing ExecutorService  'taskScheduler'
2020-07-14 10:46:53 -Registering beans for JMX exposure on startup
2020-07-14 10:46:53 -Bean with name 'dataSource' has been autodetected for JMX exposure
2020-07-14 10:46:53 -Located MBean 'dataSource': registering with JMX server as MBean [com.zaxxer.hikari:name=dataSource,type=HikariDataSource]
2020-07-14 10:46:53 -Starting beans in phase 0
2020-07-14 10:46:53 -Adding {logging-channel-adapter:_org.springframework.integration.errorLogger} as a subscriber to the 'errorChannel' channel
2020-07-14 10:46:53 -Channel 'tenement.errorChannel' has 1 subscriber(s).
2020-07-14 10:46:53 -started _org.springframework.integration.errorLogger
2020-07-14 10:46:53 -Starting ProtocolHandler ["http-nio-8080"]
2020-07-14 10:46:53 -Using a shared selector for servlet write/read
2020-07-14 10:46:53 -Tomcat started on port(s): 8080 (http) with context path ''
2020-07-14 10:46:53 -Started WebApplication in 5.18 seconds (JVM running for 5.832)
2020-07-14 10:47:23 -Initializing Spring FrameworkServlet 'dispatcherServlet'
2020-07-14 10:47:23 -FrameworkServlet 'dispatcherServlet': initialization started
2020-07-14 10:47:23 -FrameworkServlet 'dispatcherServlet': initialization completed in 23 ms
2020-07-14 10:47:26 -HikariPool-1 - Starting...
2020-07-14 10:47:27 -HikariPool-1 - Start completed.
2020-07-14 10:47:27 -==>  Preparing: select A.id, A.password, A.phone, A.true_name as trueName, A.user_name as userName, A.create_time as createTime, B.role_id as roleId from sys_user A inner join sys_user_role B on A.id=B.user_id where user_name = ? 
2020-07-14 10:47:27 -==> Parameters: admins(String)
2020-07-14 10:47:27 -<==      Total: 1
2020-07-14 10:47:48 -Trying to find Dozer configuration file: dozer.properties
2020-07-14 10:47:49 -Dozer configuration file not found: dozer.properties.  Using defaults for all Dozer global properties.
2020-07-14 10:47:49 -Initializing Dozer. Version: 5.4.0, Thread Name: http-nio-8080-exec-2
2020-07-14 10:47:49 -Dozer JMX MBean [org.dozer.jmx:type=DozerStatisticsController] auto registered with the Platform MBean Server
2020-07-14 10:47:49 -Dozer JMX MBean [org.dozer.jmx:type=DozerAdminController] auto registered with the Platform MBean Server
2020-07-14 10:47:49 -Initializing a new instance of dozer bean mapper.
2020-07-14 10:47:49 -Using the following xml files to load custom mappings for the bean mapper instance: [bean.xml]
2020-07-14 10:47:49 -Trying to find xml mapping file: bean.xml
2020-07-14 10:47:49 -Using URL [file:/Users/xuzhou/IdeaProjects/tenement/tenement-api/target/classes/bean.xml] to load custom xml mappings
2020-07-14 10:47:49 -Successfully loaded custom xml mappings from URL: [file:/Users/xuzhou/IdeaProjects/tenement/tenement-api/target/classes/bean.xml]
2020-07-14 10:47:53 -==>  Preparing: insert into room_two_details ( name, districtid, house_style, price_total, house_price, address, house_area, reference_pay, build_date, house_position, reference_month_pay, house_type, house_floor, fitment_status, elevator_yn, book_limit, equity_type, heating_type, project_advantage, room_photo, house_structural, list_photo, brokerid, home_page, hot_recommend, guess_like, create_userid, telephone ) values ( ?, ?, ?, ?, ?, ?, ?, ?, ?, ?, ?, ?, ?, ?, ?, ?, ?, ?, ?, ?, ?, ?, ?, ?, ?, ?, ?, ? ) 
2020-07-14 10:47:53 -==> Parameters: 龙湖rrrrrr(String), 2(Integer), qer(String), 100(Integer), 200(Integer), (String), 0(Integer), 0(Integer), 0(Integer), (String), 0(Integer), (String), 0(Integer), 0(Integer), 0(Integer), 0(Integer), 234(String), 2341(String), 31(String), 13(String), 3(String), 14(String), 0(Integer), 0(Integer), 0(Integer), 0(Integer), 4(Integer), 1234321(String)
2020-07-14 10:47:53 -<==    Updates: 1
2020-07-14 10:50:23 -==>  Preparing: update room_two_details SET name = ?, districtid = ?, house_style = ?, house_price = ?, address = ?, house_area = ?, reference_pay = ?, build_date = ?, house_position = ?, reference_month_pay = ?, house_type = ?, house_floor = ?, fitment_status = ?, elevator_yn = ?, book_limit = ?, equity_type = ?, heating_type = ?, project_advantage = ?, room_photo = ?, house_structural = ?, list_photo = ?, brokerid = ?, home_page = ?, hot_recommend = ?, guess_like = ?, telephone= ? where id = ? 
2020-07-14 10:50:23 -==> Parameters: 龙3333湖(String), 2(Integer), qesssr(String), 200(Integer), (String), 0(Integer), 0(Integer), 0(Integer), (String), 0(Integer), (String), 0(Integer), 0(Integer), 0(Integer), 0(Integer), 23adf4(String), 23af41(String), 3af1(String), 13(String), 3(String), 14(String), 0(Integer), 0(Integer), 0(Integer), 0(Integer), 33333(String), 3(Integer)
2020-07-14 10:50:23 -<==    Updates: 0
2020-07-14 10:50:50 -==>  Preparing: update room_two_details SET name = ?, districtid = ?, house_style = ?, house_price = ?, address = ?, house_area = ?, reference_pay = ?, build_date = ?, house_position = ?, reference_month_pay = ?, house_type = ?, house_floor = ?, fitment_status = ?, elevator_yn = ?, book_limit = ?, equity_type = ?, heating_type = ?, project_advantage = ?, room_photo = ?, house_structural = ?, list_photo = ?, brokerid = ?, home_page = ?, hot_recommend = ?, guess_like = ?, telephone= ? where id = ? 
2020-07-14 10:50:50 -==> Parameters: 龙3333湖(String), 2(Integer), qesssr(String), 200(Integer), (String), 0(Integer), 0(Integer), 0(Integer), (String), 0(Integer), (String), 0(Integer), 0(Integer), 0(Integer), 0(Integer), 23adf4(String), 23af41(String), 3af1(String), 13(String), 3(String), 14(String), 0(Integer), 0(Integer), 0(Integer), 0(Integer), 33333(String), 10(Integer)
2020-07-14 10:50:50 -<==    Updates: 1
2020-07-14 10:51:12 -Closing org.springframework.boot.web.servlet.context.AnnotationConfigServletWebServerApplicationContext@2dcd168a: startup date [Tue Jul 14 10:46:48 CST 2020]; root of context hierarchy
2020-07-14 10:51:12 -Stopping beans in phase 0
2020-07-14 10:51:12 -Removing {logging-channel-adapter:_org.springframework.integration.errorLogger} as a subscriber to the 'errorChannel' channel
2020-07-14 10:51:12 -Channel 'tenement.errorChannel' has 0 subscriber(s).
2020-07-14 10:51:12 -stopped _org.springframework.integration.errorLogger
2020-07-14 10:51:12 -Shutting down ExecutorService 'taskScheduler'
2020-07-14 10:51:12 -Unregistering JMX-exposed beans on shutdown
2020-07-14 10:51:12 -Unregistering JMX-exposed beans
2020-07-14 10:51:12 -HikariPool-1 - Shutdown initiated...
2020-07-14 10:51:12 -HikariPool-1 - Shutdown completed.
2020-07-14 10:51:41 -Loaded expression factory via original TCCL
2020-07-14 10:51:41 -Starting WebApplication on xuzhoudeMacBook-Pro.local with PID 38712 (/Users/xuzhou/IdeaProjects/tenement/tenement-api/target/classes started by xuzhou in /Users/xuzhou/IdeaProjects/tenement)
2020-07-14 10:51:41 -No active profile set, falling back to default profiles: default
2020-07-14 10:51:41 -Refreshing org.springframework.boot.web.servlet.context.AnnotationConfigServletWebServerApplicationContext@6138e79a: startup date [Tue Jul 14 10:51:41 CST 2020]; root of context hierarchy
2020-07-14 10:51:42 -Multiple Spring Data modules found, entering strict repository configuration mode!
2020-07-14 10:51:42 -No bean named 'integrationHeaderChannelRegistry' has been explicitly defined. Therefore, a default DefaultHeaderChannelRegistry will be created.
2020-07-14 10:51:42 -No bean named 'errorChannel' has been explicitly defined. Therefore, a default PublishSubscribeChannel will be created.
2020-07-14 10:51:42 -No bean named 'taskScheduler' has been explicitly defined. Therefore, a default ThreadPoolTaskScheduler will be created.
2020-07-14 10:51:43 -Bean 'org.springframework.transaction.annotation.ProxyTransactionManagementConfiguration' of type [org.springframework.transaction.annotation.ProxyTransactionManagementConfiguration$$EnhancerBySpringCGLIB$$4a0fd3b9] is not eligible for getting processed by all BeanPostProcessors (for example: not eligible for auto-proxying)
2020-07-14 10:51:43 -Bean 'org.springframework.integration.config.IntegrationManagementConfiguration' of type [org.springframework.integration.config.IntegrationManagementConfiguration$$EnhancerBySpringCGLIB$$b5018ee8] is not eligible for getting processed by all BeanPostProcessors (for example: not eligible for auto-proxying)
2020-07-14 10:51:43 -Tomcat initialized with port(s): 8080 (http)
2020-07-14 10:51:43 -Initializing ProtocolHandler ["http-nio-8080"]
2020-07-14 10:51:43 -Starting service [Tomcat]
2020-07-14 10:51:43 -Starting Servlet Engine: Apache Tomcat/8.5.34
2020-07-14 10:51:43 -The APR based Apache Tomcat Native library which allows optimal performance in production environments was not found on the java.library.path: [/Users/xuzhou/Library/Java/Extensions:/Library/Java/Extensions:/Network/Library/Java/Extensions:/System/Library/Java/Extensions:/usr/lib/java:.]
2020-07-14 10:51:43 -Initializing Spring embedded WebApplicationContext
2020-07-14 10:51:43 -Root WebApplicationContext: initialization completed in 1944 ms
2020-07-14 10:51:43 -Servlet dispatcherServlet mapped to [/]
2020-07-14 10:51:43 -Mapping filter: 'characterEncodingFilter' to: [/*]
2020-07-14 10:51:43 -Mapping filter: 'hiddenHttpMethodFilter' to: [/*]
2020-07-14 10:51:43 -Mapping filter: 'httpPutFormContentFilter' to: [/*]
2020-07-14 10:51:43 -Mapping filter: 'requestContextFilter' to: [/*]
2020-07-14 10:51:44 -Mapped URL path [/**/favicon.ico] onto handler of type [class org.springframework.web.servlet.resource.ResourceHttpRequestHandler]
2020-07-14 10:51:44 -Looking for @ControllerAdvice: org.springframework.boot.web.servlet.context.AnnotationConfigServletWebServerApplicationContext@6138e79a: startup date [Tue Jul 14 10:51:41 CST 2020]; root of context hierarchy
2020-07-14 10:51:44 -Detected RequestBodyAdvice bean in agbweappControllerAdvice
2020-07-14 10:51:44 -Mapped "{[/house/broker/addBroker]}" onto public com.tenement.domain.common.Response<com.tenement.domain.dto.RespId> com.tenement.api.controller.BrokerController.addBroker(javax.servlet.http.HttpServletRequest,com.tenement.domain.dto.BrokerReq) throws com.tenement.domain.common.BusinessException
2020-07-14 10:51:44 -Mapped "{[/house/broker/listBroker]}" onto public com.tenement.domain.common.Response<com.github.pagehelper.PageInfo<com.tenement.domain.dto.BrokerResp>> com.tenement.api.controller.BrokerController.listBroker(javax.servlet.http.HttpServletRequest,com.tenement.domain.dto.BrokerExmple) throws com.tenement.domain.common.BusinessException
2020-07-14 10:51:44 -Mapped "{[/house/broker/getBroker]}" onto public com.tenement.domain.common.Response<com.tenement.domain.dto.BrokerResp> com.tenement.api.controller.BrokerController.getBroker(javax.servlet.http.HttpServletRequest,com.tenement.domain.dto.BrokerExmple) throws com.tenement.domain.common.BusinessException
2020-07-14 10:51:44 -Mapped "{[/house/broker/updateBroker]}" onto public com.tenement.domain.common.Response com.tenement.api.controller.BrokerController.updateBroker(javax.servlet.http.HttpServletRequest,com.tenement.domain.po.Broker) throws com.tenement.domain.common.BusinessException
2020-07-14 10:51:44 -Mapped "{[/house/broker/deleteBroker]}" onto public com.tenement.domain.common.Response com.tenement.api.controller.BrokerController.deleteBroker(javax.servlet.http.HttpServletRequest,com.tenement.domain.dto.BrokerExmple) throws com.tenement.domain.common.BusinessException
2020-07-14 10:51:44 -Mapped "{[/house/room/listRoom]}" onto public com.tenement.domain.common.Response<com.github.pagehelper.PageInfo<com.tenement.domain.dto.RoomNewDetailsResp>> com.tenement.api.controller.HouseRoomController.listRoom(javax.servlet.http.HttpServletRequest,com.tenement.domain.dto.ListRoomDetailsReq) throws com.tenement.domain.common.BusinessException
2020-07-14 10:51:44 -Mapped "{[/house/room/addRoomDetails]}" onto public com.tenement.domain.common.Response<com.tenement.domain.dto.RespId> com.tenement.api.controller.HouseRoomController.addRoom(javax.servlet.http.HttpServletRequest,com.tenement.domain.dto.RoomNewDetailsReq) throws com.tenement.domain.common.BusinessException
2020-07-14 10:51:44 -Mapped "{[/house/room/getRoomBasicsType]}" onto public com.tenement.domain.common.Response<com.tenement.domain.dto.RoomBasicsTypeResp> com.tenement.api.controller.HouseRoomController.getRoomBasicsType() throws com.tenement.domain.common.BusinessException
2020-07-14 10:51:44 -Mapped "{[/house/room/getRoomNewDetails]}" onto public com.tenement.domain.common.Response<com.tenement.domain.dto.RoomNewDetailsResp> com.tenement.api.controller.HouseRoomController.getRoomNewDetails(javax.servlet.http.HttpServletRequest,com.tenement.domain.dto.GetRoomDetailsReq) throws com.tenement.domain.common.BusinessException
2020-07-14 10:51:44 -Mapped "{[/house/room/deleteNewRoom]}" onto public com.tenement.domain.common.Response com.tenement.api.controller.HouseRoomController.deleteNewRoom(javax.servlet.http.HttpServletRequest,com.tenement.domain.dto.GetRoomDetailsReq) throws com.tenement.domain.common.BusinessException
2020-07-14 10:51:44 -Mapped "{[/house/room/updateRoomNewDetails]}" onto public com.tenement.domain.common.Response com.tenement.api.controller.HouseRoomController.updateRoomNewDetails(javax.servlet.http.HttpServletRequest,com.tenement.domain.dto.RoomNewDetailsReq) throws com.tenement.domain.common.BusinessException
2020-07-14 10:51:44 -Mapped "{[/house/room/listGrabbleRoom]}" onto public com.tenement.domain.common.Response<com.github.pagehelper.PageInfo<com.tenement.domain.dto.RoomNewDetailsResp>> com.tenement.api.controller.HouseRoomController.listGrabbleRoom(javax.servlet.http.HttpServletRequest,com.tenement.domain.dto.ListGrabbleRoomReq)
2020-07-14 10:51:44 -Mapped "{[/house/room/listRoomTenementType]}" onto public com.tenement.domain.common.Response<java.util.List<com.tenement.domain.po.RoomTenementType>> com.tenement.api.controller.HouseRoomController.listRoomTenementType(javax.servlet.http.HttpServletRequest,com.tenement.domain.dto.ListRoomTenementTypeReq) throws com.tenement.domain.common.BusinessException
2020-07-14 10:51:44 -Mapped "{[/house/room/lisDistrict]}" onto public com.tenement.domain.common.Response<java.util.List<com.tenement.domain.po.District>> com.tenement.api.controller.HouseRoomController.lisDistrict(javax.servlet.http.HttpServletRequest,com.tenement.domain.dto.LisDistrictReq) throws com.tenement.domain.common.BusinessException
2020-07-14 10:51:44 -Mapped "{[/house/room/uploadFile]}" onto public com.tenement.domain.common.Response<com.tenement.domain.dto.UploadFileResp> com.tenement.api.controller.HouseRoomController.uploadFile(javax.servlet.http.HttpServletRequest,org.springframework.web.multipart.MultipartFile[]) throws com.tenement.domain.common.BusinessException
2020-07-14 10:51:44 -Mapped "{[/house/room/index]}" onto public java.lang.String com.tenement.api.controller.HouseRoomController.index() throws java.lang.RuntimeException
2020-07-14 10:51:44 -Mapped "{[/house/twoRoom/addTwoRoomDetails]}" onto public com.tenement.domain.common.Response com.tenement.api.controller.HouseTwoRoomController.addTwoRoom(javax.servlet.http.HttpServletRequest,com.tenement.domain.dto.RoomTwoReq) throws com.tenement.domain.common.BusinessException
2020-07-14 10:51:44 -Mapped "{[/house/twoRoom/listTwoRoom]}" onto public com.tenement.domain.common.Response<com.github.pagehelper.PageInfo<com.tenement.domain.dto.RoomTwoResp>> com.tenement.api.controller.HouseTwoRoomController.listTwoRoom(com.tenement.domain.dto.ListTwoRoomReq)
2020-07-14 10:51:44 -Mapped "{[/house/twoRoom/getTwoRoom]}" onto public com.tenement.domain.common.Response<com.tenement.domain.dto.RoomTwoResp> com.tenement.api.controller.HouseTwoRoomController.getTwoRoom(com.tenement.domain.dto.RoomTwoReq)
2020-07-14 10:51:44 -Mapped "{[/house/twoRoom/updateTwoRoom]}" onto public com.tenement.domain.common.Response com.tenement.api.controller.HouseTwoRoomController.updateTwoRoom(com.tenement.domain.dto.RoomTwoReq)
2020-07-14 10:51:44 -Mapped "{[/house/twoRoom/deleteTwoRoom]}" onto public com.tenement.domain.common.Response com.tenement.api.controller.HouseTwoRoomController.deleteTwoRoom(com.tenement.domain.dto.RoomTwoReq)
2020-07-14 10:51:44 -Mapped "{[/house/user/login]}" onto public com.tenement.domain.common.Response com.tenement.api.controller.UserController.login(javax.servlet.http.HttpServletRequest,com.tenement.domain.dto.UserLogin) throws com.tenement.domain.common.BusinessException
2020-07-14 10:51:44 -Mapped "{[/house/user/listMenu]}" onto public com.tenement.domain.common.Response<java.util.List<com.tenement.domain.po.SysMenu>> com.tenement.api.controller.UserController.getMenu(javax.servlet.http.HttpServletRequest) throws com.tenement.domain.common.BusinessException
2020-07-14 10:51:44 -Mapped "{[/house/user/logins]}" onto public com.tenement.domain.common.Response com.tenement.api.controller.UserController.logins(javax.servlet.http.HttpServletRequest)
2020-07-14 10:51:44 -Mapped "{[/house/user/addUser]}" onto public com.tenement.domain.common.Response com.tenement.api.controller.UserController.addUser(com.tenement.domain.dto.UserLogin) throws com.tenement.domain.common.BusinessException
2020-07-14 10:51:44 -Mapped "{[/house/comments/addComments]}" onto public com.tenement.domain.common.Response com.tenement.api.controller.commentsConntroller.addComments(javax.servlet.http.HttpServletRequest,com.tenement.domain.dto.CommentsReq) throws com.tenement.domain.common.BusinessException
2020-07-14 10:51:44 -Mapped "{[/house/comments/answerComments]}" onto public com.tenement.domain.common.Response com.tenement.api.controller.commentsConntroller.answerComments(javax.servlet.http.HttpServletRequest,com.tenement.domain.dto.CommentsReq) throws com.tenement.domain.common.BusinessException
2020-07-14 10:51:44 -Mapped "{[/house/comments/updateComments]}" onto public com.tenement.domain.common.Response com.tenement.api.controller.commentsConntroller.updateComments(javax.servlet.http.HttpServletRequest,com.tenement.domain.dto.CommentsReq) throws com.tenement.domain.common.BusinessException
2020-07-14 10:51:44 -Mapped "{[/house/comments/listComments]}" onto public com.tenement.domain.common.Response<com.github.pagehelper.PageInfo<com.tenement.domain.dto.CommentsResp>> com.tenement.api.controller.commentsConntroller.listComments(javax.servlet.http.HttpServletRequest,com.tenement.domain.dto.CommentsReq) throws com.tenement.domain.common.BusinessException
2020-07-14 10:51:45 -Mapped "{[/error]}" onto public org.springframework.http.ResponseEntity<java.util.Map<java.lang.String, java.lang.Object>> org.springframework.boot.autoconfigure.web.servlet.error.BasicErrorController.error(javax.servlet.http.HttpServletRequest)
2020-07-14 10:51:45 -Mapped "{[/error],produces=[text/html]}" onto public org.springframework.web.servlet.ModelAndView org.springframework.boot.autoconfigure.web.servlet.error.BasicErrorController.errorHtml(javax.servlet.http.HttpServletRequest,javax.servlet.http.HttpServletResponse)
2020-07-14 10:51:45 -Mapped URL path [/webjars/**] onto handler of type [class org.springframework.web.servlet.resource.ResourceHttpRequestHandler]
2020-07-14 10:51:45 -Mapped URL path [/**] onto handler of type [class org.springframework.web.servlet.resource.ResourceHttpRequestHandler]
2020-07-14 10:51:45 -Detected @ExceptionHandler methods in agbweappControllerAdvice
2020-07-14 10:51:45 -Detected @ExceptionHandler methods in bussinessExceptionHandler
2020-07-14 10:51:45 -Adding welcome page template: index
2020-07-14 10:51:45 -Initializing ExecutorService  'taskScheduler'
2020-07-14 10:51:46 -Registering beans for JMX exposure on startup
2020-07-14 10:51:46 -Bean with name 'dataSource' has been autodetected for JMX exposure
2020-07-14 10:51:46 -Located MBean 'dataSource': registering with JMX server as MBean [com.zaxxer.hikari:name=dataSource,type=HikariDataSource]
2020-07-14 10:51:46 -Starting beans in phase 0
2020-07-14 10:51:46 -Adding {logging-channel-adapter:_org.springframework.integration.errorLogger} as a subscriber to the 'errorChannel' channel
2020-07-14 10:51:46 -Channel 'tenement.errorChannel' has 1 subscriber(s).
2020-07-14 10:51:46 -started _org.springframework.integration.errorLogger
2020-07-14 10:51:46 -Starting ProtocolHandler ["http-nio-8080"]
2020-07-14 10:51:46 -Using a shared selector for servlet write/read
2020-07-14 10:51:46 -Tomcat started on port(s): 8080 (http) with context path ''
2020-07-14 10:51:46 -Started WebApplication in 4.713 seconds (JVM running for 5.341)
2020-07-14 10:52:46 -Initializing Spring FrameworkServlet 'dispatcherServlet'
2020-07-14 10:52:46 -FrameworkServlet 'dispatcherServlet': initialization started
2020-07-14 10:52:46 -FrameworkServlet 'dispatcherServlet': initialization completed in 20 ms
2020-07-14 10:52:50 -HikariPool-1 - Starting...
2020-07-14 10:52:50 -HikariPool-1 - Start completed.
2020-07-14 10:52:50 -==>  Preparing: SELECT count(0) FROM room_two_details WHERE districtid = ? AND name LIKE '%1111%' AND price_total >= ? AND price_total <= ? AND house_area >= ? AND house_area <= ? 
2020-07-14 10:52:51 -==> Parameters: 289(Integer), 20(Integer), 200(Integer), 100(Integer), 100000(Integer)
2020-07-14 10:52:51 -<==      Total: 1
2020-07-14 10:52:51 -==>  Preparing: select id, name, districtid, house_style, price_total, house_price, address, house_area, reference_pay, build_date, house_position, reference_month_pay, house_type, house_floor, fitment_status, elevator_yn, book_limit, equity_type, heating_type, project_advantage, room_photo, house_structural, list_photo, brokerid, home_page, hot_recommend, guess_like, create_date, create_userid, deleted,telephone from room_two_details WHERE districtid=? and name like '%1111%' and price_total >=? and price_total <=? and house_area >=? and house_area <=? LIMIT ? 
2020-07-14 10:52:51 -==> Parameters: 289(Integer), 20(Integer), 200(Integer), 100(Integer), 100000(Integer), 10(Integer)
2020-07-14 10:52:51 -<==      Total: 1
2020-07-14 10:52:51 -Trying to find Dozer configuration file: dozer.properties
2020-07-14 10:52:51 -Dozer configuration file not found: dozer.properties.  Using defaults for all Dozer global properties.
2020-07-14 10:52:51 -Initializing Dozer. Version: 5.4.0, Thread Name: http-nio-8080-exec-1
2020-07-14 10:52:51 -Dozer JMX MBean [org.dozer.jmx:type=DozerStatisticsController] auto registered with the Platform MBean Server
2020-07-14 10:52:51 -Dozer JMX MBean [org.dozer.jmx:type=DozerAdminController] auto registered with the Platform MBean Server
2020-07-14 10:52:51 -Initializing a new instance of dozer bean mapper.
2020-07-14 10:52:51 -Using the following xml files to load custom mappings for the bean mapper instance: [bean.xml]
2020-07-14 10:52:51 -Trying to find xml mapping file: bean.xml
2020-07-14 10:52:51 -Using URL [file:/Users/xuzhou/IdeaProjects/tenement/tenement-api/target/classes/bean.xml] to load custom xml mappings
2020-07-14 10:52:51 -Successfully loaded custom xml mappings from URL: [file:/Users/xuzhou/IdeaProjects/tenement/tenement-api/target/classes/bean.xml]
2020-07-14 10:53:12 -==>  Preparing: SELECT count(0) FROM room_two_details 
2020-07-14 10:53:12 -==> Parameters: 
2020-07-14 10:53:12 -<==      Total: 1
2020-07-14 10:53:12 -==>  Preparing: select id, name, districtid, house_style, price_total, house_price, address, house_area, reference_pay, build_date, house_position, reference_month_pay, house_type, house_floor, fitment_status, elevator_yn, book_limit, equity_type, heating_type, project_advantage, room_photo, house_structural, list_photo, brokerid, home_page, hot_recommend, guess_like, create_date, create_userid, deleted,telephone from room_two_details LIMIT ? 
2020-07-14 10:53:12 -==> Parameters: 10(Integer)
2020-07-14 10:53:12 -<==      Total: 3
2020-07-14 10:53:45 -Closing org.springframework.boot.web.servlet.context.AnnotationConfigServletWebServerApplicationContext@6138e79a: startup date [Tue Jul 14 10:51:41 CST 2020]; root of context hierarchy
2020-07-14 10:53:45 -Stopping beans in phase 0
2020-07-14 10:53:45 -Removing {logging-channel-adapter:_org.springframework.integration.errorLogger} as a subscriber to the 'errorChannel' channel
2020-07-14 10:53:45 -Channel 'tenement.errorChannel' has 0 subscriber(s).
2020-07-14 10:53:45 -stopped _org.springframework.integration.errorLogger
2020-07-14 10:53:45 -Shutting down ExecutorService 'taskScheduler'
2020-07-14 10:53:45 -Unregistering JMX-exposed beans on shutdown
2020-07-14 10:53:45 -Unregistering JMX-exposed beans
2020-07-14 10:53:45 -HikariPool-1 - Shutdown initiated...
2020-07-14 10:53:45 -HikariPool-1 - Shutdown completed.
