2020-03-19 16:56:48 -Starting WebApplication on xuzhoudeMacBook-Pro.local with PID 23009 (/Users/xuzhou/IdeaProjects/tenement/tenement-api/target/classes started by xuzhou in /Users/xuzhou/IdeaProjects/tenement)
2020-03-19 16:56:48 -No active profile set, falling back to default profiles: default
2020-03-19 16:56:48 -Refreshing org.springframework.boot.web.servlet.context.AnnotationConfigServletWebServerApplicationContext@36a5cabc: startup date [Thu Mar 19 16:56:48 CST 2020]; root of context hierarchy
2020-03-19 16:56:50 -Tomcat initialized with port(s): 8080 (http)
2020-03-19 16:56:50 -Initializing ProtocolHandler ["http-nio-8080"]
2020-03-19 16:56:50 -Starting service [Tomcat]
2020-03-19 16:56:50 -Starting Servlet Engine: Apache Tomcat/8.5.34
2020-03-19 16:56:50 -The APR based Apache Tomcat Native library which allows optimal performance in production environments was not found on the java.library.path: [/Users/xuzhou/Library/Java/Extensions:/Library/Java/Extensions:/Network/Library/Java/Extensions:/System/Library/Java/Extensions:/usr/lib/java:.]
2020-03-19 16:56:50 -Initializing Spring embedded WebApplicationContext
2020-03-19 16:56:50 -Root WebApplicationContext: initialization completed in 1469 ms
2020-03-19 16:56:50 -Servlet dispatcherServlet mapped to [/]
2020-03-19 16:56:50 -Mapping filter: 'characterEncodingFilter' to: [/*]
2020-03-19 16:56:50 -Mapping filter: 'hiddenHttpMethodFilter' to: [/*]
2020-03-19 16:56:50 -Mapping filter: 'httpPutFormContentFilter' to: [/*]
2020-03-19 16:56:50 -Mapping filter: 'requestContextFilter' to: [/*]
2020-03-19 16:56:51 -Mapped URL path [/**/favicon.ico] onto handler of type [class org.springframework.web.servlet.resource.ResourceHttpRequestHandler]
2020-03-19 16:56:51 -Looking for @ControllerAdvice: org.springframework.boot.web.servlet.context.AnnotationConfigServletWebServerApplicationContext@36a5cabc: startup date [Thu Mar 19 16:56:48 CST 2020]; root of context hierarchy
2020-03-19 16:56:51 -Mapped "{[/house/broker/addBroker]}" onto public com.tenement.domain.common.Response com.tenement.api.controller.BrokerController.addBroker(com.tenement.domain.dto.BrokerReq)
2020-03-19 16:56:51 -Mapped "{[/house/broker/listBroker]}" onto public com.tenement.domain.common.Response<java.util.List<com.tenement.domain.po.Broker>> com.tenement.api.controller.BrokerController.listBroker(com.tenement.domain.dto.BrokerExmple)
2020-03-19 16:56:51 -Mapped "{[/house/room/index]}" onto public java.lang.String com.tenement.api.controller.RoomController.index() throws java.lang.RuntimeException
2020-03-19 16:56:51 -Mapped "{[/house/room/addRoomDetails]}" onto public com.tenement.domain.common.Response com.tenement.api.controller.RoomController.addRoom(com.tenement.domain.dto.RoomNewDetailsReq,javax.servlet.http.HttpServletRequest) throws com.tenement.domain.common.BusinessException
2020-03-19 16:56:51 -Mapped "{[/house/room/listRoom]}" onto public com.tenement.domain.common.Response<com.github.pagehelper.PageInfo<com.tenement.domain.po.RoomNewDetails>> com.tenement.api.controller.RoomController.listRoom(com.tenement.domain.dto.ListRoomDetailsReq)
2020-03-19 16:56:51 -Mapped "{[/house/room/getRoomBasicsType]}" onto public com.tenement.domain.common.Response<com.tenement.domain.dto.RoomBasicsTypeResp> com.tenement.api.controller.RoomController.getRoomBasicsType() throws com.tenement.domain.common.BusinessException
2020-03-19 16:56:51 -Mapped "{[/house/room/getRoomDetails]}" onto public com.tenement.domain.common.Response<com.tenement.domain.dto.GetRoomDetailsResp> com.tenement.api.controller.RoomController.getRoomDetails(com.tenement.domain.dto.GetRoomDetailsReq) throws com.tenement.domain.common.BusinessException
2020-03-19 16:56:51 -Mapped "{[/house/room/listGrabbleRoom]}" onto public com.tenement.domain.common.Response<com.github.pagehelper.PageInfo<com.tenement.domain.vo.RoomDetailsInfo>> com.tenement.api.controller.RoomController.listGrabbleRoom(com.tenement.domain.dto.ListGrabbleRoomReq)
2020-03-19 16:56:51 -Mapped "{[/house/room/listRoomTenementType]}" onto public com.tenement.domain.common.Response<java.util.List<com.tenement.domain.po.RoomTenementType>> com.tenement.api.controller.RoomController.listRoomTenementType(com.tenement.domain.dto.ListRoomTenementTypeReq) throws com.tenement.domain.common.BusinessException
2020-03-19 16:56:51 -Mapped "{[/house/room/lisDistrict]}" onto public com.tenement.domain.common.Response<java.util.List<com.tenement.domain.po.District>> com.tenement.api.controller.RoomController.lisDistrict(com.tenement.domain.dto.LisDistrictReq) throws com.tenement.domain.common.BusinessException
2020-03-19 16:56:51 -Mapped "{[/house/room/uploadFile]}" onto public com.tenement.domain.common.Response<com.tenement.domain.dto.UploadFileResp> com.tenement.api.controller.RoomController.uploadFile(org.springframework.web.multipart.MultipartFile[]) throws com.tenement.domain.common.BusinessException
2020-03-19 16:56:51 -Mapped "{[/house/user/addUser]}" onto public com.tenement.domain.common.Response com.tenement.api.controller.UserController.addUser(com.tenement.domain.dto.UserLogin) throws com.tenement.domain.common.BusinessException
2020-03-19 16:56:51 -Mapped "{[/house/user/logins]}" onto public com.tenement.domain.common.Response com.tenement.api.controller.UserController.logins(javax.servlet.http.HttpServletRequest)
2020-03-19 16:56:51 -Mapped "{[/house/user/listMenu]}" onto public com.tenement.domain.common.Response<java.util.List<com.tenement.domain.po.SysMenu>> com.tenement.api.controller.UserController.getMenu(javax.servlet.http.HttpServletRequest) throws com.tenement.domain.common.BusinessException
2020-03-19 16:56:51 -Mapped "{[/house/user/login]}" onto public com.tenement.domain.common.Response com.tenement.api.controller.UserController.login(com.tenement.domain.dto.UserLogin,javax.servlet.http.HttpServletRequest) throws com.tenement.domain.common.BusinessException
2020-03-19 16:56:51 -Mapped "{[/error]}" onto public org.springframework.http.ResponseEntity<java.util.Map<java.lang.String, java.lang.Object>> org.springframework.boot.autoconfigure.web.servlet.error.BasicErrorController.error(javax.servlet.http.HttpServletRequest)
2020-03-19 16:56:51 -Mapped "{[/error],produces=[text/html]}" onto public org.springframework.web.servlet.ModelAndView org.springframework.boot.autoconfigure.web.servlet.error.BasicErrorController.errorHtml(javax.servlet.http.HttpServletRequest,javax.servlet.http.HttpServletResponse)
2020-03-19 16:56:51 -Mapped URL path [/webjars/**] onto handler of type [class org.springframework.web.servlet.resource.ResourceHttpRequestHandler]
2020-03-19 16:56:51 -Mapped URL path [/**] onto handler of type [class org.springframework.web.servlet.resource.ResourceHttpRequestHandler]
2020-03-19 16:56:51 -Detected @ExceptionHandler methods in bussinessExceptionHandler
2020-03-19 16:56:51 -Adding welcome page template: index
2020-03-19 16:56:51 -Registering beans for JMX exposure on startup
2020-03-19 16:56:51 -Bean with name 'dataSource' has been autodetected for JMX exposure
2020-03-19 16:56:51 -Located MBean 'dataSource': registering with JMX server as MBean [com.zaxxer.hikari:name=dataSource,type=HikariDataSource]
2020-03-19 16:56:51 -Starting ProtocolHandler ["http-nio-8080"]
2020-03-19 16:56:51 -Using a shared selector for servlet write/read
2020-03-19 16:56:51 -Tomcat started on port(s): 8080 (http) with context path ''
2020-03-19 16:56:51 -Started WebApplication in 3.625 seconds (JVM running for 4.335)
2020-03-19 16:59:40 -Initializing Spring FrameworkServlet 'dispatcherServlet'
2020-03-19 16:59:40 -FrameworkServlet 'dispatcherServlet': initialization started
2020-03-19 16:59:40 -FrameworkServlet 'dispatcherServlet': initialization completed in 18 ms
2020-03-19 17:00:23 -HikariPool-1 - Starting...
2020-03-19 17:00:26 -HikariPool-1 - Start completed.
2020-03-19 17:00:26 -==>  Preparing: SELECT count(0) FROM room_new_details 
2020-03-19 17:00:26 -==> Parameters: 
2020-03-19 17:00:27 -<==      Total: 1
2020-03-19 17:00:27 -==>  Preparing: select id, name, title, img, management_type, address, build_area, status, telephone, metro_yn, school_yn, elevator_yn, safety_yn, traffic_yn, business_yn, house_style, build_date, sale_date, finished_date, housestyle_style, finish_type, districtId, heating_tyte, house_price, equity_time, price_total, userId, creatime, delete_yn,house_area from room_new_details LIMIT ? 
2020-03-19 17:00:27 -==> Parameters: 10(Integer)
2020-03-19 17:00:27 -<==      Total: 2
2020-03-19 17:00:55 -Closing org.springframework.boot.web.servlet.context.AnnotationConfigServletWebServerApplicationContext@36a5cabc: startup date [Thu Mar 19 16:56:48 CST 2020]; root of context hierarchy
2020-03-19 17:00:55 -Unregistering JMX-exposed beans on shutdown
2020-03-19 17:00:55 -Unregistering JMX-exposed beans
2020-03-19 17:00:55 -HikariPool-1 - Shutdown initiated...
2020-03-19 17:00:55 -HikariPool-1 - Shutdown completed.
