2020-04-26 16:36:01 -Starting WebApplication on xuzhoudeMacBook-Pro.local with PID 7226 (/Users/xuzhou/IdeaProjects/tenement/tenement-api/target/classes started by xuzhou in /Users/xuzhou/IdeaProjects/tenement)
2020-04-26 16:36:01 -No active profile set, falling back to default profiles: default
2020-04-26 16:36:02 -Refreshing org.springframework.boot.web.servlet.context.AnnotationConfigServletWebServerApplicationContext@33308786: startup date [Sun Apr 26 16:36:02 CST 2020]; root of context hierarchy
2020-04-26 16:36:03 -Tomcat initialized with port(s): 8080 (http)
2020-04-26 16:36:03 -Initializing ProtocolHandler ["http-nio-8080"]
2020-04-26 16:36:03 -Starting service [Tomcat]
2020-04-26 16:36:03 -Starting Servlet Engine: Apache Tomcat/8.5.34
2020-04-26 16:36:03 -The APR based Apache Tomcat Native library which allows optimal performance in production environments was not found on the java.library.path: [/Users/xuzhou/Library/Java/Extensions:/Library/Java/Extensions:/Network/Library/Java/Extensions:/System/Library/Java/Extensions:/usr/lib/java:.]
2020-04-26 16:36:03 -Initializing Spring embedded WebApplicationContext
2020-04-26 16:36:03 -Root WebApplicationContext: initialization completed in 1381 ms
2020-04-26 16:36:03 -Servlet dispatcherServlet mapped to [/]
2020-04-26 16:36:03 -Mapping filter: 'characterEncodingFilter' to: [/*]
2020-04-26 16:36:03 -Mapping filter: 'hiddenHttpMethodFilter' to: [/*]
2020-04-26 16:36:03 -Mapping filter: 'httpPutFormContentFilter' to: [/*]
2020-04-26 16:36:03 -Mapping filter: 'requestContextFilter' to: [/*]
2020-04-26 16:36:04 -Mapped URL path [/**/favicon.ico] onto handler of type [class org.springframework.web.servlet.resource.ResourceHttpRequestHandler]
2020-04-26 16:36:04 -Looking for @ControllerAdvice: org.springframework.boot.web.servlet.context.AnnotationConfigServletWebServerApplicationContext@33308786: startup date [Sun Apr 26 16:36:02 CST 2020]; root of context hierarchy
2020-04-26 16:36:04 -Detected RequestBodyAdvice bean in agbweappControllerAdvice
2020-04-26 16:36:04 -Mapped "{[/house/broker/addBroker]}" onto public com.tenement.domain.common.Response<com.tenement.domain.dto.RespId> com.tenement.api.controller.BrokerController.addBroker(javax.servlet.http.HttpServletRequest,com.tenement.domain.dto.BrokerReq) throws com.tenement.domain.common.BusinessException
2020-04-26 16:36:04 -Mapped "{[/house/broker/listBroker]}" onto public com.tenement.domain.common.Response<com.github.pagehelper.PageInfo<com.tenement.domain.dto.BrokerResp>> com.tenement.api.controller.BrokerController.listBroker(javax.servlet.http.HttpServletRequest,com.tenement.domain.dto.BrokerExmple) throws com.tenement.domain.common.BusinessException
2020-04-26 16:36:04 -Mapped "{[/house/broker/getBroker]}" onto public com.tenement.domain.common.Response<com.tenement.domain.dto.BrokerResp> com.tenement.api.controller.BrokerController.getBroker(javax.servlet.http.HttpServletRequest,com.tenement.domain.dto.BrokerExmple) throws com.tenement.domain.common.BusinessException
2020-04-26 16:36:04 -Mapped "{[/house/broker/updateBroker]}" onto public com.tenement.domain.common.Response com.tenement.api.controller.BrokerController.updateBroker(javax.servlet.http.HttpServletRequest,com.tenement.domain.po.Broker) throws com.tenement.domain.common.BusinessException
2020-04-26 16:36:04 -Mapped "{[/house/broker/deleteBroker]}" onto public com.tenement.domain.common.Response com.tenement.api.controller.BrokerController.deleteBroker(javax.servlet.http.HttpServletRequest,com.tenement.domain.dto.BrokerExmple) throws com.tenement.domain.common.BusinessException
2020-04-26 16:36:04 -Mapped "{[/house/room/index]}" onto public java.lang.String com.tenement.api.controller.HouseRoomController.index() throws java.lang.RuntimeException
2020-04-26 16:36:04 -Mapped "{[/house/room/listRoom]}" onto public com.tenement.domain.common.Response<com.github.pagehelper.PageInfo<com.tenement.domain.dto.RoomNewDetailsResp>> com.tenement.api.controller.HouseRoomController.listRoom(javax.servlet.http.HttpServletRequest,com.tenement.domain.dto.ListRoomDetailsReq) throws com.tenement.domain.common.BusinessException
2020-04-26 16:36:04 -Mapped "{[/house/room/addRoomDetails]}" onto public com.tenement.domain.common.Response<com.tenement.domain.dto.RespId> com.tenement.api.controller.HouseRoomController.addRoom(javax.servlet.http.HttpServletRequest,com.tenement.domain.dto.RoomNewDetailsReq) throws com.tenement.domain.common.BusinessException
2020-04-26 16:36:04 -Mapped "{[/house/room/getRoomBasicsType]}" onto public com.tenement.domain.common.Response<com.tenement.domain.dto.RoomBasicsTypeResp> com.tenement.api.controller.HouseRoomController.getRoomBasicsType() throws com.tenement.domain.common.BusinessException
2020-04-26 16:36:04 -Mapped "{[/house/room/getRoomNewDetails]}" onto public com.tenement.domain.common.Response<com.tenement.domain.dto.RoomNewDetailsResp> com.tenement.api.controller.HouseRoomController.getRoomNewDetails(javax.servlet.http.HttpServletRequest,com.tenement.domain.dto.GetRoomDetailsReq) throws com.tenement.domain.common.BusinessException
2020-04-26 16:36:04 -Mapped "{[/house/room/deleteNewRoom]}" onto public com.tenement.domain.common.Response com.tenement.api.controller.HouseRoomController.deleteNewRoom(javax.servlet.http.HttpServletRequest,com.tenement.domain.dto.GetRoomDetailsReq) throws com.tenement.domain.common.BusinessException
2020-04-26 16:36:04 -Mapped "{[/house/room/updateRoomNewDetails]}" onto public com.tenement.domain.common.Response com.tenement.api.controller.HouseRoomController.updateRoomNewDetails(javax.servlet.http.HttpServletRequest,com.tenement.domain.dto.RoomNewDetailsReq) throws com.tenement.domain.common.BusinessException
2020-04-26 16:36:04 -Mapped "{[/house/room/listGrabbleRoom]}" onto public com.tenement.domain.common.Response<com.github.pagehelper.PageInfo<com.tenement.domain.dto.RoomNewDetailsResp>> com.tenement.api.controller.HouseRoomController.listGrabbleRoom(javax.servlet.http.HttpServletRequest,com.tenement.domain.dto.ListGrabbleRoomReq)
2020-04-26 16:36:04 -Mapped "{[/house/room/listRoomTenementType]}" onto public com.tenement.domain.common.Response<java.util.List<com.tenement.domain.po.RoomTenementType>> com.tenement.api.controller.HouseRoomController.listRoomTenementType(javax.servlet.http.HttpServletRequest,com.tenement.domain.dto.ListRoomTenementTypeReq) throws com.tenement.domain.common.BusinessException
2020-04-26 16:36:04 -Mapped "{[/house/room/lisDistrict]}" onto public com.tenement.domain.common.Response<java.util.List<com.tenement.domain.po.District>> com.tenement.api.controller.HouseRoomController.lisDistrict(javax.servlet.http.HttpServletRequest,com.tenement.domain.dto.LisDistrictReq) throws com.tenement.domain.common.BusinessException
2020-04-26 16:36:04 -Mapped "{[/house/room/uploadFile]}" onto public com.tenement.domain.common.Response<com.tenement.domain.dto.UploadFileResp> com.tenement.api.controller.HouseRoomController.uploadFile(javax.servlet.http.HttpServletRequest,org.springframework.web.multipart.MultipartFile[]) throws com.tenement.domain.common.BusinessException
2020-04-26 16:36:04 -Mapped "{[/house/user/addUser]}" onto public com.tenement.domain.common.Response com.tenement.api.controller.UserController.addUser(com.tenement.domain.dto.UserLogin) throws com.tenement.domain.common.BusinessException
2020-04-26 16:36:04 -Mapped "{[/house/user/login]}" onto public com.tenement.domain.common.Response com.tenement.api.controller.UserController.login(javax.servlet.http.HttpServletRequest,com.tenement.domain.dto.UserLogin) throws com.tenement.domain.common.BusinessException
2020-04-26 16:36:04 -Mapped "{[/house/user/logins]}" onto public com.tenement.domain.common.Response com.tenement.api.controller.UserController.logins(javax.servlet.http.HttpServletRequest)
2020-04-26 16:36:04 -Mapped "{[/house/user/loginss]}" onto public com.tenement.domain.common.Response com.tenement.api.controller.UserController.logins(java.lang.Double)
2020-04-26 16:36:04 -Mapped "{[/house/user/listMenu]}" onto public com.tenement.domain.common.Response<java.util.List<com.tenement.domain.po.SysMenu>> com.tenement.api.controller.UserController.getMenu(javax.servlet.http.HttpServletRequest) throws com.tenement.domain.common.BusinessException
2020-04-26 16:36:04 -Mapped "{[/house/comments/addComments]}" onto public com.tenement.domain.common.Response com.tenement.api.controller.commentsConntroller.addComments(javax.servlet.http.HttpServletRequest,com.tenement.domain.dto.CommentsReq) throws com.tenement.domain.common.BusinessException
2020-04-26 16:36:04 -Mapped "{[/house/comments/answerComments]}" onto public com.tenement.domain.common.Response com.tenement.api.controller.commentsConntroller.answerComments(javax.servlet.http.HttpServletRequest,com.tenement.domain.dto.CommentsReq) throws com.tenement.domain.common.BusinessException
2020-04-26 16:36:04 -Mapped "{[/house/comments/updateComments]}" onto public com.tenement.domain.common.Response com.tenement.api.controller.commentsConntroller.updateComments(javax.servlet.http.HttpServletRequest,com.tenement.domain.dto.CommentsReq) throws com.tenement.domain.common.BusinessException
2020-04-26 16:36:04 -Mapped "{[/house/comments/listComments]}" onto public com.tenement.domain.common.Response<com.github.pagehelper.PageInfo<com.tenement.domain.dto.CommentsResp>> com.tenement.api.controller.commentsConntroller.listComments(javax.servlet.http.HttpServletRequest,com.tenement.domain.dto.CommentsReq) throws com.tenement.domain.common.BusinessException
2020-04-26 16:36:04 -Mapped "{[/error]}" onto public org.springframework.http.ResponseEntity<java.util.Map<java.lang.String, java.lang.Object>> org.springframework.boot.autoconfigure.web.servlet.error.BasicErrorController.error(javax.servlet.http.HttpServletRequest)
2020-04-26 16:36:04 -Mapped "{[/error],produces=[text/html]}" onto public org.springframework.web.servlet.ModelAndView org.springframework.boot.autoconfigure.web.servlet.error.BasicErrorController.errorHtml(javax.servlet.http.HttpServletRequest,javax.servlet.http.HttpServletResponse)
2020-04-26 16:36:04 -Mapped URL path [/webjars/**] onto handler of type [class org.springframework.web.servlet.resource.ResourceHttpRequestHandler]
2020-04-26 16:36:04 -Mapped URL path [/**] onto handler of type [class org.springframework.web.servlet.resource.ResourceHttpRequestHandler]
2020-04-26 16:36:04 -Detected @ExceptionHandler methods in agbweappControllerAdvice
2020-04-26 16:36:04 -Detected @ExceptionHandler methods in bussinessExceptionHandler
2020-04-26 16:36:04 -Adding welcome page template: index
2020-04-26 16:36:04 -Registering beans for JMX exposure on startup
2020-04-26 16:36:04 -Bean with name 'dataSource' has been autodetected for JMX exposure
2020-04-26 16:36:04 -Located MBean 'dataSource': registering with JMX server as MBean [com.zaxxer.hikari:name=dataSource,type=HikariDataSource]
2020-04-26 16:36:04 -Starting ProtocolHandler ["http-nio-8080"]
2020-04-26 16:36:04 -Using a shared selector for servlet write/read
2020-04-26 16:36:04 -Tomcat started on port(s): 8080 (http) with context path ''
2020-04-26 16:36:04 -Started WebApplication in 3.483 seconds (JVM running for 4.175)
2020-04-26 16:36:49 -Initializing Spring FrameworkServlet 'dispatcherServlet'
2020-04-26 16:36:49 -FrameworkServlet 'dispatcherServlet': initialization started
2020-04-26 16:36:49 -FrameworkServlet 'dispatcherServlet': initialization completed in 22 ms
2020-04-26 16:37:04 -HikariPool-1 - Starting...
2020-04-26 16:37:05 -HikariPool-1 - Start completed.
2020-04-26 16:37:05 -==>  Preparing: select A.id, A.password, A.phone, A.true_name as trueName, A.user_name as userName, A.create_time as createTime, B.role_id as roleId from sys_user A inner join sys_user_role B on A.id=B.user_id where user_name = ? 
2020-04-26 16:37:05 -==> Parameters: admin(String)
2020-04-26 16:37:05 -<==      Total: 1
2020-04-26 16:37:05 -==>  Preparing: insert into visit_log ( ip ) values ( ? ) 
2020-04-26 16:37:05 -==> Parameters: 127.0.0.1(String)
2020-04-26 16:37:05 -<==    Updates: 1
2020-04-26 16:37:07 -Closing org.springframework.boot.web.servlet.context.AnnotationConfigServletWebServerApplicationContext@33308786: startup date [Sun Apr 26 16:36:02 CST 2020]; root of context hierarchy
2020-04-26 16:37:07 -Unregistering JMX-exposed beans on shutdown
2020-04-26 16:37:07 -Unregistering JMX-exposed beans
2020-04-26 16:37:07 -HikariPool-1 - Shutdown initiated...
2020-04-26 16:37:07 -HikariPool-1 - Shutdown completed.
2020-04-26 16:37:19 -Loaded expression factory via original TCCL
2020-04-26 16:37:19 -Starting WebApplication on xuzhoudeMacBook-Pro.local with PID 7444 (/Users/xuzhou/IdeaProjects/tenement/tenement-api/target/classes started by xuzhou in /Users/xuzhou/IdeaProjects/tenement)
2020-04-26 16:37:19 -No active profile set, falling back to default profiles: default
2020-04-26 16:37:19 -Refreshing org.springframework.boot.web.servlet.context.AnnotationConfigServletWebServerApplicationContext@2e1ef60: startup date [Sun Apr 26 16:37:19 CST 2020]; root of context hierarchy
2020-04-26 16:37:21 -Tomcat initialized with port(s): 8080 (http)
2020-04-26 16:37:21 -Initializing ProtocolHandler ["http-nio-8080"]
2020-04-26 16:37:21 -Starting service [Tomcat]
2020-04-26 16:37:21 -Starting Servlet Engine: Apache Tomcat/8.5.34
2020-04-26 16:37:21 -The APR based Apache Tomcat Native library which allows optimal performance in production environments was not found on the java.library.path: [/Users/xuzhou/Library/Java/Extensions:/Library/Java/Extensions:/Network/Library/Java/Extensions:/System/Library/Java/Extensions:/usr/lib/java:.]
2020-04-26 16:37:21 -Initializing Spring embedded WebApplicationContext
2020-04-26 16:37:21 -Root WebApplicationContext: initialization completed in 1324 ms
2020-04-26 16:37:21 -Servlet dispatcherServlet mapped to [/]
2020-04-26 16:37:21 -Mapping filter: 'characterEncodingFilter' to: [/*]
2020-04-26 16:37:21 -Mapping filter: 'hiddenHttpMethodFilter' to: [/*]
2020-04-26 16:37:21 -Mapping filter: 'httpPutFormContentFilter' to: [/*]
2020-04-26 16:37:21 -Mapping filter: 'requestContextFilter' to: [/*]
2020-04-26 16:37:21 -Mapped URL path [/**/favicon.ico] onto handler of type [class org.springframework.web.servlet.resource.ResourceHttpRequestHandler]
2020-04-26 16:37:22 -Looking for @ControllerAdvice: org.springframework.boot.web.servlet.context.AnnotationConfigServletWebServerApplicationContext@2e1ef60: startup date [Sun Apr 26 16:37:19 CST 2020]; root of context hierarchy
2020-04-26 16:37:22 -Detected RequestBodyAdvice bean in agbweappControllerAdvice
2020-04-26 16:37:22 -Mapped "{[/house/broker/addBroker]}" onto public com.tenement.domain.common.Response<com.tenement.domain.dto.RespId> com.tenement.api.controller.BrokerController.addBroker(javax.servlet.http.HttpServletRequest,com.tenement.domain.dto.BrokerReq) throws com.tenement.domain.common.BusinessException
2020-04-26 16:37:22 -Mapped "{[/house/broker/listBroker]}" onto public com.tenement.domain.common.Response<com.github.pagehelper.PageInfo<com.tenement.domain.dto.BrokerResp>> com.tenement.api.controller.BrokerController.listBroker(javax.servlet.http.HttpServletRequest,com.tenement.domain.dto.BrokerExmple) throws com.tenement.domain.common.BusinessException
2020-04-26 16:37:22 -Mapped "{[/house/broker/getBroker]}" onto public com.tenement.domain.common.Response<com.tenement.domain.dto.BrokerResp> com.tenement.api.controller.BrokerController.getBroker(javax.servlet.http.HttpServletRequest,com.tenement.domain.dto.BrokerExmple) throws com.tenement.domain.common.BusinessException
2020-04-26 16:37:22 -Mapped "{[/house/broker/updateBroker]}" onto public com.tenement.domain.common.Response com.tenement.api.controller.BrokerController.updateBroker(javax.servlet.http.HttpServletRequest,com.tenement.domain.po.Broker) throws com.tenement.domain.common.BusinessException
2020-04-26 16:37:22 -Mapped "{[/house/broker/deleteBroker]}" onto public com.tenement.domain.common.Response com.tenement.api.controller.BrokerController.deleteBroker(javax.servlet.http.HttpServletRequest,com.tenement.domain.dto.BrokerExmple) throws com.tenement.domain.common.BusinessException
2020-04-26 16:37:22 -Mapped "{[/house/room/index]}" onto public java.lang.String com.tenement.api.controller.HouseRoomController.index() throws java.lang.RuntimeException
2020-04-26 16:37:22 -Mapped "{[/house/room/listRoom]}" onto public com.tenement.domain.common.Response<com.github.pagehelper.PageInfo<com.tenement.domain.dto.RoomNewDetailsResp>> com.tenement.api.controller.HouseRoomController.listRoom(javax.servlet.http.HttpServletRequest,com.tenement.domain.dto.ListRoomDetailsReq) throws com.tenement.domain.common.BusinessException
2020-04-26 16:37:22 -Mapped "{[/house/room/addRoomDetails]}" onto public com.tenement.domain.common.Response<com.tenement.domain.dto.RespId> com.tenement.api.controller.HouseRoomController.addRoom(javax.servlet.http.HttpServletRequest,com.tenement.domain.dto.RoomNewDetailsReq) throws com.tenement.domain.common.BusinessException
2020-04-26 16:37:22 -Mapped "{[/house/room/getRoomBasicsType]}" onto public com.tenement.domain.common.Response<com.tenement.domain.dto.RoomBasicsTypeResp> com.tenement.api.controller.HouseRoomController.getRoomBasicsType() throws com.tenement.domain.common.BusinessException
2020-04-26 16:37:22 -Mapped "{[/house/room/getRoomNewDetails]}" onto public com.tenement.domain.common.Response<com.tenement.domain.dto.RoomNewDetailsResp> com.tenement.api.controller.HouseRoomController.getRoomNewDetails(javax.servlet.http.HttpServletRequest,com.tenement.domain.dto.GetRoomDetailsReq) throws com.tenement.domain.common.BusinessException
2020-04-26 16:37:22 -Mapped "{[/house/room/deleteNewRoom]}" onto public com.tenement.domain.common.Response com.tenement.api.controller.HouseRoomController.deleteNewRoom(javax.servlet.http.HttpServletRequest,com.tenement.domain.dto.GetRoomDetailsReq) throws com.tenement.domain.common.BusinessException
2020-04-26 16:37:22 -Mapped "{[/house/room/updateRoomNewDetails]}" onto public com.tenement.domain.common.Response com.tenement.api.controller.HouseRoomController.updateRoomNewDetails(javax.servlet.http.HttpServletRequest,com.tenement.domain.dto.RoomNewDetailsReq) throws com.tenement.domain.common.BusinessException
2020-04-26 16:37:22 -Mapped "{[/house/room/listGrabbleRoom]}" onto public com.tenement.domain.common.Response<com.github.pagehelper.PageInfo<com.tenement.domain.dto.RoomNewDetailsResp>> com.tenement.api.controller.HouseRoomController.listGrabbleRoom(javax.servlet.http.HttpServletRequest,com.tenement.domain.dto.ListGrabbleRoomReq)
2020-04-26 16:37:22 -Mapped "{[/house/room/listRoomTenementType]}" onto public com.tenement.domain.common.Response<java.util.List<com.tenement.domain.po.RoomTenementType>> com.tenement.api.controller.HouseRoomController.listRoomTenementType(javax.servlet.http.HttpServletRequest,com.tenement.domain.dto.ListRoomTenementTypeReq) throws com.tenement.domain.common.BusinessException
2020-04-26 16:37:22 -Mapped "{[/house/room/lisDistrict]}" onto public com.tenement.domain.common.Response<java.util.List<com.tenement.domain.po.District>> com.tenement.api.controller.HouseRoomController.lisDistrict(javax.servlet.http.HttpServletRequest,com.tenement.domain.dto.LisDistrictReq) throws com.tenement.domain.common.BusinessException
2020-04-26 16:37:22 -Mapped "{[/house/room/uploadFile]}" onto public com.tenement.domain.common.Response<com.tenement.domain.dto.UploadFileResp> com.tenement.api.controller.HouseRoomController.uploadFile(javax.servlet.http.HttpServletRequest,org.springframework.web.multipart.MultipartFile[]) throws com.tenement.domain.common.BusinessException
2020-04-26 16:37:22 -Mapped "{[/house/user/addUser]}" onto public com.tenement.domain.common.Response com.tenement.api.controller.UserController.addUser(com.tenement.domain.dto.UserLogin) throws com.tenement.domain.common.BusinessException
2020-04-26 16:37:22 -Mapped "{[/house/user/logins]}" onto public com.tenement.domain.common.Response com.tenement.api.controller.UserController.logins(javax.servlet.http.HttpServletRequest)
2020-04-26 16:37:22 -Mapped "{[/house/user/loginss]}" onto public com.tenement.domain.common.Response com.tenement.api.controller.UserController.logins(java.lang.Double)
2020-04-26 16:37:22 -Mapped "{[/house/user/login]}" onto public com.tenement.domain.common.Response com.tenement.api.controller.UserController.login(javax.servlet.http.HttpServletRequest,com.tenement.domain.dto.UserLogin) throws com.tenement.domain.common.BusinessException
2020-04-26 16:37:22 -Mapped "{[/house/user/listMenu]}" onto public com.tenement.domain.common.Response<java.util.List<com.tenement.domain.po.SysMenu>> com.tenement.api.controller.UserController.getMenu(javax.servlet.http.HttpServletRequest) throws com.tenement.domain.common.BusinessException
2020-04-26 16:37:22 -Mapped "{[/house/comments/addComments]}" onto public com.tenement.domain.common.Response com.tenement.api.controller.commentsConntroller.addComments(javax.servlet.http.HttpServletRequest,com.tenement.domain.dto.CommentsReq) throws com.tenement.domain.common.BusinessException
2020-04-26 16:37:22 -Mapped "{[/house/comments/answerComments]}" onto public com.tenement.domain.common.Response com.tenement.api.controller.commentsConntroller.answerComments(javax.servlet.http.HttpServletRequest,com.tenement.domain.dto.CommentsReq) throws com.tenement.domain.common.BusinessException
2020-04-26 16:37:22 -Mapped "{[/house/comments/updateComments]}" onto public com.tenement.domain.common.Response com.tenement.api.controller.commentsConntroller.updateComments(javax.servlet.http.HttpServletRequest,com.tenement.domain.dto.CommentsReq) throws com.tenement.domain.common.BusinessException
2020-04-26 16:37:22 -Mapped "{[/house/comments/listComments]}" onto public com.tenement.domain.common.Response<com.github.pagehelper.PageInfo<com.tenement.domain.dto.CommentsResp>> com.tenement.api.controller.commentsConntroller.listComments(javax.servlet.http.HttpServletRequest,com.tenement.domain.dto.CommentsReq) throws com.tenement.domain.common.BusinessException
2020-04-26 16:37:22 -Mapped "{[/error]}" onto public org.springframework.http.ResponseEntity<java.util.Map<java.lang.String, java.lang.Object>> org.springframework.boot.autoconfigure.web.servlet.error.BasicErrorController.error(javax.servlet.http.HttpServletRequest)
2020-04-26 16:37:22 -Mapped "{[/error],produces=[text/html]}" onto public org.springframework.web.servlet.ModelAndView org.springframework.boot.autoconfigure.web.servlet.error.BasicErrorController.errorHtml(javax.servlet.http.HttpServletRequest,javax.servlet.http.HttpServletResponse)
2020-04-26 16:37:22 -Mapped URL path [/webjars/**] onto handler of type [class org.springframework.web.servlet.resource.ResourceHttpRequestHandler]
2020-04-26 16:37:22 -Mapped URL path [/**] onto handler of type [class org.springframework.web.servlet.resource.ResourceHttpRequestHandler]
2020-04-26 16:37:22 -Detected @ExceptionHandler methods in agbweappControllerAdvice
2020-04-26 16:37:22 -Detected @ExceptionHandler methods in bussinessExceptionHandler
2020-04-26 16:37:22 -Adding welcome page template: index
2020-04-26 16:37:22 -Registering beans for JMX exposure on startup
2020-04-26 16:37:22 -Bean with name 'dataSource' has been autodetected for JMX exposure
2020-04-26 16:37:22 -Located MBean 'dataSource': registering with JMX server as MBean [com.zaxxer.hikari:name=dataSource,type=HikariDataSource]
2020-04-26 16:37:22 -Starting ProtocolHandler ["http-nio-8080"]
2020-04-26 16:37:22 -Using a shared selector for servlet write/read
2020-04-26 16:37:22 -Tomcat started on port(s): 8080 (http) with context path ''
2020-04-26 16:37:22 -Started WebApplication in 3.2 seconds (JVM running for 3.718)
2020-04-26 16:37:35 -Initializing Spring FrameworkServlet 'dispatcherServlet'
2020-04-26 16:37:35 -FrameworkServlet 'dispatcherServlet': initialization started
2020-04-26 16:37:35 -FrameworkServlet 'dispatcherServlet': initialization completed in 20 ms
2020-04-26 16:37:49 -HikariPool-1 - Starting...
2020-04-26 16:37:50 -Closing org.springframework.boot.web.servlet.context.AnnotationConfigServletWebServerApplicationContext@2e1ef60: startup date [Sun Apr 26 16:37:19 CST 2020]; root of context hierarchy
2020-04-26 16:37:50 -Unregistering JMX-exposed beans on shutdown
2020-04-26 16:37:50 -Unregistering JMX-exposed beans
2020-04-26 16:47:49 -Loaded expression factory via original TCCL
2020-04-26 16:47:49 -Starting WebApplication on xuzhoudeMacBook-Pro.local with PID 9131 (/Users/xuzhou/IdeaProjects/tenement/tenement-api/target/classes started by xuzhou in /Users/xuzhou/IdeaProjects/tenement)
2020-04-26 16:47:49 -No active profile set, falling back to default profiles: default
2020-04-26 16:47:49 -Refreshing org.springframework.boot.web.servlet.context.AnnotationConfigServletWebServerApplicationContext@457c9034: startup date [Sun Apr 26 16:47:49 CST 2020]; root of context hierarchy
2020-04-26 16:47:50 -Tomcat initialized with port(s): 8080 (http)
2020-04-26 16:47:50 -Initializing ProtocolHandler ["http-nio-8080"]
2020-04-26 16:47:50 -Starting service [Tomcat]
2020-04-26 16:47:50 -Starting Servlet Engine: Apache Tomcat/8.5.34
2020-04-26 16:47:50 -The APR based Apache Tomcat Native library which allows optimal performance in production environments was not found on the java.library.path: [/Users/xuzhou/Library/Java/Extensions:/Library/Java/Extensions:/Network/Library/Java/Extensions:/System/Library/Java/Extensions:/usr/lib/java:.]
2020-04-26 16:47:50 -Initializing Spring embedded WebApplicationContext
2020-04-26 16:47:50 -Root WebApplicationContext: initialization completed in 1268 ms
2020-04-26 16:47:50 -Servlet dispatcherServlet mapped to [/]
2020-04-26 16:47:50 -Mapping filter: 'characterEncodingFilter' to: [/*]
2020-04-26 16:47:50 -Mapping filter: 'hiddenHttpMethodFilter' to: [/*]
2020-04-26 16:47:50 -Mapping filter: 'httpPutFormContentFilter' to: [/*]
2020-04-26 16:47:50 -Mapping filter: 'requestContextFilter' to: [/*]
2020-04-26 16:47:51 -Mapped URL path [/**/favicon.ico] onto handler of type [class org.springframework.web.servlet.resource.ResourceHttpRequestHandler]
2020-04-26 16:47:51 -Looking for @ControllerAdvice: org.springframework.boot.web.servlet.context.AnnotationConfigServletWebServerApplicationContext@457c9034: startup date [Sun Apr 26 16:47:49 CST 2020]; root of context hierarchy
2020-04-26 16:47:51 -Detected RequestBodyAdvice bean in agbweappControllerAdvice
2020-04-26 16:47:51 -Mapped "{[/house/broker/addBroker]}" onto public com.tenement.domain.common.Response<com.tenement.domain.dto.RespId> com.tenement.api.controller.BrokerController.addBroker(javax.servlet.http.HttpServletRequest,com.tenement.domain.dto.BrokerReq) throws com.tenement.domain.common.BusinessException
2020-04-26 16:47:51 -Mapped "{[/house/broker/listBroker]}" onto public com.tenement.domain.common.Response<com.github.pagehelper.PageInfo<com.tenement.domain.dto.BrokerResp>> com.tenement.api.controller.BrokerController.listBroker(javax.servlet.http.HttpServletRequest,com.tenement.domain.dto.BrokerExmple) throws com.tenement.domain.common.BusinessException
2020-04-26 16:47:51 -Mapped "{[/house/broker/getBroker]}" onto public com.tenement.domain.common.Response<com.tenement.domain.dto.BrokerResp> com.tenement.api.controller.BrokerController.getBroker(javax.servlet.http.HttpServletRequest,com.tenement.domain.dto.BrokerExmple) throws com.tenement.domain.common.BusinessException
2020-04-26 16:47:51 -Mapped "{[/house/broker/updateBroker]}" onto public com.tenement.domain.common.Response com.tenement.api.controller.BrokerController.updateBroker(javax.servlet.http.HttpServletRequest,com.tenement.domain.po.Broker) throws com.tenement.domain.common.BusinessException
2020-04-26 16:47:51 -Mapped "{[/house/broker/deleteBroker]}" onto public com.tenement.domain.common.Response com.tenement.api.controller.BrokerController.deleteBroker(javax.servlet.http.HttpServletRequest,com.tenement.domain.dto.BrokerExmple) throws com.tenement.domain.common.BusinessException
2020-04-26 16:47:51 -Mapped "{[/house/room/index]}" onto public java.lang.String com.tenement.api.controller.HouseRoomController.index() throws java.lang.RuntimeException
2020-04-26 16:47:51 -Mapped "{[/house/room/listRoom]}" onto public com.tenement.domain.common.Response<com.github.pagehelper.PageInfo<com.tenement.domain.dto.RoomNewDetailsResp>> com.tenement.api.controller.HouseRoomController.listRoom(javax.servlet.http.HttpServletRequest,com.tenement.domain.dto.ListRoomDetailsReq) throws com.tenement.domain.common.BusinessException
2020-04-26 16:47:51 -Mapped "{[/house/room/addRoomDetails]}" onto public com.tenement.domain.common.Response<com.tenement.domain.dto.RespId> com.tenement.api.controller.HouseRoomController.addRoom(javax.servlet.http.HttpServletRequest,com.tenement.domain.dto.RoomNewDetailsReq) throws com.tenement.domain.common.BusinessException
2020-04-26 16:47:51 -Mapped "{[/house/room/getRoomBasicsType]}" onto public com.tenement.domain.common.Response<com.tenement.domain.dto.RoomBasicsTypeResp> com.tenement.api.controller.HouseRoomController.getRoomBasicsType() throws com.tenement.domain.common.BusinessException
2020-04-26 16:47:51 -Mapped "{[/house/room/getRoomNewDetails]}" onto public com.tenement.domain.common.Response<com.tenement.domain.dto.RoomNewDetailsResp> com.tenement.api.controller.HouseRoomController.getRoomNewDetails(javax.servlet.http.HttpServletRequest,com.tenement.domain.dto.GetRoomDetailsReq) throws com.tenement.domain.common.BusinessException
2020-04-26 16:47:51 -Mapped "{[/house/room/deleteNewRoom]}" onto public com.tenement.domain.common.Response com.tenement.api.controller.HouseRoomController.deleteNewRoom(javax.servlet.http.HttpServletRequest,com.tenement.domain.dto.GetRoomDetailsReq) throws com.tenement.domain.common.BusinessException
2020-04-26 16:47:51 -Mapped "{[/house/room/updateRoomNewDetails]}" onto public com.tenement.domain.common.Response com.tenement.api.controller.HouseRoomController.updateRoomNewDetails(javax.servlet.http.HttpServletRequest,com.tenement.domain.dto.RoomNewDetailsReq) throws com.tenement.domain.common.BusinessException
2020-04-26 16:47:51 -Mapped "{[/house/room/listGrabbleRoom]}" onto public com.tenement.domain.common.Response<com.github.pagehelper.PageInfo<com.tenement.domain.dto.RoomNewDetailsResp>> com.tenement.api.controller.HouseRoomController.listGrabbleRoom(javax.servlet.http.HttpServletRequest,com.tenement.domain.dto.ListGrabbleRoomReq)
2020-04-26 16:47:51 -Mapped "{[/house/room/listRoomTenementType]}" onto public com.tenement.domain.common.Response<java.util.List<com.tenement.domain.po.RoomTenementType>> com.tenement.api.controller.HouseRoomController.listRoomTenementType(javax.servlet.http.HttpServletRequest,com.tenement.domain.dto.ListRoomTenementTypeReq) throws com.tenement.domain.common.BusinessException
2020-04-26 16:47:51 -Mapped "{[/house/room/lisDistrict]}" onto public com.tenement.domain.common.Response<java.util.List<com.tenement.domain.po.District>> com.tenement.api.controller.HouseRoomController.lisDistrict(javax.servlet.http.HttpServletRequest,com.tenement.domain.dto.LisDistrictReq) throws com.tenement.domain.common.BusinessException
2020-04-26 16:47:51 -Mapped "{[/house/room/uploadFile]}" onto public com.tenement.domain.common.Response<com.tenement.domain.dto.UploadFileResp> com.tenement.api.controller.HouseRoomController.uploadFile(javax.servlet.http.HttpServletRequest,org.springframework.web.multipart.MultipartFile[]) throws com.tenement.domain.common.BusinessException
2020-04-26 16:47:51 -Mapped "{[/house/user/addUser]}" onto public com.tenement.domain.common.Response com.tenement.api.controller.UserController.addUser(com.tenement.domain.dto.UserLogin) throws com.tenement.domain.common.BusinessException
2020-04-26 16:47:51 -Mapped "{[/house/user/login]}" onto public com.tenement.domain.common.Response com.tenement.api.controller.UserController.login(javax.servlet.http.HttpServletRequest,com.tenement.domain.dto.UserLogin) throws com.tenement.domain.common.BusinessException
2020-04-26 16:47:51 -Mapped "{[/house/user/listMenu]}" onto public com.tenement.domain.common.Response<java.util.List<com.tenement.domain.po.SysMenu>> com.tenement.api.controller.UserController.getMenu(javax.servlet.http.HttpServletRequest) throws com.tenement.domain.common.BusinessException
2020-04-26 16:47:51 -Mapped "{[/house/user/logins]}" onto public com.tenement.domain.common.Response com.tenement.api.controller.UserController.logins(javax.servlet.http.HttpServletRequest)
2020-04-26 16:47:51 -Mapped "{[/house/user/loginss]}" onto public com.tenement.domain.common.Response com.tenement.api.controller.UserController.logins(java.lang.Double)
2020-04-26 16:47:51 -Mapped "{[/house/comments/addComments]}" onto public com.tenement.domain.common.Response com.tenement.api.controller.commentsConntroller.addComments(javax.servlet.http.HttpServletRequest,com.tenement.domain.dto.CommentsReq) throws com.tenement.domain.common.BusinessException
2020-04-26 16:47:51 -Mapped "{[/house/comments/answerComments]}" onto public com.tenement.domain.common.Response com.tenement.api.controller.commentsConntroller.answerComments(javax.servlet.http.HttpServletRequest,com.tenement.domain.dto.CommentsReq) throws com.tenement.domain.common.BusinessException
2020-04-26 16:47:51 -Mapped "{[/house/comments/updateComments]}" onto public com.tenement.domain.common.Response com.tenement.api.controller.commentsConntroller.updateComments(javax.servlet.http.HttpServletRequest,com.tenement.domain.dto.CommentsReq) throws com.tenement.domain.common.BusinessException
2020-04-26 16:47:51 -Mapped "{[/house/comments/listComments]}" onto public com.tenement.domain.common.Response<com.github.pagehelper.PageInfo<com.tenement.domain.dto.CommentsResp>> com.tenement.api.controller.commentsConntroller.listComments(javax.servlet.http.HttpServletRequest,com.tenement.domain.dto.CommentsReq) throws com.tenement.domain.common.BusinessException
2020-04-26 16:47:51 -Mapped "{[/error]}" onto public org.springframework.http.ResponseEntity<java.util.Map<java.lang.String, java.lang.Object>> org.springframework.boot.autoconfigure.web.servlet.error.BasicErrorController.error(javax.servlet.http.HttpServletRequest)
2020-04-26 16:47:51 -Mapped "{[/error],produces=[text/html]}" onto public org.springframework.web.servlet.ModelAndView org.springframework.boot.autoconfigure.web.servlet.error.BasicErrorController.errorHtml(javax.servlet.http.HttpServletRequest,javax.servlet.http.HttpServletResponse)
2020-04-26 16:47:51 -Mapped URL path [/webjars/**] onto handler of type [class org.springframework.web.servlet.resource.ResourceHttpRequestHandler]
2020-04-26 16:47:51 -Mapped URL path [/**] onto handler of type [class org.springframework.web.servlet.resource.ResourceHttpRequestHandler]
2020-04-26 16:47:51 -Detected @ExceptionHandler methods in agbweappControllerAdvice
2020-04-26 16:47:51 -Detected @ExceptionHandler methods in bussinessExceptionHandler
2020-04-26 16:47:51 -Adding welcome page template: index
2020-04-26 16:47:51 -Registering beans for JMX exposure on startup
2020-04-26 16:47:51 -Bean with name 'dataSource' has been autodetected for JMX exposure
2020-04-26 16:47:51 -Located MBean 'dataSource': registering with JMX server as MBean [com.zaxxer.hikari:name=dataSource,type=HikariDataSource]
2020-04-26 16:47:51 -Starting ProtocolHandler ["http-nio-8080"]
2020-04-26 16:47:51 -Using a shared selector for servlet write/read
2020-04-26 16:47:51 -Tomcat started on port(s): 8080 (http) with context path ''
2020-04-26 16:47:51 -Started WebApplication in 3.131 seconds (JVM running for 3.7)
2020-04-26 16:48:40 -Initializing Spring FrameworkServlet 'dispatcherServlet'
2020-04-26 16:48:40 -FrameworkServlet 'dispatcherServlet': initialization started
2020-04-26 16:48:40 -FrameworkServlet 'dispatcherServlet': initialization completed in 19 ms
2020-04-26 16:49:01 -HikariPool-1 - Starting...
2020-04-26 16:49:02 -HikariPool-1 - Start completed.
2020-04-26 16:49:02 -==>  Preparing: insert into visit_log ( ip ) values ( ? ) 
2020-04-26 16:49:02 -==> Parameters: 127.0.0.1(String)
2020-04-26 16:49:02 -<==    Updates: 1
2020-04-26 16:49:02 -Resolved [com.tenement.domain.common.BusinessException: biz exception([4,-1]请先登陆用户！)]
2020-04-26 16:49:03 -Closing org.springframework.boot.web.servlet.context.AnnotationConfigServletWebServerApplicationContext@457c9034: startup date [Sun Apr 26 16:47:49 CST 2020]; root of context hierarchy
2020-04-26 16:49:04 -Unregistering JMX-exposed beans on shutdown
2020-04-26 16:49:04 -Unregistering JMX-exposed beans
2020-04-26 16:49:04 -HikariPool-1 - Shutdown initiated...
2020-04-26 16:49:04 -HikariPool-1 - Shutdown completed.
2020-04-26 16:49:23 -Starting WebApplication on xuzhoudeMacBook-Pro.local with PID 9385 (/Users/xuzhou/IdeaProjects/tenement/tenement-api/target/classes started by xuzhou in /Users/xuzhou/IdeaProjects/tenement)
2020-04-26 16:49:23 -No active profile set, falling back to default profiles: default
2020-04-26 16:49:23 -Refreshing org.springframework.boot.web.servlet.context.AnnotationConfigServletWebServerApplicationContext@30af5b6b: startup date [Sun Apr 26 16:49:23 CST 2020]; root of context hierarchy
2020-04-26 16:49:24 -Tomcat initialized with port(s): 8080 (http)
2020-04-26 16:49:24 -Initializing ProtocolHandler ["http-nio-8080"]
2020-04-26 16:49:24 -Starting service [Tomcat]
2020-04-26 16:49:24 -Starting Servlet Engine: Apache Tomcat/8.5.34
2020-04-26 16:49:24 -The APR based Apache Tomcat Native library which allows optimal performance in production environments was not found on the java.library.path: [/Users/xuzhou/Library/Java/Extensions:/Library/Java/Extensions:/Network/Library/Java/Extensions:/System/Library/Java/Extensions:/usr/lib/java:.]
2020-04-26 16:49:24 -Initializing Spring embedded WebApplicationContext
2020-04-26 16:49:24 -Root WebApplicationContext: initialization completed in 1405 ms
2020-04-26 16:49:24 -Servlet dispatcherServlet mapped to [/]
2020-04-26 16:49:24 -Mapping filter: 'characterEncodingFilter' to: [/*]
2020-04-26 16:49:24 -Mapping filter: 'hiddenHttpMethodFilter' to: [/*]
2020-04-26 16:49:24 -Mapping filter: 'httpPutFormContentFilter' to: [/*]
2020-04-26 16:49:24 -Mapping filter: 'requestContextFilter' to: [/*]
2020-04-26 16:49:25 -Mapped URL path [/**/favicon.ico] onto handler of type [class org.springframework.web.servlet.resource.ResourceHttpRequestHandler]
2020-04-26 16:49:25 -Looking for @ControllerAdvice: org.springframework.boot.web.servlet.context.AnnotationConfigServletWebServerApplicationContext@30af5b6b: startup date [Sun Apr 26 16:49:23 CST 2020]; root of context hierarchy
2020-04-26 16:49:25 -Detected RequestBodyAdvice bean in agbweappControllerAdvice
2020-04-26 16:49:25 -Mapped "{[/house/broker/addBroker]}" onto public com.tenement.domain.common.Response<com.tenement.domain.dto.RespId> com.tenement.api.controller.BrokerController.addBroker(javax.servlet.http.HttpServletRequest,com.tenement.domain.dto.BrokerReq) throws com.tenement.domain.common.BusinessException
2020-04-26 16:49:25 -Mapped "{[/house/broker/listBroker]}" onto public com.tenement.domain.common.Response<com.github.pagehelper.PageInfo<com.tenement.domain.dto.BrokerResp>> com.tenement.api.controller.BrokerController.listBroker(javax.servlet.http.HttpServletRequest,com.tenement.domain.dto.BrokerExmple) throws com.tenement.domain.common.BusinessException
2020-04-26 16:49:25 -Mapped "{[/house/broker/getBroker]}" onto public com.tenement.domain.common.Response<com.tenement.domain.dto.BrokerResp> com.tenement.api.controller.BrokerController.getBroker(javax.servlet.http.HttpServletRequest,com.tenement.domain.dto.BrokerExmple) throws com.tenement.domain.common.BusinessException
2020-04-26 16:49:25 -Mapped "{[/house/broker/updateBroker]}" onto public com.tenement.domain.common.Response com.tenement.api.controller.BrokerController.updateBroker(javax.servlet.http.HttpServletRequest,com.tenement.domain.po.Broker) throws com.tenement.domain.common.BusinessException
2020-04-26 16:49:25 -Mapped "{[/house/broker/deleteBroker]}" onto public com.tenement.domain.common.Response com.tenement.api.controller.BrokerController.deleteBroker(javax.servlet.http.HttpServletRequest,com.tenement.domain.dto.BrokerExmple) throws com.tenement.domain.common.BusinessException
2020-04-26 16:49:25 -Mapped "{[/house/room/index]}" onto public java.lang.String com.tenement.api.controller.HouseRoomController.index() throws java.lang.RuntimeException
2020-04-26 16:49:25 -Mapped "{[/house/room/listRoom]}" onto public com.tenement.domain.common.Response<com.github.pagehelper.PageInfo<com.tenement.domain.dto.RoomNewDetailsResp>> com.tenement.api.controller.HouseRoomController.listRoom(javax.servlet.http.HttpServletRequest,com.tenement.domain.dto.ListRoomDetailsReq) throws com.tenement.domain.common.BusinessException
2020-04-26 16:49:25 -Mapped "{[/house/room/addRoomDetails]}" onto public com.tenement.domain.common.Response<com.tenement.domain.dto.RespId> com.tenement.api.controller.HouseRoomController.addRoom(javax.servlet.http.HttpServletRequest,com.tenement.domain.dto.RoomNewDetailsReq) throws com.tenement.domain.common.BusinessException
2020-04-26 16:49:25 -Mapped "{[/house/room/getRoomBasicsType]}" onto public com.tenement.domain.common.Response<com.tenement.domain.dto.RoomBasicsTypeResp> com.tenement.api.controller.HouseRoomController.getRoomBasicsType() throws com.tenement.domain.common.BusinessException
2020-04-26 16:49:25 -Mapped "{[/house/room/getRoomNewDetails]}" onto public com.tenement.domain.common.Response<com.tenement.domain.dto.RoomNewDetailsResp> com.tenement.api.controller.HouseRoomController.getRoomNewDetails(javax.servlet.http.HttpServletRequest,com.tenement.domain.dto.GetRoomDetailsReq) throws com.tenement.domain.common.BusinessException
2020-04-26 16:49:25 -Mapped "{[/house/room/deleteNewRoom]}" onto public com.tenement.domain.common.Response com.tenement.api.controller.HouseRoomController.deleteNewRoom(javax.servlet.http.HttpServletRequest,com.tenement.domain.dto.GetRoomDetailsReq) throws com.tenement.domain.common.BusinessException
2020-04-26 16:49:25 -Mapped "{[/house/room/updateRoomNewDetails]}" onto public com.tenement.domain.common.Response com.tenement.api.controller.HouseRoomController.updateRoomNewDetails(javax.servlet.http.HttpServletRequest,com.tenement.domain.dto.RoomNewDetailsReq) throws com.tenement.domain.common.BusinessException
2020-04-26 16:49:25 -Mapped "{[/house/room/listGrabbleRoom]}" onto public com.tenement.domain.common.Response<com.github.pagehelper.PageInfo<com.tenement.domain.dto.RoomNewDetailsResp>> com.tenement.api.controller.HouseRoomController.listGrabbleRoom(javax.servlet.http.HttpServletRequest,com.tenement.domain.dto.ListGrabbleRoomReq)
2020-04-26 16:49:25 -Mapped "{[/house/room/listRoomTenementType]}" onto public com.tenement.domain.common.Response<java.util.List<com.tenement.domain.po.RoomTenementType>> com.tenement.api.controller.HouseRoomController.listRoomTenementType(javax.servlet.http.HttpServletRequest,com.tenement.domain.dto.ListRoomTenementTypeReq) throws com.tenement.domain.common.BusinessException
2020-04-26 16:49:25 -Mapped "{[/house/room/lisDistrict]}" onto public com.tenement.domain.common.Response<java.util.List<com.tenement.domain.po.District>> com.tenement.api.controller.HouseRoomController.lisDistrict(javax.servlet.http.HttpServletRequest,com.tenement.domain.dto.LisDistrictReq) throws com.tenement.domain.common.BusinessException
2020-04-26 16:49:25 -Mapped "{[/house/room/uploadFile]}" onto public com.tenement.domain.common.Response<com.tenement.domain.dto.UploadFileResp> com.tenement.api.controller.HouseRoomController.uploadFile(javax.servlet.http.HttpServletRequest,org.springframework.web.multipart.MultipartFile[]) throws com.tenement.domain.common.BusinessException
2020-04-26 16:49:25 -Mapped "{[/house/user/addUser]}" onto public com.tenement.domain.common.Response com.tenement.api.controller.UserController.addUser(com.tenement.domain.dto.UserLogin) throws com.tenement.domain.common.BusinessException
2020-04-26 16:49:25 -Mapped "{[/house/user/login]}" onto public com.tenement.domain.common.Response com.tenement.api.controller.UserController.login(javax.servlet.http.HttpServletRequest,com.tenement.domain.dto.UserLogin) throws com.tenement.domain.common.BusinessException
2020-04-26 16:49:25 -Mapped "{[/house/user/listMenu]}" onto public com.tenement.domain.common.Response<java.util.List<com.tenement.domain.po.SysMenu>> com.tenement.api.controller.UserController.getMenu(javax.servlet.http.HttpServletRequest) throws com.tenement.domain.common.BusinessException
2020-04-26 16:49:25 -Mapped "{[/house/user/logins]}" onto public com.tenement.domain.common.Response com.tenement.api.controller.UserController.logins(javax.servlet.http.HttpServletRequest)
2020-04-26 16:49:25 -Mapped "{[/house/user/loginss]}" onto public com.tenement.domain.common.Response com.tenement.api.controller.UserController.logins(java.lang.Double)
2020-04-26 16:49:25 -Mapped "{[/house/comments/addComments]}" onto public com.tenement.domain.common.Response com.tenement.api.controller.commentsConntroller.addComments(javax.servlet.http.HttpServletRequest,com.tenement.domain.dto.CommentsReq) throws com.tenement.domain.common.BusinessException
2020-04-26 16:49:25 -Mapped "{[/house/comments/answerComments]}" onto public com.tenement.domain.common.Response com.tenement.api.controller.commentsConntroller.answerComments(javax.servlet.http.HttpServletRequest,com.tenement.domain.dto.CommentsReq) throws com.tenement.domain.common.BusinessException
2020-04-26 16:49:25 -Mapped "{[/house/comments/updateComments]}" onto public com.tenement.domain.common.Response com.tenement.api.controller.commentsConntroller.updateComments(javax.servlet.http.HttpServletRequest,com.tenement.domain.dto.CommentsReq) throws com.tenement.domain.common.BusinessException
2020-04-26 16:49:25 -Mapped "{[/house/comments/listComments]}" onto public com.tenement.domain.common.Response<com.github.pagehelper.PageInfo<com.tenement.domain.dto.CommentsResp>> com.tenement.api.controller.commentsConntroller.listComments(javax.servlet.http.HttpServletRequest,com.tenement.domain.dto.CommentsReq) throws com.tenement.domain.common.BusinessException
2020-04-26 16:49:25 -Mapped "{[/error]}" onto public org.springframework.http.ResponseEntity<java.util.Map<java.lang.String, java.lang.Object>> org.springframework.boot.autoconfigure.web.servlet.error.BasicErrorController.error(javax.servlet.http.HttpServletRequest)
2020-04-26 16:49:25 -Mapped "{[/error],produces=[text/html]}" onto public org.springframework.web.servlet.ModelAndView org.springframework.boot.autoconfigure.web.servlet.error.BasicErrorController.errorHtml(javax.servlet.http.HttpServletRequest,javax.servlet.http.HttpServletResponse)
2020-04-26 16:49:25 -Mapped URL path [/webjars/**] onto handler of type [class org.springframework.web.servlet.resource.ResourceHttpRequestHandler]
2020-04-26 16:49:25 -Mapped URL path [/**] onto handler of type [class org.springframework.web.servlet.resource.ResourceHttpRequestHandler]
2020-04-26 16:49:25 -Detected @ExceptionHandler methods in agbweappControllerAdvice
2020-04-26 16:49:25 -Detected @ExceptionHandler methods in bussinessExceptionHandler
2020-04-26 16:49:25 -Adding welcome page template: index
2020-04-26 16:49:26 -Registering beans for JMX exposure on startup
2020-04-26 16:49:26 -Bean with name 'dataSource' has been autodetected for JMX exposure
2020-04-26 16:49:26 -Located MBean 'dataSource': registering with JMX server as MBean [com.zaxxer.hikari:name=dataSource,type=HikariDataSource]
2020-04-26 16:49:26 -Starting ProtocolHandler ["http-nio-8080"]
2020-04-26 16:49:26 -Using a shared selector for servlet write/read
2020-04-26 16:49:26 -Tomcat started on port(s): 8080 (http) with context path ''
2020-04-26 16:49:26 -Started WebApplication in 3.368 seconds (JVM running for 3.904)
2020-04-26 16:49:32 -Initializing Spring FrameworkServlet 'dispatcherServlet'
2020-04-26 16:49:32 -FrameworkServlet 'dispatcherServlet': initialization started
2020-04-26 16:49:32 -FrameworkServlet 'dispatcherServlet': initialization completed in 18 ms
2020-04-26 16:49:48 -HikariPool-1 - Starting...
2020-04-26 16:49:49 -HikariPool-1 - Start completed.
2020-04-26 16:49:49 -==>  Preparing: insert into visit_log ( ip ) values ( ? ) 
2020-04-26 16:49:49 -==> Parameters: 127.0.0.1(String)
2020-04-26 16:49:49 -<==    Updates: 1
2020-04-26 16:49:49 -Resolved [com.tenement.domain.common.BusinessException: biz exception([4,-1]请先登陆用户！)]
2020-04-26 16:49:51 -Closing org.springframework.boot.web.servlet.context.AnnotationConfigServletWebServerApplicationContext@30af5b6b: startup date [Sun Apr 26 16:49:23 CST 2020]; root of context hierarchy
2020-04-26 16:49:51 -Unregistering JMX-exposed beans on shutdown
2020-04-26 16:49:51 -Unregistering JMX-exposed beans
2020-04-26 16:49:51 -HikariPool-1 - Shutdown initiated...
2020-04-26 16:49:51 -HikariPool-1 - Shutdown completed.
