2020-04-08 21:01:18 -Starting WebApplication on bogon with PID 8644 (/Users/xuzhou/IdeaProjects/tenement/tenement-api/target/classes started by xuzhou in /Users/xuzhou/IdeaProjects/tenement)
2020-04-08 21:01:18 -No active profile set, falling back to default profiles: default
2020-04-08 21:01:18 -Refreshing org.springframework.boot.web.servlet.context.AnnotationConfigServletWebServerApplicationContext@35645047: startup date [Wed Apr 08 21:01:18 CST 2020]; root of context hierarchy
2020-04-08 21:01:20 -Tomcat initialized with port(s): 8080 (http)
2020-04-08 21:01:20 -Initializing ProtocolHandler ["http-nio-8080"]
2020-04-08 21:01:20 -Starting service [Tomcat]
2020-04-08 21:01:20 -Starting Servlet Engine: Apache Tomcat/8.5.34
2020-04-08 21:01:20 -The APR based Apache Tomcat Native library which allows optimal performance in production environments was not found on the java.library.path: [/Users/xuzhou/Library/Java/Extensions:/Library/Java/Extensions:/Network/Library/Java/Extensions:/System/Library/Java/Extensions:/usr/lib/java:.]
2020-04-08 21:01:20 -Initializing Spring embedded WebApplicationContext
2020-04-08 21:01:20 -Root WebApplicationContext: initialization completed in 1308 ms
2020-04-08 21:01:20 -Servlet dispatcherServlet mapped to [/]
2020-04-08 21:01:20 -Mapping filter: 'characterEncodingFilter' to: [/*]
2020-04-08 21:01:20 -Mapping filter: 'hiddenHttpMethodFilter' to: [/*]
2020-04-08 21:01:20 -Mapping filter: 'httpPutFormContentFilter' to: [/*]
2020-04-08 21:01:20 -Mapping filter: 'requestContextFilter' to: [/*]
2020-04-08 21:01:20 -Mapped URL path [/**/favicon.ico] onto handler of type [class org.springframework.web.servlet.resource.ResourceHttpRequestHandler]
2020-04-08 21:01:21 -Looking for @ControllerAdvice: org.springframework.boot.web.servlet.context.AnnotationConfigServletWebServerApplicationContext@35645047: startup date [Wed Apr 08 21:01:18 CST 2020]; root of context hierarchy
2020-04-08 21:01:21 -Mapped "{[/house/broker/addBroker]}" onto public com.tenement.domain.common.Response<com.tenement.domain.dto.RespId> com.tenement.api.controller.BrokerController.addBroker(com.tenement.domain.dto.BrokerReq,javax.servlet.http.HttpServletRequest) throws com.tenement.domain.common.BusinessException
2020-04-08 21:01:21 -Mapped "{[/house/broker/listBroker]}" onto public com.tenement.domain.common.Response<com.github.pagehelper.PageInfo<com.tenement.domain.dto.BrokerResp>> com.tenement.api.controller.BrokerController.listBroker(com.tenement.domain.dto.BrokerExmple) throws com.tenement.domain.common.BusinessException
2020-04-08 21:01:21 -Mapped "{[/house/broker/getBroker]}" onto public com.tenement.domain.common.Response<com.tenement.domain.dto.BrokerResp> com.tenement.api.controller.BrokerController.getBroker(com.tenement.domain.dto.BrokerExmple) throws com.tenement.domain.common.BusinessException
2020-04-08 21:01:21 -Mapped "{[/house/broker/updateBroker]}" onto public com.tenement.domain.common.Response com.tenement.api.controller.BrokerController.updateBroker(com.tenement.domain.po.Broker) throws com.tenement.domain.common.BusinessException
2020-04-08 21:01:21 -Mapped "{[/house/broker/deleteBroker]}" onto public com.tenement.domain.common.Response com.tenement.api.controller.BrokerController.deleteBroker(com.tenement.domain.dto.BrokerExmple) throws com.tenement.domain.common.BusinessException
2020-04-08 21:01:21 -Mapped "{[/house/room/index]}" onto public java.lang.String com.tenement.api.controller.HouseRoomController.index() throws java.lang.RuntimeException
2020-04-08 21:01:21 -Mapped "{[/house/room/addRoomDetails]}" onto public com.tenement.domain.common.Response<com.tenement.domain.dto.RespId> com.tenement.api.controller.HouseRoomController.addRoom(com.tenement.domain.dto.RoomNewDetailsReq,javax.servlet.http.HttpServletRequest) throws com.tenement.domain.common.BusinessException
2020-04-08 21:01:21 -Mapped "{[/house/room/listRoom]}" onto public com.tenement.domain.common.Response<com.github.pagehelper.PageInfo<com.tenement.domain.dto.RoomNewDetailsResp>> com.tenement.api.controller.HouseRoomController.listRoom(com.tenement.domain.dto.ListRoomDetailsReq) throws com.tenement.domain.common.BusinessException
2020-04-08 21:01:21 -Mapped "{[/house/room/getRoomBasicsType]}" onto public com.tenement.domain.common.Response<com.tenement.domain.dto.RoomBasicsTypeResp> com.tenement.api.controller.HouseRoomController.getRoomBasicsType() throws com.tenement.domain.common.BusinessException
2020-04-08 21:01:21 -Mapped "{[/house/room/getRoomNewDetails]}" onto public com.tenement.domain.common.Response<com.tenement.domain.dto.RoomNewDetailsResp> com.tenement.api.controller.HouseRoomController.getRoomNewDetails(com.tenement.domain.dto.GetRoomDetailsReq) throws com.tenement.domain.common.BusinessException
2020-04-08 21:01:21 -Mapped "{[/house/room/deleteNewRoom]}" onto public com.tenement.domain.common.Response com.tenement.api.controller.HouseRoomController.deleteNewRoom(com.tenement.domain.dto.GetRoomDetailsReq) throws com.tenement.domain.common.BusinessException
2020-04-08 21:01:21 -Mapped "{[/house/room/updateRoomNewDetails]}" onto public com.tenement.domain.common.Response com.tenement.api.controller.HouseRoomController.updateRoomNewDetails(com.tenement.domain.dto.RoomNewDetailsReq) throws com.tenement.domain.common.BusinessException
2020-04-08 21:01:21 -Mapped "{[/house/room/listGrabbleRoom]}" onto public com.tenement.domain.common.Response<com.github.pagehelper.PageInfo<com.tenement.domain.vo.RoomDetailsInfo>> com.tenement.api.controller.HouseRoomController.listGrabbleRoom(com.tenement.domain.dto.ListGrabbleRoomReq)
2020-04-08 21:01:21 -Mapped "{[/house/room/listRoomTenementType]}" onto public com.tenement.domain.common.Response<java.util.List<com.tenement.domain.po.RoomTenementType>> com.tenement.api.controller.HouseRoomController.listRoomTenementType(com.tenement.domain.dto.ListRoomTenementTypeReq) throws com.tenement.domain.common.BusinessException
2020-04-08 21:01:21 -Mapped "{[/house/room/lisDistrict]}" onto public com.tenement.domain.common.Response<java.util.List<com.tenement.domain.po.District>> com.tenement.api.controller.HouseRoomController.lisDistrict(com.tenement.domain.dto.LisDistrictReq) throws com.tenement.domain.common.BusinessException
2020-04-08 21:01:21 -Mapped "{[/house/room/uploadFile]}" onto public com.tenement.domain.common.Response<com.tenement.domain.dto.UploadFileResp> com.tenement.api.controller.HouseRoomController.uploadFile(org.springframework.web.multipart.MultipartFile[]) throws com.tenement.domain.common.BusinessException
2020-04-08 21:01:21 -Mapped "{[/house/user/addUser]}" onto public com.tenement.domain.common.Response com.tenement.api.controller.UserController.addUser(com.tenement.domain.dto.UserLogin) throws com.tenement.domain.common.BusinessException
2020-04-08 21:01:21 -Mapped "{[/house/user/login]}" onto public com.tenement.domain.common.Response com.tenement.api.controller.UserController.login(com.tenement.domain.dto.UserLogin,javax.servlet.http.HttpServletRequest) throws com.tenement.domain.common.BusinessException
2020-04-08 21:01:21 -Mapped "{[/house/user/listMenu]}" onto public com.tenement.domain.common.Response<java.util.List<com.tenement.domain.po.SysMenu>> com.tenement.api.controller.UserController.getMenu(javax.servlet.http.HttpServletRequest) throws com.tenement.domain.common.BusinessException
2020-04-08 21:01:21 -Mapped "{[/house/user/logins]}" onto public com.tenement.domain.common.Response com.tenement.api.controller.UserController.logins(javax.servlet.http.HttpServletRequest)
2020-04-08 21:01:21 -Mapped "{[/house/comments/addComments]}" onto public com.tenement.domain.common.Response com.tenement.api.controller.commentsConntroller.addComments(javax.servlet.http.HttpServletRequest,com.tenement.domain.dto.CommentsReq) throws com.tenement.domain.common.BusinessException
2020-04-08 21:01:21 -Mapped "{[/house/comments/answerComments]}" onto public com.tenement.domain.common.Response com.tenement.api.controller.commentsConntroller.answerComments(javax.servlet.http.HttpServletRequest,com.tenement.domain.dto.CommentsReq) throws com.tenement.domain.common.BusinessException
2020-04-08 21:01:21 -Mapped "{[/house/comments/updateComments]}" onto public com.tenement.domain.common.Response com.tenement.api.controller.commentsConntroller.updateComments(javax.servlet.http.HttpServletRequest,com.tenement.domain.dto.CommentsReq) throws com.tenement.domain.common.BusinessException
2020-04-08 21:01:21 -Mapped "{[/house/comments/listComments]}" onto public com.tenement.domain.common.Response<com.github.pagehelper.PageInfo<com.tenement.domain.dto.CommentsResp>> com.tenement.api.controller.commentsConntroller.listComments(javax.servlet.http.HttpServletRequest,com.tenement.domain.dto.CommentsReq) throws com.tenement.domain.common.BusinessException
2020-04-08 21:01:21 -Mapped "{[/error]}" onto public org.springframework.http.ResponseEntity<java.util.Map<java.lang.String, java.lang.Object>> org.springframework.boot.autoconfigure.web.servlet.error.BasicErrorController.error(javax.servlet.http.HttpServletRequest)
2020-04-08 21:01:21 -Mapped "{[/error],produces=[text/html]}" onto public org.springframework.web.servlet.ModelAndView org.springframework.boot.autoconfigure.web.servlet.error.BasicErrorController.errorHtml(javax.servlet.http.HttpServletRequest,javax.servlet.http.HttpServletResponse)
2020-04-08 21:01:21 -Mapped URL path [/webjars/**] onto handler of type [class org.springframework.web.servlet.resource.ResourceHttpRequestHandler]
2020-04-08 21:01:21 -Mapped URL path [/**] onto handler of type [class org.springframework.web.servlet.resource.ResourceHttpRequestHandler]
2020-04-08 21:01:21 -Detected @ExceptionHandler methods in bussinessExceptionHandler
2020-04-08 21:01:21 -Adding welcome page template: index
2020-04-08 21:01:21 -Registering beans for JMX exposure on startup
2020-04-08 21:01:21 -Bean with name 'dataSource' has been autodetected for JMX exposure
2020-04-08 21:01:21 -Located MBean 'dataSource': registering with JMX server as MBean [com.zaxxer.hikari:name=dataSource,type=HikariDataSource]
2020-04-08 21:01:21 -Starting ProtocolHandler ["http-nio-8080"]
2020-04-08 21:01:21 -Using a shared selector for servlet write/read
2020-04-08 21:01:21 -Tomcat started on port(s): 8080 (http) with context path ''
2020-04-08 21:01:21 -Started WebApplication in 3.141 seconds (JVM running for 3.684)
2020-04-08 21:02:17 -Closing org.springframework.boot.web.servlet.context.AnnotationConfigServletWebServerApplicationContext@35645047: startup date [Wed Apr 08 21:01:18 CST 2020]; root of context hierarchy
2020-04-08 21:02:17 -Unregistering JMX-exposed beans on shutdown
2020-04-08 21:02:17 -Unregistering JMX-exposed beans
