2020-08-25 20:32:46 -Starting WebApplication on xuzhoudeMacBook-Pro.local with PID 7303 (/Users/xuzhou/IdeaProjects/tenement/tenement-api/target/classes started by xuzhou in /Users/xuzhou/IdeaProjects/tenement)
2020-08-25 20:32:46 -No active profile set, falling back to default profiles: default
2020-08-25 20:32:46 -Refreshing org.springframework.boot.web.servlet.context.AnnotationConfigServletWebServerApplicationContext@460ebd80: startup date [Tue Aug 25 20:32:46 CST 2020]; root of context hierarchy
2020-08-25 20:32:46 -Multiple Spring Data modules found, entering strict repository configuration mode!
2020-08-25 20:32:46 -No bean named 'integrationHeaderChannelRegistry' has been explicitly defined. Therefore, a default DefaultHeaderChannelRegistry will be created.
2020-08-25 20:32:47 -No bean named 'errorChannel' has been explicitly defined. Therefore, a default PublishSubscribeChannel will be created.
2020-08-25 20:32:47 -No bean named 'taskScheduler' has been explicitly defined. Therefore, a default ThreadPoolTaskScheduler will be created.
2020-08-25 20:32:47 -Bean 'org.springframework.transaction.annotation.ProxyTransactionManagementConfiguration' of type [org.springframework.transaction.annotation.ProxyTransactionManagementConfiguration$$EnhancerBySpringCGLIB$$a24d33cd] is not eligible for getting processed by all BeanPostProcessors (for example: not eligible for auto-proxying)
2020-08-25 20:32:47 -Bean 'org.springframework.integration.config.IntegrationManagementConfiguration' of type [org.springframework.integration.config.IntegrationManagementConfiguration$$EnhancerBySpringCGLIB$$d3eeefc] is not eligible for getting processed by all BeanPostProcessors (for example: not eligible for auto-proxying)
2020-08-25 20:32:47 -Tomcat initialized with port(s): 8080 (http)
2020-08-25 20:32:48 -Initializing ProtocolHandler ["http-nio-8080"]
2020-08-25 20:32:48 -Starting service [Tomcat]
2020-08-25 20:32:48 -Starting Servlet Engine: Apache Tomcat/8.5.34
2020-08-25 20:32:48 -The APR based Apache Tomcat Native library which allows optimal performance in production environments was not found on the java.library.path: [/Users/xuzhou/Library/Java/Extensions:/Library/Java/Extensions:/Network/Library/Java/Extensions:/System/Library/Java/Extensions:/usr/lib/java:.]
2020-08-25 20:32:48 -Initializing Spring embedded WebApplicationContext
2020-08-25 20:32:48 -Root WebApplicationContext: initialization completed in 2095 ms
2020-08-25 20:32:48 -Servlet dispatcherServlet mapped to [/]
2020-08-25 20:32:48 -Mapping filter: 'characterEncodingFilter' to: [/*]
2020-08-25 20:32:48 -Mapping filter: 'hiddenHttpMethodFilter' to: [/*]
2020-08-25 20:32:48 -Mapping filter: 'httpPutFormContentFilter' to: [/*]
2020-08-25 20:32:48 -Mapping filter: 'requestContextFilter' to: [/*]
2020-08-25 20:32:49 -Mapped URL path [/**/favicon.ico] onto handler of type [class org.springframework.web.servlet.resource.ResourceHttpRequestHandler]
2020-08-25 20:32:49 -Looking for @ControllerAdvice: org.springframework.boot.web.servlet.context.AnnotationConfigServletWebServerApplicationContext@460ebd80: startup date [Tue Aug 25 20:32:46 CST 2020]; root of context hierarchy
2020-08-25 20:32:49 -Detected RequestBodyAdvice bean in agbweappControllerAdvice
2020-08-25 20:32:49 -Mapped "{[/house/broker/addBroker]}" onto public com.tenement.domain.common.Response<com.tenement.domain.dto.RespId> com.tenement.api.controller.BrokerController.addBroker(javax.servlet.http.HttpServletRequest,com.tenement.domain.dto.BrokerReq) throws com.tenement.domain.common.BusinessException
2020-08-25 20:32:49 -Mapped "{[/house/broker/listBroker]}" onto public com.tenement.domain.common.Response<com.github.pagehelper.PageInfo<com.tenement.domain.dto.BrokerResp>> com.tenement.api.controller.BrokerController.listBroker(javax.servlet.http.HttpServletRequest,com.tenement.domain.dto.BrokerExmple) throws com.tenement.domain.common.BusinessException
2020-08-25 20:32:49 -Mapped "{[/house/broker/getBroker]}" onto public com.tenement.domain.common.Response<com.tenement.domain.dto.BrokerResp> com.tenement.api.controller.BrokerController.getBroker(javax.servlet.http.HttpServletRequest,com.tenement.domain.dto.BrokerExmple) throws com.tenement.domain.common.BusinessException
2020-08-25 20:32:49 -Mapped "{[/house/broker/updateBroker]}" onto public com.tenement.domain.common.Response com.tenement.api.controller.BrokerController.updateBroker(javax.servlet.http.HttpServletRequest,com.tenement.domain.po.Broker) throws com.tenement.domain.common.BusinessException
2020-08-25 20:32:49 -Mapped "{[/house/broker/deleteBroker]}" onto public com.tenement.domain.common.Response com.tenement.api.controller.BrokerController.deleteBroker(javax.servlet.http.HttpServletRequest,com.tenement.domain.dto.BrokerExmple) throws com.tenement.domain.common.BusinessException
2020-08-25 20:32:49 -Mapped "{[/house/room/listRoom]}" onto public com.tenement.domain.common.Response<com.github.pagehelper.PageInfo<com.tenement.domain.dto.RoomNewDetailsResp>> com.tenement.api.controller.HouseRoomController.listRoom(javax.servlet.http.HttpServletRequest,com.tenement.domain.dto.ListRoomDetailsReq) throws com.tenement.domain.common.BusinessException
2020-08-25 20:32:49 -Mapped "{[/house/room/addRoomDetails]}" onto public com.tenement.domain.common.Response<com.tenement.domain.dto.RespId> com.tenement.api.controller.HouseRoomController.addRoom(javax.servlet.http.HttpServletRequest,com.tenement.domain.dto.RoomNewDetailsReq) throws com.tenement.domain.common.BusinessException
2020-08-25 20:32:49 -Mapped "{[/house/room/getRoomBasicsType]}" onto public com.tenement.domain.common.Response<com.tenement.domain.dto.RoomBasicsTypeResp> com.tenement.api.controller.HouseRoomController.getRoomBasicsType() throws com.tenement.domain.common.BusinessException
2020-08-25 20:32:49 -Mapped "{[/house/room/getRoomNewDetails]}" onto public com.tenement.domain.common.Response<com.tenement.domain.dto.RoomNewDetailsResp> com.tenement.api.controller.HouseRoomController.getRoomNewDetails(javax.servlet.http.HttpServletRequest,com.tenement.domain.dto.GetRoomDetailsReq) throws com.tenement.domain.common.BusinessException
2020-08-25 20:32:49 -Mapped "{[/house/room/deleteNewRoom]}" onto public com.tenement.domain.common.Response com.tenement.api.controller.HouseRoomController.deleteNewRoom(javax.servlet.http.HttpServletRequest,com.tenement.domain.dto.GetRoomDetailsReq) throws com.tenement.domain.common.BusinessException
2020-08-25 20:32:49 -Mapped "{[/house/room/updateRoomNewDetails]}" onto public com.tenement.domain.common.Response com.tenement.api.controller.HouseRoomController.updateRoomNewDetails(javax.servlet.http.HttpServletRequest,com.tenement.domain.dto.RoomNewDetailsReq) throws com.tenement.domain.common.BusinessException
2020-08-25 20:32:49 -Mapped "{[/house/room/listGrabbleRoom]}" onto public com.tenement.domain.common.Response<com.github.pagehelper.PageInfo<com.tenement.domain.dto.RoomNewDetailsResp>> com.tenement.api.controller.HouseRoomController.listGrabbleRoom(javax.servlet.http.HttpServletRequest,com.tenement.domain.dto.ListGrabbleRoomReq)
2020-08-25 20:32:49 -Mapped "{[/house/room/listRoomTenementType]}" onto public com.tenement.domain.common.Response<java.util.List<com.tenement.domain.po.RoomTenementType>> com.tenement.api.controller.HouseRoomController.listRoomTenementType(javax.servlet.http.HttpServletRequest,com.tenement.domain.dto.ListRoomTenementTypeReq) throws com.tenement.domain.common.BusinessException
2020-08-25 20:32:49 -Mapped "{[/house/room/lisDistrict]}" onto public com.tenement.domain.common.Response<java.util.List<com.tenement.domain.po.District>> com.tenement.api.controller.HouseRoomController.lisDistrict(javax.servlet.http.HttpServletRequest,com.tenement.domain.dto.LisDistrictReq) throws com.tenement.domain.common.BusinessException
2020-08-25 20:32:49 -Mapped "{[/house/room/uploadFile]}" onto public com.tenement.domain.common.Response<com.tenement.domain.dto.UploadFileResp> com.tenement.api.controller.HouseRoomController.uploadFile(javax.servlet.http.HttpServletRequest,org.springframework.web.multipart.MultipartFile[]) throws com.tenement.domain.common.BusinessException
2020-08-25 20:32:49 -Mapped "{[/house/room/index]}" onto public java.lang.String com.tenement.api.controller.HouseRoomController.index() throws java.lang.RuntimeException
2020-08-25 20:32:49 -Mapped "{[/house/twoRoom/addTwoRoomDetails]}" onto public com.tenement.domain.common.Response com.tenement.api.controller.HouseTwoRoomController.addTwoRoom(javax.servlet.http.HttpServletRequest,com.tenement.domain.dto.RoomTwoReq) throws com.tenement.domain.common.BusinessException
2020-08-25 20:32:49 -Mapped "{[/house/twoRoom/listTwoRoom]}" onto public com.tenement.domain.common.Response<com.github.pagehelper.PageInfo<com.tenement.domain.dto.RoomTwoResp>> com.tenement.api.controller.HouseTwoRoomController.listTwoRoom(com.tenement.domain.dto.ListTwoRoomReq)
2020-08-25 20:32:49 -Mapped "{[/house/twoRoom/getTwoRoom]}" onto public com.tenement.domain.common.Response<com.tenement.domain.dto.RoomTwoResp> com.tenement.api.controller.HouseTwoRoomController.getTwoRoom(com.tenement.domain.dto.RoomTwoReq)
2020-08-25 20:32:49 -Mapped "{[/house/twoRoom/updateTwoRoom]}" onto public com.tenement.domain.common.Response com.tenement.api.controller.HouseTwoRoomController.updateTwoRoom(com.tenement.domain.dto.RoomTwoReq)
2020-08-25 20:32:49 -Mapped "{[/house/twoRoom/deleteTwoRoom]}" onto public com.tenement.domain.common.Response com.tenement.api.controller.HouseTwoRoomController.deleteTwoRoom(com.tenement.domain.dto.RoomTwoReq)
2020-08-25 20:32:49 -Mapped "{[/house/user/login]}" onto public com.tenement.domain.common.Response com.tenement.api.controller.UserController.login(javax.servlet.http.HttpServletRequest,com.tenement.domain.dto.UserLogin) throws com.tenement.domain.common.BusinessException
2020-08-25 20:32:49 -Mapped "{[/house/user/logins]}" onto public com.tenement.domain.common.Response com.tenement.api.controller.UserController.logins(javax.servlet.http.HttpServletRequest)
2020-08-25 20:32:49 -Mapped "{[/house/user/listMenu]}" onto public com.tenement.domain.common.Response<java.util.List<com.tenement.domain.po.SysMenu>> com.tenement.api.controller.UserController.getMenu(javax.servlet.http.HttpServletRequest) throws com.tenement.domain.common.BusinessException
2020-08-25 20:32:49 -Mapped "{[/house/user/addUser]}" onto public com.tenement.domain.common.Response com.tenement.api.controller.UserController.addUser(com.tenement.domain.dto.UserLogin) throws com.tenement.domain.common.BusinessException
2020-08-25 20:32:49 -Mapped "{[/house/comments/addComments]}" onto public com.tenement.domain.common.Response com.tenement.api.controller.commentsConntroller.addComments(javax.servlet.http.HttpServletRequest,com.tenement.domain.dto.CommentsReq) throws com.tenement.domain.common.BusinessException
2020-08-25 20:32:49 -Mapped "{[/house/comments/answerComments]}" onto public com.tenement.domain.common.Response com.tenement.api.controller.commentsConntroller.answerComments(javax.servlet.http.HttpServletRequest,com.tenement.domain.dto.CommentsReq) throws com.tenement.domain.common.BusinessException
2020-08-25 20:32:49 -Mapped "{[/house/comments/updateComments]}" onto public com.tenement.domain.common.Response com.tenement.api.controller.commentsConntroller.updateComments(javax.servlet.http.HttpServletRequest,com.tenement.domain.dto.CommentsReq) throws com.tenement.domain.common.BusinessException
2020-08-25 20:32:49 -Mapped "{[/house/comments/listComments]}" onto public com.tenement.domain.common.Response<com.github.pagehelper.PageInfo<com.tenement.domain.dto.CommentsResp>> com.tenement.api.controller.commentsConntroller.listComments(javax.servlet.http.HttpServletRequest,com.tenement.domain.dto.CommentsReq) throws com.tenement.domain.common.BusinessException
2020-08-25 20:32:49 -Mapped "{[/error]}" onto public org.springframework.http.ResponseEntity<java.util.Map<java.lang.String, java.lang.Object>> org.springframework.boot.autoconfigure.web.servlet.error.BasicErrorController.error(javax.servlet.http.HttpServletRequest)
2020-08-25 20:32:49 -Mapped "{[/error],produces=[text/html]}" onto public org.springframework.web.servlet.ModelAndView org.springframework.boot.autoconfigure.web.servlet.error.BasicErrorController.errorHtml(javax.servlet.http.HttpServletRequest,javax.servlet.http.HttpServletResponse)
2020-08-25 20:32:49 -Mapped URL path [/webjars/**] onto handler of type [class org.springframework.web.servlet.resource.ResourceHttpRequestHandler]
2020-08-25 20:32:49 -Mapped URL path [/**] onto handler of type [class org.springframework.web.servlet.resource.ResourceHttpRequestHandler]
2020-08-25 20:32:49 -Detected @ExceptionHandler methods in agbweappControllerAdvice
2020-08-25 20:32:49 -Detected @ExceptionHandler methods in bussinessExceptionHandler
2020-08-25 20:32:49 -Adding welcome page template: index
2020-08-25 20:32:50 -Initializing ExecutorService  'taskScheduler'
2020-08-25 20:32:50 -Registering beans for JMX exposure on startup
2020-08-25 20:32:50 -Bean with name 'dataSource' has been autodetected for JMX exposure
2020-08-25 20:32:50 -Located MBean 'dataSource': registering with JMX server as MBean [com.zaxxer.hikari:name=dataSource,type=HikariDataSource]
2020-08-25 20:32:50 -Starting beans in phase 0
2020-08-25 20:32:50 -Adding {logging-channel-adapter:_org.springframework.integration.errorLogger} as a subscriber to the 'errorChannel' channel
2020-08-25 20:32:50 -Channel 'tenement.errorChannel' has 1 subscriber(s).
2020-08-25 20:32:50 -started _org.springframework.integration.errorLogger
2020-08-25 20:32:50 -Starting ProtocolHandler ["http-nio-8080"]
2020-08-25 20:32:50 -Using a shared selector for servlet write/read
2020-08-25 20:32:50 -Tomcat started on port(s): 8080 (http) with context path ''
2020-08-25 20:32:50 -Started WebApplication in 5.495 seconds (JVM running for 6.236)
2020-08-25 20:35:53 -Initializing Spring FrameworkServlet 'dispatcherServlet'
2020-08-25 20:35:53 -FrameworkServlet 'dispatcherServlet': initialization started
2020-08-25 20:35:53 -FrameworkServlet 'dispatcherServlet': initialization completed in 36 ms
2020-08-25 20:35:56 -HikariPool-1 - Starting...
2020-08-25 20:35:57 -HikariPool-1 - Start completed.
2020-08-25 20:35:57 -==>  Preparing: select A.id, A.password, A.phone, A.true_name as trueName, A.user_name as userName, A.create_time as createTime, B.role_id as roleId from sys_user A inner join sys_user_role B on A.id=B.user_id where user_name = ? 
2020-08-25 20:35:57 -==> Parameters: admins(String)
2020-08-25 20:35:57 -<==      Total: 1
2020-08-25 20:36:59 -Trying to find Dozer configuration file: dozer.properties
2020-08-25 20:36:59 -Dozer configuration file not found: dozer.properties.  Using defaults for all Dozer global properties.
2020-08-25 20:36:59 -Initializing Dozer. Version: 5.4.0, Thread Name: http-nio-8080-exec-2
2020-08-25 20:36:59 -Dozer JMX MBean [org.dozer.jmx:type=DozerStatisticsController] auto registered with the Platform MBean Server
2020-08-25 20:36:59 -Dozer JMX MBean [org.dozer.jmx:type=DozerAdminController] auto registered with the Platform MBean Server
2020-08-25 20:36:59 -Initializing a new instance of dozer bean mapper.
2020-08-25 20:36:59 -Using the following xml files to load custom mappings for the bean mapper instance: [bean.xml]
2020-08-25 20:36:59 -Trying to find xml mapping file: bean.xml
2020-08-25 20:36:59 -Using URL [file:/Users/xuzhou/IdeaProjects/tenement/tenement-api/target/classes/bean.xml] to load custom xml mappings
2020-08-25 20:37:00 -Successfully loaded custom xml mappings from URL: [file:/Users/xuzhou/IdeaProjects/tenement/tenement-api/target/classes/bean.xml]
2020-08-25 20:37:02 -==>  Preparing: insert into room_two_details ( name, districtid, house_style, price_total, house_price, address, house_area, reference_pay, build_date, house_position, reference_month_pay, house_type, house_floor, fitment_status, elevator_yn, book_limit, equity_type, heating_type, project_advantage, room_photo, house_structural, list_photo, brokerid, home_page, hot_recommend, guess_like, create_userid, extendStructural, extend1, extend2, extend3 ) values ( ?, ?, ?, ?, ?, ?, ?, ?, ?, ?, ?, ?, ?, ?, ?, ?, ?, ?, ?, ?, ?, ?, ?, ?, ?, ?, ?, ?, ?, ?, ? ) 
2020-08-25 20:37:03 -==> Parameters: 龙湖rrrrrr(String), 2(Integer), qer(String), 100(Integer), 200(Integer), (String), 0(Integer), 0(Integer), 0(Integer), (String), 0(Integer), (String), 0(Integer), 0(Integer), 0(Integer), 满5年(String), 234(String), 2341(String), 31(String), 13(String), 3(String), 14(String), 0(Integer), 0(Integer), 0(Integer), 0(Integer), 4(Integer), 1234321(String), 111(String), 2222(String), 33333(String)
2020-08-25 20:37:03 -<==    Updates: 1
2020-08-25 20:38:08 -==>  Preparing: SELECT count(0) FROM room_two_details 
2020-08-25 20:38:08 -==> Parameters: 
2020-08-25 20:38:08 -<==      Total: 1
2020-08-25 20:38:08 -==>  Preparing: select id, name, districtid, house_style, price_total, house_price, address, house_area, reference_pay, build_date, house_position, reference_month_pay, house_type, house_floor, fitment_status, elevator_yn, book_limit, equity_type, heating_type, project_advantage, room_photo, house_structural, list_photo, brokerid, home_page, hot_recommend, guess_like, create_date, create_userid, deleted,telephone,extendStructural,extend1,extend2,extend3 from room_two_details LIMIT ? 
2020-08-25 20:38:08 -==> Parameters: 10(Integer)
2020-08-25 20:38:08 -<==      Total: 5
2020-08-25 20:39:50 -==>  Preparing: SELECT count(0) FROM room_two_details 
2020-08-25 20:39:50 -==> Parameters: 
2020-08-25 20:39:50 -<==      Total: 1
2020-08-25 20:39:50 -==>  Preparing: select id, name, districtid, house_style, price_total, house_price, address, house_area, reference_pay, build_date, house_position, reference_month_pay, house_type, house_floor, fitment_status, elevator_yn, book_limit, equity_type, heating_type, project_advantage, room_photo, house_structural, list_photo, brokerid, home_page, hot_recommend, guess_like, create_date, create_userid, deleted,telephone,extendStructural,extend1,extend2,extend3 from room_two_details LIMIT ? 
2020-08-25 20:39:50 -==> Parameters: 10(Integer)
2020-08-25 20:39:50 -<==      Total: 5
2020-08-25 20:40:08 -Closing org.springframework.boot.web.servlet.context.AnnotationConfigServletWebServerApplicationContext@460ebd80: startup date [Tue Aug 25 20:32:46 CST 2020]; root of context hierarchy
2020-08-25 20:40:08 -Stopping beans in phase 0
2020-08-25 20:40:08 -Removing {logging-channel-adapter:_org.springframework.integration.errorLogger} as a subscriber to the 'errorChannel' channel
2020-08-25 20:40:08 -Channel 'tenement.errorChannel' has 0 subscriber(s).
2020-08-25 20:40:08 -stopped _org.springframework.integration.errorLogger
2020-08-25 20:40:08 -Shutting down ExecutorService 'taskScheduler'
2020-08-25 20:40:08 -Unregistering JMX-exposed beans on shutdown
2020-08-25 20:40:08 -Unregistering JMX-exposed beans
2020-08-25 20:40:08 -HikariPool-1 - Shutdown initiated...
2020-08-25 20:40:08 -HikariPool-1 - Shutdown completed.
2020-08-25 20:40:36 -Loaded expression factory via original TCCL
2020-08-25 20:40:36 -Starting WebApplication on xuzhoudeMacBook-Pro.local with PID 7325 (/Users/xuzhou/IdeaProjects/tenement/tenement-api/target/classes started by xuzhou in /Users/xuzhou/IdeaProjects/tenement)
2020-08-25 20:40:36 -No active profile set, falling back to default profiles: default
2020-08-25 20:40:37 -Refreshing org.springframework.boot.web.servlet.context.AnnotationConfigServletWebServerApplicationContext@19c65cdc: startup date [Tue Aug 25 20:40:37 CST 2020]; root of context hierarchy
2020-08-25 20:40:37 -Multiple Spring Data modules found, entering strict repository configuration mode!
2020-08-25 20:40:37 -No bean named 'integrationHeaderChannelRegistry' has been explicitly defined. Therefore, a default DefaultHeaderChannelRegistry will be created.
2020-08-25 20:40:37 -No bean named 'errorChannel' has been explicitly defined. Therefore, a default PublishSubscribeChannel will be created.
2020-08-25 20:40:37 -No bean named 'taskScheduler' has been explicitly defined. Therefore, a default ThreadPoolTaskScheduler will be created.
2020-08-25 20:40:38 -Bean 'org.springframework.transaction.annotation.ProxyTransactionManagementConfiguration' of type [org.springframework.transaction.annotation.ProxyTransactionManagementConfiguration$$EnhancerBySpringCGLIB$$7bee9a4a] is not eligible for getting processed by all BeanPostProcessors (for example: not eligible for auto-proxying)
2020-08-25 20:40:38 -Bean 'org.springframework.integration.config.IntegrationManagementConfiguration' of type [org.springframework.integration.config.IntegrationManagementConfiguration$$EnhancerBySpringCGLIB$$e6e05579] is not eligible for getting processed by all BeanPostProcessors (for example: not eligible for auto-proxying)
2020-08-25 20:40:38 -Tomcat initialized with port(s): 8080 (http)
2020-08-25 20:40:38 -Initializing ProtocolHandler ["http-nio-8080"]
2020-08-25 20:40:38 -Starting service [Tomcat]
2020-08-25 20:40:38 -Starting Servlet Engine: Apache Tomcat/8.5.34
2020-08-25 20:40:38 -The APR based Apache Tomcat Native library which allows optimal performance in production environments was not found on the java.library.path: [/Users/xuzhou/Library/Java/Extensions:/Library/Java/Extensions:/Network/Library/Java/Extensions:/System/Library/Java/Extensions:/usr/lib/java:.]
2020-08-25 20:40:38 -Initializing Spring embedded WebApplicationContext
2020-08-25 20:40:38 -Root WebApplicationContext: initialization completed in 1773 ms
2020-08-25 20:40:38 -Servlet dispatcherServlet mapped to [/]
2020-08-25 20:40:38 -Mapping filter: 'characterEncodingFilter' to: [/*]
2020-08-25 20:40:38 -Mapping filter: 'hiddenHttpMethodFilter' to: [/*]
2020-08-25 20:40:38 -Mapping filter: 'httpPutFormContentFilter' to: [/*]
2020-08-25 20:40:38 -Mapping filter: 'requestContextFilter' to: [/*]
2020-08-25 20:40:39 -Mapped URL path [/**/favicon.ico] onto handler of type [class org.springframework.web.servlet.resource.ResourceHttpRequestHandler]
2020-08-25 20:40:39 -Looking for @ControllerAdvice: org.springframework.boot.web.servlet.context.AnnotationConfigServletWebServerApplicationContext@19c65cdc: startup date [Tue Aug 25 20:40:37 CST 2020]; root of context hierarchy
2020-08-25 20:40:39 -Detected RequestBodyAdvice bean in agbweappControllerAdvice
2020-08-25 20:40:40 -Mapped "{[/house/broker/addBroker]}" onto public com.tenement.domain.common.Response<com.tenement.domain.dto.RespId> com.tenement.api.controller.BrokerController.addBroker(javax.servlet.http.HttpServletRequest,com.tenement.domain.dto.BrokerReq) throws com.tenement.domain.common.BusinessException
2020-08-25 20:40:40 -Mapped "{[/house/broker/listBroker]}" onto public com.tenement.domain.common.Response<com.github.pagehelper.PageInfo<com.tenement.domain.dto.BrokerResp>> com.tenement.api.controller.BrokerController.listBroker(javax.servlet.http.HttpServletRequest,com.tenement.domain.dto.BrokerExmple) throws com.tenement.domain.common.BusinessException
2020-08-25 20:40:40 -Mapped "{[/house/broker/getBroker]}" onto public com.tenement.domain.common.Response<com.tenement.domain.dto.BrokerResp> com.tenement.api.controller.BrokerController.getBroker(javax.servlet.http.HttpServletRequest,com.tenement.domain.dto.BrokerExmple) throws com.tenement.domain.common.BusinessException
2020-08-25 20:40:40 -Mapped "{[/house/broker/updateBroker]}" onto public com.tenement.domain.common.Response com.tenement.api.controller.BrokerController.updateBroker(javax.servlet.http.HttpServletRequest,com.tenement.domain.po.Broker) throws com.tenement.domain.common.BusinessException
2020-08-25 20:40:40 -Mapped "{[/house/broker/deleteBroker]}" onto public com.tenement.domain.common.Response com.tenement.api.controller.BrokerController.deleteBroker(javax.servlet.http.HttpServletRequest,com.tenement.domain.dto.BrokerExmple) throws com.tenement.domain.common.BusinessException
2020-08-25 20:40:40 -Mapped "{[/house/room/listRoom]}" onto public com.tenement.domain.common.Response<com.github.pagehelper.PageInfo<com.tenement.domain.dto.RoomNewDetailsResp>> com.tenement.api.controller.HouseRoomController.listRoom(javax.servlet.http.HttpServletRequest,com.tenement.domain.dto.ListRoomDetailsReq) throws com.tenement.domain.common.BusinessException
2020-08-25 20:40:40 -Mapped "{[/house/room/addRoomDetails]}" onto public com.tenement.domain.common.Response<com.tenement.domain.dto.RespId> com.tenement.api.controller.HouseRoomController.addRoom(javax.servlet.http.HttpServletRequest,com.tenement.domain.dto.RoomNewDetailsReq) throws com.tenement.domain.common.BusinessException
2020-08-25 20:40:40 -Mapped "{[/house/room/getRoomBasicsType]}" onto public com.tenement.domain.common.Response<com.tenement.domain.dto.RoomBasicsTypeResp> com.tenement.api.controller.HouseRoomController.getRoomBasicsType() throws com.tenement.domain.common.BusinessException
2020-08-25 20:40:40 -Mapped "{[/house/room/getRoomNewDetails]}" onto public com.tenement.domain.common.Response<com.tenement.domain.dto.RoomNewDetailsResp> com.tenement.api.controller.HouseRoomController.getRoomNewDetails(javax.servlet.http.HttpServletRequest,com.tenement.domain.dto.GetRoomDetailsReq) throws com.tenement.domain.common.BusinessException
2020-08-25 20:40:40 -Mapped "{[/house/room/deleteNewRoom]}" onto public com.tenement.domain.common.Response com.tenement.api.controller.HouseRoomController.deleteNewRoom(javax.servlet.http.HttpServletRequest,com.tenement.domain.dto.GetRoomDetailsReq) throws com.tenement.domain.common.BusinessException
2020-08-25 20:40:40 -Mapped "{[/house/room/updateRoomNewDetails]}" onto public com.tenement.domain.common.Response com.tenement.api.controller.HouseRoomController.updateRoomNewDetails(javax.servlet.http.HttpServletRequest,com.tenement.domain.dto.RoomNewDetailsReq) throws com.tenement.domain.common.BusinessException
2020-08-25 20:40:40 -Mapped "{[/house/room/listGrabbleRoom]}" onto public com.tenement.domain.common.Response<com.github.pagehelper.PageInfo<com.tenement.domain.dto.RoomNewDetailsResp>> com.tenement.api.controller.HouseRoomController.listGrabbleRoom(javax.servlet.http.HttpServletRequest,com.tenement.domain.dto.ListGrabbleRoomReq)
2020-08-25 20:40:40 -Mapped "{[/house/room/listRoomTenementType]}" onto public com.tenement.domain.common.Response<java.util.List<com.tenement.domain.po.RoomTenementType>> com.tenement.api.controller.HouseRoomController.listRoomTenementType(javax.servlet.http.HttpServletRequest,com.tenement.domain.dto.ListRoomTenementTypeReq) throws com.tenement.domain.common.BusinessException
2020-08-25 20:40:40 -Mapped "{[/house/room/lisDistrict]}" onto public com.tenement.domain.common.Response<java.util.List<com.tenement.domain.po.District>> com.tenement.api.controller.HouseRoomController.lisDistrict(javax.servlet.http.HttpServletRequest,com.tenement.domain.dto.LisDistrictReq) throws com.tenement.domain.common.BusinessException
2020-08-25 20:40:40 -Mapped "{[/house/room/uploadFile]}" onto public com.tenement.domain.common.Response<com.tenement.domain.dto.UploadFileResp> com.tenement.api.controller.HouseRoomController.uploadFile(javax.servlet.http.HttpServletRequest,org.springframework.web.multipart.MultipartFile[]) throws com.tenement.domain.common.BusinessException
2020-08-25 20:40:40 -Mapped "{[/house/room/index]}" onto public java.lang.String com.tenement.api.controller.HouseRoomController.index() throws java.lang.RuntimeException
2020-08-25 20:40:40 -Mapped "{[/house/twoRoom/addTwoRoomDetails]}" onto public com.tenement.domain.common.Response com.tenement.api.controller.HouseTwoRoomController.addTwoRoom(javax.servlet.http.HttpServletRequest,com.tenement.domain.dto.RoomTwoReq) throws com.tenement.domain.common.BusinessException
2020-08-25 20:40:40 -Mapped "{[/house/twoRoom/listTwoRoom]}" onto public com.tenement.domain.common.Response<com.github.pagehelper.PageInfo<com.tenement.domain.dto.RoomTwoResp>> com.tenement.api.controller.HouseTwoRoomController.listTwoRoom(com.tenement.domain.dto.ListTwoRoomReq)
2020-08-25 20:40:40 -Mapped "{[/house/twoRoom/getTwoRoom]}" onto public com.tenement.domain.common.Response<com.tenement.domain.dto.RoomTwoResp> com.tenement.api.controller.HouseTwoRoomController.getTwoRoom(com.tenement.domain.dto.RoomTwoReq)
2020-08-25 20:40:40 -Mapped "{[/house/twoRoom/updateTwoRoom]}" onto public com.tenement.domain.common.Response com.tenement.api.controller.HouseTwoRoomController.updateTwoRoom(com.tenement.domain.dto.RoomTwoReq)
2020-08-25 20:40:40 -Mapped "{[/house/twoRoom/deleteTwoRoom]}" onto public com.tenement.domain.common.Response com.tenement.api.controller.HouseTwoRoomController.deleteTwoRoom(com.tenement.domain.dto.RoomTwoReq)
2020-08-25 20:40:40 -Mapped "{[/house/user/logins]}" onto public com.tenement.domain.common.Response com.tenement.api.controller.UserController.logins(javax.servlet.http.HttpServletRequest)
2020-08-25 20:40:40 -Mapped "{[/house/user/listMenu]}" onto public com.tenement.domain.common.Response<java.util.List<com.tenement.domain.po.SysMenu>> com.tenement.api.controller.UserController.getMenu(javax.servlet.http.HttpServletRequest) throws com.tenement.domain.common.BusinessException
2020-08-25 20:40:40 -Mapped "{[/house/user/login]}" onto public com.tenement.domain.common.Response com.tenement.api.controller.UserController.login(javax.servlet.http.HttpServletRequest,com.tenement.domain.dto.UserLogin) throws com.tenement.domain.common.BusinessException
2020-08-25 20:40:40 -Mapped "{[/house/user/addUser]}" onto public com.tenement.domain.common.Response com.tenement.api.controller.UserController.addUser(com.tenement.domain.dto.UserLogin) throws com.tenement.domain.common.BusinessException
2020-08-25 20:40:40 -Mapped "{[/house/comments/addComments]}" onto public com.tenement.domain.common.Response com.tenement.api.controller.commentsConntroller.addComments(javax.servlet.http.HttpServletRequest,com.tenement.domain.dto.CommentsReq) throws com.tenement.domain.common.BusinessException
2020-08-25 20:40:40 -Mapped "{[/house/comments/answerComments]}" onto public com.tenement.domain.common.Response com.tenement.api.controller.commentsConntroller.answerComments(javax.servlet.http.HttpServletRequest,com.tenement.domain.dto.CommentsReq) throws com.tenement.domain.common.BusinessException
2020-08-25 20:40:40 -Mapped "{[/house/comments/updateComments]}" onto public com.tenement.domain.common.Response com.tenement.api.controller.commentsConntroller.updateComments(javax.servlet.http.HttpServletRequest,com.tenement.domain.dto.CommentsReq) throws com.tenement.domain.common.BusinessException
2020-08-25 20:40:40 -Mapped "{[/house/comments/listComments]}" onto public com.tenement.domain.common.Response<com.github.pagehelper.PageInfo<com.tenement.domain.dto.CommentsResp>> com.tenement.api.controller.commentsConntroller.listComments(javax.servlet.http.HttpServletRequest,com.tenement.domain.dto.CommentsReq) throws com.tenement.domain.common.BusinessException
2020-08-25 20:40:40 -Mapped "{[/error],produces=[text/html]}" onto public org.springframework.web.servlet.ModelAndView org.springframework.boot.autoconfigure.web.servlet.error.BasicErrorController.errorHtml(javax.servlet.http.HttpServletRequest,javax.servlet.http.HttpServletResponse)
2020-08-25 20:40:40 -Mapped "{[/error]}" onto public org.springframework.http.ResponseEntity<java.util.Map<java.lang.String, java.lang.Object>> org.springframework.boot.autoconfigure.web.servlet.error.BasicErrorController.error(javax.servlet.http.HttpServletRequest)
2020-08-25 20:40:40 -Mapped URL path [/webjars/**] onto handler of type [class org.springframework.web.servlet.resource.ResourceHttpRequestHandler]
2020-08-25 20:40:40 -Mapped URL path [/**] onto handler of type [class org.springframework.web.servlet.resource.ResourceHttpRequestHandler]
2020-08-25 20:40:40 -Detected @ExceptionHandler methods in agbweappControllerAdvice
2020-08-25 20:40:40 -Detected @ExceptionHandler methods in bussinessExceptionHandler
2020-08-25 20:40:40 -Adding welcome page template: index
2020-08-25 20:40:41 -Initializing ExecutorService  'taskScheduler'
2020-08-25 20:40:41 -Registering beans for JMX exposure on startup
2020-08-25 20:40:41 -Bean with name 'dataSource' has been autodetected for JMX exposure
2020-08-25 20:40:41 -Located MBean 'dataSource': registering with JMX server as MBean [com.zaxxer.hikari:name=dataSource,type=HikariDataSource]
2020-08-25 20:40:41 -Starting beans in phase 0
2020-08-25 20:40:41 -Adding {logging-channel-adapter:_org.springframework.integration.errorLogger} as a subscriber to the 'errorChannel' channel
2020-08-25 20:40:41 -Channel 'tenement.errorChannel' has 1 subscriber(s).
2020-08-25 20:40:41 -started _org.springframework.integration.errorLogger
2020-08-25 20:40:41 -Starting ProtocolHandler ["http-nio-8080"]
2020-08-25 20:40:41 -Using a shared selector for servlet write/read
2020-08-25 20:40:41 -Tomcat started on port(s): 8080 (http) with context path ''
2020-08-25 20:40:41 -Started WebApplication in 4.811 seconds (JVM running for 5.491)
2020-08-25 20:41:21 -Initializing Spring FrameworkServlet 'dispatcherServlet'
2020-08-25 20:41:21 -FrameworkServlet 'dispatcherServlet': initialization started
2020-08-25 20:41:21 -FrameworkServlet 'dispatcherServlet': initialization completed in 28 ms
2020-08-25 20:41:25 -HikariPool-1 - Starting...
2020-08-25 20:41:26 -HikariPool-1 - Start completed.
2020-08-25 20:41:26 -==>  Preparing: SELECT count(0) FROM room_two_details 
2020-08-25 20:41:26 -==> Parameters: 
2020-08-25 20:41:26 -<==      Total: 1
2020-08-25 20:41:26 -==>  Preparing: select id, name, districtid, house_style, price_total, house_price, address, house_area, reference_pay, build_date, house_position, reference_month_pay, house_type, house_floor, fitment_status, elevator_yn, book_limit, equity_type, heating_type, project_advantage, room_photo, house_structural, list_photo, brokerid, home_page, hot_recommend, guess_like, create_date, create_userid, deleted,telephone,extendStructural,extend1,extend2,extend3 from room_two_details LIMIT ? 
2020-08-25 20:41:26 -==> Parameters: 10(Integer)
2020-08-25 20:41:26 -<==      Total: 5
2020-08-25 20:41:28 -Trying to find Dozer configuration file: dozer.properties
2020-08-25 20:41:28 -Dozer configuration file not found: dozer.properties.  Using defaults for all Dozer global properties.
2020-08-25 20:41:28 -Initializing Dozer. Version: 5.4.0, Thread Name: http-nio-8080-exec-1
2020-08-25 20:41:28 -Dozer JMX MBean [org.dozer.jmx:type=DozerStatisticsController] auto registered with the Platform MBean Server
2020-08-25 20:41:28 -Dozer JMX MBean [org.dozer.jmx:type=DozerAdminController] auto registered with the Platform MBean Server
2020-08-25 20:41:28 -Initializing a new instance of dozer bean mapper.
2020-08-25 20:41:28 -Using the following xml files to load custom mappings for the bean mapper instance: [bean.xml]
2020-08-25 20:41:28 -Trying to find xml mapping file: bean.xml
2020-08-25 20:41:28 -Using URL [file:/Users/xuzhou/IdeaProjects/tenement/tenement-api/target/classes/bean.xml] to load custom xml mappings
2020-08-25 20:41:29 -Successfully loaded custom xml mappings from URL: [file:/Users/xuzhou/IdeaProjects/tenement/tenement-api/target/classes/bean.xml]
2020-08-25 20:44:18 -==>  Preparing: update room_two_details SET name = ?, districtid = ?, house_style = ?, house_price = ?, address = ?, house_area = ?, reference_pay = ?, build_date = ?, house_position = ?, reference_month_pay = ?, house_type = ?, house_floor = ?, fitment_status = ?, elevator_yn = ?, book_limit = ?, equity_type = ?, heating_type = ?, project_advantage = ?, room_photo = ?, house_structural = ?, list_photo = ?, brokerid = ?, home_page = ?, hot_recommend = ?, guess_like = ?, telephone= ?, ?, ?, ?, ? where id = ? 
2020-08-25 20:44:18 -==> Parameters: 龙3333湖(String), 2(Integer), qesssr(String), 200(Integer), (String), 0(Integer), 0(Integer), 0(Integer), (String), 0(Integer), (String), 0(Integer), 0(Integer), 0(Integer), 0(String), 23adf4(String), 23af41(String), 3af1(String), 13(String), 3(String), 14(String), 0(Integer), 0(Integer), 0(Integer), 0(Integer), 33333(String), 1234321(String), 111(String), 2222(String), 33333(String), 18(Integer)
2020-08-25 20:44:18 -Loading XML bean definitions from class path resource [org/springframework/jdbc/support/sql-error-codes.xml]
2020-08-25 20:44:18 -Resolved [org.springframework.jdbc.BadSqlGrammarException: 
### Error updating database.  Cause: com.mysql.jdbc.exceptions.jdbc4.MySQLSyntaxErrorException: You have an error in your SQL syntax; check the manual that corresponds to your MySQL server version for the right syntax to use near ''1234321',
      
      
        '111',
      
      
        '2222',
      
   ' at line 84
### The error may involve com.tenement.dao.mapper.RoomTwoDetailsMapper.updateByPrimaryKeySelective-Inline
### The error occurred while setting parameters
### SQL: update room_two_details      SET name = ?,                       districtid = ?,                       house_style = ?,                              house_price = ?,                       address = ?,                       house_area = ?,                       reference_pay = ?,                       build_date = ?,                       house_position = ?,                       reference_month_pay = ?,                       house_type = ?,                       house_floor = ?,                       fitment_status = ?,                       elevator_yn = ?,                       book_limit = ?,                       equity_type = ?,                       heating_type = ?,                       project_advantage = ?,                       room_photo = ?,                       house_structural = ?,                       list_photo = ?,                       brokerid = ?,                       home_page = ?,                       hot_recommend = ?,                       guess_like = ?,                                            telephone= ?,                       ?,                       ?,                       ?,                       ?      where id = ?
### Cause: com.mysql.jdbc.exceptions.jdbc4.MySQLSyntaxErrorException: You have an error in your SQL syntax; check the manual that corresponds to your MySQL server version for the right syntax to use near ''1234321',
      
      
        '111',
      
      
        '2222',
      
   ' at line 84
; bad SQL grammar []; nested exception is com.mysql.jdbc.exceptions.jdbc4.MySQLSyntaxErrorException: You have an error in your SQL syntax; check the manual that corresponds to your MySQL server version for the right syntax to use near ''1234321',
      
      
        '111',
      
      
        '2222',
      
   ' at line 84]
2020-08-25 20:44:53 -==>  Preparing: update room_two_details SET name = ?, districtid = ?, house_style = ?, house_price = ?, address = ?, house_area = ?, reference_pay = ?, build_date = ?, house_position = ?, reference_month_pay = ?, house_type = ?, house_floor = ?, fitment_status = ?, elevator_yn = ?, book_limit = ?, equity_type = ?, heating_type = ?, project_advantage = ?, room_photo = ?, house_structural = ?, list_photo = ?, brokerid = ?, home_page = ?, hot_recommend = ?, guess_like = ?, telephone= ?, ?, ?, ?, ? where id = ? 
2020-08-25 20:44:53 -==> Parameters: 龙3333湖(String), 2(Integer), qesssr(String), 200(Integer), (String), 0(Integer), 0(Integer), 0(Integer), (String), 0(Integer), (String), 0(Integer), 0(Integer), 0(Integer), 0(String), 23adf4(String), 23af41(String), 3af1(String), 13(String), 3(String), 14(String), 0(Integer), 0(Integer), 0(Integer), 0(Integer), 33333(String), 1234321(String), 111(String), 2222(String), 33333(String), 18(Integer)
2020-08-25 20:44:56 -Resolved [org.springframework.jdbc.BadSqlGrammarException: 
### Error updating database.  Cause: com.mysql.jdbc.exceptions.jdbc4.MySQLSyntaxErrorException: You have an error in your SQL syntax; check the manual that corresponds to your MySQL server version for the right syntax to use near ''1234321',
      
      
        '111',
      
      
        '2222',
      
   ' at line 84
### The error may involve com.tenement.dao.mapper.RoomTwoDetailsMapper.updateByPrimaryKeySelective-Inline
### The error occurred while setting parameters
### SQL: update room_two_details      SET name = ?,                       districtid = ?,                       house_style = ?,                              house_price = ?,                       address = ?,                       house_area = ?,                       reference_pay = ?,                       build_date = ?,                       house_position = ?,                       reference_month_pay = ?,                       house_type = ?,                       house_floor = ?,                       fitment_status = ?,                       elevator_yn = ?,                       book_limit = ?,                       equity_type = ?,                       heating_type = ?,                       project_advantage = ?,                       room_photo = ?,                       house_structural = ?,                       list_photo = ?,                       brokerid = ?,                       home_page = ?,                       hot_recommend = ?,                       guess_like = ?,                                            telephone= ?,                       ?,                       ?,                       ?,                       ?      where id = ?
### Cause: com.mysql.jdbc.exceptions.jdbc4.MySQLSyntaxErrorException: You have an error in your SQL syntax; check the manual that corresponds to your MySQL server version for the right syntax to use near ''1234321',
      
      
        '111',
      
      
        '2222',
      
   ' at line 84
; bad SQL grammar []; nested exception is com.mysql.jdbc.exceptions.jdbc4.MySQLSyntaxErrorException: You have an error in your SQL syntax; check the manual that corresponds to your MySQL server version for the right syntax to use near ''1234321',
      
      
        '111',
      
      
        '2222',
      
   ' at line 84]
2020-08-25 20:45:32 -Closing org.springframework.boot.web.servlet.context.AnnotationConfigServletWebServerApplicationContext@19c65cdc: startup date [Tue Aug 25 20:40:37 CST 2020]; root of context hierarchy
2020-08-25 20:45:32 -Stopping beans in phase 0
2020-08-25 20:45:32 -Removing {logging-channel-adapter:_org.springframework.integration.errorLogger} as a subscriber to the 'errorChannel' channel
2020-08-25 20:45:32 -Channel 'tenement.errorChannel' has 0 subscriber(s).
2020-08-25 20:45:32 -stopped _org.springframework.integration.errorLogger
2020-08-25 20:45:32 -Shutting down ExecutorService 'taskScheduler'
2020-08-25 20:45:32 -Unregistering JMX-exposed beans on shutdown
2020-08-25 20:45:32 -Unregistering JMX-exposed beans
2020-08-25 20:45:32 -HikariPool-1 - Shutdown initiated...
2020-08-25 20:45:32 -HikariPool-1 - Shutdown completed.
2020-08-25 20:45:56 -Loaded expression factory via original TCCL
2020-08-25 20:45:56 -Starting WebApplication on xuzhoudeMacBook-Pro.local with PID 7357 (/Users/xuzhou/IdeaProjects/tenement/tenement-api/target/classes started by xuzhou in /Users/xuzhou/IdeaProjects/tenement)
2020-08-25 20:45:56 -No active profile set, falling back to default profiles: default
2020-08-25 20:45:56 -Refreshing org.springframework.boot.web.servlet.context.AnnotationConfigServletWebServerApplicationContext@58ce9668: startup date [Tue Aug 25 20:45:56 CST 2020]; root of context hierarchy
2020-08-25 20:45:57 -Multiple Spring Data modules found, entering strict repository configuration mode!
2020-08-25 20:45:57 -No bean named 'integrationHeaderChannelRegistry' has been explicitly defined. Therefore, a default DefaultHeaderChannelRegistry will be created.
2020-08-25 20:45:57 -No bean named 'errorChannel' has been explicitly defined. Therefore, a default PublishSubscribeChannel will be created.
2020-08-25 20:45:57 -No bean named 'taskScheduler' has been explicitly defined. Therefore, a default ThreadPoolTaskScheduler will be created.
2020-08-25 20:45:57 -Bean 'org.springframework.transaction.annotation.ProxyTransactionManagementConfiguration' of type [org.springframework.transaction.annotation.ProxyTransactionManagementConfiguration$$EnhancerBySpringCGLIB$$a18fb1f3] is not eligible for getting processed by all BeanPostProcessors (for example: not eligible for auto-proxying)
2020-08-25 20:45:58 -Bean 'org.springframework.integration.config.IntegrationManagementConfiguration' of type [org.springframework.integration.config.IntegrationManagementConfiguration$$EnhancerBySpringCGLIB$$c816d22] is not eligible for getting processed by all BeanPostProcessors (for example: not eligible for auto-proxying)
2020-08-25 20:45:58 -Tomcat initialized with port(s): 8080 (http)
2020-08-25 20:45:58 -Initializing ProtocolHandler ["http-nio-8080"]
2020-08-25 20:45:58 -Starting service [Tomcat]
2020-08-25 20:45:58 -Starting Servlet Engine: Apache Tomcat/8.5.34
2020-08-25 20:45:58 -The APR based Apache Tomcat Native library which allows optimal performance in production environments was not found on the java.library.path: [/Users/xuzhou/Library/Java/Extensions:/Library/Java/Extensions:/Network/Library/Java/Extensions:/System/Library/Java/Extensions:/usr/lib/java:.]
2020-08-25 20:45:58 -Initializing Spring embedded WebApplicationContext
2020-08-25 20:45:58 -Root WebApplicationContext: initialization completed in 1991 ms
2020-08-25 20:45:58 -Servlet dispatcherServlet mapped to [/]
2020-08-25 20:45:58 -Mapping filter: 'characterEncodingFilter' to: [/*]
2020-08-25 20:45:58 -Mapping filter: 'hiddenHttpMethodFilter' to: [/*]
2020-08-25 20:45:58 -Mapping filter: 'httpPutFormContentFilter' to: [/*]
2020-08-25 20:45:58 -Mapping filter: 'requestContextFilter' to: [/*]
2020-08-25 20:45:59 -Mapped URL path [/**/favicon.ico] onto handler of type [class org.springframework.web.servlet.resource.ResourceHttpRequestHandler]
2020-08-25 20:46:00 -Looking for @ControllerAdvice: org.springframework.boot.web.servlet.context.AnnotationConfigServletWebServerApplicationContext@58ce9668: startup date [Tue Aug 25 20:45:56 CST 2020]; root of context hierarchy
2020-08-25 20:46:00 -Detected RequestBodyAdvice bean in agbweappControllerAdvice
2020-08-25 20:46:00 -Mapped "{[/house/broker/addBroker]}" onto public com.tenement.domain.common.Response<com.tenement.domain.dto.RespId> com.tenement.api.controller.BrokerController.addBroker(javax.servlet.http.HttpServletRequest,com.tenement.domain.dto.BrokerReq) throws com.tenement.domain.common.BusinessException
2020-08-25 20:46:00 -Mapped "{[/house/broker/listBroker]}" onto public com.tenement.domain.common.Response<com.github.pagehelper.PageInfo<com.tenement.domain.dto.BrokerResp>> com.tenement.api.controller.BrokerController.listBroker(javax.servlet.http.HttpServletRequest,com.tenement.domain.dto.BrokerExmple) throws com.tenement.domain.common.BusinessException
2020-08-25 20:46:00 -Mapped "{[/house/broker/getBroker]}" onto public com.tenement.domain.common.Response<com.tenement.domain.dto.BrokerResp> com.tenement.api.controller.BrokerController.getBroker(javax.servlet.http.HttpServletRequest,com.tenement.domain.dto.BrokerExmple) throws com.tenement.domain.common.BusinessException
2020-08-25 20:46:00 -Mapped "{[/house/broker/updateBroker]}" onto public com.tenement.domain.common.Response com.tenement.api.controller.BrokerController.updateBroker(javax.servlet.http.HttpServletRequest,com.tenement.domain.po.Broker) throws com.tenement.domain.common.BusinessException
2020-08-25 20:46:00 -Mapped "{[/house/broker/deleteBroker]}" onto public com.tenement.domain.common.Response com.tenement.api.controller.BrokerController.deleteBroker(javax.servlet.http.HttpServletRequest,com.tenement.domain.dto.BrokerExmple) throws com.tenement.domain.common.BusinessException
2020-08-25 20:46:00 -Mapped "{[/house/room/listRoom]}" onto public com.tenement.domain.common.Response<com.github.pagehelper.PageInfo<com.tenement.domain.dto.RoomNewDetailsResp>> com.tenement.api.controller.HouseRoomController.listRoom(javax.servlet.http.HttpServletRequest,com.tenement.domain.dto.ListRoomDetailsReq) throws com.tenement.domain.common.BusinessException
2020-08-25 20:46:00 -Mapped "{[/house/room/addRoomDetails]}" onto public com.tenement.domain.common.Response<com.tenement.domain.dto.RespId> com.tenement.api.controller.HouseRoomController.addRoom(javax.servlet.http.HttpServletRequest,com.tenement.domain.dto.RoomNewDetailsReq) throws com.tenement.domain.common.BusinessException
2020-08-25 20:46:00 -Mapped "{[/house/room/getRoomBasicsType]}" onto public com.tenement.domain.common.Response<com.tenement.domain.dto.RoomBasicsTypeResp> com.tenement.api.controller.HouseRoomController.getRoomBasicsType() throws com.tenement.domain.common.BusinessException
2020-08-25 20:46:00 -Mapped "{[/house/room/getRoomNewDetails]}" onto public com.tenement.domain.common.Response<com.tenement.domain.dto.RoomNewDetailsResp> com.tenement.api.controller.HouseRoomController.getRoomNewDetails(javax.servlet.http.HttpServletRequest,com.tenement.domain.dto.GetRoomDetailsReq) throws com.tenement.domain.common.BusinessException
2020-08-25 20:46:00 -Mapped "{[/house/room/deleteNewRoom]}" onto public com.tenement.domain.common.Response com.tenement.api.controller.HouseRoomController.deleteNewRoom(javax.servlet.http.HttpServletRequest,com.tenement.domain.dto.GetRoomDetailsReq) throws com.tenement.domain.common.BusinessException
2020-08-25 20:46:00 -Mapped "{[/house/room/updateRoomNewDetails]}" onto public com.tenement.domain.common.Response com.tenement.api.controller.HouseRoomController.updateRoomNewDetails(javax.servlet.http.HttpServletRequest,com.tenement.domain.dto.RoomNewDetailsReq) throws com.tenement.domain.common.BusinessException
2020-08-25 20:46:00 -Mapped "{[/house/room/listGrabbleRoom]}" onto public com.tenement.domain.common.Response<com.github.pagehelper.PageInfo<com.tenement.domain.dto.RoomNewDetailsResp>> com.tenement.api.controller.HouseRoomController.listGrabbleRoom(javax.servlet.http.HttpServletRequest,com.tenement.domain.dto.ListGrabbleRoomReq)
2020-08-25 20:46:00 -Mapped "{[/house/room/listRoomTenementType]}" onto public com.tenement.domain.common.Response<java.util.List<com.tenement.domain.po.RoomTenementType>> com.tenement.api.controller.HouseRoomController.listRoomTenementType(javax.servlet.http.HttpServletRequest,com.tenement.domain.dto.ListRoomTenementTypeReq) throws com.tenement.domain.common.BusinessException
2020-08-25 20:46:00 -Mapped "{[/house/room/lisDistrict]}" onto public com.tenement.domain.common.Response<java.util.List<com.tenement.domain.po.District>> com.tenement.api.controller.HouseRoomController.lisDistrict(javax.servlet.http.HttpServletRequest,com.tenement.domain.dto.LisDistrictReq) throws com.tenement.domain.common.BusinessException
2020-08-25 20:46:00 -Mapped "{[/house/room/uploadFile]}" onto public com.tenement.domain.common.Response<com.tenement.domain.dto.UploadFileResp> com.tenement.api.controller.HouseRoomController.uploadFile(javax.servlet.http.HttpServletRequest,org.springframework.web.multipart.MultipartFile[]) throws com.tenement.domain.common.BusinessException
2020-08-25 20:46:00 -Mapped "{[/house/room/index]}" onto public java.lang.String com.tenement.api.controller.HouseRoomController.index() throws java.lang.RuntimeException
2020-08-25 20:46:00 -Mapped "{[/house/twoRoom/addTwoRoomDetails]}" onto public com.tenement.domain.common.Response com.tenement.api.controller.HouseTwoRoomController.addTwoRoom(javax.servlet.http.HttpServletRequest,com.tenement.domain.dto.RoomTwoReq) throws com.tenement.domain.common.BusinessException
2020-08-25 20:46:00 -Mapped "{[/house/twoRoom/listTwoRoom]}" onto public com.tenement.domain.common.Response<com.github.pagehelper.PageInfo<com.tenement.domain.dto.RoomTwoResp>> com.tenement.api.controller.HouseTwoRoomController.listTwoRoom(com.tenement.domain.dto.ListTwoRoomReq)
2020-08-25 20:46:00 -Mapped "{[/house/twoRoom/getTwoRoom]}" onto public com.tenement.domain.common.Response<com.tenement.domain.dto.RoomTwoResp> com.tenement.api.controller.HouseTwoRoomController.getTwoRoom(com.tenement.domain.dto.RoomTwoReq)
2020-08-25 20:46:00 -Mapped "{[/house/twoRoom/updateTwoRoom]}" onto public com.tenement.domain.common.Response com.tenement.api.controller.HouseTwoRoomController.updateTwoRoom(com.tenement.domain.dto.RoomTwoReq)
2020-08-25 20:46:00 -Mapped "{[/house/twoRoom/deleteTwoRoom]}" onto public com.tenement.domain.common.Response com.tenement.api.controller.HouseTwoRoomController.deleteTwoRoom(com.tenement.domain.dto.RoomTwoReq)
2020-08-25 20:46:00 -Mapped "{[/house/user/addUser]}" onto public com.tenement.domain.common.Response com.tenement.api.controller.UserController.addUser(com.tenement.domain.dto.UserLogin) throws com.tenement.domain.common.BusinessException
2020-08-25 20:46:00 -Mapped "{[/house/user/login]}" onto public com.tenement.domain.common.Response com.tenement.api.controller.UserController.login(javax.servlet.http.HttpServletRequest,com.tenement.domain.dto.UserLogin) throws com.tenement.domain.common.BusinessException
2020-08-25 20:46:00 -Mapped "{[/house/user/listMenu]}" onto public com.tenement.domain.common.Response<java.util.List<com.tenement.domain.po.SysMenu>> com.tenement.api.controller.UserController.getMenu(javax.servlet.http.HttpServletRequest) throws com.tenement.domain.common.BusinessException
2020-08-25 20:46:00 -Mapped "{[/house/user/logins]}" onto public com.tenement.domain.common.Response com.tenement.api.controller.UserController.logins(javax.servlet.http.HttpServletRequest)
2020-08-25 20:46:00 -Mapped "{[/house/comments/addComments]}" onto public com.tenement.domain.common.Response com.tenement.api.controller.commentsConntroller.addComments(javax.servlet.http.HttpServletRequest,com.tenement.domain.dto.CommentsReq) throws com.tenement.domain.common.BusinessException
2020-08-25 20:46:00 -Mapped "{[/house/comments/answerComments]}" onto public com.tenement.domain.common.Response com.tenement.api.controller.commentsConntroller.answerComments(javax.servlet.http.HttpServletRequest,com.tenement.domain.dto.CommentsReq) throws com.tenement.domain.common.BusinessException
2020-08-25 20:46:00 -Mapped "{[/house/comments/updateComments]}" onto public com.tenement.domain.common.Response com.tenement.api.controller.commentsConntroller.updateComments(javax.servlet.http.HttpServletRequest,com.tenement.domain.dto.CommentsReq) throws com.tenement.domain.common.BusinessException
2020-08-25 20:46:00 -Mapped "{[/house/comments/listComments]}" onto public com.tenement.domain.common.Response<com.github.pagehelper.PageInfo<com.tenement.domain.dto.CommentsResp>> com.tenement.api.controller.commentsConntroller.listComments(javax.servlet.http.HttpServletRequest,com.tenement.domain.dto.CommentsReq) throws com.tenement.domain.common.BusinessException
2020-08-25 20:46:00 -Mapped "{[/error],produces=[text/html]}" onto public org.springframework.web.servlet.ModelAndView org.springframework.boot.autoconfigure.web.servlet.error.BasicErrorController.errorHtml(javax.servlet.http.HttpServletRequest,javax.servlet.http.HttpServletResponse)
2020-08-25 20:46:00 -Mapped "{[/error]}" onto public org.springframework.http.ResponseEntity<java.util.Map<java.lang.String, java.lang.Object>> org.springframework.boot.autoconfigure.web.servlet.error.BasicErrorController.error(javax.servlet.http.HttpServletRequest)
2020-08-25 20:46:00 -Mapped URL path [/webjars/**] onto handler of type [class org.springframework.web.servlet.resource.ResourceHttpRequestHandler]
2020-08-25 20:46:00 -Mapped URL path [/**] onto handler of type [class org.springframework.web.servlet.resource.ResourceHttpRequestHandler]
2020-08-25 20:46:00 -Detected @ExceptionHandler methods in agbweappControllerAdvice
2020-08-25 20:46:00 -Detected @ExceptionHandler methods in bussinessExceptionHandler
2020-08-25 20:46:00 -Adding welcome page template: index
2020-08-25 20:46:00 -Initializing ExecutorService  'taskScheduler'
2020-08-25 20:46:01 -Registering beans for JMX exposure on startup
2020-08-25 20:46:01 -Bean with name 'dataSource' has been autodetected for JMX exposure
2020-08-25 20:46:01 -Located MBean 'dataSource': registering with JMX server as MBean [com.zaxxer.hikari:name=dataSource,type=HikariDataSource]
2020-08-25 20:46:01 -Starting beans in phase 0
2020-08-25 20:46:01 -Adding {logging-channel-adapter:_org.springframework.integration.errorLogger} as a subscriber to the 'errorChannel' channel
2020-08-25 20:46:01 -Channel 'tenement.errorChannel' has 1 subscriber(s).
2020-08-25 20:46:01 -started _org.springframework.integration.errorLogger
2020-08-25 20:46:01 -Starting ProtocolHandler ["http-nio-8080"]
2020-08-25 20:46:01 -Using a shared selector for servlet write/read
2020-08-25 20:46:01 -Tomcat started on port(s): 8080 (http) with context path ''
2020-08-25 20:46:01 -Started WebApplication in 4.966 seconds (JVM running for 5.646)
2020-08-25 20:46:43 -Initializing Spring FrameworkServlet 'dispatcherServlet'
2020-08-25 20:46:43 -FrameworkServlet 'dispatcherServlet': initialization started
2020-08-25 20:46:43 -FrameworkServlet 'dispatcherServlet': initialization completed in 25 ms
2020-08-25 20:46:46 -Trying to find Dozer configuration file: dozer.properties
2020-08-25 20:46:46 -Dozer configuration file not found: dozer.properties.  Using defaults for all Dozer global properties.
2020-08-25 20:46:46 -Initializing Dozer. Version: 5.4.0, Thread Name: http-nio-8080-exec-1
2020-08-25 20:46:46 -Dozer JMX MBean [org.dozer.jmx:type=DozerStatisticsController] auto registered with the Platform MBean Server
2020-08-25 20:46:46 -Dozer JMX MBean [org.dozer.jmx:type=DozerAdminController] auto registered with the Platform MBean Server
2020-08-25 20:46:46 -Initializing a new instance of dozer bean mapper.
2020-08-25 20:46:46 -Using the following xml files to load custom mappings for the bean mapper instance: [bean.xml]
2020-08-25 20:46:46 -Trying to find xml mapping file: bean.xml
2020-08-25 20:46:46 -Using URL [file:/Users/xuzhou/IdeaProjects/tenement/tenement-api/target/classes/bean.xml] to load custom xml mappings
2020-08-25 20:46:46 -Successfully loaded custom xml mappings from URL: [file:/Users/xuzhou/IdeaProjects/tenement/tenement-api/target/classes/bean.xml]
2020-08-25 20:46:46 -HikariPool-1 - Starting...
2020-08-25 20:46:47 -HikariPool-1 - Start completed.
2020-08-25 20:46:47 -==>  Preparing: update room_two_details SET name = ?, districtid = ?, house_style = ?, house_price = ?, address = ?, house_area = ?, reference_pay = ?, build_date = ?, house_position = ?, reference_month_pay = ?, house_type = ?, house_floor = ?, fitment_status = ?, elevator_yn = ?, book_limit = ?, equity_type = ?, heating_type = ?, project_advantage = ?, room_photo = ?, house_structural = ?, list_photo = ?, brokerid = ?, home_page = ?, hot_recommend = ?, guess_like = ?, telephone= ?, extendStructural= ?, extend1=?, extend2= ?, extend3= ? where id = ? 
2020-08-25 20:46:47 -==> Parameters: 龙3333湖(String), 2(Integer), qesssr(String), 200(Integer), (String), 0(Integer), 0(Integer), 0(Integer), (String), 0(Integer), (String), 0(Integer), 0(Integer), 0(Integer), 0(String), 23adf4(String), 23af41(String), 3af1(String), 13(String), 3(String), 14(String), 0(Integer), 0(Integer), 0(Integer), 0(Integer), 33333(String), 1234321(String), 111(String), 2222(String), 33333(String), 18(Integer)
2020-08-25 20:46:47 -<==    Updates: 1
2020-08-25 20:47:03 -Closing org.springframework.boot.web.servlet.context.AnnotationConfigServletWebServerApplicationContext@58ce9668: startup date [Tue Aug 25 20:45:56 CST 2020]; root of context hierarchy
2020-08-25 20:47:03 -Stopping beans in phase 0
2020-08-25 20:47:03 -Removing {logging-channel-adapter:_org.springframework.integration.errorLogger} as a subscriber to the 'errorChannel' channel
2020-08-25 20:47:03 -Channel 'tenement.errorChannel' has 0 subscriber(s).
2020-08-25 20:47:03 -stopped _org.springframework.integration.errorLogger
2020-08-25 20:47:03 -Shutting down ExecutorService 'taskScheduler'
2020-08-25 20:47:03 -Unregistering JMX-exposed beans on shutdown
2020-08-25 20:47:03 -Unregistering JMX-exposed beans
2020-08-25 20:47:03 -HikariPool-1 - Shutdown initiated...
2020-08-25 20:47:03 -HikariPool-1 - Shutdown completed.
