2020-03-05 20:23:55 -Starting WebApplication on xuzhoudeMacBook-Pro.local with PID 25726 (/Users/xuzhou/IdeaProjects/tenement/tenement-api/target/classes started by xuzhou in /Users/xuzhou/IdeaProjects/tenement)
2020-03-05 20:23:55 -No active profile set, falling back to default profiles: default
2020-03-05 20:23:55 -Refreshing org.springframework.boot.web.servlet.context.AnnotationConfigServletWebServerApplicationContext@3697186: startup date [Thu Mar 05 20:23:55 CST 2020]; root of context hierarchy
2020-03-05 20:23:56 -Tomcat initialized with port(s): 8080 (http)
2020-03-05 20:23:56 -Initializing ProtocolHandler ["http-nio-8080"]
2020-03-05 20:23:56 -Starting service [Tomcat]
2020-03-05 20:23:56 -Starting Servlet Engine: Apache Tomcat/8.5.34
2020-03-05 20:23:56 -The APR based Apache Tomcat Native library which allows optimal performance in production environments was not found on the java.library.path: [/Users/xuzhou/Library/Java/Extensions:/Library/Java/Extensions:/Network/Library/Java/Extensions:/System/Library/Java/Extensions:/usr/lib/java:.]
2020-03-05 20:23:56 -Initializing Spring embedded WebApplicationContext
2020-03-05 20:23:56 -Root WebApplicationContext: initialization completed in 1071 ms
2020-03-05 20:23:56 -Servlet dispatcherServlet mapped to [/]
2020-03-05 20:23:56 -Mapping filter: 'characterEncodingFilter' to: [/*]
2020-03-05 20:23:56 -Mapping filter: 'hiddenHttpMethodFilter' to: [/*]
2020-03-05 20:23:56 -Mapping filter: 'httpPutFormContentFilter' to: [/*]
2020-03-05 20:23:56 -Mapping filter: 'requestContextFilter' to: [/*]
2020-03-05 20:23:57 -Mapped URL path [/**/favicon.ico] onto handler of type [class org.springframework.web.servlet.resource.ResourceHttpRequestHandler]
2020-03-05 20:23:57 -Looking for @ControllerAdvice: org.springframework.boot.web.servlet.context.AnnotationConfigServletWebServerApplicationContext@3697186: startup date [Thu Mar 05 20:23:55 CST 2020]; root of context hierarchy
2020-03-05 20:23:57 -Mapped "{[/broker/addBroker]}" onto public com.tenement.domain.common.Response com.tenement.api.controller.BrokerController.addBroker(com.tenement.domain.dto.BrokerReq)
2020-03-05 20:23:57 -Mapped "{[/broker/listBroker]}" onto public com.tenement.domain.common.Response<java.util.List<com.tenement.domain.po.Broker>> com.tenement.api.controller.BrokerController.listBroker(com.tenement.domain.dto.BrokerExmple)
2020-03-05 20:23:57 -Mapped "{[/room/index]}" onto public java.lang.String com.tenement.api.controller.RoomController.index() throws java.lang.RuntimeException
2020-03-05 20:23:57 -Mapped "{[/room/listRoom]}" onto public com.tenement.domain.common.Response<com.github.pagehelper.PageInfo<com.tenement.domain.vo.RoomDetailsInfo>> com.tenement.api.controller.RoomController.listRoom(com.tenement.domain.dto.ListRoomDetailsReq)
2020-03-05 20:23:57 -Mapped "{[/room/addRoomDetails]}" onto public com.tenement.domain.common.Response com.tenement.api.controller.RoomController.addRoom(com.tenement.domain.dto.RoomDetailsReq) throws com.tenement.domain.common.BusinessException
2020-03-05 20:23:57 -Mapped "{[/room/getRoomBasicsType]}" onto public com.tenement.domain.common.Response<com.tenement.domain.dto.RoomBasicsTypeResp> com.tenement.api.controller.RoomController.getRoomBasicsType() throws com.tenement.domain.common.BusinessException
2020-03-05 20:23:57 -Mapped "{[/room/getRoomDetails]}" onto public com.tenement.domain.common.Response<com.tenement.domain.dto.GetRoomDetailsResp> com.tenement.api.controller.RoomController.getRoomDetails(com.tenement.domain.dto.GetRoomDetailsReq) throws com.tenement.domain.common.BusinessException
2020-03-05 20:23:57 -Mapped "{[/room/listGrabbleRoom]}" onto public com.tenement.domain.common.Response<com.github.pagehelper.PageInfo<com.tenement.domain.vo.RoomDetailsInfo>> com.tenement.api.controller.RoomController.listGrabbleRoom(com.tenement.domain.dto.ListGrabbleRoomReq)
2020-03-05 20:23:57 -Mapped "{[/room/listRoomTenementType]}" onto public com.tenement.domain.common.Response<java.util.List<com.tenement.domain.po.RoomTenementType>> com.tenement.api.controller.RoomController.listRoomTenementType(com.tenement.domain.dto.ListRoomTenementTypeReq) throws com.tenement.domain.common.BusinessException
2020-03-05 20:23:57 -Mapped "{[/room/lisDistrict]}" onto public com.tenement.domain.common.Response<java.util.List<com.tenement.domain.po.District>> com.tenement.api.controller.RoomController.lisDistrict(com.tenement.domain.dto.LisDistrictReq) throws com.tenement.domain.common.BusinessException
2020-03-05 20:23:57 -Mapped "{[/room/uploadFile]}" onto public com.tenement.domain.common.Response<com.tenement.domain.dto.UploadFileResp> com.tenement.api.controller.RoomController.uploadFile(org.springframework.web.multipart.MultipartFile) throws com.tenement.domain.common.BusinessException
2020-03-05 20:23:57 -Mapped "{[/user/addUser]}" onto public com.tenement.domain.common.Response com.tenement.api.controller.UserController.addUser(com.tenement.domain.dto.UserLogin) throws com.tenement.domain.common.BusinessException
2020-03-05 20:23:57 -Mapped "{[/user/login]}" onto public com.tenement.domain.common.Response com.tenement.api.controller.UserController.login(com.tenement.domain.dto.UserLogin,javax.servlet.http.HttpServletRequest) throws com.tenement.domain.common.BusinessException
2020-03-05 20:23:57 -Mapped "{[/user/listMenu]}" onto public com.tenement.domain.common.Response<java.util.List<com.tenement.domain.po.SysMenu>> com.tenement.api.controller.UserController.getMenu(javax.servlet.http.HttpServletRequest) throws com.tenement.domain.common.BusinessException
2020-03-05 20:23:57 -Mapped "{[/user/logins]}" onto public com.tenement.domain.common.Response com.tenement.api.controller.UserController.logins(javax.servlet.http.HttpServletRequest)
2020-03-05 20:23:57 -Mapped "{[/error]}" onto public org.springframework.http.ResponseEntity<java.util.Map<java.lang.String, java.lang.Object>> org.springframework.boot.autoconfigure.web.servlet.error.BasicErrorController.error(javax.servlet.http.HttpServletRequest)
2020-03-05 20:23:57 -Mapped "{[/error],produces=[text/html]}" onto public org.springframework.web.servlet.ModelAndView org.springframework.boot.autoconfigure.web.servlet.error.BasicErrorController.errorHtml(javax.servlet.http.HttpServletRequest,javax.servlet.http.HttpServletResponse)
2020-03-05 20:23:57 -Mapped URL path [/webjars/**] onto handler of type [class org.springframework.web.servlet.resource.ResourceHttpRequestHandler]
2020-03-05 20:23:57 -Mapped URL path [/**] onto handler of type [class org.springframework.web.servlet.resource.ResourceHttpRequestHandler]
2020-03-05 20:23:57 -Detected @ExceptionHandler methods in bussinessExceptionHandler
2020-03-05 20:23:57 -Adding welcome page template: index
2020-03-05 20:23:57 -Registering beans for JMX exposure on startup
2020-03-05 20:23:57 -Bean with name 'dataSource' has been autodetected for JMX exposure
2020-03-05 20:23:57 -Located MBean 'dataSource': registering with JMX server as MBean [com.zaxxer.hikari:name=dataSource,type=HikariDataSource]
2020-03-05 20:23:57 -Starting ProtocolHandler ["http-nio-8080"]
2020-03-05 20:23:57 -Failed to start connector [Connector[HTTP/1.1-8080]]
org.apache.catalina.LifecycleException: Failed to start component [Connector[HTTP/1.1-8080]]
	at org.apache.catalina.util.LifecycleBase.start(LifecycleBase.java:167)
	at org.apache.catalina.core.StandardService.addConnector(StandardService.java:225)
	at org.springframework.boot.web.embedded.tomcat.TomcatWebServer.addPreviouslyRemovedConnectors(TomcatWebServer.java:256)
	at org.springframework.boot.web.embedded.tomcat.TomcatWebServer.start(TomcatWebServer.java:198)
	at org.springframework.boot.web.servlet.context.ServletWebServerApplicationContext.startWebServer(ServletWebServerApplicationContext.java:300)
	at org.springframework.boot.web.servlet.context.ServletWebServerApplicationContext.finishRefresh(ServletWebServerApplicationContext.java:162)
	at org.springframework.context.support.AbstractApplicationContext.refresh(AbstractApplicationContext.java:553)
	at org.springframework.boot.web.servlet.context.ServletWebServerApplicationContext.refresh(ServletWebServerApplicationContext.java:140)
	at org.springframework.boot.SpringApplication.refresh(SpringApplication.java:780)
	at org.springframework.boot.SpringApplication.refreshContext(SpringApplication.java:412)
	at org.springframework.boot.SpringApplication.run(SpringApplication.java:333)
	at org.springframework.boot.SpringApplication.run(SpringApplication.java:1277)
	at org.springframework.boot.SpringApplication.run(SpringApplication.java:1265)
	at com.tenement.api.WebApplication.main(WebApplication.java:17)
Caused by: org.apache.catalina.LifecycleException: Protocol handler start failed
	at org.apache.catalina.connector.Connector.startInternal(Connector.java:1020)
	at org.apache.catalina.util.LifecycleBase.start(LifecycleBase.java:150)
	... 13 common frames omitted
Caused by: java.net.BindException: Address already in use
	at sun.nio.ch.Net.bind0(Native Method)
	at sun.nio.ch.Net.bind(Net.java:433)
	at sun.nio.ch.Net.bind(Net.java:425)
	at sun.nio.ch.ServerSocketChannelImpl.bind(ServerSocketChannelImpl.java:223)
	at sun.nio.ch.ServerSocketAdaptor.bind(ServerSocketAdaptor.java:74)
	at org.apache.tomcat.util.net.NioEndpoint.bind(NioEndpoint.java:219)
	at org.apache.tomcat.util.net.AbstractEndpoint.start(AbstractEndpoint.java:1151)
	at org.apache.coyote.AbstractProtocol.start(AbstractProtocol.java:591)
	at org.apache.catalina.connector.Connector.startInternal(Connector.java:1018)
	... 14 common frames omitted
2020-03-05 20:23:57 -Pausing ProtocolHandler ["http-nio-8080"]
2020-03-05 20:23:57 -Stopping service [Tomcat]
2020-03-05 20:23:57 -The stop() method was called on component [StandardServer[-1]] after stop() had already been called. The second call will be ignored.
2020-03-05 20:23:57 -Stopping ProtocolHandler ["http-nio-8080"]
2020-03-05 20:23:57 -Destroying ProtocolHandler ["http-nio-8080"]
2020-03-05 20:23:57 -

Error starting ApplicationContext. To display the conditions report re-run your application with 'debug' enabled.
2020-03-05 20:23:57 -

***************************
APPLICATION FAILED TO START
***************************

Description:

The Tomcat connector configured to listen on port 8080 failed to start. The port may already be in use or the connector may be misconfigured.

Action:

Verify the connector's configuration, identify and stop any process that's listening on port 8080, or configure this application to listen on another port.

2020-03-05 20:23:57 -Closing org.springframework.boot.web.servlet.context.AnnotationConfigServletWebServerApplicationContext@3697186: startup date [Thu Mar 05 20:23:55 CST 2020]; root of context hierarchy
2020-03-05 20:23:57 -Unregistering JMX-exposed beans on shutdown
2020-03-05 20:23:57 -Unregistering JMX-exposed beans
2020-03-05 20:26:05 -Loaded expression factory via original TCCL
2020-03-05 20:26:05 -Starting WebApplication on xuzhoudeMacBook-Pro.local with PID 25908 (/Users/xuzhou/IdeaProjects/tenement/tenement-api/target/classes started by xuzhou in /Users/xuzhou/IdeaProjects/tenement)
2020-03-05 20:26:05 -No active profile set, falling back to default profiles: default
2020-03-05 20:26:06 -Refreshing org.springframework.boot.web.servlet.context.AnnotationConfigServletWebServerApplicationContext@30af5b6b: startup date [Thu Mar 05 20:26:06 CST 2020]; root of context hierarchy
2020-03-05 20:26:07 -Tomcat initialized with port(s): 8080 (http)
2020-03-05 20:26:07 -Initializing ProtocolHandler ["http-nio-8080"]
2020-03-05 20:26:07 -Starting service [Tomcat]
2020-03-05 20:26:07 -Starting Servlet Engine: Apache Tomcat/8.5.34
2020-03-05 20:26:07 -The APR based Apache Tomcat Native library which allows optimal performance in production environments was not found on the java.library.path: [/Users/xuzhou/Library/Java/Extensions:/Library/Java/Extensions:/Network/Library/Java/Extensions:/System/Library/Java/Extensions:/usr/lib/java:.]
2020-03-05 20:26:07 -Initializing Spring embedded WebApplicationContext
2020-03-05 20:26:07 -Root WebApplicationContext: initialization completed in 1053 ms
2020-03-05 20:26:07 -Servlet dispatcherServlet mapped to [/]
2020-03-05 20:26:07 -Mapping filter: 'characterEncodingFilter' to: [/*]
2020-03-05 20:26:07 -Mapping filter: 'hiddenHttpMethodFilter' to: [/*]
2020-03-05 20:26:07 -Mapping filter: 'httpPutFormContentFilter' to: [/*]
2020-03-05 20:26:07 -Mapping filter: 'requestContextFilter' to: [/*]
2020-03-05 20:26:07 -Mapped URL path [/**/favicon.ico] onto handler of type [class org.springframework.web.servlet.resource.ResourceHttpRequestHandler]
2020-03-05 20:26:07 -Looking for @ControllerAdvice: org.springframework.boot.web.servlet.context.AnnotationConfigServletWebServerApplicationContext@30af5b6b: startup date [Thu Mar 05 20:26:06 CST 2020]; root of context hierarchy
2020-03-05 20:26:07 -Mapped "{[/broker/addBroker]}" onto public com.tenement.domain.common.Response com.tenement.api.controller.BrokerController.addBroker(com.tenement.domain.dto.BrokerReq)
2020-03-05 20:26:07 -Mapped "{[/broker/listBroker]}" onto public com.tenement.domain.common.Response<java.util.List<com.tenement.domain.po.Broker>> com.tenement.api.controller.BrokerController.listBroker(com.tenement.domain.dto.BrokerExmple)
2020-03-05 20:26:07 -Mapped "{[/room/index]}" onto public java.lang.String com.tenement.api.controller.RoomController.index() throws java.lang.RuntimeException
2020-03-05 20:26:07 -Mapped "{[/room/listRoom]}" onto public com.tenement.domain.common.Response<com.github.pagehelper.PageInfo<com.tenement.domain.vo.RoomDetailsInfo>> com.tenement.api.controller.RoomController.listRoom(com.tenement.domain.dto.ListRoomDetailsReq)
2020-03-05 20:26:07 -Mapped "{[/room/addRoomDetails]}" onto public com.tenement.domain.common.Response com.tenement.api.controller.RoomController.addRoom(com.tenement.domain.dto.RoomDetailsReq) throws com.tenement.domain.common.BusinessException
2020-03-05 20:26:07 -Mapped "{[/room/getRoomBasicsType]}" onto public com.tenement.domain.common.Response<com.tenement.domain.dto.RoomBasicsTypeResp> com.tenement.api.controller.RoomController.getRoomBasicsType() throws com.tenement.domain.common.BusinessException
2020-03-05 20:26:07 -Mapped "{[/room/getRoomDetails]}" onto public com.tenement.domain.common.Response<com.tenement.domain.dto.GetRoomDetailsResp> com.tenement.api.controller.RoomController.getRoomDetails(com.tenement.domain.dto.GetRoomDetailsReq) throws com.tenement.domain.common.BusinessException
2020-03-05 20:26:07 -Mapped "{[/room/listGrabbleRoom]}" onto public com.tenement.domain.common.Response<com.github.pagehelper.PageInfo<com.tenement.domain.vo.RoomDetailsInfo>> com.tenement.api.controller.RoomController.listGrabbleRoom(com.tenement.domain.dto.ListGrabbleRoomReq)
2020-03-05 20:26:07 -Mapped "{[/room/listRoomTenementType]}" onto public com.tenement.domain.common.Response<java.util.List<com.tenement.domain.po.RoomTenementType>> com.tenement.api.controller.RoomController.listRoomTenementType(com.tenement.domain.dto.ListRoomTenementTypeReq) throws com.tenement.domain.common.BusinessException
2020-03-05 20:26:07 -Mapped "{[/room/lisDistrict]}" onto public com.tenement.domain.common.Response<java.util.List<com.tenement.domain.po.District>> com.tenement.api.controller.RoomController.lisDistrict(com.tenement.domain.dto.LisDistrictReq) throws com.tenement.domain.common.BusinessException
2020-03-05 20:26:07 -Mapped "{[/room/uploadFile]}" onto public com.tenement.domain.common.Response<com.tenement.domain.dto.UploadFileResp> com.tenement.api.controller.RoomController.uploadFile(org.springframework.web.multipart.MultipartFile) throws com.tenement.domain.common.BusinessException
2020-03-05 20:26:07 -Mapped "{[/user/addUser]}" onto public com.tenement.domain.common.Response com.tenement.api.controller.UserController.addUser(com.tenement.domain.dto.UserLogin) throws com.tenement.domain.common.BusinessException
2020-03-05 20:26:07 -Mapped "{[/user/listMenu]}" onto public com.tenement.domain.common.Response<java.util.List<com.tenement.domain.po.SysMenu>> com.tenement.api.controller.UserController.getMenu(javax.servlet.http.HttpServletRequest) throws com.tenement.domain.common.BusinessException
2020-03-05 20:26:07 -Mapped "{[/user/login]}" onto public com.tenement.domain.common.Response com.tenement.api.controller.UserController.login(com.tenement.domain.dto.UserLogin,javax.servlet.http.HttpServletRequest) throws com.tenement.domain.common.BusinessException
2020-03-05 20:26:07 -Mapped "{[/user/logins]}" onto public com.tenement.domain.common.Response com.tenement.api.controller.UserController.logins(javax.servlet.http.HttpServletRequest)
2020-03-05 20:26:07 -Mapped "{[/error]}" onto public org.springframework.http.ResponseEntity<java.util.Map<java.lang.String, java.lang.Object>> org.springframework.boot.autoconfigure.web.servlet.error.BasicErrorController.error(javax.servlet.http.HttpServletRequest)
2020-03-05 20:26:07 -Mapped "{[/error],produces=[text/html]}" onto public org.springframework.web.servlet.ModelAndView org.springframework.boot.autoconfigure.web.servlet.error.BasicErrorController.errorHtml(javax.servlet.http.HttpServletRequest,javax.servlet.http.HttpServletResponse)
2020-03-05 20:26:07 -Mapped URL path [/webjars/**] onto handler of type [class org.springframework.web.servlet.resource.ResourceHttpRequestHandler]
2020-03-05 20:26:07 -Mapped URL path [/**] onto handler of type [class org.springframework.web.servlet.resource.ResourceHttpRequestHandler]
2020-03-05 20:26:07 -Detected @ExceptionHandler methods in bussinessExceptionHandler
2020-03-05 20:26:07 -Adding welcome page template: index
2020-03-05 20:26:08 -Registering beans for JMX exposure on startup
2020-03-05 20:26:08 -Bean with name 'dataSource' has been autodetected for JMX exposure
2020-03-05 20:26:08 -Located MBean 'dataSource': registering with JMX server as MBean [com.zaxxer.hikari:name=dataSource,type=HikariDataSource]
2020-03-05 20:26:08 -Starting ProtocolHandler ["http-nio-8080"]
2020-03-05 20:26:08 -Failed to start connector [Connector[HTTP/1.1-8080]]
org.apache.catalina.LifecycleException: Failed to start component [Connector[HTTP/1.1-8080]]
	at org.apache.catalina.util.LifecycleBase.start(LifecycleBase.java:167)
	at org.apache.catalina.core.StandardService.addConnector(StandardService.java:225)
	at org.springframework.boot.web.embedded.tomcat.TomcatWebServer.addPreviouslyRemovedConnectors(TomcatWebServer.java:256)
	at org.springframework.boot.web.embedded.tomcat.TomcatWebServer.start(TomcatWebServer.java:198)
	at org.springframework.boot.web.servlet.context.ServletWebServerApplicationContext.startWebServer(ServletWebServerApplicationContext.java:300)
	at org.springframework.boot.web.servlet.context.ServletWebServerApplicationContext.finishRefresh(ServletWebServerApplicationContext.java:162)
	at org.springframework.context.support.AbstractApplicationContext.refresh(AbstractApplicationContext.java:553)
	at org.springframework.boot.web.servlet.context.ServletWebServerApplicationContext.refresh(ServletWebServerApplicationContext.java:140)
	at org.springframework.boot.SpringApplication.refresh(SpringApplication.java:780)
	at org.springframework.boot.SpringApplication.refreshContext(SpringApplication.java:412)
	at org.springframework.boot.SpringApplication.run(SpringApplication.java:333)
	at org.springframework.boot.SpringApplication.run(SpringApplication.java:1277)
	at org.springframework.boot.SpringApplication.run(SpringApplication.java:1265)
	at com.tenement.api.WebApplication.main(WebApplication.java:17)
Caused by: org.apache.catalina.LifecycleException: Protocol handler start failed
	at org.apache.catalina.connector.Connector.startInternal(Connector.java:1020)
	at org.apache.catalina.util.LifecycleBase.start(LifecycleBase.java:150)
	... 13 common frames omitted
Caused by: java.net.BindException: Address already in use
	at sun.nio.ch.Net.bind0(Native Method)
	at sun.nio.ch.Net.bind(Net.java:433)
	at sun.nio.ch.Net.bind(Net.java:425)
	at sun.nio.ch.ServerSocketChannelImpl.bind(ServerSocketChannelImpl.java:223)
	at sun.nio.ch.ServerSocketAdaptor.bind(ServerSocketAdaptor.java:74)
	at org.apache.tomcat.util.net.NioEndpoint.bind(NioEndpoint.java:219)
	at org.apache.tomcat.util.net.AbstractEndpoint.start(AbstractEndpoint.java:1151)
	at org.apache.coyote.AbstractProtocol.start(AbstractProtocol.java:591)
	at org.apache.catalina.connector.Connector.startInternal(Connector.java:1018)
	... 14 common frames omitted
2020-03-05 20:26:08 -Pausing ProtocolHandler ["http-nio-8080"]
2020-03-05 20:26:08 -Stopping service [Tomcat]
2020-03-05 20:26:08 -The stop() method was called on component [StandardServer[-1]] after stop() had already been called. The second call will be ignored.
2020-03-05 20:26:08 -Stopping ProtocolHandler ["http-nio-8080"]
2020-03-05 20:26:08 -Destroying ProtocolHandler ["http-nio-8080"]
2020-03-05 20:26:08 -

Error starting ApplicationContext. To display the conditions report re-run your application with 'debug' enabled.
2020-03-05 20:26:08 -

***************************
APPLICATION FAILED TO START
***************************

Description:

The Tomcat connector configured to listen on port 8080 failed to start. The port may already be in use or the connector may be misconfigured.

Action:

Verify the connector's configuration, identify and stop any process that's listening on port 8080, or configure this application to listen on another port.

2020-03-05 20:26:08 -Closing org.springframework.boot.web.servlet.context.AnnotationConfigServletWebServerApplicationContext@30af5b6b: startup date [Thu Mar 05 20:26:06 CST 2020]; root of context hierarchy
2020-03-05 20:26:08 -Unregistering JMX-exposed beans on shutdown
2020-03-05 20:26:08 -Unregistering JMX-exposed beans
2020-03-05 20:27:42 -Loaded expression factory via original TCCL
2020-03-05 20:27:42 -Starting WebApplication on xuzhoudeMacBook-Pro.local with PID 26015 (/Users/xuzhou/IdeaProjects/tenement/tenement-api/target/classes started by xuzhou in /Users/xuzhou/IdeaProjects/tenement)
2020-03-05 20:27:42 -No active profile set, falling back to default profiles: default
2020-03-05 20:27:42 -Refreshing org.springframework.boot.web.servlet.context.AnnotationConfigServletWebServerApplicationContext@6eb2384f: startup date [Thu Mar 05 20:27:42 CST 2020]; root of context hierarchy
2020-03-05 20:27:43 -Tomcat initialized with port(s): 8080 (http)
2020-03-05 20:27:43 -Initializing ProtocolHandler ["http-nio-8080"]
2020-03-05 20:27:43 -Starting service [Tomcat]
2020-03-05 20:27:43 -Starting Servlet Engine: Apache Tomcat/8.5.34
2020-03-05 20:27:43 -The APR based Apache Tomcat Native library which allows optimal performance in production environments was not found on the java.library.path: [/Users/xuzhou/Library/Java/Extensions:/Library/Java/Extensions:/Network/Library/Java/Extensions:/System/Library/Java/Extensions:/usr/lib/java:.]
2020-03-05 20:27:43 -Initializing Spring embedded WebApplicationContext
2020-03-05 20:27:43 -Root WebApplicationContext: initialization completed in 985 ms
2020-03-05 20:27:43 -Servlet dispatcherServlet mapped to [/]
2020-03-05 20:27:43 -Mapping filter: 'characterEncodingFilter' to: [/*]
2020-03-05 20:27:43 -Mapping filter: 'hiddenHttpMethodFilter' to: [/*]
2020-03-05 20:27:43 -Mapping filter: 'httpPutFormContentFilter' to: [/*]
2020-03-05 20:27:43 -Mapping filter: 'requestContextFilter' to: [/*]
2020-03-05 20:27:44 -Mapped URL path [/**/favicon.ico] onto handler of type [class org.springframework.web.servlet.resource.ResourceHttpRequestHandler]
2020-03-05 20:27:44 -Looking for @ControllerAdvice: org.springframework.boot.web.servlet.context.AnnotationConfigServletWebServerApplicationContext@6eb2384f: startup date [Thu Mar 05 20:27:42 CST 2020]; root of context hierarchy
2020-03-05 20:27:44 -Mapped "{[/broker/addBroker]}" onto public com.tenement.domain.common.Response com.tenement.api.controller.BrokerController.addBroker(com.tenement.domain.dto.BrokerReq)
2020-03-05 20:27:44 -Mapped "{[/broker/listBroker]}" onto public com.tenement.domain.common.Response<java.util.List<com.tenement.domain.po.Broker>> com.tenement.api.controller.BrokerController.listBroker(com.tenement.domain.dto.BrokerExmple)
2020-03-05 20:27:44 -Mapped "{[/room/index]}" onto public java.lang.String com.tenement.api.controller.RoomController.index() throws java.lang.RuntimeException
2020-03-05 20:27:44 -Mapped "{[/room/listRoom]}" onto public com.tenement.domain.common.Response<com.github.pagehelper.PageInfo<com.tenement.domain.vo.RoomDetailsInfo>> com.tenement.api.controller.RoomController.listRoom(com.tenement.domain.dto.ListRoomDetailsReq)
2020-03-05 20:27:44 -Mapped "{[/room/addRoomDetails]}" onto public com.tenement.domain.common.Response com.tenement.api.controller.RoomController.addRoom(com.tenement.domain.dto.RoomDetailsReq) throws com.tenement.domain.common.BusinessException
2020-03-05 20:27:44 -Mapped "{[/room/getRoomBasicsType]}" onto public com.tenement.domain.common.Response<com.tenement.domain.dto.RoomBasicsTypeResp> com.tenement.api.controller.RoomController.getRoomBasicsType() throws com.tenement.domain.common.BusinessException
2020-03-05 20:27:44 -Mapped "{[/room/getRoomDetails]}" onto public com.tenement.domain.common.Response<com.tenement.domain.dto.GetRoomDetailsResp> com.tenement.api.controller.RoomController.getRoomDetails(com.tenement.domain.dto.GetRoomDetailsReq) throws com.tenement.domain.common.BusinessException
2020-03-05 20:27:44 -Mapped "{[/room/listGrabbleRoom]}" onto public com.tenement.domain.common.Response<com.github.pagehelper.PageInfo<com.tenement.domain.vo.RoomDetailsInfo>> com.tenement.api.controller.RoomController.listGrabbleRoom(com.tenement.domain.dto.ListGrabbleRoomReq)
2020-03-05 20:27:44 -Mapped "{[/room/listRoomTenementType]}" onto public com.tenement.domain.common.Response<java.util.List<com.tenement.domain.po.RoomTenementType>> com.tenement.api.controller.RoomController.listRoomTenementType(com.tenement.domain.dto.ListRoomTenementTypeReq) throws com.tenement.domain.common.BusinessException
2020-03-05 20:27:44 -Mapped "{[/room/lisDistrict]}" onto public com.tenement.domain.common.Response<java.util.List<com.tenement.domain.po.District>> com.tenement.api.controller.RoomController.lisDistrict(com.tenement.domain.dto.LisDistrictReq) throws com.tenement.domain.common.BusinessException
2020-03-05 20:27:44 -Mapped "{[/room/uploadFile]}" onto public com.tenement.domain.common.Response<com.tenement.domain.dto.UploadFileResp> com.tenement.api.controller.RoomController.uploadFile(org.springframework.web.multipart.MultipartFile) throws com.tenement.domain.common.BusinessException
2020-03-05 20:27:44 -Mapped "{[/user/login]}" onto public com.tenement.domain.common.Response com.tenement.api.controller.UserController.login(com.tenement.domain.dto.UserLogin,javax.servlet.http.HttpServletRequest) throws com.tenement.domain.common.BusinessException
2020-03-05 20:27:44 -Mapped "{[/user/listMenu]}" onto public com.tenement.domain.common.Response<java.util.List<com.tenement.domain.po.SysMenu>> com.tenement.api.controller.UserController.getMenu(javax.servlet.http.HttpServletRequest) throws com.tenement.domain.common.BusinessException
2020-03-05 20:27:44 -Mapped "{[/user/logins]}" onto public com.tenement.domain.common.Response com.tenement.api.controller.UserController.logins(javax.servlet.http.HttpServletRequest)
2020-03-05 20:27:44 -Mapped "{[/user/addUser]}" onto public com.tenement.domain.common.Response com.tenement.api.controller.UserController.addUser(com.tenement.domain.dto.UserLogin) throws com.tenement.domain.common.BusinessException
2020-03-05 20:27:44 -Mapped "{[/error]}" onto public org.springframework.http.ResponseEntity<java.util.Map<java.lang.String, java.lang.Object>> org.springframework.boot.autoconfigure.web.servlet.error.BasicErrorController.error(javax.servlet.http.HttpServletRequest)
2020-03-05 20:27:44 -Mapped "{[/error],produces=[text/html]}" onto public org.springframework.web.servlet.ModelAndView org.springframework.boot.autoconfigure.web.servlet.error.BasicErrorController.errorHtml(javax.servlet.http.HttpServletRequest,javax.servlet.http.HttpServletResponse)
2020-03-05 20:27:44 -Mapped URL path [/webjars/**] onto handler of type [class org.springframework.web.servlet.resource.ResourceHttpRequestHandler]
2020-03-05 20:27:44 -Mapped URL path [/**] onto handler of type [class org.springframework.web.servlet.resource.ResourceHttpRequestHandler]
2020-03-05 20:27:44 -Detected @ExceptionHandler methods in bussinessExceptionHandler
2020-03-05 20:27:44 -Adding welcome page template: index
2020-03-05 20:27:44 -Registering beans for JMX exposure on startup
2020-03-05 20:27:44 -Bean with name 'dataSource' has been autodetected for JMX exposure
2020-03-05 20:27:44 -Located MBean 'dataSource': registering with JMX server as MBean [com.zaxxer.hikari:name=dataSource,type=HikariDataSource]
2020-03-05 20:27:44 -Starting ProtocolHandler ["http-nio-8080"]
2020-03-05 20:27:44 -Failed to start connector [Connector[HTTP/1.1-8080]]
org.apache.catalina.LifecycleException: Failed to start component [Connector[HTTP/1.1-8080]]
	at org.apache.catalina.util.LifecycleBase.start(LifecycleBase.java:167)
	at org.apache.catalina.core.StandardService.addConnector(StandardService.java:225)
	at org.springframework.boot.web.embedded.tomcat.TomcatWebServer.addPreviouslyRemovedConnectors(TomcatWebServer.java:256)
	at org.springframework.boot.web.embedded.tomcat.TomcatWebServer.start(TomcatWebServer.java:198)
	at org.springframework.boot.web.servlet.context.ServletWebServerApplicationContext.startWebServer(ServletWebServerApplicationContext.java:300)
	at org.springframework.boot.web.servlet.context.ServletWebServerApplicationContext.finishRefresh(ServletWebServerApplicationContext.java:162)
	at org.springframework.context.support.AbstractApplicationContext.refresh(AbstractApplicationContext.java:553)
	at org.springframework.boot.web.servlet.context.ServletWebServerApplicationContext.refresh(ServletWebServerApplicationContext.java:140)
	at org.springframework.boot.SpringApplication.refresh(SpringApplication.java:780)
	at org.springframework.boot.SpringApplication.refreshContext(SpringApplication.java:412)
	at org.springframework.boot.SpringApplication.run(SpringApplication.java:333)
	at org.springframework.boot.SpringApplication.run(SpringApplication.java:1277)
	at org.springframework.boot.SpringApplication.run(SpringApplication.java:1265)
	at com.tenement.api.WebApplication.main(WebApplication.java:17)
Caused by: org.apache.catalina.LifecycleException: Protocol handler start failed
	at org.apache.catalina.connector.Connector.startInternal(Connector.java:1020)
	at org.apache.catalina.util.LifecycleBase.start(LifecycleBase.java:150)
	... 13 common frames omitted
Caused by: java.net.BindException: Address already in use
	at sun.nio.ch.Net.bind0(Native Method)
	at sun.nio.ch.Net.bind(Net.java:433)
	at sun.nio.ch.Net.bind(Net.java:425)
	at sun.nio.ch.ServerSocketChannelImpl.bind(ServerSocketChannelImpl.java:223)
	at sun.nio.ch.ServerSocketAdaptor.bind(ServerSocketAdaptor.java:74)
	at org.apache.tomcat.util.net.NioEndpoint.bind(NioEndpoint.java:219)
	at org.apache.tomcat.util.net.AbstractEndpoint.start(AbstractEndpoint.java:1151)
	at org.apache.coyote.AbstractProtocol.start(AbstractProtocol.java:591)
	at org.apache.catalina.connector.Connector.startInternal(Connector.java:1018)
	... 14 common frames omitted
2020-03-05 20:27:44 -Pausing ProtocolHandler ["http-nio-8080"]
2020-03-05 20:27:44 -Stopping service [Tomcat]
2020-03-05 20:27:45 -The stop() method was called on component [StandardServer[-1]] after stop() had already been called. The second call will be ignored.
2020-03-05 20:27:45 -Stopping ProtocolHandler ["http-nio-8080"]
2020-03-05 20:27:45 -Destroying ProtocolHandler ["http-nio-8080"]
2020-03-05 20:27:45 -

Error starting ApplicationContext. To display the conditions report re-run your application with 'debug' enabled.
2020-03-05 20:27:45 -

***************************
APPLICATION FAILED TO START
***************************

Description:

The Tomcat connector configured to listen on port 8080 failed to start. The port may already be in use or the connector may be misconfigured.

Action:

Verify the connector's configuration, identify and stop any process that's listening on port 8080, or configure this application to listen on another port.

2020-03-05 20:27:45 -Closing org.springframework.boot.web.servlet.context.AnnotationConfigServletWebServerApplicationContext@6eb2384f: startup date [Thu Mar 05 20:27:42 CST 2020]; root of context hierarchy
2020-03-05 20:27:45 -Unregistering JMX-exposed beans on shutdown
2020-03-05 20:27:45 -Unregistering JMX-exposed beans
2020-03-05 20:29:51 -Loaded expression factory via original TCCL
2020-03-05 20:29:51 -Starting WebApplication on xuzhoudeMacBook-Pro.local with PID 26150 (/Users/xuzhou/IdeaProjects/tenement/tenement-api/target/classes started by xuzhou in /Users/xuzhou/IdeaProjects/tenement)
2020-03-05 20:29:51 -No active profile set, falling back to default profiles: default
2020-03-05 20:29:51 -Refreshing org.springframework.boot.web.servlet.context.AnnotationConfigServletWebServerApplicationContext@a87f8ec: startup date [Thu Mar 05 20:29:51 CST 2020]; root of context hierarchy
2020-03-05 20:29:52 -Tomcat initialized with port(s): 8000 (http)
2020-03-05 20:29:52 -Initializing ProtocolHandler ["http-nio-8000"]
2020-03-05 20:29:52 -Starting service [Tomcat]
2020-03-05 20:29:52 -Starting Servlet Engine: Apache Tomcat/8.5.34
2020-03-05 20:29:52 -The APR based Apache Tomcat Native library which allows optimal performance in production environments was not found on the java.library.path: [/Users/xuzhou/Library/Java/Extensions:/Library/Java/Extensions:/Network/Library/Java/Extensions:/System/Library/Java/Extensions:/usr/lib/java:.]
2020-03-05 20:29:52 -Initializing Spring embedded WebApplicationContext
2020-03-05 20:29:52 -Root WebApplicationContext: initialization completed in 1084 ms
2020-03-05 20:29:52 -Servlet dispatcherServlet mapped to [/]
2020-03-05 20:29:52 -Mapping filter: 'characterEncodingFilter' to: [/*]
2020-03-05 20:29:52 -Mapping filter: 'hiddenHttpMethodFilter' to: [/*]
2020-03-05 20:29:52 -Mapping filter: 'httpPutFormContentFilter' to: [/*]
2020-03-05 20:29:52 -Mapping filter: 'requestContextFilter' to: [/*]
2020-03-05 20:29:53 -Mapped URL path [/**/favicon.ico] onto handler of type [class org.springframework.web.servlet.resource.ResourceHttpRequestHandler]
2020-03-05 20:29:53 -Looking for @ControllerAdvice: org.springframework.boot.web.servlet.context.AnnotationConfigServletWebServerApplicationContext@a87f8ec: startup date [Thu Mar 05 20:29:51 CST 2020]; root of context hierarchy
2020-03-05 20:29:53 -Mapped "{[/broker/addBroker]}" onto public com.tenement.domain.common.Response com.tenement.api.controller.BrokerController.addBroker(com.tenement.domain.dto.BrokerReq)
2020-03-05 20:29:53 -Mapped "{[/broker/listBroker]}" onto public com.tenement.domain.common.Response<java.util.List<com.tenement.domain.po.Broker>> com.tenement.api.controller.BrokerController.listBroker(com.tenement.domain.dto.BrokerExmple)
2020-03-05 20:29:53 -Mapped "{[/room/index]}" onto public java.lang.String com.tenement.api.controller.RoomController.index() throws java.lang.RuntimeException
2020-03-05 20:29:53 -Mapped "{[/room/listRoom]}" onto public com.tenement.domain.common.Response<com.github.pagehelper.PageInfo<com.tenement.domain.vo.RoomDetailsInfo>> com.tenement.api.controller.RoomController.listRoom(com.tenement.domain.dto.ListRoomDetailsReq)
2020-03-05 20:29:53 -Mapped "{[/room/addRoomDetails]}" onto public com.tenement.domain.common.Response com.tenement.api.controller.RoomController.addRoom(com.tenement.domain.dto.RoomDetailsReq) throws com.tenement.domain.common.BusinessException
2020-03-05 20:29:53 -Mapped "{[/room/getRoomBasicsType]}" onto public com.tenement.domain.common.Response<com.tenement.domain.dto.RoomBasicsTypeResp> com.tenement.api.controller.RoomController.getRoomBasicsType() throws com.tenement.domain.common.BusinessException
2020-03-05 20:29:53 -Mapped "{[/room/getRoomDetails]}" onto public com.tenement.domain.common.Response<com.tenement.domain.dto.GetRoomDetailsResp> com.tenement.api.controller.RoomController.getRoomDetails(com.tenement.domain.dto.GetRoomDetailsReq) throws com.tenement.domain.common.BusinessException
2020-03-05 20:29:53 -Mapped "{[/room/listGrabbleRoom]}" onto public com.tenement.domain.common.Response<com.github.pagehelper.PageInfo<com.tenement.domain.vo.RoomDetailsInfo>> com.tenement.api.controller.RoomController.listGrabbleRoom(com.tenement.domain.dto.ListGrabbleRoomReq)
2020-03-05 20:29:53 -Mapped "{[/room/listRoomTenementType]}" onto public com.tenement.domain.common.Response<java.util.List<com.tenement.domain.po.RoomTenementType>> com.tenement.api.controller.RoomController.listRoomTenementType(com.tenement.domain.dto.ListRoomTenementTypeReq) throws com.tenement.domain.common.BusinessException
2020-03-05 20:29:53 -Mapped "{[/room/lisDistrict]}" onto public com.tenement.domain.common.Response<java.util.List<com.tenement.domain.po.District>> com.tenement.api.controller.RoomController.lisDistrict(com.tenement.domain.dto.LisDistrictReq) throws com.tenement.domain.common.BusinessException
2020-03-05 20:29:53 -Mapped "{[/room/uploadFile]}" onto public com.tenement.domain.common.Response<com.tenement.domain.dto.UploadFileResp> com.tenement.api.controller.RoomController.uploadFile(org.springframework.web.multipart.MultipartFile) throws com.tenement.domain.common.BusinessException
2020-03-05 20:29:53 -Mapped "{[/user/login]}" onto public com.tenement.domain.common.Response com.tenement.api.controller.UserController.login(com.tenement.domain.dto.UserLogin,javax.servlet.http.HttpServletRequest) throws com.tenement.domain.common.BusinessException
2020-03-05 20:29:53 -Mapped "{[/user/listMenu]}" onto public com.tenement.domain.common.Response<java.util.List<com.tenement.domain.po.SysMenu>> com.tenement.api.controller.UserController.getMenu(javax.servlet.http.HttpServletRequest) throws com.tenement.domain.common.BusinessException
2020-03-05 20:29:53 -Mapped "{[/user/logins]}" onto public com.tenement.domain.common.Response com.tenement.api.controller.UserController.logins(javax.servlet.http.HttpServletRequest)
2020-03-05 20:29:53 -Mapped "{[/user/addUser]}" onto public com.tenement.domain.common.Response com.tenement.api.controller.UserController.addUser(com.tenement.domain.dto.UserLogin) throws com.tenement.domain.common.BusinessException
2020-03-05 20:29:53 -Mapped "{[/error]}" onto public org.springframework.http.ResponseEntity<java.util.Map<java.lang.String, java.lang.Object>> org.springframework.boot.autoconfigure.web.servlet.error.BasicErrorController.error(javax.servlet.http.HttpServletRequest)
2020-03-05 20:29:53 -Mapped "{[/error],produces=[text/html]}" onto public org.springframework.web.servlet.ModelAndView org.springframework.boot.autoconfigure.web.servlet.error.BasicErrorController.errorHtml(javax.servlet.http.HttpServletRequest,javax.servlet.http.HttpServletResponse)
2020-03-05 20:29:53 -Mapped URL path [/webjars/**] onto handler of type [class org.springframework.web.servlet.resource.ResourceHttpRequestHandler]
2020-03-05 20:29:53 -Mapped URL path [/**] onto handler of type [class org.springframework.web.servlet.resource.ResourceHttpRequestHandler]
2020-03-05 20:29:53 -Detected @ExceptionHandler methods in bussinessExceptionHandler
2020-03-05 20:29:53 -Adding welcome page template: index
2020-03-05 20:29:53 -Registering beans for JMX exposure on startup
2020-03-05 20:29:53 -Bean with name 'dataSource' has been autodetected for JMX exposure
2020-03-05 20:29:53 -Located MBean 'dataSource': registering with JMX server as MBean [com.zaxxer.hikari:name=dataSource,type=HikariDataSource]
2020-03-05 20:29:53 -Starting ProtocolHandler ["http-nio-8000"]
2020-03-05 20:29:53 -Using a shared selector for servlet write/read
2020-03-05 20:29:53 -Tomcat started on port(s): 8000 (http) with context path ''
2020-03-05 20:29:53 -Started WebApplication in 2.573 seconds (JVM running for 3.076)
2020-03-05 20:32:45 -Initializing Spring FrameworkServlet 'dispatcherServlet'
2020-03-05 20:32:45 -FrameworkServlet 'dispatcherServlet': initialization started
2020-03-05 20:32:45 -FrameworkServlet 'dispatcherServlet': initialization completed in 15 ms
2020-03-05 20:36:38 -HikariPool-1 - Starting...
2020-03-05 20:36:48 -HikariPool-1 - Start completed.
2020-03-05 20:36:48 -==>  Preparing: select A.id, A.password, A.phone, A.true_name as trueName, A.user_name as userName, A.create_time as createTime, B.role_id as roleId from sys_user A inner join sys_user_role B on A.id=B.user_id where user_name = ? 
2020-03-05 20:36:48 -==> Parameters: weqre(String)
2020-03-05 20:36:49 -<==      Total: 0
2020-03-05 20:38:34 -==>  Preparing: select A.id, A.password, A.phone, A.true_name as trueName, A.user_name as userName, A.create_time as createTime, B.role_id as roleId from sys_user A inner join sys_user_role B on A.id=B.user_id where user_name = ? 
2020-03-05 20:38:34 -==> Parameters: weqre(String)
2020-03-05 20:38:35 -<==      Total: 0
2020-03-05 20:39:09 -HikariPool-1 - Thread starvation or clock leap detected (housekeeper delta=51s39ms).
2020-03-05 20:40:50 -Closing org.springframework.boot.web.servlet.context.AnnotationConfigServletWebServerApplicationContext@a87f8ec: startup date [Thu Mar 05 20:29:51 CST 2020]; root of context hierarchy
2020-03-05 20:40:50 -Unregistering JMX-exposed beans on shutdown
2020-03-05 20:40:50 -Unregistering JMX-exposed beans
2020-03-05 20:40:50 -HikariPool-1 - Shutdown initiated...
2020-03-05 20:40:50 -HikariPool-1 - Shutdown completed.
2020-03-05 21:07:52 -Starting WebApplication on xuzhoudeMacBook-Pro.local with PID 28608 (/Users/xuzhou/IdeaProjects/tenement/tenement-api/target/classes started by xuzhou in /Users/xuzhou/IdeaProjects/tenement)
2020-03-05 21:07:52 -No active profile set, falling back to default profiles: default
2020-03-05 21:07:52 -Refreshing org.springframework.boot.web.servlet.context.AnnotationConfigServletWebServerApplicationContext@19b93fa8: startup date [Thu Mar 05 21:07:52 CST 2020]; root of context hierarchy
2020-03-05 21:07:54 -Tomcat initialized with port(s): 8000 (http)
2020-03-05 21:07:54 -Initializing ProtocolHandler ["http-nio-8000"]
2020-03-05 21:07:54 -Starting service [Tomcat]
2020-03-05 21:07:54 -Starting Servlet Engine: Apache Tomcat/8.5.34
2020-03-05 21:07:54 -The APR based Apache Tomcat Native library which allows optimal performance in production environments was not found on the java.library.path: [/Users/xuzhou/Library/Java/Extensions:/Library/Java/Extensions:/Network/Library/Java/Extensions:/System/Library/Java/Extensions:/usr/lib/java:.]
2020-03-05 21:07:54 -Initializing Spring embedded WebApplicationContext
2020-03-05 21:07:54 -Root WebApplicationContext: initialization completed in 1438 ms
2020-03-05 21:07:54 -Servlet dispatcherServlet mapped to [/]
2020-03-05 21:07:54 -Mapping filter: 'characterEncodingFilter' to: [/*]
2020-03-05 21:07:54 -Mapping filter: 'hiddenHttpMethodFilter' to: [/*]
2020-03-05 21:07:54 -Mapping filter: 'httpPutFormContentFilter' to: [/*]
2020-03-05 21:07:54 -Mapping filter: 'requestContextFilter' to: [/*]
2020-03-05 21:07:54 -Exception encountered during context initialization - cancelling refresh attempt: org.springframework.beans.factory.UnsatisfiedDependencyException: Error creating bean with name 'brokerController': Unsatisfied dependency expressed through field 'brokerService'; nested exception is org.springframework.beans.factory.UnsatisfiedDependencyException: Error creating bean with name 'brokerServiceimpl': Unsatisfied dependency expressed through field 'brokerMapper'; nested exception is org.springframework.beans.factory.UnsatisfiedDependencyException: Error creating bean with name 'brokerMapper' defined in file [/Users/xuzhou/IdeaProjects/tenement/tenement-dao/target/classes/com/tenement/dao/mapper/BrokerMapper.class]: Unsatisfied dependency expressed through bean property 'sqlSessionFactory'; nested exception is org.springframework.beans.factory.BeanCreationException: Error creating bean with name 'sqlSessionFactory' defined in class path resource [org/mybatis/spring/boot/autoconfigure/MybatisAutoConfiguration.class]: Bean instantiation via factory method failed; nested exception is org.springframework.beans.BeanInstantiationException: Failed to instantiate [org.apache.ibatis.session.SqlSessionFactory]: Factory method 'sqlSessionFactory' threw exception; nested exception is org.springframework.core.NestedIOException: Failed to parse mapping resource: 'file [/Users/xuzhou/IdeaProjects/tenement/tenement-dao/target/classes/mybatis/BrokerMapper.xml]'; nested exception is org.apache.ibatis.builder.BuilderException: Error parsing Mapper XML. Cause: java.lang.IllegalArgumentException: Result Maps collection already contains value for com.tenement.dao.mapper.BrokerMapper.BaseResultMap
2020-03-05 21:07:54 -Stopping service [Tomcat]
2020-03-05 21:07:54 -

Error starting ApplicationContext. To display the conditions report re-run your application with 'debug' enabled.
2020-03-05 21:07:54 -Application run failed
org.springframework.beans.factory.UnsatisfiedDependencyException: Error creating bean with name 'brokerController': Unsatisfied dependency expressed through field 'brokerService'; nested exception is org.springframework.beans.factory.UnsatisfiedDependencyException: Error creating bean with name 'brokerServiceimpl': Unsatisfied dependency expressed through field 'brokerMapper'; nested exception is org.springframework.beans.factory.UnsatisfiedDependencyException: Error creating bean with name 'brokerMapper' defined in file [/Users/xuzhou/IdeaProjects/tenement/tenement-dao/target/classes/com/tenement/dao/mapper/BrokerMapper.class]: Unsatisfied dependency expressed through bean property 'sqlSessionFactory'; nested exception is org.springframework.beans.factory.BeanCreationException: Error creating bean with name 'sqlSessionFactory' defined in class path resource [org/mybatis/spring/boot/autoconfigure/MybatisAutoConfiguration.class]: Bean instantiation via factory method failed; nested exception is org.springframework.beans.BeanInstantiationException: Failed to instantiate [org.apache.ibatis.session.SqlSessionFactory]: Factory method 'sqlSessionFactory' threw exception; nested exception is org.springframework.core.NestedIOException: Failed to parse mapping resource: 'file [/Users/xuzhou/IdeaProjects/tenement/tenement-dao/target/classes/mybatis/BrokerMapper.xml]'; nested exception is org.apache.ibatis.builder.BuilderException: Error parsing Mapper XML. Cause: java.lang.IllegalArgumentException: Result Maps collection already contains value for com.tenement.dao.mapper.BrokerMapper.BaseResultMap
	at org.springframework.beans.factory.annotation.AutowiredAnnotationBeanPostProcessor$AutowiredFieldElement.inject(AutowiredAnnotationBeanPostProcessor.java:586)
	at org.springframework.beans.factory.annotation.InjectionMetadata.inject(InjectionMetadata.java:90)
	at org.springframework.beans.factory.annotation.AutowiredAnnotationBeanPostProcessor.postProcessPropertyValues(AutowiredAnnotationBeanPostProcessor.java:372)
	at org.springframework.beans.factory.support.AbstractAutowireCapableBeanFactory.populateBean(AbstractAutowireCapableBeanFactory.java:1341)
	at org.springframework.beans.factory.support.AbstractAutowireCapableBeanFactory.doCreateBean(AbstractAutowireCapableBeanFactory.java:572)
	at org.springframework.beans.factory.support.AbstractAutowireCapableBeanFactory.createBean(AbstractAutowireCapableBeanFactory.java:495)
	at org.springframework.beans.factory.support.AbstractBeanFactory.lambda$doGetBean$0(AbstractBeanFactory.java:317)
	at org.springframework.beans.factory.support.DefaultSingletonBeanRegistry.getSingleton(DefaultSingletonBeanRegistry.java:222)
	at org.springframework.beans.factory.support.AbstractBeanFactory.doGetBean(AbstractBeanFactory.java:315)
	at org.springframework.beans.factory.support.AbstractBeanFactory.getBean(AbstractBeanFactory.java:199)
	at org.springframework.beans.factory.support.DefaultListableBeanFactory.preInstantiateSingletons(DefaultListableBeanFactory.java:759)
	at org.springframework.context.support.AbstractApplicationContext.finishBeanFactoryInitialization(AbstractApplicationContext.java:869)
	at org.springframework.context.support.AbstractApplicationContext.refresh(AbstractApplicationContext.java:550)
	at org.springframework.boot.web.servlet.context.ServletWebServerApplicationContext.refresh(ServletWebServerApplicationContext.java:140)
	at org.springframework.boot.SpringApplication.refresh(SpringApplication.java:780)
	at org.springframework.boot.SpringApplication.refreshContext(SpringApplication.java:412)
	at org.springframework.boot.SpringApplication.run(SpringApplication.java:333)
	at org.springframework.boot.SpringApplication.run(SpringApplication.java:1277)
	at org.springframework.boot.SpringApplication.run(SpringApplication.java:1265)
	at com.tenement.api.WebApplication.main(WebApplication.java:17)
Caused by: org.springframework.beans.factory.UnsatisfiedDependencyException: Error creating bean with name 'brokerServiceimpl': Unsatisfied dependency expressed through field 'brokerMapper'; nested exception is org.springframework.beans.factory.UnsatisfiedDependencyException: Error creating bean with name 'brokerMapper' defined in file [/Users/xuzhou/IdeaProjects/tenement/tenement-dao/target/classes/com/tenement/dao/mapper/BrokerMapper.class]: Unsatisfied dependency expressed through bean property 'sqlSessionFactory'; nested exception is org.springframework.beans.factory.BeanCreationException: Error creating bean with name 'sqlSessionFactory' defined in class path resource [org/mybatis/spring/boot/autoconfigure/MybatisAutoConfiguration.class]: Bean instantiation via factory method failed; nested exception is org.springframework.beans.BeanInstantiationException: Failed to instantiate [org.apache.ibatis.session.SqlSessionFactory]: Factory method 'sqlSessionFactory' threw exception; nested exception is org.springframework.core.NestedIOException: Failed to parse mapping resource: 'file [/Users/xuzhou/IdeaProjects/tenement/tenement-dao/target/classes/mybatis/BrokerMapper.xml]'; nested exception is org.apache.ibatis.builder.BuilderException: Error parsing Mapper XML. Cause: java.lang.IllegalArgumentException: Result Maps collection already contains value for com.tenement.dao.mapper.BrokerMapper.BaseResultMap
	at org.springframework.beans.factory.annotation.AutowiredAnnotationBeanPostProcessor$AutowiredFieldElement.inject(AutowiredAnnotationBeanPostProcessor.java:586)
	at org.springframework.beans.factory.annotation.InjectionMetadata.inject(InjectionMetadata.java:90)
	at org.springframework.beans.factory.annotation.AutowiredAnnotationBeanPostProcessor.postProcessPropertyValues(AutowiredAnnotationBeanPostProcessor.java:372)
	at org.springframework.beans.factory.support.AbstractAutowireCapableBeanFactory.populateBean(AbstractAutowireCapableBeanFactory.java:1341)
	at org.springframework.beans.factory.support.AbstractAutowireCapableBeanFactory.doCreateBean(AbstractAutowireCapableBeanFactory.java:572)
	at org.springframework.beans.factory.support.AbstractAutowireCapableBeanFactory.createBean(AbstractAutowireCapableBeanFactory.java:495)
	at org.springframework.beans.factory.support.AbstractBeanFactory.lambda$doGetBean$0(AbstractBeanFactory.java:317)
	at org.springframework.beans.factory.support.DefaultSingletonBeanRegistry.getSingleton(DefaultSingletonBeanRegistry.java:222)
	at org.springframework.beans.factory.support.AbstractBeanFactory.doGetBean(AbstractBeanFactory.java:315)
	at org.springframework.beans.factory.support.AbstractBeanFactory.getBean(AbstractBeanFactory.java:199)
	at org.springframework.beans.factory.config.DependencyDescriptor.resolveCandidate(DependencyDescriptor.java:251)
	at org.springframework.beans.factory.support.DefaultListableBeanFactory.doResolveDependency(DefaultListableBeanFactory.java:1135)
	at org.springframework.beans.factory.support.DefaultListableBeanFactory.resolveDependency(DefaultListableBeanFactory.java:1062)
	at org.springframework.beans.factory.annotation.AutowiredAnnotationBeanPostProcessor$AutowiredFieldElement.inject(AutowiredAnnotationBeanPostProcessor.java:583)
	... 19 common frames omitted
Caused by: org.springframework.beans.factory.UnsatisfiedDependencyException: Error creating bean with name 'brokerMapper' defined in file [/Users/xuzhou/IdeaProjects/tenement/tenement-dao/target/classes/com/tenement/dao/mapper/BrokerMapper.class]: Unsatisfied dependency expressed through bean property 'sqlSessionFactory'; nested exception is org.springframework.beans.factory.BeanCreationException: Error creating bean with name 'sqlSessionFactory' defined in class path resource [org/mybatis/spring/boot/autoconfigure/MybatisAutoConfiguration.class]: Bean instantiation via factory method failed; nested exception is org.springframework.beans.BeanInstantiationException: Failed to instantiate [org.apache.ibatis.session.SqlSessionFactory]: Factory method 'sqlSessionFactory' threw exception; nested exception is org.springframework.core.NestedIOException: Failed to parse mapping resource: 'file [/Users/xuzhou/IdeaProjects/tenement/tenement-dao/target/classes/mybatis/BrokerMapper.xml]'; nested exception is org.apache.ibatis.builder.BuilderException: Error parsing Mapper XML. Cause: java.lang.IllegalArgumentException: Result Maps collection already contains value for com.tenement.dao.mapper.BrokerMapper.BaseResultMap
	at org.springframework.beans.factory.support.AbstractAutowireCapableBeanFactory.autowireByType(AbstractAutowireCapableBeanFactory.java:1436)
	at org.springframework.beans.factory.support.AbstractAutowireCapableBeanFactory.populateBean(AbstractAutowireCapableBeanFactory.java:1323)
	at org.springframework.beans.factory.support.AbstractAutowireCapableBeanFactory.doCreateBean(AbstractAutowireCapableBeanFactory.java:572)
	at org.springframework.beans.factory.support.AbstractAutowireCapableBeanFactory.createBean(AbstractAutowireCapableBeanFactory.java:495)
	at org.springframework.beans.factory.support.AbstractBeanFactory.lambda$doGetBean$0(AbstractBeanFactory.java:317)
	at org.springframework.beans.factory.support.DefaultSingletonBeanRegistry.getSingleton(DefaultSingletonBeanRegistry.java:222)
	at org.springframework.beans.factory.support.AbstractBeanFactory.doGetBean(AbstractBeanFactory.java:315)
	at org.springframework.beans.factory.support.AbstractBeanFactory.getBean(AbstractBeanFactory.java:199)
	at org.springframework.beans.factory.config.DependencyDescriptor.resolveCandidate(DependencyDescriptor.java:251)
	at org.springframework.beans.factory.support.DefaultListableBeanFactory.doResolveDependency(DefaultListableBeanFactory.java:1135)
	at org.springframework.beans.factory.support.DefaultListableBeanFactory.resolveDependency(DefaultListableBeanFactory.java:1062)
	at org.springframework.beans.factory.annotation.AutowiredAnnotationBeanPostProcessor$AutowiredFieldElement.inject(AutowiredAnnotationBeanPostProcessor.java:583)
	... 32 common frames omitted
Caused by: org.springframework.beans.factory.BeanCreationException: Error creating bean with name 'sqlSessionFactory' defined in class path resource [org/mybatis/spring/boot/autoconfigure/MybatisAutoConfiguration.class]: Bean instantiation via factory method failed; nested exception is org.springframework.beans.BeanInstantiationException: Failed to instantiate [org.apache.ibatis.session.SqlSessionFactory]: Factory method 'sqlSessionFactory' threw exception; nested exception is org.springframework.core.NestedIOException: Failed to parse mapping resource: 'file [/Users/xuzhou/IdeaProjects/tenement/tenement-dao/target/classes/mybatis/BrokerMapper.xml]'; nested exception is org.apache.ibatis.builder.BuilderException: Error parsing Mapper XML. Cause: java.lang.IllegalArgumentException: Result Maps collection already contains value for com.tenement.dao.mapper.BrokerMapper.BaseResultMap
	at org.springframework.beans.factory.support.ConstructorResolver.instantiateUsingFactoryMethod(ConstructorResolver.java:590)
	at org.springframework.beans.factory.support.AbstractAutowireCapableBeanFactory.instantiateUsingFactoryMethod(AbstractAutowireCapableBeanFactory.java:1247)
	at org.springframework.beans.factory.support.AbstractAutowireCapableBeanFactory.createBeanInstance(AbstractAutowireCapableBeanFactory.java:1096)
	at org.springframework.beans.factory.support.AbstractAutowireCapableBeanFactory.doCreateBean(AbstractAutowireCapableBeanFactory.java:535)
	at org.springframework.beans.factory.support.AbstractAutowireCapableBeanFactory.createBean(AbstractAutowireCapableBeanFactory.java:495)
	at org.springframework.beans.factory.support.AbstractBeanFactory.lambda$doGetBean$0(AbstractBeanFactory.java:317)
	at org.springframework.beans.factory.support.DefaultSingletonBeanRegistry.getSingleton(DefaultSingletonBeanRegistry.java:222)
	at org.springframework.beans.factory.support.AbstractBeanFactory.doGetBean(AbstractBeanFactory.java:315)
	at org.springframework.beans.factory.support.AbstractBeanFactory.getBean(AbstractBeanFactory.java:199)
	at org.springframework.beans.factory.config.DependencyDescriptor.resolveCandidate(DependencyDescriptor.java:251)
	at org.springframework.beans.factory.support.DefaultListableBeanFactory.doResolveDependency(DefaultListableBeanFactory.java:1135)
	at org.springframework.beans.factory.support.DefaultListableBeanFactory.resolveDependency(DefaultListableBeanFactory.java:1062)
	at org.springframework.beans.factory.support.AbstractAutowireCapableBeanFactory.autowireByType(AbstractAutowireCapableBeanFactory.java:1421)
	... 43 common frames omitted
Caused by: org.springframework.beans.BeanInstantiationException: Failed to instantiate [org.apache.ibatis.session.SqlSessionFactory]: Factory method 'sqlSessionFactory' threw exception; nested exception is org.springframework.core.NestedIOException: Failed to parse mapping resource: 'file [/Users/xuzhou/IdeaProjects/tenement/tenement-dao/target/classes/mybatis/BrokerMapper.xml]'; nested exception is org.apache.ibatis.builder.BuilderException: Error parsing Mapper XML. Cause: java.lang.IllegalArgumentException: Result Maps collection already contains value for com.tenement.dao.mapper.BrokerMapper.BaseResultMap
	at org.springframework.beans.factory.support.SimpleInstantiationStrategy.instantiate(SimpleInstantiationStrategy.java:185)
	at org.springframework.beans.factory.support.ConstructorResolver.instantiateUsingFactoryMethod(ConstructorResolver.java:582)
	... 55 common frames omitted
Caused by: org.springframework.core.NestedIOException: Failed to parse mapping resource: 'file [/Users/xuzhou/IdeaProjects/tenement/tenement-dao/target/classes/mybatis/BrokerMapper.xml]'; nested exception is org.apache.ibatis.builder.BuilderException: Error parsing Mapper XML. Cause: java.lang.IllegalArgumentException: Result Maps collection already contains value for com.tenement.dao.mapper.BrokerMapper.BaseResultMap
	at org.mybatis.spring.SqlSessionFactoryBean.buildSqlSessionFactory(SqlSessionFactoryBean.java:523)
	at org.mybatis.spring.SqlSessionFactoryBean.afterPropertiesSet(SqlSessionFactoryBean.java:380)
	at org.mybatis.spring.SqlSessionFactoryBean.getObject(SqlSessionFactoryBean.java:547)
	at org.mybatis.spring.boot.autoconfigure.MybatisAutoConfiguration.sqlSessionFactory(MybatisAutoConfiguration.java:153)
	at org.mybatis.spring.boot.autoconfigure.MybatisAutoConfiguration$$EnhancerBySpringCGLIB$$1be32b04.CGLIB$sqlSessionFactory$0(<generated>)
	at org.mybatis.spring.boot.autoconfigure.MybatisAutoConfiguration$$EnhancerBySpringCGLIB$$1be32b04$$FastClassBySpringCGLIB$$a067d1a1.invoke(<generated>)
	at org.springframework.cglib.proxy.MethodProxy.invokeSuper(MethodProxy.java:228)
	at org.springframework.context.annotation.ConfigurationClassEnhancer$BeanMethodInterceptor.intercept(ConfigurationClassEnhancer.java:365)
	at org.mybatis.spring.boot.autoconfigure.MybatisAutoConfiguration$$EnhancerBySpringCGLIB$$1be32b04.sqlSessionFactory(<generated>)
	at sun.reflect.NativeMethodAccessorImpl.invoke0(Native Method)
	at sun.reflect.NativeMethodAccessorImpl.invoke(NativeMethodAccessorImpl.java:62)
	at sun.reflect.DelegatingMethodAccessorImpl.invoke(DelegatingMethodAccessorImpl.java:43)
	at java.lang.reflect.Method.invoke(Method.java:498)
	at org.springframework.beans.factory.support.SimpleInstantiationStrategy.instantiate(SimpleInstantiationStrategy.java:154)
	... 56 common frames omitted
Caused by: org.apache.ibatis.builder.BuilderException: Error parsing Mapper XML. Cause: java.lang.IllegalArgumentException: Result Maps collection already contains value for com.tenement.dao.mapper.BrokerMapper.BaseResultMap
	at org.apache.ibatis.builder.xml.XMLMapperBuilder.configurationElement(XMLMapperBuilder.java:120)
	at org.apache.ibatis.builder.xml.XMLMapperBuilder.parse(XMLMapperBuilder.java:92)
	at org.mybatis.spring.SqlSessionFactoryBean.buildSqlSessionFactory(SqlSessionFactoryBean.java:521)
	... 69 common frames omitted
Caused by: java.lang.IllegalArgumentException: Result Maps collection already contains value for com.tenement.dao.mapper.BrokerMapper.BaseResultMap
	at org.apache.ibatis.session.Configuration$StrictMap.put(Configuration.java:859)
	at org.apache.ibatis.session.Configuration$StrictMap.put(Configuration.java:831)
	at org.apache.ibatis.session.Configuration.addResultMap(Configuration.java:613)
	at org.apache.ibatis.builder.MapperBuilderAssistant.addResultMap(MapperBuilderAssistant.java:214)
	at org.apache.ibatis.builder.ResultMapResolver.resolve(ResultMapResolver.java:47)
	at org.apache.ibatis.builder.xml.XMLMapperBuilder.resultMapElement(XMLMapperBuilder.java:285)
	at org.apache.ibatis.builder.xml.XMLMapperBuilder.resultMapElement(XMLMapperBuilder.java:252)
	at org.apache.ibatis.builder.xml.XMLMapperBuilder.resultMapElements(XMLMapperBuilder.java:244)
	at org.apache.ibatis.builder.xml.XMLMapperBuilder.configurationElement(XMLMapperBuilder.java:116)
	... 71 common frames omitted
2020-03-05 21:10:55 -Loaded expression factory via original TCCL
2020-03-05 21:10:55 -Starting WebApplication on xuzhoudeMacBook-Pro.local with PID 28837 (/Users/xuzhou/IdeaProjects/tenement/tenement-api/target/classes started by xuzhou in /Users/xuzhou/IdeaProjects/tenement)
2020-03-05 21:10:55 -No active profile set, falling back to default profiles: default
2020-03-05 21:10:55 -Refreshing org.springframework.boot.web.servlet.context.AnnotationConfigServletWebServerApplicationContext@27d4a09: startup date [Thu Mar 05 21:10:55 CST 2020]; root of context hierarchy
2020-03-05 21:10:56 -Tomcat initialized with port(s): 8000 (http)
2020-03-05 21:10:56 -Initializing ProtocolHandler ["http-nio-8000"]
2020-03-05 21:10:56 -Starting service [Tomcat]
2020-03-05 21:10:56 -Starting Servlet Engine: Apache Tomcat/8.5.34
2020-03-05 21:10:56 -The APR based Apache Tomcat Native library which allows optimal performance in production environments was not found on the java.library.path: [/Users/xuzhou/Library/Java/Extensions:/Library/Java/Extensions:/Network/Library/Java/Extensions:/System/Library/Java/Extensions:/usr/lib/java:.]
2020-03-05 21:10:56 -Initializing Spring embedded WebApplicationContext
2020-03-05 21:10:56 -Root WebApplicationContext: initialization completed in 1131 ms
2020-03-05 21:10:56 -Servlet dispatcherServlet mapped to [/]
2020-03-05 21:10:56 -Mapping filter: 'characterEncodingFilter' to: [/*]
2020-03-05 21:10:56 -Mapping filter: 'hiddenHttpMethodFilter' to: [/*]
2020-03-05 21:10:56 -Mapping filter: 'httpPutFormContentFilter' to: [/*]
2020-03-05 21:10:56 -Mapping filter: 'requestContextFilter' to: [/*]
2020-03-05 21:10:57 -Exception encountered during context initialization - cancelling refresh attempt: org.springframework.beans.factory.UnsatisfiedDependencyException: Error creating bean with name 'brokerController': Unsatisfied dependency expressed through field 'brokerService'; nested exception is org.springframework.beans.factory.UnsatisfiedDependencyException: Error creating bean with name 'brokerServiceimpl': Unsatisfied dependency expressed through field 'brokerMapper'; nested exception is org.springframework.beans.factory.UnsatisfiedDependencyException: Error creating bean with name 'brokerMapper' defined in file [/Users/xuzhou/IdeaProjects/tenement/tenement-dao/target/classes/com/tenement/dao/mapper/BrokerMapper.class]: Unsatisfied dependency expressed through bean property 'sqlSessionFactory'; nested exception is org.springframework.beans.factory.BeanCreationException: Error creating bean with name 'sqlSessionFactory' defined in class path resource [org/mybatis/spring/boot/autoconfigure/MybatisAutoConfiguration.class]: Bean instantiation via factory method failed; nested exception is org.springframework.beans.BeanInstantiationException: Failed to instantiate [org.apache.ibatis.session.SqlSessionFactory]: Factory method 'sqlSessionFactory' threw exception; nested exception is org.springframework.core.NestedIOException: Failed to parse mapping resource: 'file [/Users/xuzhou/IdeaProjects/tenement/tenement-dao/target/classes/mybatis/BrokerMapper.xml]'; nested exception is org.apache.ibatis.builder.BuilderException: Error parsing Mapper XML. Cause: java.lang.IllegalArgumentException: Result Maps collection already contains value for com.tenement.dao.mapper.BrokerMapper.BaseResultMap
2020-03-05 21:10:57 -Stopping service [Tomcat]
2020-03-05 21:10:57 -

Error starting ApplicationContext. To display the conditions report re-run your application with 'debug' enabled.
2020-03-05 21:10:57 -Application run failed
org.springframework.beans.factory.UnsatisfiedDependencyException: Error creating bean with name 'brokerController': Unsatisfied dependency expressed through field 'brokerService'; nested exception is org.springframework.beans.factory.UnsatisfiedDependencyException: Error creating bean with name 'brokerServiceimpl': Unsatisfied dependency expressed through field 'brokerMapper'; nested exception is org.springframework.beans.factory.UnsatisfiedDependencyException: Error creating bean with name 'brokerMapper' defined in file [/Users/xuzhou/IdeaProjects/tenement/tenement-dao/target/classes/com/tenement/dao/mapper/BrokerMapper.class]: Unsatisfied dependency expressed through bean property 'sqlSessionFactory'; nested exception is org.springframework.beans.factory.BeanCreationException: Error creating bean with name 'sqlSessionFactory' defined in class path resource [org/mybatis/spring/boot/autoconfigure/MybatisAutoConfiguration.class]: Bean instantiation via factory method failed; nested exception is org.springframework.beans.BeanInstantiationException: Failed to instantiate [org.apache.ibatis.session.SqlSessionFactory]: Factory method 'sqlSessionFactory' threw exception; nested exception is org.springframework.core.NestedIOException: Failed to parse mapping resource: 'file [/Users/xuzhou/IdeaProjects/tenement/tenement-dao/target/classes/mybatis/BrokerMapper.xml]'; nested exception is org.apache.ibatis.builder.BuilderException: Error parsing Mapper XML. Cause: java.lang.IllegalArgumentException: Result Maps collection already contains value for com.tenement.dao.mapper.BrokerMapper.BaseResultMap
	at org.springframework.beans.factory.annotation.AutowiredAnnotationBeanPostProcessor$AutowiredFieldElement.inject(AutowiredAnnotationBeanPostProcessor.java:586)
	at org.springframework.beans.factory.annotation.InjectionMetadata.inject(InjectionMetadata.java:90)
	at org.springframework.beans.factory.annotation.AutowiredAnnotationBeanPostProcessor.postProcessPropertyValues(AutowiredAnnotationBeanPostProcessor.java:372)
	at org.springframework.beans.factory.support.AbstractAutowireCapableBeanFactory.populateBean(AbstractAutowireCapableBeanFactory.java:1341)
	at org.springframework.beans.factory.support.AbstractAutowireCapableBeanFactory.doCreateBean(AbstractAutowireCapableBeanFactory.java:572)
	at org.springframework.beans.factory.support.AbstractAutowireCapableBeanFactory.createBean(AbstractAutowireCapableBeanFactory.java:495)
	at org.springframework.beans.factory.support.AbstractBeanFactory.lambda$doGetBean$0(AbstractBeanFactory.java:317)
	at org.springframework.beans.factory.support.DefaultSingletonBeanRegistry.getSingleton(DefaultSingletonBeanRegistry.java:222)
	at org.springframework.beans.factory.support.AbstractBeanFactory.doGetBean(AbstractBeanFactory.java:315)
	at org.springframework.beans.factory.support.AbstractBeanFactory.getBean(AbstractBeanFactory.java:199)
	at org.springframework.beans.factory.support.DefaultListableBeanFactory.preInstantiateSingletons(DefaultListableBeanFactory.java:759)
	at org.springframework.context.support.AbstractApplicationContext.finishBeanFactoryInitialization(AbstractApplicationContext.java:869)
	at org.springframework.context.support.AbstractApplicationContext.refresh(AbstractApplicationContext.java:550)
	at org.springframework.boot.web.servlet.context.ServletWebServerApplicationContext.refresh(ServletWebServerApplicationContext.java:140)
	at org.springframework.boot.SpringApplication.refresh(SpringApplication.java:780)
	at org.springframework.boot.SpringApplication.refreshContext(SpringApplication.java:412)
	at org.springframework.boot.SpringApplication.run(SpringApplication.java:333)
	at org.springframework.boot.SpringApplication.run(SpringApplication.java:1277)
	at org.springframework.boot.SpringApplication.run(SpringApplication.java:1265)
	at com.tenement.api.WebApplication.main(WebApplication.java:17)
Caused by: org.springframework.beans.factory.UnsatisfiedDependencyException: Error creating bean with name 'brokerServiceimpl': Unsatisfied dependency expressed through field 'brokerMapper'; nested exception is org.springframework.beans.factory.UnsatisfiedDependencyException: Error creating bean with name 'brokerMapper' defined in file [/Users/xuzhou/IdeaProjects/tenement/tenement-dao/target/classes/com/tenement/dao/mapper/BrokerMapper.class]: Unsatisfied dependency expressed through bean property 'sqlSessionFactory'; nested exception is org.springframework.beans.factory.BeanCreationException: Error creating bean with name 'sqlSessionFactory' defined in class path resource [org/mybatis/spring/boot/autoconfigure/MybatisAutoConfiguration.class]: Bean instantiation via factory method failed; nested exception is org.springframework.beans.BeanInstantiationException: Failed to instantiate [org.apache.ibatis.session.SqlSessionFactory]: Factory method 'sqlSessionFactory' threw exception; nested exception is org.springframework.core.NestedIOException: Failed to parse mapping resource: 'file [/Users/xuzhou/IdeaProjects/tenement/tenement-dao/target/classes/mybatis/BrokerMapper.xml]'; nested exception is org.apache.ibatis.builder.BuilderException: Error parsing Mapper XML. Cause: java.lang.IllegalArgumentException: Result Maps collection already contains value for com.tenement.dao.mapper.BrokerMapper.BaseResultMap
	at org.springframework.beans.factory.annotation.AutowiredAnnotationBeanPostProcessor$AutowiredFieldElement.inject(AutowiredAnnotationBeanPostProcessor.java:586)
	at org.springframework.beans.factory.annotation.InjectionMetadata.inject(InjectionMetadata.java:90)
	at org.springframework.beans.factory.annotation.AutowiredAnnotationBeanPostProcessor.postProcessPropertyValues(AutowiredAnnotationBeanPostProcessor.java:372)
	at org.springframework.beans.factory.support.AbstractAutowireCapableBeanFactory.populateBean(AbstractAutowireCapableBeanFactory.java:1341)
	at org.springframework.beans.factory.support.AbstractAutowireCapableBeanFactory.doCreateBean(AbstractAutowireCapableBeanFactory.java:572)
	at org.springframework.beans.factory.support.AbstractAutowireCapableBeanFactory.createBean(AbstractAutowireCapableBeanFactory.java:495)
	at org.springframework.beans.factory.support.AbstractBeanFactory.lambda$doGetBean$0(AbstractBeanFactory.java:317)
	at org.springframework.beans.factory.support.DefaultSingletonBeanRegistry.getSingleton(DefaultSingletonBeanRegistry.java:222)
	at org.springframework.beans.factory.support.AbstractBeanFactory.doGetBean(AbstractBeanFactory.java:315)
	at org.springframework.beans.factory.support.AbstractBeanFactory.getBean(AbstractBeanFactory.java:199)
	at org.springframework.beans.factory.config.DependencyDescriptor.resolveCandidate(DependencyDescriptor.java:251)
	at org.springframework.beans.factory.support.DefaultListableBeanFactory.doResolveDependency(DefaultListableBeanFactory.java:1135)
	at org.springframework.beans.factory.support.DefaultListableBeanFactory.resolveDependency(DefaultListableBeanFactory.java:1062)
	at org.springframework.beans.factory.annotation.AutowiredAnnotationBeanPostProcessor$AutowiredFieldElement.inject(AutowiredAnnotationBeanPostProcessor.java:583)
	... 19 common frames omitted
Caused by: org.springframework.beans.factory.UnsatisfiedDependencyException: Error creating bean with name 'brokerMapper' defined in file [/Users/xuzhou/IdeaProjects/tenement/tenement-dao/target/classes/com/tenement/dao/mapper/BrokerMapper.class]: Unsatisfied dependency expressed through bean property 'sqlSessionFactory'; nested exception is org.springframework.beans.factory.BeanCreationException: Error creating bean with name 'sqlSessionFactory' defined in class path resource [org/mybatis/spring/boot/autoconfigure/MybatisAutoConfiguration.class]: Bean instantiation via factory method failed; nested exception is org.springframework.beans.BeanInstantiationException: Failed to instantiate [org.apache.ibatis.session.SqlSessionFactory]: Factory method 'sqlSessionFactory' threw exception; nested exception is org.springframework.core.NestedIOException: Failed to parse mapping resource: 'file [/Users/xuzhou/IdeaProjects/tenement/tenement-dao/target/classes/mybatis/BrokerMapper.xml]'; nested exception is org.apache.ibatis.builder.BuilderException: Error parsing Mapper XML. Cause: java.lang.IllegalArgumentException: Result Maps collection already contains value for com.tenement.dao.mapper.BrokerMapper.BaseResultMap
	at org.springframework.beans.factory.support.AbstractAutowireCapableBeanFactory.autowireByType(AbstractAutowireCapableBeanFactory.java:1436)
	at org.springframework.beans.factory.support.AbstractAutowireCapableBeanFactory.populateBean(AbstractAutowireCapableBeanFactory.java:1323)
	at org.springframework.beans.factory.support.AbstractAutowireCapableBeanFactory.doCreateBean(AbstractAutowireCapableBeanFactory.java:572)
	at org.springframework.beans.factory.support.AbstractAutowireCapableBeanFactory.createBean(AbstractAutowireCapableBeanFactory.java:495)
	at org.springframework.beans.factory.support.AbstractBeanFactory.lambda$doGetBean$0(AbstractBeanFactory.java:317)
	at org.springframework.beans.factory.support.DefaultSingletonBeanRegistry.getSingleton(DefaultSingletonBeanRegistry.java:222)
	at org.springframework.beans.factory.support.AbstractBeanFactory.doGetBean(AbstractBeanFactory.java:315)
	at org.springframework.beans.factory.support.AbstractBeanFactory.getBean(AbstractBeanFactory.java:199)
	at org.springframework.beans.factory.config.DependencyDescriptor.resolveCandidate(DependencyDescriptor.java:251)
	at org.springframework.beans.factory.support.DefaultListableBeanFactory.doResolveDependency(DefaultListableBeanFactory.java:1135)
	at org.springframework.beans.factory.support.DefaultListableBeanFactory.resolveDependency(DefaultListableBeanFactory.java:1062)
	at org.springframework.beans.factory.annotation.AutowiredAnnotationBeanPostProcessor$AutowiredFieldElement.inject(AutowiredAnnotationBeanPostProcessor.java:583)
	... 32 common frames omitted
Caused by: org.springframework.beans.factory.BeanCreationException: Error creating bean with name 'sqlSessionFactory' defined in class path resource [org/mybatis/spring/boot/autoconfigure/MybatisAutoConfiguration.class]: Bean instantiation via factory method failed; nested exception is org.springframework.beans.BeanInstantiationException: Failed to instantiate [org.apache.ibatis.session.SqlSessionFactory]: Factory method 'sqlSessionFactory' threw exception; nested exception is org.springframework.core.NestedIOException: Failed to parse mapping resource: 'file [/Users/xuzhou/IdeaProjects/tenement/tenement-dao/target/classes/mybatis/BrokerMapper.xml]'; nested exception is org.apache.ibatis.builder.BuilderException: Error parsing Mapper XML. Cause: java.lang.IllegalArgumentException: Result Maps collection already contains value for com.tenement.dao.mapper.BrokerMapper.BaseResultMap
	at org.springframework.beans.factory.support.ConstructorResolver.instantiateUsingFactoryMethod(ConstructorResolver.java:590)
	at org.springframework.beans.factory.support.AbstractAutowireCapableBeanFactory.instantiateUsingFactoryMethod(AbstractAutowireCapableBeanFactory.java:1247)
	at org.springframework.beans.factory.support.AbstractAutowireCapableBeanFactory.createBeanInstance(AbstractAutowireCapableBeanFactory.java:1096)
	at org.springframework.beans.factory.support.AbstractAutowireCapableBeanFactory.doCreateBean(AbstractAutowireCapableBeanFactory.java:535)
	at org.springframework.beans.factory.support.AbstractAutowireCapableBeanFactory.createBean(AbstractAutowireCapableBeanFactory.java:495)
	at org.springframework.beans.factory.support.AbstractBeanFactory.lambda$doGetBean$0(AbstractBeanFactory.java:317)
	at org.springframework.beans.factory.support.DefaultSingletonBeanRegistry.getSingleton(DefaultSingletonBeanRegistry.java:222)
	at org.springframework.beans.factory.support.AbstractBeanFactory.doGetBean(AbstractBeanFactory.java:315)
	at org.springframework.beans.factory.support.AbstractBeanFactory.getBean(AbstractBeanFactory.java:199)
	at org.springframework.beans.factory.config.DependencyDescriptor.resolveCandidate(DependencyDescriptor.java:251)
	at org.springframework.beans.factory.support.DefaultListableBeanFactory.doResolveDependency(DefaultListableBeanFactory.java:1135)
	at org.springframework.beans.factory.support.DefaultListableBeanFactory.resolveDependency(DefaultListableBeanFactory.java:1062)
	at org.springframework.beans.factory.support.AbstractAutowireCapableBeanFactory.autowireByType(AbstractAutowireCapableBeanFactory.java:1421)
	... 43 common frames omitted
Caused by: org.springframework.beans.BeanInstantiationException: Failed to instantiate [org.apache.ibatis.session.SqlSessionFactory]: Factory method 'sqlSessionFactory' threw exception; nested exception is org.springframework.core.NestedIOException: Failed to parse mapping resource: 'file [/Users/xuzhou/IdeaProjects/tenement/tenement-dao/target/classes/mybatis/BrokerMapper.xml]'; nested exception is org.apache.ibatis.builder.BuilderException: Error parsing Mapper XML. Cause: java.lang.IllegalArgumentException: Result Maps collection already contains value for com.tenement.dao.mapper.BrokerMapper.BaseResultMap
	at org.springframework.beans.factory.support.SimpleInstantiationStrategy.instantiate(SimpleInstantiationStrategy.java:185)
	at org.springframework.beans.factory.support.ConstructorResolver.instantiateUsingFactoryMethod(ConstructorResolver.java:582)
	... 55 common frames omitted
Caused by: org.springframework.core.NestedIOException: Failed to parse mapping resource: 'file [/Users/xuzhou/IdeaProjects/tenement/tenement-dao/target/classes/mybatis/BrokerMapper.xml]'; nested exception is org.apache.ibatis.builder.BuilderException: Error parsing Mapper XML. Cause: java.lang.IllegalArgumentException: Result Maps collection already contains value for com.tenement.dao.mapper.BrokerMapper.BaseResultMap
	at org.mybatis.spring.SqlSessionFactoryBean.buildSqlSessionFactory(SqlSessionFactoryBean.java:523)
	at org.mybatis.spring.SqlSessionFactoryBean.afterPropertiesSet(SqlSessionFactoryBean.java:380)
	at org.mybatis.spring.SqlSessionFactoryBean.getObject(SqlSessionFactoryBean.java:547)
	at org.mybatis.spring.boot.autoconfigure.MybatisAutoConfiguration.sqlSessionFactory(MybatisAutoConfiguration.java:153)
	at org.mybatis.spring.boot.autoconfigure.MybatisAutoConfiguration$$EnhancerBySpringCGLIB$$4b9fba87.CGLIB$sqlSessionFactory$0(<generated>)
	at org.mybatis.spring.boot.autoconfigure.MybatisAutoConfiguration$$EnhancerBySpringCGLIB$$4b9fba87$$FastClassBySpringCGLIB$$8fda9aa7.invoke(<generated>)
	at org.springframework.cglib.proxy.MethodProxy.invokeSuper(MethodProxy.java:228)
	at org.springframework.context.annotation.ConfigurationClassEnhancer$BeanMethodInterceptor.intercept(ConfigurationClassEnhancer.java:365)
	at org.mybatis.spring.boot.autoconfigure.MybatisAutoConfiguration$$EnhancerBySpringCGLIB$$4b9fba87.sqlSessionFactory(<generated>)
	at sun.reflect.NativeMethodAccessorImpl.invoke0(Native Method)
	at sun.reflect.NativeMethodAccessorImpl.invoke(NativeMethodAccessorImpl.java:62)
	at sun.reflect.DelegatingMethodAccessorImpl.invoke(DelegatingMethodAccessorImpl.java:43)
	at java.lang.reflect.Method.invoke(Method.java:498)
	at org.springframework.beans.factory.support.SimpleInstantiationStrategy.instantiate(SimpleInstantiationStrategy.java:154)
	... 56 common frames omitted
Caused by: org.apache.ibatis.builder.BuilderException: Error parsing Mapper XML. Cause: java.lang.IllegalArgumentException: Result Maps collection already contains value for com.tenement.dao.mapper.BrokerMapper.BaseResultMap
	at org.apache.ibatis.builder.xml.XMLMapperBuilder.configurationElement(XMLMapperBuilder.java:120)
	at org.apache.ibatis.builder.xml.XMLMapperBuilder.parse(XMLMapperBuilder.java:92)
	at org.mybatis.spring.SqlSessionFactoryBean.buildSqlSessionFactory(SqlSessionFactoryBean.java:521)
	... 69 common frames omitted
Caused by: java.lang.IllegalArgumentException: Result Maps collection already contains value for com.tenement.dao.mapper.BrokerMapper.BaseResultMap
	at org.apache.ibatis.session.Configuration$StrictMap.put(Configuration.java:859)
	at org.apache.ibatis.session.Configuration$StrictMap.put(Configuration.java:831)
	at org.apache.ibatis.session.Configuration.addResultMap(Configuration.java:613)
	at org.apache.ibatis.builder.MapperBuilderAssistant.addResultMap(MapperBuilderAssistant.java:214)
	at org.apache.ibatis.builder.ResultMapResolver.resolve(ResultMapResolver.java:47)
	at org.apache.ibatis.builder.xml.XMLMapperBuilder.resultMapElement(XMLMapperBuilder.java:285)
	at org.apache.ibatis.builder.xml.XMLMapperBuilder.resultMapElement(XMLMapperBuilder.java:252)
	at org.apache.ibatis.builder.xml.XMLMapperBuilder.resultMapElements(XMLMapperBuilder.java:244)
	at org.apache.ibatis.builder.xml.XMLMapperBuilder.configurationElement(XMLMapperBuilder.java:116)
	... 71 common frames omitted
2020-03-05 21:15:00 -Starting WebApplication on xuzhoudeMacBook-Pro.local with PID 29078 (/Users/xuzhou/IdeaProjects/tenement/tenement-api/target/classes started by xuzhou in /Users/xuzhou/IdeaProjects/tenement)
2020-03-05 21:15:00 -No active profile set, falling back to default profiles: default
2020-03-05 21:15:00 -Refreshing org.springframework.boot.web.servlet.context.AnnotationConfigServletWebServerApplicationContext@3f57bcad: startup date [Thu Mar 05 21:15:00 CST 2020]; root of context hierarchy
2020-03-05 21:15:01 -Tomcat initialized with port(s): 8000 (http)
2020-03-05 21:15:01 -Initializing ProtocolHandler ["http-nio-8000"]
2020-03-05 21:15:01 -Starting service [Tomcat]
2020-03-05 21:15:01 -Starting Servlet Engine: Apache Tomcat/8.5.34
2020-03-05 21:15:01 -The APR based Apache Tomcat Native library which allows optimal performance in production environments was not found on the java.library.path: [/Users/xuzhou/Library/Java/Extensions:/Library/Java/Extensions:/Network/Library/Java/Extensions:/System/Library/Java/Extensions:/usr/lib/java:.]
2020-03-05 21:15:01 -Initializing Spring embedded WebApplicationContext
2020-03-05 21:15:01 -Root WebApplicationContext: initialization completed in 1274 ms
2020-03-05 21:15:01 -Servlet dispatcherServlet mapped to [/]
2020-03-05 21:15:01 -Mapping filter: 'characterEncodingFilter' to: [/*]
2020-03-05 21:15:01 -Mapping filter: 'hiddenHttpMethodFilter' to: [/*]
2020-03-05 21:15:01 -Mapping filter: 'httpPutFormContentFilter' to: [/*]
2020-03-05 21:15:01 -Mapping filter: 'requestContextFilter' to: [/*]
2020-03-05 21:15:02 -Mapped URL path [/**/favicon.ico] onto handler of type [class org.springframework.web.servlet.resource.ResourceHttpRequestHandler]
2020-03-05 21:15:02 -Looking for @ControllerAdvice: org.springframework.boot.web.servlet.context.AnnotationConfigServletWebServerApplicationContext@3f57bcad: startup date [Thu Mar 05 21:15:00 CST 2020]; root of context hierarchy
2020-03-05 21:15:02 -Mapped "{[/broker/addBroker]}" onto public com.tenement.domain.common.Response com.tenement.api.controller.BrokerController.addBroker(com.tenement.domain.dto.BrokerReq)
2020-03-05 21:15:02 -Mapped "{[/broker/listBroker]}" onto public com.tenement.domain.common.Response<java.util.List<com.tenement.domain.po.Broker>> com.tenement.api.controller.BrokerController.listBroker(com.tenement.domain.dto.BrokerExmple)
2020-03-05 21:15:02 -Mapped "{[/room/index]}" onto public java.lang.String com.tenement.api.controller.RoomController.index() throws java.lang.RuntimeException
2020-03-05 21:15:02 -Mapped "{[/room/listRoom]}" onto public com.tenement.domain.common.Response<com.github.pagehelper.PageInfo<com.tenement.domain.vo.RoomDetailsInfo>> com.tenement.api.controller.RoomController.listRoom(com.tenement.domain.dto.ListRoomDetailsReq)
2020-03-05 21:15:02 -Mapped "{[/room/addRoomDetails]}" onto public com.tenement.domain.common.Response com.tenement.api.controller.RoomController.addRoom(com.tenement.domain.dto.RoomDetailsReq) throws com.tenement.domain.common.BusinessException
2020-03-05 21:15:02 -Mapped "{[/room/getRoomBasicsType]}" onto public com.tenement.domain.common.Response<com.tenement.domain.dto.RoomBasicsTypeResp> com.tenement.api.controller.RoomController.getRoomBasicsType() throws com.tenement.domain.common.BusinessException
2020-03-05 21:15:02 -Mapped "{[/room/getRoomDetails]}" onto public com.tenement.domain.common.Response<com.tenement.domain.dto.GetRoomDetailsResp> com.tenement.api.controller.RoomController.getRoomDetails(com.tenement.domain.dto.GetRoomDetailsReq) throws com.tenement.domain.common.BusinessException
2020-03-05 21:15:02 -Mapped "{[/room/listGrabbleRoom]}" onto public com.tenement.domain.common.Response<com.github.pagehelper.PageInfo<com.tenement.domain.vo.RoomDetailsInfo>> com.tenement.api.controller.RoomController.listGrabbleRoom(com.tenement.domain.dto.ListGrabbleRoomReq)
2020-03-05 21:15:02 -Mapped "{[/room/listRoomTenementType]}" onto public com.tenement.domain.common.Response<java.util.List<com.tenement.domain.po.RoomTenementType>> com.tenement.api.controller.RoomController.listRoomTenementType(com.tenement.domain.dto.ListRoomTenementTypeReq) throws com.tenement.domain.common.BusinessException
2020-03-05 21:15:02 -Mapped "{[/room/lisDistrict]}" onto public com.tenement.domain.common.Response<java.util.List<com.tenement.domain.po.District>> com.tenement.api.controller.RoomController.lisDistrict(com.tenement.domain.dto.LisDistrictReq) throws com.tenement.domain.common.BusinessException
2020-03-05 21:15:02 -Mapped "{[/room/uploadFile]}" onto public com.tenement.domain.common.Response<com.tenement.domain.dto.UploadFileResp> com.tenement.api.controller.RoomController.uploadFile(org.springframework.web.multipart.MultipartFile) throws com.tenement.domain.common.BusinessException
2020-03-05 21:15:02 -Mapped "{[/user/addUser]}" onto public com.tenement.domain.common.Response com.tenement.api.controller.UserController.addUser(com.tenement.domain.dto.UserLogin) throws com.tenement.domain.common.BusinessException
2020-03-05 21:15:02 -Mapped "{[/user/login]}" onto public com.tenement.domain.common.Response com.tenement.api.controller.UserController.login(com.tenement.domain.dto.UserLogin,javax.servlet.http.HttpServletRequest) throws com.tenement.domain.common.BusinessException
2020-03-05 21:15:02 -Mapped "{[/user/listMenu]}" onto public com.tenement.domain.common.Response<java.util.List<com.tenement.domain.po.SysMenu>> com.tenement.api.controller.UserController.getMenu(javax.servlet.http.HttpServletRequest) throws com.tenement.domain.common.BusinessException
2020-03-05 21:15:02 -Mapped "{[/user/logins]}" onto public com.tenement.domain.common.Response com.tenement.api.controller.UserController.logins(javax.servlet.http.HttpServletRequest)
2020-03-05 21:15:02 -Mapped "{[/error]}" onto public org.springframework.http.ResponseEntity<java.util.Map<java.lang.String, java.lang.Object>> org.springframework.boot.autoconfigure.web.servlet.error.BasicErrorController.error(javax.servlet.http.HttpServletRequest)
2020-03-05 21:15:02 -Mapped "{[/error],produces=[text/html]}" onto public org.springframework.web.servlet.ModelAndView org.springframework.boot.autoconfigure.web.servlet.error.BasicErrorController.errorHtml(javax.servlet.http.HttpServletRequest,javax.servlet.http.HttpServletResponse)
2020-03-05 21:15:02 -Mapped URL path [/webjars/**] onto handler of type [class org.springframework.web.servlet.resource.ResourceHttpRequestHandler]
2020-03-05 21:15:02 -Mapped URL path [/**] onto handler of type [class org.springframework.web.servlet.resource.ResourceHttpRequestHandler]
2020-03-05 21:15:02 -Detected @ExceptionHandler methods in bussinessExceptionHandler
2020-03-05 21:15:02 -Adding welcome page template: index
2020-03-05 21:15:03 -Registering beans for JMX exposure on startup
2020-03-05 21:15:03 -Bean with name 'dataSource' has been autodetected for JMX exposure
2020-03-05 21:15:03 -Located MBean 'dataSource': registering with JMX server as MBean [com.zaxxer.hikari:name=dataSource,type=HikariDataSource]
2020-03-05 21:15:03 -Starting ProtocolHandler ["http-nio-8000"]
2020-03-05 21:15:03 -Using a shared selector for servlet write/read
2020-03-05 21:15:03 -Tomcat started on port(s): 8000 (http) with context path ''
2020-03-05 21:15:03 -Started WebApplication in 3.043 seconds (JVM running for 3.593)
2020-03-05 21:15:40 -Closing org.springframework.boot.web.servlet.context.AnnotationConfigServletWebServerApplicationContext@3f57bcad: startup date [Thu Mar 05 21:15:00 CST 2020]; root of context hierarchy
2020-03-05 21:15:40 -Unregistering JMX-exposed beans on shutdown
2020-03-05 21:15:40 -Unregistering JMX-exposed beans
