2020-05-23 14:28:58 -Starting WebApplication on xuzhoudeMacBook-Pro.local with PID 74566 (/Users/xuzhou/IdeaProjects/tenement/tenement-api/target/classes started by xuzhou in /Users/xuzhou/IdeaProjects/tenement)
2020-05-23 14:28:58 -No active profile set, falling back to default profiles: default
2020-05-23 14:28:58 -Refreshing org.springframework.boot.web.servlet.context.AnnotationConfigServletWebServerApplicationContext@2631f68c: startup date [Sat May 23 14:28:58 CST 2020]; root of context hierarchy
2020-05-23 14:28:59 -Tomcat initialized with port(s): 8080 (http)
2020-05-23 14:28:59 -Initializing ProtocolHandler ["http-nio-8080"]
2020-05-23 14:28:59 -Starting service [Tomcat]
2020-05-23 14:28:59 -Starting Servlet Engine: Apache Tomcat/8.5.34
2020-05-23 14:28:59 -The APR based Apache Tomcat Native library which allows optimal performance in production environments was not found on the java.library.path: [/Users/xuzhou/Library/Java/Extensions:/Library/Java/Extensions:/Network/Library/Java/Extensions:/System/Library/Java/Extensions:/usr/lib/java:.]
2020-05-23 14:28:59 -Initializing Spring embedded WebApplicationContext
2020-05-23 14:28:59 -Root WebApplicationContext: initialization completed in 1484 ms
2020-05-23 14:28:59 -Servlet dispatcherServlet mapped to [/]
2020-05-23 14:28:59 -Mapping filter: 'characterEncodingFilter' to: [/*]
2020-05-23 14:28:59 -Mapping filter: 'hiddenHttpMethodFilter' to: [/*]
2020-05-23 14:28:59 -Mapping filter: 'httpPutFormContentFilter' to: [/*]
2020-05-23 14:28:59 -Mapping filter: 'requestContextFilter' to: [/*]
2020-05-23 14:29:00 -Mapped URL path [/**/favicon.ico] onto handler of type [class org.springframework.web.servlet.resource.ResourceHttpRequestHandler]
2020-05-23 14:29:00 -Looking for @ControllerAdvice: org.springframework.boot.web.servlet.context.AnnotationConfigServletWebServerApplicationContext@2631f68c: startup date [Sat May 23 14:28:58 CST 2020]; root of context hierarchy
2020-05-23 14:29:00 -Detected RequestBodyAdvice bean in agbweappControllerAdvice
2020-05-23 14:29:00 -Mapped "{[/house/broker/addBroker]}" onto public com.tenement.domain.common.Response<com.tenement.domain.dto.RespId> com.tenement.api.controller.BrokerController.addBroker(javax.servlet.http.HttpServletRequest,com.tenement.domain.dto.BrokerReq) throws com.tenement.domain.common.BusinessException
2020-05-23 14:29:00 -Mapped "{[/house/broker/listBroker]}" onto public com.tenement.domain.common.Response<com.github.pagehelper.PageInfo<com.tenement.domain.dto.BrokerResp>> com.tenement.api.controller.BrokerController.listBroker(javax.servlet.http.HttpServletRequest,com.tenement.domain.dto.BrokerExmple) throws com.tenement.domain.common.BusinessException
2020-05-23 14:29:00 -Mapped "{[/house/broker/getBroker]}" onto public com.tenement.domain.common.Response<com.tenement.domain.dto.BrokerResp> com.tenement.api.controller.BrokerController.getBroker(javax.servlet.http.HttpServletRequest,com.tenement.domain.dto.BrokerExmple) throws com.tenement.domain.common.BusinessException
2020-05-23 14:29:00 -Mapped "{[/house/broker/updateBroker]}" onto public com.tenement.domain.common.Response com.tenement.api.controller.BrokerController.updateBroker(javax.servlet.http.HttpServletRequest,com.tenement.domain.po.Broker) throws com.tenement.domain.common.BusinessException
2020-05-23 14:29:00 -Mapped "{[/house/broker/deleteBroker]}" onto public com.tenement.domain.common.Response com.tenement.api.controller.BrokerController.deleteBroker(javax.servlet.http.HttpServletRequest,com.tenement.domain.dto.BrokerExmple) throws com.tenement.domain.common.BusinessException
2020-05-23 14:29:00 -Mapped "{[/house/room/index]}" onto public java.lang.String com.tenement.api.controller.HouseRoomController.index() throws java.lang.RuntimeException
2020-05-23 14:29:00 -Mapped "{[/house/room/listRoom]}" onto public com.tenement.domain.common.Response<com.github.pagehelper.PageInfo<com.tenement.domain.dto.RoomNewDetailsResp>> com.tenement.api.controller.HouseRoomController.listRoom(javax.servlet.http.HttpServletRequest,com.tenement.domain.dto.ListRoomDetailsReq) throws com.tenement.domain.common.BusinessException
2020-05-23 14:29:00 -Mapped "{[/house/room/addRoomDetails]}" onto public com.tenement.domain.common.Response<com.tenement.domain.dto.RespId> com.tenement.api.controller.HouseRoomController.addRoom(javax.servlet.http.HttpServletRequest,com.tenement.domain.dto.RoomNewDetailsReq) throws com.tenement.domain.common.BusinessException
2020-05-23 14:29:00 -Mapped "{[/house/room/getRoomBasicsType]}" onto public com.tenement.domain.common.Response<com.tenement.domain.dto.RoomBasicsTypeResp> com.tenement.api.controller.HouseRoomController.getRoomBasicsType() throws com.tenement.domain.common.BusinessException
2020-05-23 14:29:00 -Mapped "{[/house/room/getRoomNewDetails]}" onto public com.tenement.domain.common.Response<com.tenement.domain.dto.RoomNewDetailsResp> com.tenement.api.controller.HouseRoomController.getRoomNewDetails(javax.servlet.http.HttpServletRequest,com.tenement.domain.dto.GetRoomDetailsReq) throws com.tenement.domain.common.BusinessException
2020-05-23 14:29:00 -Mapped "{[/house/room/deleteNewRoom]}" onto public com.tenement.domain.common.Response com.tenement.api.controller.HouseRoomController.deleteNewRoom(javax.servlet.http.HttpServletRequest,com.tenement.domain.dto.GetRoomDetailsReq) throws com.tenement.domain.common.BusinessException
2020-05-23 14:29:00 -Mapped "{[/house/room/updateRoomNewDetails]}" onto public com.tenement.domain.common.Response com.tenement.api.controller.HouseRoomController.updateRoomNewDetails(javax.servlet.http.HttpServletRequest,com.tenement.domain.dto.RoomNewDetailsReq) throws com.tenement.domain.common.BusinessException
2020-05-23 14:29:00 -Mapped "{[/house/room/listGrabbleRoom]}" onto public com.tenement.domain.common.Response<com.github.pagehelper.PageInfo<com.tenement.domain.dto.RoomNewDetailsResp>> com.tenement.api.controller.HouseRoomController.listGrabbleRoom(javax.servlet.http.HttpServletRequest,com.tenement.domain.dto.ListGrabbleRoomReq)
2020-05-23 14:29:00 -Mapped "{[/house/room/listRoomTenementType]}" onto public com.tenement.domain.common.Response<java.util.List<com.tenement.domain.po.RoomTenementType>> com.tenement.api.controller.HouseRoomController.listRoomTenementType(javax.servlet.http.HttpServletRequest,com.tenement.domain.dto.ListRoomTenementTypeReq) throws com.tenement.domain.common.BusinessException
2020-05-23 14:29:00 -Mapped "{[/house/room/lisDistrict]}" onto public com.tenement.domain.common.Response<java.util.List<com.tenement.domain.po.District>> com.tenement.api.controller.HouseRoomController.lisDistrict(javax.servlet.http.HttpServletRequest,com.tenement.domain.dto.LisDistrictReq) throws com.tenement.domain.common.BusinessException
2020-05-23 14:29:00 -Mapped "{[/house/room/uploadFile]}" onto public com.tenement.domain.common.Response<com.tenement.domain.dto.UploadFileResp> com.tenement.api.controller.HouseRoomController.uploadFile(javax.servlet.http.HttpServletRequest,org.springframework.web.multipart.MultipartFile[]) throws com.tenement.domain.common.BusinessException
2020-05-23 14:29:00 -Mapped "{[/house/twoRoom/addTwoRoom]}" onto public com.tenement.domain.common.Response com.tenement.api.controller.HouseTwoRoomController.addTwoRoom(javax.servlet.http.HttpServletRequest,com.tenement.domain.dto.RoomTwoReq) throws com.tenement.domain.common.BusinessException
2020-05-23 14:29:00 -Mapped "{[/house/twoRoom/listTwoRoom]}" onto public com.tenement.domain.common.Response<com.github.pagehelper.PageInfo<com.tenement.domain.dto.RoomTwoResp>> com.tenement.api.controller.HouseTwoRoomController.listTwoRoom(com.tenement.domain.dto.RoomTwoReq)
2020-05-23 14:29:00 -Mapped "{[/house/user/addUser]}" onto public com.tenement.domain.common.Response com.tenement.api.controller.UserController.addUser(com.tenement.domain.dto.UserLogin) throws com.tenement.domain.common.BusinessException
2020-05-23 14:29:00 -Mapped "{[/house/user/logins]}" onto public com.tenement.domain.common.Response com.tenement.api.controller.UserController.logins(javax.servlet.http.HttpServletRequest)
2020-05-23 14:29:00 -Mapped "{[/house/user/listMenu]}" onto public com.tenement.domain.common.Response<java.util.List<com.tenement.domain.po.SysMenu>> com.tenement.api.controller.UserController.getMenu(javax.servlet.http.HttpServletRequest) throws com.tenement.domain.common.BusinessException
2020-05-23 14:29:00 -Mapped "{[/house/user/login]}" onto public com.tenement.domain.common.Response com.tenement.api.controller.UserController.login(javax.servlet.http.HttpServletRequest,com.tenement.domain.dto.UserLogin) throws com.tenement.domain.common.BusinessException
2020-05-23 14:29:00 -Mapped "{[/house/comments/addComments]}" onto public com.tenement.domain.common.Response com.tenement.api.controller.commentsConntroller.addComments(javax.servlet.http.HttpServletRequest,com.tenement.domain.dto.CommentsReq) throws com.tenement.domain.common.BusinessException
2020-05-23 14:29:00 -Mapped "{[/house/comments/answerComments]}" onto public com.tenement.domain.common.Response com.tenement.api.controller.commentsConntroller.answerComments(javax.servlet.http.HttpServletRequest,com.tenement.domain.dto.CommentsReq) throws com.tenement.domain.common.BusinessException
2020-05-23 14:29:00 -Mapped "{[/house/comments/updateComments]}" onto public com.tenement.domain.common.Response com.tenement.api.controller.commentsConntroller.updateComments(javax.servlet.http.HttpServletRequest,com.tenement.domain.dto.CommentsReq) throws com.tenement.domain.common.BusinessException
2020-05-23 14:29:00 -Mapped "{[/house/comments/listComments]}" onto public com.tenement.domain.common.Response<com.github.pagehelper.PageInfo<com.tenement.domain.dto.CommentsResp>> com.tenement.api.controller.commentsConntroller.listComments(javax.servlet.http.HttpServletRequest,com.tenement.domain.dto.CommentsReq) throws com.tenement.domain.common.BusinessException
2020-05-23 14:29:00 -Mapped "{[/error]}" onto public org.springframework.http.ResponseEntity<java.util.Map<java.lang.String, java.lang.Object>> org.springframework.boot.autoconfigure.web.servlet.error.BasicErrorController.error(javax.servlet.http.HttpServletRequest)
2020-05-23 14:29:00 -Mapped "{[/error],produces=[text/html]}" onto public org.springframework.web.servlet.ModelAndView org.springframework.boot.autoconfigure.web.servlet.error.BasicErrorController.errorHtml(javax.servlet.http.HttpServletRequest,javax.servlet.http.HttpServletResponse)
2020-05-23 14:29:00 -Mapped URL path [/webjars/**] onto handler of type [class org.springframework.web.servlet.resource.ResourceHttpRequestHandler]
2020-05-23 14:29:00 -Mapped URL path [/**] onto handler of type [class org.springframework.web.servlet.resource.ResourceHttpRequestHandler]
2020-05-23 14:29:00 -Detected @ExceptionHandler methods in agbweappControllerAdvice
2020-05-23 14:29:00 -Detected @ExceptionHandler methods in bussinessExceptionHandler
2020-05-23 14:29:00 -Adding welcome page template: index
2020-05-23 14:29:01 -Registering beans for JMX exposure on startup
2020-05-23 14:29:01 -Bean with name 'dataSource' has been autodetected for JMX exposure
2020-05-23 14:29:01 -Located MBean 'dataSource': registering with JMX server as MBean [com.zaxxer.hikari:name=dataSource,type=HikariDataSource]
2020-05-23 14:29:01 -Starting ProtocolHandler ["http-nio-8080"]
2020-05-23 14:29:01 -Using a shared selector for servlet write/read
2020-05-23 14:29:01 -Tomcat started on port(s): 8080 (http) with context path ''
2020-05-23 14:29:01 -Started WebApplication in 3.606 seconds (JVM running for 4.321)
2020-05-23 14:30:10 -Initializing Spring FrameworkServlet 'dispatcherServlet'
2020-05-23 14:30:10 -FrameworkServlet 'dispatcherServlet': initialization started
2020-05-23 14:30:10 -FrameworkServlet 'dispatcherServlet': initialization completed in 26 ms
2020-05-23 14:30:14 -HikariPool-1 - Starting...
2020-05-23 14:30:17 -HikariPool-1 - Start completed.
2020-05-23 14:30:17 -==>  Preparing: select count(0) from (select id, name, districtid, house_style, rice_total, house_price, address, house_area, reference_pay, build_date, house_position, reference_month_pay, house_type, house_floor, fitment_status, elevator_yn, book_limit, equity_type, heating_type, project_advantage, room_photo, house_structural, list_photo, brokerid, home_page, hot_recommend, guess_like, create_date, create_userid, delete from room_two_details) tmp_count 
2020-05-23 14:30:18 -==> Parameters: 
2020-05-23 14:30:18 -Loading XML bean definitions from class path resource [org/springframework/jdbc/support/sql-error-codes.xml]
2020-05-23 14:30:29 -Resolved [java.lang.ClassCastException: com.tenement.domain.dto.RoomTwoReq cannot be cast to javax.servlet.http.HttpServletRequest]
2020-05-23 14:31:37 -==>  Preparing: select count(0) from (select id, name, districtid, house_style, rice_total, house_price, address, house_area, reference_pay, build_date, house_position, reference_month_pay, house_type, house_floor, fitment_status, elevator_yn, book_limit, equity_type, heating_type, project_advantage, room_photo, house_structural, list_photo, brokerid, home_page, hot_recommend, guess_like, create_date, create_userid, delete from room_two_details) tmp_count 
2020-05-23 14:31:37 -==> Parameters: 
2020-05-23 14:32:15 -Resolved [java.lang.ClassCastException: com.tenement.domain.dto.RoomTwoReq cannot be cast to javax.servlet.http.HttpServletRequest]
2020-05-23 14:32:15 -Closing org.springframework.boot.web.servlet.context.AnnotationConfigServletWebServerApplicationContext@2631f68c: startup date [Sat May 23 14:28:58 CST 2020]; root of context hierarchy
2020-05-23 14:32:15 -Unregistering JMX-exposed beans on shutdown
2020-05-23 14:32:15 -Unregistering JMX-exposed beans
2020-05-23 14:32:15 -HikariPool-1 - Shutdown initiated...
2020-05-23 14:32:15 -HikariPool-1 - Shutdown completed.
2020-05-23 14:49:22 -Loaded expression factory via original TCCL
2020-05-23 14:49:22 -Starting WebApplication on xuzhoudeMacBook-Pro.local with PID 74606 (/Users/xuzhou/IdeaProjects/tenement/tenement-api/target/classes started by xuzhou in /Users/xuzhou/IdeaProjects/tenement)
2020-05-23 14:49:22 -No active profile set, falling back to default profiles: default
2020-05-23 14:49:22 -Refreshing org.springframework.boot.web.servlet.context.AnnotationConfigServletWebServerApplicationContext@6ed3f258: startup date [Sat May 23 14:49:22 CST 2020]; root of context hierarchy
2020-05-23 14:49:23 -Tomcat initialized with port(s): 8080 (http)
2020-05-23 14:49:23 -Initializing ProtocolHandler ["http-nio-8080"]
2020-05-23 14:49:23 -Starting service [Tomcat]
2020-05-23 14:49:23 -Starting Servlet Engine: Apache Tomcat/8.5.34
2020-05-23 14:49:23 -The APR based Apache Tomcat Native library which allows optimal performance in production environments was not found on the java.library.path: [/Users/xuzhou/Library/Java/Extensions:/Library/Java/Extensions:/Network/Library/Java/Extensions:/System/Library/Java/Extensions:/usr/lib/java:.]
2020-05-23 14:49:23 -Initializing Spring embedded WebApplicationContext
2020-05-23 14:49:23 -Root WebApplicationContext: initialization completed in 1382 ms
2020-05-23 14:49:23 -Servlet dispatcherServlet mapped to [/]
2020-05-23 14:49:23 -Mapping filter: 'characterEncodingFilter' to: [/*]
2020-05-23 14:49:23 -Mapping filter: 'hiddenHttpMethodFilter' to: [/*]
2020-05-23 14:49:23 -Mapping filter: 'httpPutFormContentFilter' to: [/*]
2020-05-23 14:49:23 -Mapping filter: 'requestContextFilter' to: [/*]
2020-05-23 14:49:24 -Mapped URL path [/**/favicon.ico] onto handler of type [class org.springframework.web.servlet.resource.ResourceHttpRequestHandler]
2020-05-23 14:49:24 -Looking for @ControllerAdvice: org.springframework.boot.web.servlet.context.AnnotationConfigServletWebServerApplicationContext@6ed3f258: startup date [Sat May 23 14:49:22 CST 2020]; root of context hierarchy
2020-05-23 14:49:24 -Detected RequestBodyAdvice bean in agbweappControllerAdvice
2020-05-23 14:49:24 -Mapped "{[/house/broker/addBroker]}" onto public com.tenement.domain.common.Response<com.tenement.domain.dto.RespId> com.tenement.api.controller.BrokerController.addBroker(javax.servlet.http.HttpServletRequest,com.tenement.domain.dto.BrokerReq) throws com.tenement.domain.common.BusinessException
2020-05-23 14:49:24 -Mapped "{[/house/broker/listBroker]}" onto public com.tenement.domain.common.Response<com.github.pagehelper.PageInfo<com.tenement.domain.dto.BrokerResp>> com.tenement.api.controller.BrokerController.listBroker(javax.servlet.http.HttpServletRequest,com.tenement.domain.dto.BrokerExmple) throws com.tenement.domain.common.BusinessException
2020-05-23 14:49:24 -Mapped "{[/house/broker/getBroker]}" onto public com.tenement.domain.common.Response<com.tenement.domain.dto.BrokerResp> com.tenement.api.controller.BrokerController.getBroker(javax.servlet.http.HttpServletRequest,com.tenement.domain.dto.BrokerExmple) throws com.tenement.domain.common.BusinessException
2020-05-23 14:49:24 -Mapped "{[/house/broker/updateBroker]}" onto public com.tenement.domain.common.Response com.tenement.api.controller.BrokerController.updateBroker(javax.servlet.http.HttpServletRequest,com.tenement.domain.po.Broker) throws com.tenement.domain.common.BusinessException
2020-05-23 14:49:24 -Mapped "{[/house/broker/deleteBroker]}" onto public com.tenement.domain.common.Response com.tenement.api.controller.BrokerController.deleteBroker(javax.servlet.http.HttpServletRequest,com.tenement.domain.dto.BrokerExmple) throws com.tenement.domain.common.BusinessException
2020-05-23 14:49:24 -Mapped "{[/house/room/index]}" onto public java.lang.String com.tenement.api.controller.HouseRoomController.index() throws java.lang.RuntimeException
2020-05-23 14:49:24 -Mapped "{[/house/room/listRoom]}" onto public com.tenement.domain.common.Response<com.github.pagehelper.PageInfo<com.tenement.domain.dto.RoomNewDetailsResp>> com.tenement.api.controller.HouseRoomController.listRoom(javax.servlet.http.HttpServletRequest,com.tenement.domain.dto.ListRoomDetailsReq) throws com.tenement.domain.common.BusinessException
2020-05-23 14:49:24 -Mapped "{[/house/room/addRoomDetails]}" onto public com.tenement.domain.common.Response<com.tenement.domain.dto.RespId> com.tenement.api.controller.HouseRoomController.addRoom(javax.servlet.http.HttpServletRequest,com.tenement.domain.dto.RoomNewDetailsReq) throws com.tenement.domain.common.BusinessException
2020-05-23 14:49:24 -Mapped "{[/house/room/getRoomBasicsType]}" onto public com.tenement.domain.common.Response<com.tenement.domain.dto.RoomBasicsTypeResp> com.tenement.api.controller.HouseRoomController.getRoomBasicsType() throws com.tenement.domain.common.BusinessException
2020-05-23 14:49:24 -Mapped "{[/house/room/getRoomNewDetails]}" onto public com.tenement.domain.common.Response<com.tenement.domain.dto.RoomNewDetailsResp> com.tenement.api.controller.HouseRoomController.getRoomNewDetails(javax.servlet.http.HttpServletRequest,com.tenement.domain.dto.GetRoomDetailsReq) throws com.tenement.domain.common.BusinessException
2020-05-23 14:49:24 -Mapped "{[/house/room/deleteNewRoom]}" onto public com.tenement.domain.common.Response com.tenement.api.controller.HouseRoomController.deleteNewRoom(javax.servlet.http.HttpServletRequest,com.tenement.domain.dto.GetRoomDetailsReq) throws com.tenement.domain.common.BusinessException
2020-05-23 14:49:24 -Mapped "{[/house/room/updateRoomNewDetails]}" onto public com.tenement.domain.common.Response com.tenement.api.controller.HouseRoomController.updateRoomNewDetails(javax.servlet.http.HttpServletRequest,com.tenement.domain.dto.RoomNewDetailsReq) throws com.tenement.domain.common.BusinessException
2020-05-23 14:49:24 -Mapped "{[/house/room/listGrabbleRoom]}" onto public com.tenement.domain.common.Response<com.github.pagehelper.PageInfo<com.tenement.domain.dto.RoomNewDetailsResp>> com.tenement.api.controller.HouseRoomController.listGrabbleRoom(javax.servlet.http.HttpServletRequest,com.tenement.domain.dto.ListGrabbleRoomReq)
2020-05-23 14:49:24 -Mapped "{[/house/room/listRoomTenementType]}" onto public com.tenement.domain.common.Response<java.util.List<com.tenement.domain.po.RoomTenementType>> com.tenement.api.controller.HouseRoomController.listRoomTenementType(javax.servlet.http.HttpServletRequest,com.tenement.domain.dto.ListRoomTenementTypeReq) throws com.tenement.domain.common.BusinessException
2020-05-23 14:49:24 -Mapped "{[/house/room/lisDistrict]}" onto public com.tenement.domain.common.Response<java.util.List<com.tenement.domain.po.District>> com.tenement.api.controller.HouseRoomController.lisDistrict(javax.servlet.http.HttpServletRequest,com.tenement.domain.dto.LisDistrictReq) throws com.tenement.domain.common.BusinessException
2020-05-23 14:49:24 -Mapped "{[/house/room/uploadFile]}" onto public com.tenement.domain.common.Response<com.tenement.domain.dto.UploadFileResp> com.tenement.api.controller.HouseRoomController.uploadFile(javax.servlet.http.HttpServletRequest,org.springframework.web.multipart.MultipartFile[]) throws com.tenement.domain.common.BusinessException
2020-05-23 14:49:24 -Mapped "{[/house/twoRoom/addTwoRoom]}" onto public com.tenement.domain.common.Response com.tenement.api.controller.HouseTwoRoomController.addTwoRoom(javax.servlet.http.HttpServletRequest,com.tenement.domain.dto.RoomTwoReq) throws com.tenement.domain.common.BusinessException
2020-05-23 14:49:24 -Mapped "{[/house/twoRoom/listTwoRoom]}" onto public com.tenement.domain.common.Response<com.github.pagehelper.PageInfo<com.tenement.domain.dto.RoomTwoResp>> com.tenement.api.controller.HouseTwoRoomController.listTwoRoom(com.tenement.domain.dto.RoomTwoReq)
2020-05-23 14:49:24 -Mapped "{[/house/user/logins]}" onto public com.tenement.domain.common.Response com.tenement.api.controller.UserController.logins(javax.servlet.http.HttpServletRequest)
2020-05-23 14:49:24 -Mapped "{[/house/user/listMenu]}" onto public com.tenement.domain.common.Response<java.util.List<com.tenement.domain.po.SysMenu>> com.tenement.api.controller.UserController.getMenu(javax.servlet.http.HttpServletRequest) throws com.tenement.domain.common.BusinessException
2020-05-23 14:49:24 -Mapped "{[/house/user/login]}" onto public com.tenement.domain.common.Response com.tenement.api.controller.UserController.login(javax.servlet.http.HttpServletRequest,com.tenement.domain.dto.UserLogin) throws com.tenement.domain.common.BusinessException
2020-05-23 14:49:24 -Mapped "{[/house/user/addUser]}" onto public com.tenement.domain.common.Response com.tenement.api.controller.UserController.addUser(com.tenement.domain.dto.UserLogin) throws com.tenement.domain.common.BusinessException
2020-05-23 14:49:24 -Mapped "{[/house/comments/addComments]}" onto public com.tenement.domain.common.Response com.tenement.api.controller.commentsConntroller.addComments(javax.servlet.http.HttpServletRequest,com.tenement.domain.dto.CommentsReq) throws com.tenement.domain.common.BusinessException
2020-05-23 14:49:24 -Mapped "{[/house/comments/answerComments]}" onto public com.tenement.domain.common.Response com.tenement.api.controller.commentsConntroller.answerComments(javax.servlet.http.HttpServletRequest,com.tenement.domain.dto.CommentsReq) throws com.tenement.domain.common.BusinessException
2020-05-23 14:49:24 -Mapped "{[/house/comments/updateComments]}" onto public com.tenement.domain.common.Response com.tenement.api.controller.commentsConntroller.updateComments(javax.servlet.http.HttpServletRequest,com.tenement.domain.dto.CommentsReq) throws com.tenement.domain.common.BusinessException
2020-05-23 14:49:24 -Mapped "{[/house/comments/listComments]}" onto public com.tenement.domain.common.Response<com.github.pagehelper.PageInfo<com.tenement.domain.dto.CommentsResp>> com.tenement.api.controller.commentsConntroller.listComments(javax.servlet.http.HttpServletRequest,com.tenement.domain.dto.CommentsReq) throws com.tenement.domain.common.BusinessException
2020-05-23 14:49:24 -Mapped "{[/error]}" onto public org.springframework.http.ResponseEntity<java.util.Map<java.lang.String, java.lang.Object>> org.springframework.boot.autoconfigure.web.servlet.error.BasicErrorController.error(javax.servlet.http.HttpServletRequest)
2020-05-23 14:49:24 -Mapped "{[/error],produces=[text/html]}" onto public org.springframework.web.servlet.ModelAndView org.springframework.boot.autoconfigure.web.servlet.error.BasicErrorController.errorHtml(javax.servlet.http.HttpServletRequest,javax.servlet.http.HttpServletResponse)
2020-05-23 14:49:24 -Mapped URL path [/webjars/**] onto handler of type [class org.springframework.web.servlet.resource.ResourceHttpRequestHandler]
2020-05-23 14:49:24 -Mapped URL path [/**] onto handler of type [class org.springframework.web.servlet.resource.ResourceHttpRequestHandler]
2020-05-23 14:49:24 -Detected @ExceptionHandler methods in agbweappControllerAdvice
2020-05-23 14:49:24 -Detected @ExceptionHandler methods in bussinessExceptionHandler
2020-05-23 14:49:24 -Adding welcome page template: index
2020-05-23 14:49:25 -Registering beans for JMX exposure on startup
2020-05-23 14:49:25 -Bean with name 'dataSource' has been autodetected for JMX exposure
2020-05-23 14:49:25 -Located MBean 'dataSource': registering with JMX server as MBean [com.zaxxer.hikari:name=dataSource,type=HikariDataSource]
2020-05-23 14:49:25 -Starting ProtocolHandler ["http-nio-8080"]
2020-05-23 14:49:25 -Using a shared selector for servlet write/read
2020-05-23 14:49:25 -Tomcat started on port(s): 8080 (http) with context path ''
2020-05-23 14:49:25 -Started WebApplication in 3.443 seconds (JVM running for 4.015)
2020-05-23 14:52:17 -Initializing Spring FrameworkServlet 'dispatcherServlet'
2020-05-23 14:52:17 -FrameworkServlet 'dispatcherServlet': initialization started
2020-05-23 14:52:17 -FrameworkServlet 'dispatcherServlet': initialization completed in 27 ms
2020-05-23 14:52:20 -Resolved [com.tenement.domain.common.BusinessException: biz exception([4,-1]请先登陆用户！)]
2020-05-23 14:52:54 -HikariPool-1 - Starting...
2020-05-23 14:52:54 -HikariPool-1 - Start completed.
2020-05-23 14:52:54 -==>  Preparing: select A.id, A.password, A.phone, A.true_name as trueName, A.user_name as userName, A.create_time as createTime, B.role_id as roleId from sys_user A inner join sys_user_role B on A.id=B.user_id where user_name = ? 
2020-05-23 14:52:55 -==> Parameters: admins(String)
2020-05-23 14:52:55 -<==      Total: 1
2020-05-23 14:53:04 -Trying to find Dozer configuration file: dozer.properties
2020-05-23 14:53:04 -Dozer configuration file not found: dozer.properties.  Using defaults for all Dozer global properties.
2020-05-23 14:53:04 -Initializing Dozer. Version: 5.4.0, Thread Name: http-nio-8080-exec-3
2020-05-23 14:53:04 -Dozer JMX MBean [org.dozer.jmx:type=DozerStatisticsController] auto registered with the Platform MBean Server
2020-05-23 14:53:04 -Dozer JMX MBean [org.dozer.jmx:type=DozerAdminController] auto registered with the Platform MBean Server
2020-05-23 14:53:04 -Initializing a new instance of dozer bean mapper.
2020-05-23 14:53:04 -Using the following xml files to load custom mappings for the bean mapper instance: [bean.xml]
2020-05-23 14:53:04 -Trying to find xml mapping file: bean.xml
2020-05-23 14:53:04 -Using URL [file:/Users/xuzhou/IdeaProjects/tenement/tenement-api/target/classes/bean.xml] to load custom xml mappings
2020-05-23 14:53:04 -Successfully loaded custom xml mappings from URL: [file:/Users/xuzhou/IdeaProjects/tenement/tenement-api/target/classes/bean.xml]
2020-05-23 14:53:04 -Resolved [org.mybatis.spring.MyBatisSystemException: nested exception is org.apache.ibatis.reflection.ReflectionException: There is no getter for property named 'heatingTyte' in 'class com.tenement.domain.po.RoomTwoDetails']
2020-05-23 14:56:49 -Resolved [org.mybatis.spring.MyBatisSystemException: nested exception is org.apache.ibatis.reflection.ReflectionException: There is no getter for property named 'heatingTyte' in 'class com.tenement.domain.po.RoomTwoDetails']
2020-05-23 14:57:17 -Closing org.springframework.boot.web.servlet.context.AnnotationConfigServletWebServerApplicationContext@6ed3f258: startup date [Sat May 23 14:49:22 CST 2020]; root of context hierarchy
2020-05-23 14:57:17 -Unregistering JMX-exposed beans on shutdown
2020-05-23 14:57:17 -Unregistering JMX-exposed beans
2020-05-23 14:57:17 -HikariPool-1 - Shutdown initiated...
2020-05-23 14:57:17 -HikariPool-1 - Shutdown completed.
