2020-01-10 14:59:54 -Starting WebApplication on WINDOWS-H2KFNGN with PID 8720 (D:\idea-code\tenement\tenement-api\target\classes started by EDZ in D:\idea-code\tenement)
2020-01-10 14:59:54 -No active profile set, falling back to default profiles: default
2020-01-10 14:59:54 -Refreshing org.springframework.boot.web.servlet.context.AnnotationConfigServletWebServerApplicationContext@30af5b6b: startup date [Fri Jan 10 14:59:54 CST 2020]; root of context hierarchy
2020-01-10 14:59:56 -Tomcat initialized with port(s): 8080 (http)
2020-01-10 14:59:56 -Initializing ProtocolHandler ["http-nio-8080"]
2020-01-10 14:59:56 -Starting service [Tomcat]
2020-01-10 14:59:56 -Starting Servlet Engine: Apache Tomcat/8.5.34
2020-01-10 14:59:56 -The APR based Apache Tomcat Native library which allows optimal performance in production environments was not found on the java.library.path: [C:\Program Files\Java\jdk1.8.0_131\bin;C:\Windows\Sun\Java\bin;C:\Windows\system32;C:\Windows;D:\idea\IntelliJ IDEA 2019.2\jbr\\bin;D:\idea\IntelliJ IDEA 2019.2\jbr\\bin\server;C:\Program Files\Java\jdk1.8.0_131\bin;C:\Program Files\Java\jdk1.8.0_131\jre\bin;C:\ProgramData\Oracle\Java\javapath;C:\Program Files\Java\jdk1.8.0_131\bin\;C:\Windows\system32;C:\Windows;C:\Windows\System32\Wbem;C:\Windows\System32\WindowsPowerShell\v1.0\;C:\Program Files (x86)\Intel\Services\IPT\;D:\java\apache-maven-3.5.3\bin;D:\Git\Git\cmd;D:\mysql5.5\bin;C:\Program Files\MySQL\MySQL Server 5.5\bin;.]
2020-01-10 14:59:56 -Initializing Spring embedded WebApplicationContext
2020-01-10 14:59:56 -Root WebApplicationContext: initialization completed in 2267 ms
2020-01-10 14:59:56 -Servlet dispatcherServlet mapped to [/]
2020-01-10 14:59:56 -Mapping filter: 'characterEncodingFilter' to: [/*]
2020-01-10 14:59:56 -Mapping filter: 'hiddenHttpMethodFilter' to: [/*]
2020-01-10 14:59:56 -Mapping filter: 'httpPutFormContentFilter' to: [/*]
2020-01-10 14:59:56 -Mapping filter: 'requestContextFilter' to: [/*]
2020-01-10 14:59:57 -Mapped URL path [/**/favicon.ico] onto handler of type [class org.springframework.web.servlet.resource.ResourceHttpRequestHandler]
2020-01-10 14:59:57 -Looking for @ControllerAdvice: org.springframework.boot.web.servlet.context.AnnotationConfigServletWebServerApplicationContext@30af5b6b: startup date [Fri Jan 10 14:59:54 CST 2020]; root of context hierarchy
2020-01-10 14:59:57 -Mapped "{[/broker/addBroker]}" onto public com.tenement.domain.common.Response com.tenement.api.controller.BrokerController.addBroker(com.tenement.domain.dto.BrokerReq)
2020-01-10 14:59:57 -Mapped "{[/broker/listBroker]}" onto public com.tenement.domain.common.Response<java.util.List<com.tenement.domain.po.Broker>> com.tenement.api.controller.BrokerController.listBroker(com.tenement.domain.dto.BrokerExmple)
2020-01-10 14:59:57 -Mapped "{[/room/index]}" onto public java.lang.String com.tenement.api.controller.RoomController.index() throws java.lang.RuntimeException
2020-01-10 14:59:57 -Mapped "{[/room/addRoomDetails]}" onto public com.tenement.domain.common.Response com.tenement.api.controller.RoomController.addRoom(com.tenement.domain.dto.RoomDetailsReq) throws com.tenement.domain.common.BusinessException
2020-01-10 14:59:57 -Mapped "{[/room/getRoomDetails]}" onto public com.tenement.domain.common.Response<com.tenement.domain.dto.GetRoomDetailsResp> com.tenement.api.controller.RoomController.getRoomDetails(com.tenement.domain.dto.GetRoomDetailsReq) throws com.tenement.domain.common.BusinessException
2020-01-10 14:59:57 -Mapped "{[/room/listRoom]}" onto public com.tenement.domain.common.Response<com.github.pagehelper.PageInfo<com.tenement.domain.vo.RoomDetailsInfo>> com.tenement.api.controller.RoomController.listRoom(com.tenement.domain.dto.ListRoomDetailsReq)
2020-01-10 14:59:57 -Mapped "{[/room/listGrabbleRoom]}" onto public com.tenement.domain.common.Response<com.github.pagehelper.PageInfo<com.tenement.domain.vo.RoomDetailsInfo>> com.tenement.api.controller.RoomController.listGrabbleRoom(com.tenement.domain.dto.ListGrabbleRoomReq)
2020-01-10 14:59:57 -Mapped "{[/room/lisDistrict]}" onto public com.tenement.domain.common.Response<java.util.List<com.tenement.domain.po.District>> com.tenement.api.controller.RoomController.lisDistrict(com.tenement.domain.dto.LisDistrictReq) throws com.tenement.domain.common.BusinessException
2020-01-10 14:59:57 -Mapped "{[/room/uploadFile]}" onto public com.tenement.domain.common.Response<com.tenement.domain.dto.UploadFileResp> com.tenement.api.controller.RoomController.uploadFile(org.springframework.web.multipart.MultipartFile) throws com.tenement.domain.common.BusinessException
2020-01-10 14:59:57 -Mapped "{[/room/getRoomBasicsType]}" onto public com.tenement.domain.common.Response<com.tenement.domain.dto.RoomBasicsTypeResp> com.tenement.api.controller.RoomController.getRoomBasicsType() throws com.tenement.domain.common.BusinessException
2020-01-10 14:59:57 -Mapped "{[/room/listRoomTenementType]}" onto public com.tenement.domain.common.Response<java.util.List<com.tenement.domain.po.RoomTenementType>> com.tenement.api.controller.RoomController.listRoomTenementType(com.tenement.domain.dto.ListRoomTenementTypeReq) throws com.tenement.domain.common.BusinessException
2020-01-10 14:59:57 -Mapped "{[/user/addUser]}" onto public com.tenement.domain.common.Response com.tenement.api.controller.UserController.addUser(com.tenement.domain.dto.UserLogin) throws com.tenement.domain.common.BusinessException
2020-01-10 14:59:57 -Mapped "{[/user/login]}" onto public com.tenement.domain.common.Response com.tenement.api.controller.UserController.login(com.tenement.domain.dto.UserLogin,javax.servlet.http.HttpServletRequest) throws com.tenement.domain.common.BusinessException
2020-01-10 14:59:57 -Mapped "{[/user/listMenu]}" onto public com.tenement.domain.common.Response<java.util.List<com.tenement.domain.po.SysMenu>> com.tenement.api.controller.UserController.getMenu(javax.servlet.http.HttpServletRequest) throws com.tenement.domain.common.BusinessException
2020-01-10 14:59:57 -Mapped "{[/user/logins]}" onto public com.tenement.domain.common.Response com.tenement.api.controller.UserController.logins(javax.servlet.http.HttpServletRequest)
2020-01-10 14:59:57 -Mapped "{[/error]}" onto public org.springframework.http.ResponseEntity<java.util.Map<java.lang.String, java.lang.Object>> org.springframework.boot.autoconfigure.web.servlet.error.BasicErrorController.error(javax.servlet.http.HttpServletRequest)
2020-01-10 14:59:57 -Mapped "{[/error],produces=[text/html]}" onto public org.springframework.web.servlet.ModelAndView org.springframework.boot.autoconfigure.web.servlet.error.BasicErrorController.errorHtml(javax.servlet.http.HttpServletRequest,javax.servlet.http.HttpServletResponse)
2020-01-10 14:59:57 -Mapped URL path [/webjars/**] onto handler of type [class org.springframework.web.servlet.resource.ResourceHttpRequestHandler]
2020-01-10 14:59:57 -Mapped URL path [/**] onto handler of type [class org.springframework.web.servlet.resource.ResourceHttpRequestHandler]
2020-01-10 14:59:57 -Detected @ExceptionHandler methods in bussinessExceptionHandler
2020-01-10 14:59:58 -Adding welcome page template: index
2020-01-10 14:59:58 -Registering beans for JMX exposure on startup
2020-01-10 14:59:58 -Bean with name 'dataSource' has been autodetected for JMX exposure
2020-01-10 14:59:58 -Located MBean 'dataSource': registering with JMX server as MBean [com.zaxxer.hikari:name=dataSource,type=HikariDataSource]
2020-01-10 14:59:58 -Starting ProtocolHandler ["http-nio-8080"]
2020-01-10 14:59:58 -Using a shared selector for servlet write/read
2020-01-10 14:59:58 -Tomcat started on port(s): 8080 (http) with context path ''
2020-01-10 14:59:58 -Started WebApplication in 5.125 seconds (JVM running for 7.736)
2020-01-10 15:01:15 -Initializing Spring FrameworkServlet 'dispatcherServlet'
2020-01-10 15:01:15 -FrameworkServlet 'dispatcherServlet': initialization started
2020-01-10 15:01:15 -FrameworkServlet 'dispatcherServlet': initialization completed in 33 ms
2020-01-10 15:01:15 -java.lang.ClassCastException: org.springframework.http.converter.HttpMessageNotReadableException cannot be cast to com.tenement.domain.common.BusinessException
2020-01-10 15:01:15 -Resolved [org.springframework.http.converter.HttpMessageNotReadableException: Required request body is missing: public com.tenement.domain.common.Response<java.util.List<com.tenement.domain.po.Broker>> com.tenement.api.controller.BrokerController.listBroker(com.tenement.domain.dto.BrokerExmple)]
2020-01-10 15:01:43 -HikariPool-1 - Starting...
2020-01-10 15:01:43 -HikariPool-1 - Start completed.
2020-01-10 15:01:43 -==>  Preparing: select broker_id, broker_name, broker_phone, rank, room_goal, service_goal, evaluate_goal, company_name, shop_name, card_number, company_code, carete_time from broker 
2020-01-10 15:01:43 -==> Parameters: 
2020-01-10 15:01:43 -<==      Total: 4
2020-01-10 15:03:22 -==>  Preparing: select broker_id, broker_name, broker_phone, rank, room_goal, service_goal, evaluate_goal, company_name, shop_name, card_number, company_code, carete_time from broker WHERE broker_id = ? 
2020-01-10 15:03:22 -==> Parameters: 1(Integer)
2020-01-10 15:03:22 -<==      Total: 1
2020-01-10 15:04:13 -Closing org.springframework.boot.web.servlet.context.AnnotationConfigServletWebServerApplicationContext@30af5b6b: startup date [Fri Jan 10 14:59:54 CST 2020]; root of context hierarchy
2020-01-10 15:04:13 -Unregistering JMX-exposed beans on shutdown
2020-01-10 15:04:13 -Unregistering JMX-exposed beans
2020-01-10 15:04:13 -HikariPool-1 - Shutdown initiated...
2020-01-10 15:04:13 -HikariPool-1 - Shutdown completed.
