2020-11-09 14:33:54 -Starting WebApplication on xuzhoudeMacBook-Pro.local with PID 7405 (/Users/xuzhou/IdeaProjects/tenement/tenement-api/target/classes started by xuzhou in /Users/xuzhou/IdeaProjects/tenement)
2020-11-09 14:33:54 -No active profile set, falling back to default profiles: default
2020-11-09 14:33:54 -Refreshing org.springframework.boot.web.servlet.context.AnnotationConfigServletWebServerApplicationContext@68df9280: startup date [Mon Nov 09 14:33:54 CST 2020]; root of context hierarchy
2020-11-09 14:33:55 -Multiple Spring Data modules found, entering strict repository configuration mode!
2020-11-09 14:33:55 -No bean named 'integrationHeaderChannelRegistry' has been explicitly defined. Therefore, a default DefaultHeaderChannelRegistry will be created.
2020-11-09 14:33:55 -No bean named 'errorChannel' has been explicitly defined. Therefore, a default PublishSubscribeChannel will be created.
2020-11-09 14:33:55 -No bean named 'taskScheduler' has been explicitly defined. Therefore, a default ThreadPoolTaskScheduler will be created.
2020-11-09 14:33:55 -Bean 'org.springframework.transaction.annotation.ProxyTransactionManagementConfiguration' of type [org.springframework.transaction.annotation.ProxyTransactionManagementConfiguration$$EnhancerBySpringCGLIB$$5017d3b0] is not eligible for getting processed by all BeanPostProcessors (for example: not eligible for auto-proxying)
2020-11-09 14:33:55 -Bean 'org.springframework.integration.config.IntegrationManagementConfiguration' of type [org.springframework.integration.config.IntegrationManagementConfiguration$$EnhancerBySpringCGLIB$$bb098edf] is not eligible for getting processed by all BeanPostProcessors (for example: not eligible for auto-proxying)
2020-11-09 14:33:56 -Tomcat initialized with port(s): 8083 (http)
2020-11-09 14:33:56 -Initializing ProtocolHandler ["http-nio-8083"]
2020-11-09 14:33:56 -Starting service [Tomcat]
2020-11-09 14:33:56 -Starting Servlet Engine: Apache Tomcat/8.5.34
2020-11-09 14:33:56 -The APR based Apache Tomcat Native library which allows optimal performance in production environments was not found on the java.library.path: [/Users/xuzhou/Library/Java/Extensions:/Library/Java/Extensions:/Network/Library/Java/Extensions:/System/Library/Java/Extensions:/usr/lib/java:.]
2020-11-09 14:33:56 -Initializing Spring embedded WebApplicationContext
2020-11-09 14:33:56 -Root WebApplicationContext: initialization completed in 1681 ms
2020-11-09 14:33:56 -Servlet dispatcherServlet mapped to [/]
2020-11-09 14:33:56 -Mapping filter: 'characterEncodingFilter' to: [/*]
2020-11-09 14:33:56 -Mapping filter: 'hiddenHttpMethodFilter' to: [/*]
2020-11-09 14:33:56 -Mapping filter: 'httpPutFormContentFilter' to: [/*]
2020-11-09 14:33:56 -Mapping filter: 'requestContextFilter' to: [/*]
2020-11-09 14:33:57 -Mapped URL path [/**/favicon.ico] onto handler of type [class org.springframework.web.servlet.resource.ResourceHttpRequestHandler]
2020-11-09 14:33:57 -Looking for @ControllerAdvice: org.springframework.boot.web.servlet.context.AnnotationConfigServletWebServerApplicationContext@68df9280: startup date [Mon Nov 09 14:33:54 CST 2020]; root of context hierarchy
2020-11-09 14:33:57 -Detected RequestBodyAdvice bean in agbweappControllerAdvice
2020-11-09 14:33:57 -Mapped "{[/house/broker/addBroker]}" onto public com.tenement.domain.common.Response<com.tenement.domain.dto.RespId> com.tenement.api.controller.BrokerController.addBroker(javax.servlet.http.HttpServletRequest,com.tenement.domain.dto.BrokerReq) throws com.tenement.domain.common.BusinessException
2020-11-09 14:33:57 -Mapped "{[/house/broker/listBroker]}" onto public com.tenement.domain.common.Response<com.github.pagehelper.PageInfo<com.tenement.domain.dto.BrokerResp>> com.tenement.api.controller.BrokerController.listBroker(javax.servlet.http.HttpServletRequest,com.tenement.domain.dto.BrokerExmple) throws com.tenement.domain.common.BusinessException
2020-11-09 14:33:57 -Mapped "{[/house/broker/getBroker]}" onto public com.tenement.domain.common.Response<com.tenement.domain.dto.BrokerResp> com.tenement.api.controller.BrokerController.getBroker(javax.servlet.http.HttpServletRequest,com.tenement.domain.dto.BrokerExmple) throws com.tenement.domain.common.BusinessException
2020-11-09 14:33:57 -Mapped "{[/house/broker/updateBroker]}" onto public com.tenement.domain.common.Response com.tenement.api.controller.BrokerController.updateBroker(javax.servlet.http.HttpServletRequest,com.tenement.domain.po.Broker) throws com.tenement.domain.common.BusinessException
2020-11-09 14:33:57 -Mapped "{[/house/broker/deleteBroker]}" onto public com.tenement.domain.common.Response com.tenement.api.controller.BrokerController.deleteBroker(javax.servlet.http.HttpServletRequest,com.tenement.domain.dto.BrokerExmple) throws com.tenement.domain.common.BusinessException
2020-11-09 14:33:57 -Mapped "{[/house/room/listRoom]}" onto public com.tenement.domain.common.Response<com.github.pagehelper.PageInfo<com.tenement.domain.dto.RoomNewDetailsResp>> com.tenement.api.controller.HouseRoomController.listRoom(javax.servlet.http.HttpServletRequest,com.tenement.domain.dto.ListRoomDetailsReq) throws com.tenement.domain.common.BusinessException
2020-11-09 14:33:57 -Mapped "{[/house/room/addRoomDetails]}" onto public com.tenement.domain.common.Response<com.tenement.domain.dto.RespId> com.tenement.api.controller.HouseRoomController.addRoom(javax.servlet.http.HttpServletRequest,com.tenement.domain.dto.RoomNewDetailsReq) throws com.tenement.domain.common.BusinessException
2020-11-09 14:33:57 -Mapped "{[/house/room/getRoomBasicsType]}" onto public com.tenement.domain.common.Response<com.tenement.domain.dto.RoomBasicsTypeResp> com.tenement.api.controller.HouseRoomController.getRoomBasicsType() throws com.tenement.domain.common.BusinessException
2020-11-09 14:33:57 -Mapped "{[/house/room/getRoomNewDetails]}" onto public com.tenement.domain.common.Response<com.tenement.domain.dto.RoomNewDetailsResp> com.tenement.api.controller.HouseRoomController.getRoomNewDetails(javax.servlet.http.HttpServletRequest,com.tenement.domain.dto.GetRoomDetailsReq) throws com.tenement.domain.common.BusinessException
2020-11-09 14:33:57 -Mapped "{[/house/room/deleteNewRoom]}" onto public com.tenement.domain.common.Response com.tenement.api.controller.HouseRoomController.deleteNewRoom(javax.servlet.http.HttpServletRequest,com.tenement.domain.dto.GetRoomDetailsReq) throws com.tenement.domain.common.BusinessException
2020-11-09 14:33:57 -Mapped "{[/house/room/updateRoomNewDetails]}" onto public com.tenement.domain.common.Response com.tenement.api.controller.HouseRoomController.updateRoomNewDetails(javax.servlet.http.HttpServletRequest,com.tenement.domain.dto.RoomNewDetailsReq) throws com.tenement.domain.common.BusinessException
2020-11-09 14:33:57 -Mapped "{[/house/room/listGrabbleRoom]}" onto public com.tenement.domain.common.Response<com.github.pagehelper.PageInfo<com.tenement.domain.dto.RoomNewDetailsResp>> com.tenement.api.controller.HouseRoomController.listGrabbleRoom(javax.servlet.http.HttpServletRequest,com.tenement.domain.dto.ListGrabbleRoomReq)
2020-11-09 14:33:57 -Mapped "{[/house/room/listRoomTenementType]}" onto public com.tenement.domain.common.Response<java.util.List<com.tenement.domain.po.RoomTenementType>> com.tenement.api.controller.HouseRoomController.listRoomTenementType(javax.servlet.http.HttpServletRequest,com.tenement.domain.dto.ListRoomTenementTypeReq) throws com.tenement.domain.common.BusinessException
2020-11-09 14:33:57 -Mapped "{[/house/room/lisDistrict]}" onto public com.tenement.domain.common.Response<java.util.List<com.tenement.domain.po.District>> com.tenement.api.controller.HouseRoomController.lisDistrict(javax.servlet.http.HttpServletRequest,com.tenement.domain.dto.LisDistrictReq) throws com.tenement.domain.common.BusinessException
2020-11-09 14:33:57 -Mapped "{[/house/room/uploadFile]}" onto public com.tenement.domain.common.Response<com.tenement.domain.dto.UploadFileResp> com.tenement.api.controller.HouseRoomController.uploadFile(javax.servlet.http.HttpServletRequest,org.springframework.web.multipart.MultipartFile[]) throws com.tenement.domain.common.BusinessException
2020-11-09 14:33:57 -Mapped "{[/house/room/index]}" onto public java.lang.String com.tenement.api.controller.HouseRoomController.index() throws java.lang.RuntimeException
2020-11-09 14:33:57 -Mapped "{[/house/twoRoom/addTwoRoomDetails]}" onto public com.tenement.domain.common.Response com.tenement.api.controller.HouseTwoRoomController.addTwoRoom(javax.servlet.http.HttpServletRequest,com.tenement.domain.dto.RoomTwoReq) throws com.tenement.domain.common.BusinessException
2020-11-09 14:33:57 -Mapped "{[/house/twoRoom/listTwoRoom]}" onto public com.tenement.domain.common.Response<com.github.pagehelper.PageInfo<com.tenement.domain.dto.RoomTwoResp>> com.tenement.api.controller.HouseTwoRoomController.listTwoRoom(com.tenement.domain.dto.ListTwoRoomReq)
2020-11-09 14:33:57 -Mapped "{[/house/twoRoom/getTwoRoom]}" onto public com.tenement.domain.common.Response<com.tenement.domain.dto.RoomTwoResp> com.tenement.api.controller.HouseTwoRoomController.getTwoRoom(com.tenement.domain.dto.RoomTwoReq)
2020-11-09 14:33:57 -Mapped "{[/house/twoRoom/updateTwoRoom]}" onto public com.tenement.domain.common.Response com.tenement.api.controller.HouseTwoRoomController.updateTwoRoom(com.tenement.domain.dto.RoomTwoReq)
2020-11-09 14:33:57 -Mapped "{[/house/twoRoom/deleteTwoRoom]}" onto public com.tenement.domain.common.Response com.tenement.api.controller.HouseTwoRoomController.deleteTwoRoom(com.tenement.domain.dto.RoomTwoReq)
2020-11-09 14:33:57 -Mapped "{[/house/tenantRoom/addTenantRoom]}" onto public com.tenement.domain.common.Response com.tenement.api.controller.RoomTenantController.addTenantRoom(javax.servlet.http.HttpServletRequest,com.tenement.domain.po.RoomTenant) throws com.tenement.domain.common.BusinessException
2020-11-09 14:33:57 -Mapped "{[/house/tenantRoom/listTenantRoom]}" onto public com.tenement.domain.common.Response<com.github.pagehelper.PageInfo<com.tenement.domain.dto.TenantRoomResp>> com.tenement.api.controller.RoomTenantController.listTenantRoom(com.tenement.domain.exmple.TenantRoomExmple)
2020-11-09 14:33:57 -Mapped "{[/house/tenantRoom/updateTenantRoom]}" onto public com.tenement.domain.common.Response com.tenement.api.controller.RoomTenantController.updateTenantRoom(com.tenement.domain.po.RoomTenant)
2020-11-09 14:33:57 -Mapped "{[/house/tenantRoom/deleteTenantRoom]}" onto public com.tenement.domain.common.Response com.tenement.api.controller.RoomTenantController.deleteTenantRoom(com.tenement.domain.exmple.TenantRoomExmple)
2020-11-09 14:33:57 -Mapped "{[/house/user/login]}" onto public com.tenement.domain.common.Response com.tenement.api.controller.UserController.login(javax.servlet.http.HttpServletRequest,com.tenement.domain.dto.UserLogin) throws com.tenement.domain.common.BusinessException
2020-11-09 14:33:57 -Mapped "{[/house/user/listMenu]}" onto public com.tenement.domain.common.Response<java.util.List<com.tenement.domain.po.SysMenu>> com.tenement.api.controller.UserController.getMenu(javax.servlet.http.HttpServletRequest) throws com.tenement.domain.common.BusinessException
2020-11-09 14:33:57 -Mapped "{[/house/user/logins]}" onto public com.tenement.domain.common.Response com.tenement.api.controller.UserController.logins(javax.servlet.http.HttpServletRequest)
2020-11-09 14:33:57 -Mapped "{[/house/user/addUser]}" onto public com.tenement.domain.common.Response com.tenement.api.controller.UserController.addUser(com.tenement.domain.dto.UserLogin) throws com.tenement.domain.common.BusinessException
2020-11-09 14:33:57 -Mapped "{[/house/comments/addComments]}" onto public com.tenement.domain.common.Response com.tenement.api.controller.commentsConntroller.addComments(javax.servlet.http.HttpServletRequest,com.tenement.domain.dto.CommentsReq) throws com.tenement.domain.common.BusinessException
2020-11-09 14:33:57 -Mapped "{[/house/comments/answerComments]}" onto public com.tenement.domain.common.Response com.tenement.api.controller.commentsConntroller.answerComments(javax.servlet.http.HttpServletRequest,com.tenement.domain.dto.CommentsReq) throws com.tenement.domain.common.BusinessException
2020-11-09 14:33:57 -Mapped "{[/house/comments/updateComments]}" onto public com.tenement.domain.common.Response com.tenement.api.controller.commentsConntroller.updateComments(javax.servlet.http.HttpServletRequest,com.tenement.domain.dto.CommentsReq) throws com.tenement.domain.common.BusinessException
2020-11-09 14:33:57 -Mapped "{[/house/comments/listComments]}" onto public com.tenement.domain.common.Response<com.github.pagehelper.PageInfo<com.tenement.domain.dto.CommentsResp>> com.tenement.api.controller.commentsConntroller.listComments(javax.servlet.http.HttpServletRequest,com.tenement.domain.dto.CommentsReq) throws com.tenement.domain.common.BusinessException
2020-11-09 14:33:57 -Mapped "{[/error],produces=[text/html]}" onto public org.springframework.web.servlet.ModelAndView org.springframework.boot.autoconfigure.web.servlet.error.BasicErrorController.errorHtml(javax.servlet.http.HttpServletRequest,javax.servlet.http.HttpServletResponse)
2020-11-09 14:33:57 -Mapped "{[/error]}" onto public org.springframework.http.ResponseEntity<java.util.Map<java.lang.String, java.lang.Object>> org.springframework.boot.autoconfigure.web.servlet.error.BasicErrorController.error(javax.servlet.http.HttpServletRequest)
2020-11-09 14:33:57 -Mapped URL path [/webjars/**] onto handler of type [class org.springframework.web.servlet.resource.ResourceHttpRequestHandler]
2020-11-09 14:33:57 -Mapped URL path [/**] onto handler of type [class org.springframework.web.servlet.resource.ResourceHttpRequestHandler]
2020-11-09 14:33:57 -Detected @ExceptionHandler methods in agbweappControllerAdvice
2020-11-09 14:33:57 -Detected @ExceptionHandler methods in bussinessExceptionHandler
2020-11-09 14:33:57 -Adding welcome page template: index
2020-11-09 14:33:58 -Initializing ExecutorService  'taskScheduler'
2020-11-09 14:33:58 -Registering beans for JMX exposure on startup
2020-11-09 14:33:58 -Bean with name 'dataSource' has been autodetected for JMX exposure
2020-11-09 14:33:58 -Located MBean 'dataSource': registering with JMX server as MBean [com.zaxxer.hikari:name=dataSource,type=HikariDataSource]
2020-11-09 14:33:58 -Starting beans in phase 0
2020-11-09 14:33:58 -Adding {logging-channel-adapter:_org.springframework.integration.errorLogger} as a subscriber to the 'errorChannel' channel
2020-11-09 14:33:58 -Channel 'tenement.errorChannel' has 1 subscriber(s).
2020-11-09 14:33:58 -started _org.springframework.integration.errorLogger
2020-11-09 14:33:58 -Starting ProtocolHandler ["http-nio-8083"]
2020-11-09 14:33:58 -Using a shared selector for servlet write/read
2020-11-09 14:33:58 -Tomcat started on port(s): 8083 (http) with context path ''
2020-11-09 14:33:58 -Started WebApplication in 4.643 seconds (JVM running for 6.176)
2020-11-09 14:34:39 -Initializing Spring FrameworkServlet 'dispatcherServlet'
2020-11-09 14:34:39 -FrameworkServlet 'dispatcherServlet': initialization started
2020-11-09 14:34:39 -FrameworkServlet 'dispatcherServlet': initialization completed in 21 ms
2020-11-09 14:34:46 -Closing org.springframework.boot.web.servlet.context.AnnotationConfigServletWebServerApplicationContext@68df9280: startup date [Mon Nov 09 14:33:54 CST 2020]; root of context hierarchy
2020-11-09 14:34:46 -Stopping beans in phase 0
2020-11-09 14:34:46 -Removing {logging-channel-adapter:_org.springframework.integration.errorLogger} as a subscriber to the 'errorChannel' channel
2020-11-09 14:34:46 -Channel 'tenement.errorChannel' has 0 subscriber(s).
2020-11-09 14:34:46 -stopped _org.springframework.integration.errorLogger
2020-11-09 14:34:46 -Shutting down ExecutorService 'taskScheduler'
2020-11-09 14:34:46 -Unregistering JMX-exposed beans on shutdown
2020-11-09 14:34:46 -Unregistering JMX-exposed beans
